[     938ms] [WARNING] Failed to decode downloaded font: https://aromawax.eu/cdn/shop/t/33/assets/AvenirLTStd-Black.eot?v=61293692641208295061776257077 @ https://aromawax.eu/pt/blogs/how-to-make-candles/how-to-choose-wax:4122
[     938ms] [WARNING] OTS parsing error: invalid sfntVersion: -272646794 @ https://aromawax.eu/pt/blogs/how-to-make-candles/how-to-choose-wax:4122
[     945ms] [WARNING] Failed to decode downloaded font: https://aromawax.eu/cdn/shop/t/33/assets/AvenirLTStd-Heavy.woff2?v=100181975222566383851776257092 @ https://aromawax.eu/pt/blogs/how-to-make-candles/how-to-choose-wax:4122
[     945ms] [WARNING] OTS parsing error: Failed to convert WOFF 2.0 font to SFNT @ https://aromawax.eu/pt/blogs/how-to-make-candles/how-to-choose-wax:4122
[     947ms] [WARNING] Failed to decode downloaded font: https://aromawax.eu/cdn/shop/t/33/assets/AvenirLTStd-Heavy.woff?v=49196535620247681531776257091 @ https://aromawax.eu/pt/blogs/how-to-make-candles/how-to-choose-wax:4122
[     947ms] [WARNING] OTS parsing error: incorrect file size in WOFF header @ https://aromawax.eu/pt/blogs/how-to-make-candles/how-to-choose-wax:4122
[     949ms] [WARNING] An import map rule for specifier '@app/main' was removed, as it conflicted with already resolved module specifiers. @ https://aromawax.eu/pt/blogs/how-to-make-candles/how-to-choose-wax:0
[     949ms] [WARNING] Failed to decode downloaded font: https://aromawax.eu/cdn/shop/t/33/assets/AvenirLTStd-Heavy.ttf?v=161065316383412791401776257090 @ https://aromawax.eu/pt/blogs/how-to-make-candles/how-to-choose-wax:0
[     949ms] [WARNING] OTS parsing error: BASE: misaligned table @ https://aromawax.eu/pt/blogs/how-to-make-candles/how-to-choose-wax:0
[     950ms] [WARNING] Failed to decode downloaded font: https://aromawax.eu/cdn/shop/t/33/assets/AvenirLTStd-Heavy.woff2?v=100181975222566383851776257092 @ https://aromawax.eu/cdn/shop/t/33/assets/theme.js?v=83817649300024204211776258035:108
[     950ms] [WARNING] OTS parsing error: Failed to convert WOFF 2.0 font to SFNT @ https://aromawax.eu/cdn/shop/t/33/assets/theme.js?v=83817649300024204211776258035:108
[     950ms] [WARNING] Failed to decode downloaded font: https://aromawax.eu/cdn/shop/t/33/assets/AvenirLTStd-Heavy.woff?v=49196535620247681531776257091 @ https://aromawax.eu/cdn/shop/t/33/assets/theme.js?v=83817649300024204211776258035:108
[     950ms] [WARNING] OTS parsing error: incorrect file size in WOFF header @ https://aromawax.eu/cdn/shop/t/33/assets/theme.js?v=83817649300024204211776258035:108
[     950ms] [WARNING] Failed to decode downloaded font: https://aromawax.eu/cdn/shop/t/33/assets/AvenirLTStd-Heavy.ttf?v=161065316383412791401776257090 @ https://aromawax.eu/cdn/shop/t/33/assets/theme.js?v=83817649300024204211776258035:108
[     950ms] [WARNING] OTS parsing error: BASE: misaligned table @ https://aromawax.eu/cdn/shop/t/33/assets/theme.js?v=83817649300024204211776258035:108
[     950ms] [WARNING] Failed to decode downloaded font: https://aromawax.eu/cdn/shop/t/33/assets/AvenirLTStd-Black.eot?v=61293692641208295061776257077 @ https://aromawax.eu/cdn/shop/t/33/assets/theme.js?v=83817649300024204211776258035:108
[     950ms] [WARNING] OTS parsing error: invalid sfntVersion: -272646794 @ https://aromawax.eu/cdn/shop/t/33/assets/theme.js?v=83817649300024204211776258035:108
[     952ms] [INFO] [HotReload] CLI hot reload disabled - No hot reload port specified. @ https://aromawax.eu/cdn/shopifycloud/theme-hot-reload/theme-hot-reload.js:316
[     954ms] [WARNING] Failed to decode downloaded font: https://aromawax.eu/cdn/shop/t/33/assets/AvenirLTStd-Heavy.woff2?v=100181975222566383851776257092 @ https://cdn.shopify.com/shopifycloud/preview-bar/preview-bar-modules.js:0
[     954ms] [WARNING] OTS parsing error: Failed to convert WOFF 2.0 font to SFNT @ https://cdn.shopify.com/shopifycloud/preview-bar/preview-bar-modules.js:0
[     954ms] [WARNING] Failed to decode downloaded font: https://aromawax.eu/cdn/shop/t/33/assets/AvenirLTStd-Heavy.woff?v=49196535620247681531776257091 @ https://cdn.shopify.com/shopifycloud/preview-bar/preview-bar-modules.js:0
[     954ms] [WARNING] OTS parsing error: incorrect file size in WOFF header @ https://cdn.shopify.com/shopifycloud/preview-bar/preview-bar-modules.js:0
[     954ms] [WARNING] Failed to decode downloaded font: https://aromawax.eu/cdn/shop/t/33/assets/AvenirLTStd-Heavy.ttf?v=161065316383412791401776257090 @ https://cdn.shopify.com/shopifycloud/preview-bar/preview-bar-modules.js:0
[     954ms] [WARNING] OTS parsing error: BASE: misaligned table @ https://cdn.shopify.com/shopifycloud/preview-bar/preview-bar-modules.js:0
[     954ms] [WARNING] Failed to decode downloaded font: https://aromawax.eu/cdn/shop/t/33/assets/AvenirLTStd-Black.eot?v=61293692641208295061776257077 @ https://cdn.shopify.com/shopifycloud/preview-bar/preview-bar-modules.js:0
[     954ms] [WARNING] OTS parsing error: invalid sfntVersion: -272646794 @ https://cdn.shopify.com/shopifycloud/preview-bar/preview-bar-modules.js:0
[     955ms] [LOG] %cCustomer Accounts Deluxe font-size: 18px; font-weight: bold; color: #fff; background: linear-gradient(90deg, #007bff, #00c6ff); padding: 6px 12px; border-radius: 5px; text-align: center; @ webpack://customer-account-deluxe/./extensions/customer-page/assets/cad_base.js?:39
[     955ms] [LOG] 
 🔵 Seamless Shopify Integration

 🔵 Enhance Customer Experience with Custom Features

 🔵 Loyalty, Rewards, Social Login, Wishlist, Returns & Exchanges, Store Credits and Much More


 Learn more at: https://apps.shopify.com/customer-account-deluxe

 @ webpack://customer-account-deluxe/./extensions/customer-page/assets/cad_base.js?:40
[     957ms] [LOG] existingToggle null @ https://cdn.shopify.com/extensions/019d67a4-5b06-743b-9c60-09feb0784e3c/final-price-72/assets/price-display.js:1202
[     957ms] [LOG] existingToggle null @ https://cdn.shopify.com/extensions/019d67a4-5b06-743b-9c60-09feb0784e3c/final-price-72/assets/price-display.js:1202
[     967ms] [WARNING] Failed to decode downloaded font: https://aromawax.eu/cdn/shop/t/33/assets/AvenirLTStd-Heavy.woff2?v=100181975222566383851776257092 @ https://aromawax.eu/pt/blogs/how-to-make-candles/how-to-choose-wax:0
[     967ms] [WARNING] OTS parsing error: Failed to convert WOFF 2.0 font to SFNT @ https://aromawax.eu/pt/blogs/how-to-make-candles/how-to-choose-wax:0
[     967ms] [WARNING] Failed to decode downloaded font: https://aromawax.eu/cdn/shop/t/33/assets/AvenirLTStd-Heavy.woff?v=49196535620247681531776257091 @ https://aromawax.eu/pt/blogs/how-to-make-candles/how-to-choose-wax:0
[     967ms] [WARNING] OTS parsing error: incorrect file size in WOFF header @ https://aromawax.eu/pt/blogs/how-to-make-candles/how-to-choose-wax:0
[     967ms] [WARNING] Failed to decode downloaded font: https://aromawax.eu/cdn/shop/t/33/assets/AvenirLTStd-Heavy.ttf?v=161065316383412791401776257090 @ https://aromawax.eu/pt/blogs/how-to-make-candles/how-to-choose-wax:0
[     967ms] [WARNING] OTS parsing error: BASE: misaligned table @ https://aromawax.eu/pt/blogs/how-to-make-candles/how-to-choose-wax:0
[     967ms] [WARNING] Failed to decode downloaded font: https://aromawax.eu/cdn/shop/t/33/assets/AvenirLTStd-Black.eot?v=61293692641208295061776257077 @ https://aromawax.eu/pt/blogs/how-to-make-candles/how-to-choose-wax:0
[     967ms] [WARNING] OTS parsing error: invalid sfntVersion: -272646794 @ https://aromawax.eu/pt/blogs/how-to-make-candles/how-to-choose-wax:0
[     977ms] [WARNING] Failed to decode downloaded font: https://aromawax.eu/cdn/shop/t/33/assets/AvenirLTStd-Heavy.woff2?v=100181975222566383851776257092 @ https://aromawax.eu/pt/blogs/how-to-make-candles/how-to-choose-wax:0
[     977ms] [WARNING] OTS parsing error: Failed to convert WOFF 2.0 font to SFNT @ https://aromawax.eu/pt/blogs/how-to-make-candles/how-to-choose-wax:0
[     977ms] [WARNING] Failed to decode downloaded font: https://aromawax.eu/cdn/shop/t/33/assets/AvenirLTStd-Heavy.woff?v=49196535620247681531776257091 @ https://aromawax.eu/pt/blogs/how-to-make-candles/how-to-choose-wax:0
[     977ms] [WARNING] OTS parsing error: incorrect file size in WOFF header @ https://aromawax.eu/pt/blogs/how-to-make-candles/how-to-choose-wax:0
[     977ms] [WARNING] Failed to decode downloaded font: https://aromawax.eu/cdn/shop/t/33/assets/AvenirLTStd-Heavy.ttf?v=161065316383412791401776257090 @ https://aromawax.eu/pt/blogs/how-to-make-candles/how-to-choose-wax:0
[     977ms] [WARNING] OTS parsing error: BASE: misaligned table @ https://aromawax.eu/pt/blogs/how-to-make-candles/how-to-choose-wax:0
[     977ms] [WARNING] Failed to decode downloaded font: https://aromawax.eu/cdn/shop/t/33/assets/AvenirLTStd-Black.eot?v=61293692641208295061776257077 @ https://aromawax.eu/pt/blogs/how-to-make-candles/how-to-choose-wax:0
[     977ms] [WARNING] OTS parsing error: invalid sfntVersion: -272646794 @ https://aromawax.eu/pt/blogs/how-to-make-candles/how-to-choose-wax:0
[    1055ms] [WARNING] Failed to decode downloaded font: https://aromawax.eu/cdn/shop/t/33/assets/AvenirLTStd-Heavy.woff2?v=100181975222566383851776257092 @ :2735
[    1055ms] [WARNING] OTS parsing error: Failed to convert WOFF 2.0 font to SFNT @ :2735
[    1055ms] [WARNING] Failed to decode downloaded font: https://aromawax.eu/cdn/shop/t/33/assets/AvenirLTStd-Heavy.woff?v=49196535620247681531776257091 @ :2735
[    1055ms] [WARNING] OTS parsing error: incorrect file size in WOFF header @ :2735
[    1055ms] [WARNING] Failed to decode downloaded font: https://aromawax.eu/cdn/shop/t/33/assets/AvenirLTStd-Heavy.ttf?v=161065316383412791401776257090 @ :2735
[    1055ms] [WARNING] OTS parsing error: BASE: misaligned table @ :2735
[    1056ms] [WARNING] Failed to decode downloaded font: https://aromawax.eu/cdn/shop/t/33/assets/AvenirLTStd-Black.eot?v=61293692641208295061776257077 @ :2735
[    1056ms] [WARNING] OTS parsing error: invalid sfntVersion: -272646794 @ :2735
[    1453ms] [ERROR] Framing 'https://shop.app/' violates the following Content Security Policy directive: "frame-ancestors 'self' https://shop.app https://admin.shopify.com". The request has been blocked.
 @ :0
[    1455ms] [ERROR] Failed to load resource: the server responded with a status of 403 () @ chrome-error://chromewebdata/:0
[    1950ms] [WARNING] Failed to decode downloaded font: https://aromawax.eu/cdn/shop/t/33/assets/AvenirLTStd-Heavy.woff2?v=100181975222566383851776257092 @ https://cdn.shopify.com/extensions/019d8a13-ee60-75d7-ae0f-514ac36f9789/localizing-254/assets/floating-selector.js:0
[    1950ms] [WARNING] OTS parsing error: Failed to convert WOFF 2.0 font to SFNT @ https://cdn.shopify.com/extensions/019d8a13-ee60-75d7-ae0f-514ac36f9789/localizing-254/assets/floating-selector.js:0
[    1950ms] [WARNING] Failed to decode downloaded font: https://aromawax.eu/cdn/shop/t/33/assets/AvenirLTStd-Heavy.woff?v=49196535620247681531776257091 @ https://cdn.shopify.com/extensions/019d8a13-ee60-75d7-ae0f-514ac36f9789/localizing-254/assets/floating-selector.js:0
[    1950ms] [WARNING] OTS parsing error: incorrect file size in WOFF header @ https://cdn.shopify.com/extensions/019d8a13-ee60-75d7-ae0f-514ac36f9789/localizing-254/assets/floating-selector.js:0
[    1950ms] [WARNING] Failed to decode downloaded font: https://aromawax.eu/cdn/shop/t/33/assets/AvenirLTStd-Heavy.ttf?v=161065316383412791401776257090 @ https://cdn.shopify.com/extensions/019d8a13-ee60-75d7-ae0f-514ac36f9789/localizing-254/assets/floating-selector.js:0
[    1950ms] [WARNING] OTS parsing error: BASE: misaligned table @ https://cdn.shopify.com/extensions/019d8a13-ee60-75d7-ae0f-514ac36f9789/localizing-254/assets/floating-selector.js:0
[    1950ms] [WARNING] Failed to decode downloaded font: https://aromawax.eu/cdn/shop/t/33/assets/AvenirLTStd-Black.eot?v=61293692641208295061776257077 @ https://cdn.shopify.com/extensions/019d8a13-ee60-75d7-ae0f-514ac36f9789/localizing-254/assets/floating-selector.js:0
[    1950ms] [WARNING] OTS parsing error: invalid sfntVersion: -272646794 @ https://cdn.shopify.com/extensions/019d8a13-ee60-75d7-ae0f-514ac36f9789/localizing-254/assets/floating-selector.js:0
[    1952ms] [LOG] TypeError: Cannot read properties of undefined (reading 'prepend')
    at eval (eval at evalJS (https://cdn.shopify.com/extensions/019d8a13-ee60-75d7-ae0f-514ac36f9789/localizing-254/assets/floating-selector.js:1:15719), <anonymous>:7:17)
    at setLanguageEmbeddedSelector (https://cdn.shopify.com/extensions/019d8a13-ee60-75d7-ae0f-514ac36f9789/localizing-254/assets/floating-selector.js:1:43060)
    at s (https://cdn.shopify.com/extensions/019d8a13-ee60-75d7-ae0f-514ac36f9789/localizing-254/assets/floating-selector.js:1:215151)
    at xmlHttp.onreadystatechange (https://cdn.shopify.com/extensions/019d8a13-ee60-75d7-ae0f-514ac36f9789/localizing-254/assets/floating-selector.js:1:16466) @ https://cdn.shopify.com/extensions/019d8a13-ee60-75d7-ae0f-514ac36f9789/localizing-254/assets/floating-selector.js:0
[    1952ms] Uncaught TypeError: Cannot read properties of null (reading 'children')
    at setLanguageEmbeddedSelector (https://cdn.shopify.com/extensions/019d8a13-ee60-75d7-ae0f-514ac36f9789/localizing-254/assets/floating-selector.js:0:43207)
    at s (https://cdn.shopify.com/extensions/019d8a13-ee60-75d7-ae0f-514ac36f9789/localizing-254/assets/floating-selector.js:0:215150)
    at xmlHttp.onreadystatechange (https://cdn.shopify.com/extensions/019d8a13-ee60-75d7-ae0f-514ac36f9789/localizing-254/assets/floating-selector.js:0:16465)
[    4250ms] [LOG] Intercom whoami never became available @ :32
[    4253ms] [LOG] Intercom whoami never became available @ :32
[    5255ms] [WARNING] The resource https://aromawax.eu/cdn/fonts/figtree/figtree_n4.3c0838aba1701047e60be6a99a1b0a40ce9b8419.woff2 was preloaded using link preload but not used within a few seconds from the window's load event. Please make sure it has an appropriate `as` value and it is preloaded intentionally. @ https://aromawax.eu/pt/blogs/how-to-make-candles/how-to-choose-wax:0
[    9188ms] [WARNING] The resource https://aromawax.eu/cdn/fonts/figtree/figtree_n4.3c0838aba1701047e60be6a99a1b0a40ce9b8419.woff2 was preloaded using link preload but not used within a few seconds from the window's load event. Please make sure it has an appropriate `as` value and it is preloaded intentionally. @ https://aromawax.eu/pt/blogs/how-to-make-candles/how-to-choose-wax:0
[   14178ms] [WARNING] The resource https://aromawax.eu/cdn/fonts/figtree/figtree_n4.3c0838aba1701047e60be6a99a1b0a40ce9b8419.woff2 was preloaded using link preload but not used within a few seconds from the window's load event. Please make sure it has an appropriate `as` value and it is preloaded intentionally. @ https://aromawax.eu/pt/blogs/how-to-make-candles/how-to-choose-wax:0
[   19174ms] [WARNING] The resource https://aromawax.eu/cdn/fonts/figtree/figtree_n4.3c0838aba1701047e60be6a99a1b0a40ce9b8419.woff2 was preloaded using link preload but not used within a few seconds from the window's load event. Please make sure it has an appropriate `as` value and it is preloaded intentionally. @ https://aromawax.eu/pt/blogs/how-to-make-candles/how-to-choose-wax:0
[   24153ms] [WARNING] The resource https://aromawax.eu/cdn/fonts/figtree/figtree_n4.3c0838aba1701047e60be6a99a1b0a40ce9b8419.woff2 was preloaded using link preload but not used within a few seconds from the window's load event. Please make sure it has an appropriate `as` value and it is preloaded intentionally. @ https://aromawax.eu/pt/blogs/how-to-make-candles/how-to-choose-wax:0
[   29173ms] [WARNING] The resource https://aromawax.eu/cdn/fonts/figtree/figtree_n4.3c0838aba1701047e60be6a99a1b0a40ce9b8419.woff2 was preloaded using link preload but not used within a few seconds from the window's load event. Please make sure it has an appropriate `as` value and it is preloaded intentionally. @ https://aromawax.eu/pt/blogs/how-to-make-candles/how-to-choose-wax:0
[   34198ms] [WARNING] The resource https://aromawax.eu/cdn/fonts/figtree/figtree_n4.3c0838aba1701047e60be6a99a1b0a40ce9b8419.woff2 was preloaded using link preload but not used within a few seconds from the window's load event. Please make sure it has an appropriate `as` value and it is preloaded intentionally. @ https://aromawax.eu/pt/blogs/how-to-make-candles/how-to-choose-wax:0
[   39237ms] [WARNING] The resource https://aromawax.eu/cdn/fonts/figtree/figtree_n4.3c0838aba1701047e60be6a99a1b0a40ce9b8419.woff2 was preloaded using link preload but not used within a few seconds from the window's load event. Please make sure it has an appropriate `as` value and it is preloaded intentionally. @ https://aromawax.eu/pt/blogs/how-to-make-candles/how-to-choose-wax:0
[   44163ms] [WARNING] The resource https://aromawax.eu/cdn/fonts/figtree/figtree_n4.3c0838aba1701047e60be6a99a1b0a40ce9b8419.woff2 was preloaded using link preload but not used within a few seconds from the window's load event. Please make sure it has an appropriate `as` value and it is preloaded intentionally. @ https://aromawax.eu/pt/blogs/how-to-make-candles/how-to-choose-wax:0
[   49160ms] [WARNING] The resource https://aromawax.eu/cdn/fonts/figtree/figtree_n4.3c0838aba1701047e60be6a99a1b0a40ce9b8419.woff2 was preloaded using link preload but not used within a few seconds from the window's load event. Please make sure it has an appropriate `as` value and it is preloaded intentionally. @ https://aromawax.eu/pt/blogs/how-to-make-candles/how-to-choose-wax:0
[   54162ms] [WARNING] The resource https://aromawax.eu/cdn/fonts/figtree/figtree_n4.3c0838aba1701047e60be6a99a1b0a40ce9b8419.woff2 was preloaded using link preload but not used within a few seconds from the window's load event. Please make sure it has an appropriate `as` value and it is preloaded intentionally. @ https://aromawax.eu/pt/blogs/how-to-make-candles/how-to-choose-wax:0
[   59175ms] [WARNING] The resource https://aromawax.eu/cdn/fonts/figtree/figtree_n4.3c0838aba1701047e60be6a99a1b0a40ce9b8419.woff2 was preloaded using link preload but not used within a few seconds from the window's load event. Please make sure it has an appropriate `as` value and it is preloaded intentionally. @ https://aromawax.eu/pt/blogs/how-to-make-candles/how-to-choose-wax:0
[   64162ms] [WARNING] The resource https://aromawax.eu/cdn/fonts/figtree/figtree_n4.3c0838aba1701047e60be6a99a1b0a40ce9b8419.woff2 was preloaded using link preload but not used within a few seconds from the window's load event. Please make sure it has an appropriate `as` value and it is preloaded intentionally. @ https://aromawax.eu/pt/blogs/how-to-make-candles/how-to-choose-wax:0
[   69386ms] [WARNING] The resource https://aromawax.eu/cdn/fonts/figtree/figtree_n4.3c0838aba1701047e60be6a99a1b0a40ce9b8419.woff2 was preloaded using link preload but not used within a few seconds from the window's load event. Please make sure it has an appropriate `as` value and it is preloaded intentionally. @ https://aromawax.eu/pt/blogs/how-to-make-candles/how-to-choose-wax:0
[   74149ms] [WARNING] The resource https://aromawax.eu/cdn/fonts/figtree/figtree_n4.3c0838aba1701047e60be6a99a1b0a40ce9b8419.woff2 was preloaded using link preload but not used within a few seconds from the window's load event. Please make sure it has an appropriate `as` value and it is preloaded intentionally. @ https://aromawax.eu/pt/blogs/how-to-make-candles/how-to-choose-wax:0
[   79154ms] [WARNING] The resource https://aromawax.eu/cdn/fonts/figtree/figtree_n4.3c0838aba1701047e60be6a99a1b0a40ce9b8419.woff2 was preloaded using link preload but not used within a few seconds from the window's load event. Please make sure it has an appropriate `as` value and it is preloaded intentionally. @ https://aromawax.eu/pt/blogs/how-to-make-candles/how-to-choose-wax:0
[   84150ms] [WARNING] The resource https://aromawax.eu/cdn/fonts/figtree/figtree_n4.3c0838aba1701047e60be6a99a1b0a40ce9b8419.woff2 was preloaded using link preload but not used within a few seconds from the window's load event. Please make sure it has an appropriate `as` value and it is preloaded intentionally. @ https://aromawax.eu/pt/blogs/how-to-make-candles/how-to-choose-wax:0
[   89176ms] [WARNING] The resource https://aromawax.eu/cdn/fonts/figtree/figtree_n4.3c0838aba1701047e60be6a99a1b0a40ce9b8419.woff2 was preloaded using link preload but not used within a few seconds from the window's load event. Please make sure it has an appropriate `as` value and it is preloaded intentionally. @ https://aromawax.eu/pt/blogs/how-to-make-candles/how-to-choose-wax:0
[   94164ms] [WARNING] The resource https://aromawax.eu/cdn/fonts/figtree/figtree_n4.3c0838aba1701047e60be6a99a1b0a40ce9b8419.woff2 was preloaded using link preload but not used within a few seconds from the window's load event. Please make sure it has an appropriate `as` value and it is preloaded intentionally. @ https://aromawax.eu/pt/blogs/how-to-make-candles/how-to-choose-wax:0
[   99178ms] [WARNING] The resource https://aromawax.eu/cdn/fonts/figtree/figtree_n4.3c0838aba1701047e60be6a99a1b0a40ce9b8419.woff2 was preloaded using link preload but not used within a few seconds from the window's load event. Please make sure it has an appropriate `as` value and it is preloaded intentionally. @ https://aromawax.eu/pt/blogs/how-to-make-candles/how-to-choose-wax:0
[  104204ms] [WARNING] The resource https://aromawax.eu/cdn/fonts/figtree/figtree_n4.3c0838aba1701047e60be6a99a1b0a40ce9b8419.woff2 was preloaded using link preload but not used within a few seconds from the window's load event. Please make sure it has an appropriate `as` value and it is preloaded intentionally. @ https://aromawax.eu/pt/blogs/how-to-make-candles/how-to-choose-wax:0
[  109217ms] [WARNING] The resource https://aromawax.eu/cdn/fonts/figtree/figtree_n4.3c0838aba1701047e60be6a99a1b0a40ce9b8419.woff2 was preloaded using link preload but not used within a few seconds from the window's load event. Please make sure it has an appropriate `as` value and it is preloaded intentionally. @ https://aromawax.eu/pt/blogs/how-to-make-candles/how-to-choose-wax:0
[  114180ms] [WARNING] The resource https://aromawax.eu/cdn/fonts/figtree/figtree_n4.3c0838aba1701047e60be6a99a1b0a40ce9b8419.woff2 was preloaded using link preload but not used within a few seconds from the window's load event. Please make sure it has an appropriate `as` value and it is preloaded intentionally. @ https://aromawax.eu/pt/blogs/how-to-make-candles/how-to-choose-wax:0
[  119201ms] [WARNING] The resource https://aromawax.eu/cdn/fonts/figtree/figtree_n4.3c0838aba1701047e60be6a99a1b0a40ce9b8419.woff2 was preloaded using link preload but not used within a few seconds from the window's load event. Please make sure it has an appropriate `as` value and it is preloaded intentionally. @ https://aromawax.eu/pt/blogs/how-to-make-candles/how-to-choose-wax:0
[  124175ms] [WARNING] The resource https://aromawax.eu/cdn/fonts/figtree/figtree_n4.3c0838aba1701047e60be6a99a1b0a40ce9b8419.woff2 was preloaded using link preload but not used within a few seconds from the window's load event. Please make sure it has an appropriate `as` value and it is preloaded intentionally. @ https://aromawax.eu/pt/blogs/how-to-make-candles/how-to-choose-wax:0
[  129168ms] [WARNING] The resource https://aromawax.eu/cdn/fonts/figtree/figtree_n4.3c0838aba1701047e60be6a99a1b0a40ce9b8419.woff2 was preloaded using link preload but not used within a few seconds from the window's load event. Please make sure it has an appropriate `as` value and it is preloaded intentionally. @ https://aromawax.eu/pt/blogs/how-to-make-candles/how-to-choose-wax:0
[  134164ms] [WARNING] The resource https://aromawax.eu/cdn/fonts/figtree/figtree_n4.3c0838aba1701047e60be6a99a1b0a40ce9b8419.woff2 was preloaded using link preload but not used within a few seconds from the window's load event. Please make sure it has an appropriate `as` value and it is preloaded intentionally. @ https://aromawax.eu/pt/blogs/how-to-make-candles/how-to-choose-wax:0
[  139196ms] [WARNING] The resource https://aromawax.eu/cdn/fonts/figtree/figtree_n4.3c0838aba1701047e60be6a99a1b0a40ce9b8419.woff2 was preloaded using link preload but not used within a few seconds from the window's load event. Please make sure it has an appropriate `as` value and it is preloaded intentionally. @ https://aromawax.eu/pt/blogs/how-to-make-candles/how-to-choose-wax:0
[  144180ms] [WARNING] The resource https://aromawax.eu/cdn/fonts/figtree/figtree_n4.3c0838aba1701047e60be6a99a1b0a40ce9b8419.woff2 was preloaded using link preload but not used within a few seconds from the window's load event. Please make sure it has an appropriate `as` value and it is preloaded intentionally. @ https://aromawax.eu/pt/blogs/how-to-make-candles/how-to-choose-wax:0
[  149204ms] [WARNING] The resource https://aromawax.eu/cdn/fonts/figtree/figtree_n4.3c0838aba1701047e60be6a99a1b0a40ce9b8419.woff2 was preloaded using link preload but not used within a few seconds from the window's load event. Please make sure it has an appropriate `as` value and it is preloaded intentionally. @ https://aromawax.eu/pt/blogs/how-to-make-candles/how-to-choose-wax:0
[  154546ms] [WARNING] The resource https://aromawax.eu/cdn/fonts/figtree/figtree_n4.3c0838aba1701047e60be6a99a1b0a40ce9b8419.woff2 was preloaded using link preload but not used within a few seconds from the window's load event. Please make sure it has an appropriate `as` value and it is preloaded intentionally. @ https://aromawax.eu/pt/blogs/how-to-make-candles/how-to-choose-wax:0
[  159140ms] [WARNING] The resource https://aromawax.eu/cdn/fonts/figtree/figtree_n4.3c0838aba1701047e60be6a99a1b0a40ce9b8419.woff2 was preloaded using link preload but not used within a few seconds from the window's load event. Please make sure it has an appropriate `as` value and it is preloaded intentionally. @ https://aromawax.eu/pt/blogs/how-to-make-candles/how-to-choose-wax:0
[  164162ms] [WARNING] The resource https://aromawax.eu/cdn/fonts/figtree/figtree_n4.3c0838aba1701047e60be6a99a1b0a40ce9b8419.woff2 was preloaded using link preload but not used within a few seconds from the window's load event. Please make sure it has an appropriate `as` value and it is preloaded intentionally. @ https://aromawax.eu/pt/blogs/how-to-make-candles/how-to-choose-wax:0
[  169151ms] [WARNING] The resource https://aromawax.eu/cdn/fonts/figtree/figtree_n4.3c0838aba1701047e60be6a99a1b0a40ce9b8419.woff2 was preloaded using link preload but not used within a few seconds from the window's load event. Please make sure it has an appropriate `as` value and it is preloaded intentionally. @ https://aromawax.eu/pt/blogs/how-to-make-candles/how-to-choose-wax:0
[  174163ms] [WARNING] The resource https://aromawax.eu/cdn/fonts/figtree/figtree_n4.3c0838aba1701047e60be6a99a1b0a40ce9b8419.woff2 was preloaded using link preload but not used within a few seconds from the window's load event. Please make sure it has an appropriate `as` value and it is preloaded intentionally. @ https://aromawax.eu/pt/blogs/how-to-make-candles/how-to-choose-wax:0
