[     315ms] Invalid regular expression flags
[     315ms] [WARNING] An import map rule for specifier '@app/main' was removed, as it conflicted with an existing rule. @ https://aromawax.eu/pt/pages/wishlist?ptsource=1:0
[     339ms] [WARNING] An import map rule for specifier '@app/main' was removed, as it conflicted with already resolved module specifiers. @ https://aromawax.eu/pt/pages/wishlist?ptsource=1:0
[     355ms] [WARNING] Failed to decode downloaded font: https://aromawax.eu/cdn/shop/t/29/assets/AvenirLTStd-Black.eot?v=61293692641208295061771850553 @ https://aromawax.eu/pt/pages/wishlist?ptsource=1:0
[     355ms] [WARNING] OTS parsing error: invalid sfntVersion: -272646794 @ https://aromawax.eu/pt/pages/wishlist?ptsource=1:0
[     355ms] [WARNING] Failed to decode downloaded font: https://aromawax.eu/cdn/shop/t/29/assets/AvenirLTStd-Black.eot?v=61293692641208295061771850553 @ https://aromawax.eu/pt/pages/wishlist?ptsource=1:0
[     355ms] [WARNING] OTS parsing error: invalid sfntVersion: -272646794 @ https://aromawax.eu/pt/pages/wishlist?ptsource=1:0
[     364ms] [LOG] %cCustomer Accounts Deluxe font-size: 18px; font-weight: bold; color: #fff; background: linear-gradient(90deg, #007bff, #00c6ff); padding: 6px 12px; border-radius: 5px; text-align: center; @ webpack://customer-account-deluxe/./extensions/customer-page/assets/cad_base.js?:39
[     364ms] [LOG] 
 🔵 Seamless Shopify Integration

 🔵 Enhance Customer Experience with Custom Features

 🔵 Loyalty, Rewards, Social Login, Wishlist, Returns & Exchanges, Store Credits and Much More


 Learn more at: https://apps.shopify.com/customer-account-deluxe

 @ webpack://customer-account-deluxe/./extensions/customer-page/assets/cad_base.js?:40
[     563ms] [WARNING] Failed to decode downloaded font: https://aromawax.eu/cdn/shop/t/29/assets/AvenirLTStd-Black.eot?v=61293692641208295061771850553 @ https://aromawax.eu/pt/pages/wishlist?ptsource=1:0
[     563ms] [WARNING] OTS parsing error: invalid sfntVersion: -272646794 @ https://aromawax.eu/pt/pages/wishlist?ptsource=1:0
[     591ms] [WARNING] Failed to decode downloaded font: https://aromawax.eu/cdn/shop/t/29/assets/AvenirLTStd-Heavy.woff2?v=100181975222566383851771850553 @ https://aromawax.eu/pt/pages/wishlist?ptsource=1:0
[     591ms] [WARNING] OTS parsing error: Failed to convert WOFF 2.0 font to SFNT @ https://aromawax.eu/pt/pages/wishlist?ptsource=1:0
[     591ms] [WARNING] Failed to decode downloaded font: https://aromawax.eu/cdn/shop/t/29/assets/AvenirLTStd-Heavy.woff2?v=100181975222566383851771850553 @ https://aromawax.eu/pt/pages/wishlist?ptsource=1:0
[     591ms] [WARNING] OTS parsing error: Failed to convert WOFF 2.0 font to SFNT @ https://aromawax.eu/pt/pages/wishlist?ptsource=1:0
[     591ms] [WARNING] Failed to decode downloaded font: https://aromawax.eu/cdn/shop/t/29/assets/AvenirLTStd-Heavy.woff2?v=100181975222566383851771850553 @ https://aromawax.eu/pt/pages/wishlist?ptsource=1:0
[     591ms] [WARNING] OTS parsing error: Failed to convert WOFF 2.0 font to SFNT @ https://aromawax.eu/pt/pages/wishlist?ptsource=1:0
[     601ms] [LOG] existingToggle null @ https://cdn.shopify.com/extensions/019d67a4-5b06-743b-9c60-09feb0784e3c/final-price-72/assets/price-display.js:1202
[     601ms] [LOG] existingToggle null @ https://cdn.shopify.com/extensions/019d67a4-5b06-743b-9c60-09feb0784e3c/final-price-72/assets/price-display.js:1202
[     616ms] [WARNING] Failed to decode downloaded font: https://aromawax.eu/cdn/shop/t/29/assets/AvenirLTStd-Heavy.woff?v=49196535620247681531771850553 @ https://aromawax.eu/pt/pages/wishlist?ptsource=1:0
[     616ms] [WARNING] OTS parsing error: incorrect file size in WOFF header @ https://aromawax.eu/pt/pages/wishlist?ptsource=1:0
[     616ms] [WARNING] Failed to decode downloaded font: https://aromawax.eu/cdn/shop/t/29/assets/AvenirLTStd-Heavy.woff?v=49196535620247681531771850553 @ https://aromawax.eu/pt/pages/wishlist?ptsource=1:0
[     616ms] [WARNING] OTS parsing error: incorrect file size in WOFF header @ https://aromawax.eu/pt/pages/wishlist?ptsource=1:0
[     616ms] [WARNING] Failed to decode downloaded font: https://aromawax.eu/cdn/shop/t/29/assets/AvenirLTStd-Heavy.woff?v=49196535620247681531771850553 @ https://aromawax.eu/pt/pages/wishlist?ptsource=1:0
[     616ms] [WARNING] OTS parsing error: incorrect file size in WOFF header @ https://aromawax.eu/pt/pages/wishlist?ptsource=1:0
[     642ms] [WARNING] Failed to decode downloaded font: https://aromawax.eu/cdn/shop/t/29/assets/AvenirLTStd-Heavy.ttf?v=161065316383412791401771850553 @ https://aromawax.eu/pt/pages/wishlist?ptsource=1:0
[     642ms] [WARNING] OTS parsing error: BASE: misaligned table @ https://aromawax.eu/pt/pages/wishlist?ptsource=1:0
[     642ms] [WARNING] Failed to decode downloaded font: https://aromawax.eu/cdn/shop/t/29/assets/AvenirLTStd-Heavy.ttf?v=161065316383412791401771850553 @ https://aromawax.eu/pt/pages/wishlist?ptsource=1:0
[     642ms] [WARNING] OTS parsing error: BASE: misaligned table @ https://aromawax.eu/pt/pages/wishlist?ptsource=1:0
[     642ms] [WARNING] Failed to decode downloaded font: https://aromawax.eu/cdn/shop/t/29/assets/AvenirLTStd-Heavy.ttf?v=161065316383412791401771850553 @ https://aromawax.eu/pt/pages/wishlist?ptsource=1:0
[     642ms] [WARNING] OTS parsing error: BASE: misaligned table @ https://aromawax.eu/pt/pages/wishlist?ptsource=1:0
[     642ms] [WARNING] Failed to decode downloaded font: https://aromawax.eu/cdn/shop/t/29/assets/AvenirLTStd-Heavy.woff2?v=100181975222566383851771850553 @ https://aromawax.eu/pt/pages/wishlist?ptsource=1:0
[     642ms] [WARNING] OTS parsing error: Failed to convert WOFF 2.0 font to SFNT @ https://aromawax.eu/pt/pages/wishlist?ptsource=1:0
[     642ms] [WARNING] Failed to decode downloaded font: https://aromawax.eu/cdn/shop/t/29/assets/AvenirLTStd-Heavy.woff?v=49196535620247681531771850553 @ https://aromawax.eu/pt/pages/wishlist?ptsource=1:0
[     642ms] [WARNING] OTS parsing error: incorrect file size in WOFF header @ https://aromawax.eu/pt/pages/wishlist?ptsource=1:0
[     642ms] [WARNING] Failed to decode downloaded font: https://aromawax.eu/cdn/shop/t/29/assets/AvenirLTStd-Heavy.ttf?v=161065316383412791401771850553 @ https://aromawax.eu/pt/pages/wishlist?ptsource=1:0
[     642ms] [WARNING] OTS parsing error: BASE: misaligned table @ https://aromawax.eu/pt/pages/wishlist?ptsource=1:0
[     642ms] [WARNING] Failed to decode downloaded font: https://aromawax.eu/cdn/shop/t/29/assets/AvenirLTStd-Black.eot?v=61293692641208295061771850553 @ https://aromawax.eu/pt/pages/wishlist?ptsource=1:0
[     642ms] [WARNING] OTS parsing error: invalid sfntVersion: -272646794 @ https://aromawax.eu/pt/pages/wishlist?ptsource=1:0
[     940ms] [INFO] Clear-Site-Data header on 'https://aromawax.eu/pt/cart/update.js': Cleared data types: "prefetchCache", "prerenderCache". @ https://aromawax.eu/pt/pages/wishlist?ptsource=1:0
[    1133ms] [ERROR] Framing 'https://shop.app/' violates the following Content Security Policy directive: "frame-ancestors 'self' https://shop.app https://admin.shopify.com". The request has been blocked.
 @ :0
[    1134ms] [ERROR] Failed to load resource: the server responded with a status of 403 () @ chrome-error://chromewebdata/:0
[    2038ms] [WARNING] Failed to decode downloaded font: https://aromawax.eu/cdn/shop/t/29/assets/AvenirLTStd-Heavy.woff2?v=100181975222566383851771850553 @ https://cdn.shopify.com/extensions/019d8a13-ee60-75d7-ae0f-514ac36f9789/localizing-254/assets/floating-selector.js:0
[    2038ms] [WARNING] OTS parsing error: Failed to convert WOFF 2.0 font to SFNT @ https://cdn.shopify.com/extensions/019d8a13-ee60-75d7-ae0f-514ac36f9789/localizing-254/assets/floating-selector.js:0
[    2038ms] [WARNING] Failed to decode downloaded font: https://aromawax.eu/cdn/shop/t/29/assets/AvenirLTStd-Heavy.woff?v=49196535620247681531771850553 @ https://cdn.shopify.com/extensions/019d8a13-ee60-75d7-ae0f-514ac36f9789/localizing-254/assets/floating-selector.js:0
[    2038ms] [WARNING] OTS parsing error: incorrect file size in WOFF header @ https://cdn.shopify.com/extensions/019d8a13-ee60-75d7-ae0f-514ac36f9789/localizing-254/assets/floating-selector.js:0
[    2038ms] [WARNING] Failed to decode downloaded font: https://aromawax.eu/cdn/shop/t/29/assets/AvenirLTStd-Heavy.ttf?v=161065316383412791401771850553 @ https://cdn.shopify.com/extensions/019d8a13-ee60-75d7-ae0f-514ac36f9789/localizing-254/assets/floating-selector.js:0
[    2038ms] [WARNING] OTS parsing error: BASE: misaligned table @ https://cdn.shopify.com/extensions/019d8a13-ee60-75d7-ae0f-514ac36f9789/localizing-254/assets/floating-selector.js:0
[    2038ms] [WARNING] Failed to decode downloaded font: https://aromawax.eu/cdn/shop/t/29/assets/AvenirLTStd-Black.eot?v=61293692641208295061771850553 @ https://cdn.shopify.com/extensions/019d8a13-ee60-75d7-ae0f-514ac36f9789/localizing-254/assets/floating-selector.js:0
[    2038ms] [WARNING] OTS parsing error: invalid sfntVersion: -272646794 @ https://cdn.shopify.com/extensions/019d8a13-ee60-75d7-ae0f-514ac36f9789/localizing-254/assets/floating-selector.js:0
[    4012ms] [LOG] Intercom whoami never became available @ :32
[    4153ms] [LOG] Intercom whoami never became available @ :32
[    5814ms] [WARNING] The resource https://aromawax.eu/cdn/fonts/figtree/figtree_n4.3c0838aba1701047e60be6a99a1b0a40ce9b8419.woff2 was preloaded using link preload but not used within a few seconds from the window's load event. Please make sure it has an appropriate `as` value and it is preloaded intentionally. @ https://aromawax.eu/pt/pages/wishlist?ptsource=1:0
[    8822ms] [WARNING] The resource https://aromawax.eu/cdn/fonts/figtree/figtree_n4.3c0838aba1701047e60be6a99a1b0a40ce9b8419.woff2 was preloaded using link preload but not used within a few seconds from the window's load event. Please make sure it has an appropriate `as` value and it is preloaded intentionally. @ https://aromawax.eu/pt/pages/wishlist?ptsource=1:0
[   13800ms] [WARNING] The resource https://aromawax.eu/cdn/fonts/figtree/figtree_n4.3c0838aba1701047e60be6a99a1b0a40ce9b8419.woff2 was preloaded using link preload but not used within a few seconds from the window's load event. Please make sure it has an appropriate `as` value and it is preloaded intentionally. @ https://aromawax.eu/pt/pages/wishlist?ptsource=1:0
[   18824ms] [WARNING] The resource https://aromawax.eu/cdn/fonts/figtree/figtree_n4.3c0838aba1701047e60be6a99a1b0a40ce9b8419.woff2 was preloaded using link preload but not used within a few seconds from the window's load event. Please make sure it has an appropriate `as` value and it is preloaded intentionally. @ https://aromawax.eu/pt/pages/wishlist?ptsource=1:0
[   23806ms] [WARNING] The resource https://aromawax.eu/cdn/fonts/figtree/figtree_n4.3c0838aba1701047e60be6a99a1b0a40ce9b8419.woff2 was preloaded using link preload but not used within a few seconds from the window's load event. Please make sure it has an appropriate `as` value and it is preloaded intentionally. @ https://aromawax.eu/pt/pages/wishlist?ptsource=1:0
[   28817ms] [WARNING] The resource https://aromawax.eu/cdn/fonts/figtree/figtree_n4.3c0838aba1701047e60be6a99a1b0a40ce9b8419.woff2 was preloaded using link preload but not used within a few seconds from the window's load event. Please make sure it has an appropriate `as` value and it is preloaded intentionally. @ https://aromawax.eu/pt/pages/wishlist?ptsource=1:0
[   33800ms] [WARNING] The resource https://aromawax.eu/cdn/fonts/figtree/figtree_n4.3c0838aba1701047e60be6a99a1b0a40ce9b8419.woff2 was preloaded using link preload but not used within a few seconds from the window's load event. Please make sure it has an appropriate `as` value and it is preloaded intentionally. @ https://aromawax.eu/pt/pages/wishlist?ptsource=1:0
[   38877ms] [WARNING] The resource https://aromawax.eu/cdn/fonts/figtree/figtree_n4.3c0838aba1701047e60be6a99a1b0a40ce9b8419.woff2 was preloaded using link preload but not used within a few seconds from the window's load event. Please make sure it has an appropriate `as` value and it is preloaded intentionally. @ https://aromawax.eu/pt/pages/wishlist?ptsource=1:0
[   43806ms] [WARNING] The resource https://aromawax.eu/cdn/fonts/figtree/figtree_n4.3c0838aba1701047e60be6a99a1b0a40ce9b8419.woff2 was preloaded using link preload but not used within a few seconds from the window's load event. Please make sure it has an appropriate `as` value and it is preloaded intentionally. @ https://aromawax.eu/pt/pages/wishlist?ptsource=1:0
[   48840ms] [WARNING] The resource https://aromawax.eu/cdn/fonts/figtree/figtree_n4.3c0838aba1701047e60be6a99a1b0a40ce9b8419.woff2 was preloaded using link preload but not used within a few seconds from the window's load event. Please make sure it has an appropriate `as` value and it is preloaded intentionally. @ https://aromawax.eu/pt/pages/wishlist?ptsource=1:0
[   53827ms] [WARNING] The resource https://aromawax.eu/cdn/fonts/figtree/figtree_n4.3c0838aba1701047e60be6a99a1b0a40ce9b8419.woff2 was preloaded using link preload but not used within a few seconds from the window's load event. Please make sure it has an appropriate `as` value and it is preloaded intentionally. @ https://aromawax.eu/pt/pages/wishlist?ptsource=1:0
[   58797ms] [WARNING] The resource https://aromawax.eu/cdn/fonts/figtree/figtree_n4.3c0838aba1701047e60be6a99a1b0a40ce9b8419.woff2 was preloaded using link preload but not used within a few seconds from the window's load event. Please make sure it has an appropriate `as` value and it is preloaded intentionally. @ https://aromawax.eu/pt/pages/wishlist?ptsource=1:0
[   63805ms] [WARNING] The resource https://aromawax.eu/cdn/fonts/figtree/figtree_n4.3c0838aba1701047e60be6a99a1b0a40ce9b8419.woff2 was preloaded using link preload but not used within a few seconds from the window's load event. Please make sure it has an appropriate `as` value and it is preloaded intentionally. @ https://aromawax.eu/pt/pages/wishlist?ptsource=1:0
[   68980ms] [WARNING] The resource https://aromawax.eu/cdn/fonts/figtree/figtree_n4.3c0838aba1701047e60be6a99a1b0a40ce9b8419.woff2 was preloaded using link preload but not used within a few seconds from the window's load event. Please make sure it has an appropriate `as` value and it is preloaded intentionally. @ https://aromawax.eu/pt/pages/wishlist?ptsource=1:0
[   73818ms] [WARNING] The resource https://aromawax.eu/cdn/fonts/figtree/figtree_n4.3c0838aba1701047e60be6a99a1b0a40ce9b8419.woff2 was preloaded using link preload but not used within a few seconds from the window's load event. Please make sure it has an appropriate `as` value and it is preloaded intentionally. @ https://aromawax.eu/pt/pages/wishlist?ptsource=1:0
[   78818ms] [WARNING] The resource https://aromawax.eu/cdn/fonts/figtree/figtree_n4.3c0838aba1701047e60be6a99a1b0a40ce9b8419.woff2 was preloaded using link preload but not used within a few seconds from the window's load event. Please make sure it has an appropriate `as` value and it is preloaded intentionally. @ https://aromawax.eu/pt/pages/wishlist?ptsource=1:0
[   83805ms] [WARNING] The resource https://aromawax.eu/cdn/fonts/figtree/figtree_n4.3c0838aba1701047e60be6a99a1b0a40ce9b8419.woff2 was preloaded using link preload but not used within a few seconds from the window's load event. Please make sure it has an appropriate `as` value and it is preloaded intentionally. @ https://aromawax.eu/pt/pages/wishlist?ptsource=1:0
[   88813ms] [WARNING] The resource https://aromawax.eu/cdn/fonts/figtree/figtree_n4.3c0838aba1701047e60be6a99a1b0a40ce9b8419.woff2 was preloaded using link preload but not used within a few seconds from the window's load event. Please make sure it has an appropriate `as` value and it is preloaded intentionally. @ https://aromawax.eu/pt/pages/wishlist?ptsource=1:0
[   93814ms] [WARNING] The resource https://aromawax.eu/cdn/fonts/figtree/figtree_n4.3c0838aba1701047e60be6a99a1b0a40ce9b8419.woff2 was preloaded using link preload but not used within a few seconds from the window's load event. Please make sure it has an appropriate `as` value and it is preloaded intentionally. @ https://aromawax.eu/pt/pages/wishlist?ptsource=1:0
[   98802ms] [WARNING] The resource https://aromawax.eu/cdn/fonts/figtree/figtree_n4.3c0838aba1701047e60be6a99a1b0a40ce9b8419.woff2 was preloaded using link preload but not used within a few seconds from the window's load event. Please make sure it has an appropriate `as` value and it is preloaded intentionally. @ https://aromawax.eu/pt/pages/wishlist?ptsource=1:0
[  103831ms] [WARNING] The resource https://aromawax.eu/cdn/fonts/figtree/figtree_n4.3c0838aba1701047e60be6a99a1b0a40ce9b8419.woff2 was preloaded using link preload but not used within a few seconds from the window's load event. Please make sure it has an appropriate `as` value and it is preloaded intentionally. @ https://aromawax.eu/pt/pages/wishlist?ptsource=1:0
[  108821ms] [WARNING] The resource https://aromawax.eu/cdn/fonts/figtree/figtree_n4.3c0838aba1701047e60be6a99a1b0a40ce9b8419.woff2 was preloaded using link preload but not used within a few seconds from the window's load event. Please make sure it has an appropriate `as` value and it is preloaded intentionally. @ https://aromawax.eu/pt/pages/wishlist?ptsource=1:0
[  113828ms] [WARNING] The resource https://aromawax.eu/cdn/fonts/figtree/figtree_n4.3c0838aba1701047e60be6a99a1b0a40ce9b8419.woff2 was preloaded using link preload but not used within a few seconds from the window's load event. Please make sure it has an appropriate `as` value and it is preloaded intentionally. @ https://aromawax.eu/pt/pages/wishlist?ptsource=1:0
[  118828ms] [WARNING] The resource https://aromawax.eu/cdn/fonts/figtree/figtree_n4.3c0838aba1701047e60be6a99a1b0a40ce9b8419.woff2 was preloaded using link preload but not used within a few seconds from the window's load event. Please make sure it has an appropriate `as` value and it is preloaded intentionally. @ https://aromawax.eu/pt/pages/wishlist?ptsource=1:0
[  123894ms] [WARNING] The resource https://aromawax.eu/cdn/fonts/figtree/figtree_n4.3c0838aba1701047e60be6a99a1b0a40ce9b8419.woff2 was preloaded using link preload but not used within a few seconds from the window's load event. Please make sure it has an appropriate `as` value and it is preloaded intentionally. @ https://aromawax.eu/pt/pages/wishlist?ptsource=1:0
[  128837ms] [WARNING] The resource https://aromawax.eu/cdn/fonts/figtree/figtree_n4.3c0838aba1701047e60be6a99a1b0a40ce9b8419.woff2 was preloaded using link preload but not used within a few seconds from the window's load event. Please make sure it has an appropriate `as` value and it is preloaded intentionally. @ https://aromawax.eu/pt/pages/wishlist?ptsource=1:0
[  133806ms] [WARNING] The resource https://aromawax.eu/cdn/fonts/figtree/figtree_n4.3c0838aba1701047e60be6a99a1b0a40ce9b8419.woff2 was preloaded using link preload but not used within a few seconds from the window's load event. Please make sure it has an appropriate `as` value and it is preloaded intentionally. @ https://aromawax.eu/pt/pages/wishlist?ptsource=1:0
[  138834ms] [WARNING] The resource https://aromawax.eu/cdn/fonts/figtree/figtree_n4.3c0838aba1701047e60be6a99a1b0a40ce9b8419.woff2 was preloaded using link preload but not used within a few seconds from the window's load event. Please make sure it has an appropriate `as` value and it is preloaded intentionally. @ https://aromawax.eu/pt/pages/wishlist?ptsource=1:0
[  143830ms] [WARNING] The resource https://aromawax.eu/cdn/fonts/figtree/figtree_n4.3c0838aba1701047e60be6a99a1b0a40ce9b8419.woff2 was preloaded using link preload but not used within a few seconds from the window's load event. Please make sure it has an appropriate `as` value and it is preloaded intentionally. @ https://aromawax.eu/pt/pages/wishlist?ptsource=1:0
[  148837ms] [WARNING] The resource https://aromawax.eu/cdn/fonts/figtree/figtree_n4.3c0838aba1701047e60be6a99a1b0a40ce9b8419.woff2 was preloaded using link preload but not used within a few seconds from the window's load event. Please make sure it has an appropriate `as` value and it is preloaded intentionally. @ https://aromawax.eu/pt/pages/wishlist?ptsource=1:0
[  153805ms] [WARNING] The resource https://aromawax.eu/cdn/fonts/figtree/figtree_n4.3c0838aba1701047e60be6a99a1b0a40ce9b8419.woff2 was preloaded using link preload but not used within a few seconds from the window's load event. Please make sure it has an appropriate `as` value and it is preloaded intentionally. @ https://aromawax.eu/pt/pages/wishlist?ptsource=1:0
[  158824ms] [WARNING] The resource https://aromawax.eu/cdn/fonts/figtree/figtree_n4.3c0838aba1701047e60be6a99a1b0a40ce9b8419.woff2 was preloaded using link preload but not used within a few seconds from the window's load event. Please make sure it has an appropriate `as` value and it is preloaded intentionally. @ https://aromawax.eu/pt/pages/wishlist?ptsource=1:0
[  163831ms] [WARNING] The resource https://aromawax.eu/cdn/fonts/figtree/figtree_n4.3c0838aba1701047e60be6a99a1b0a40ce9b8419.woff2 was preloaded using link preload but not used within a few seconds from the window's load event. Please make sure it has an appropriate `as` value and it is preloaded intentionally. @ https://aromawax.eu/pt/pages/wishlist?ptsource=1:0
[  168820ms] [WARNING] The resource https://aromawax.eu/cdn/fonts/figtree/figtree_n4.3c0838aba1701047e60be6a99a1b0a40ce9b8419.woff2 was preloaded using link preload but not used within a few seconds from the window's load event. Please make sure it has an appropriate `as` value and it is preloaded intentionally. @ https://aromawax.eu/pt/pages/wishlist?ptsource=1:0
[  173838ms] [WARNING] The resource https://aromawax.eu/cdn/fonts/figtree/figtree_n4.3c0838aba1701047e60be6a99a1b0a40ce9b8419.woff2 was preloaded using link preload but not used within a few seconds from the window's load event. Please make sure it has an appropriate `as` value and it is preloaded intentionally. @ https://aromawax.eu/pt/pages/wishlist?ptsource=1:0
[  178821ms] [WARNING] The resource https://aromawax.eu/cdn/fonts/figtree/figtree_n4.3c0838aba1701047e60be6a99a1b0a40ce9b8419.woff2 was preloaded using link preload but not used within a few seconds from the window's load event. Please make sure it has an appropriate `as` value and it is preloaded intentionally. @ https://aromawax.eu/pt/pages/wishlist?ptsource=1:0
[  183839ms] [WARNING] The resource https://aromawax.eu/cdn/fonts/figtree/figtree_n4.3c0838aba1701047e60be6a99a1b0a40ce9b8419.woff2 was preloaded using link preload but not used within a few seconds from the window's load event. Please make sure it has an appropriate `as` value and it is preloaded intentionally. @ https://aromawax.eu/pt/pages/wishlist?ptsource=1:0
[  188817ms] [WARNING] The resource https://aromawax.eu/cdn/fonts/figtree/figtree_n4.3c0838aba1701047e60be6a99a1b0a40ce9b8419.woff2 was preloaded using link preload but not used within a few seconds from the window's load event. Please make sure it has an appropriate `as` value and it is preloaded intentionally. @ https://aromawax.eu/pt/pages/wishlist?ptsource=1:0
[  193804ms] [WARNING] The resource https://aromawax.eu/cdn/fonts/figtree/figtree_n4.3c0838aba1701047e60be6a99a1b0a40ce9b8419.woff2 was preloaded using link preload but not used within a few seconds from the window's load event. Please make sure it has an appropriate `as` value and it is preloaded intentionally. @ https://aromawax.eu/pt/pages/wishlist?ptsource=1:0
[  198791ms] [WARNING] The resource https://aromawax.eu/cdn/fonts/figtree/figtree_n4.3c0838aba1701047e60be6a99a1b0a40ce9b8419.woff2 was preloaded using link preload but not used within a few seconds from the window's load event. Please make sure it has an appropriate `as` value and it is preloaded intentionally. @ https://aromawax.eu/pt/pages/wishlist?ptsource=1:0
[  203839ms] [WARNING] The resource https://aromawax.eu/cdn/fonts/figtree/figtree_n4.3c0838aba1701047e60be6a99a1b0a40ce9b8419.woff2 was preloaded using link preload but not used within a few seconds from the window's load event. Please make sure it has an appropriate `as` value and it is preloaded intentionally. @ https://aromawax.eu/pt/pages/wishlist?ptsource=1:0
[  208817ms] [WARNING] The resource https://aromawax.eu/cdn/fonts/figtree/figtree_n4.3c0838aba1701047e60be6a99a1b0a40ce9b8419.woff2 was preloaded using link preload but not used within a few seconds from the window's load event. Please make sure it has an appropriate `as` value and it is preloaded intentionally. @ https://aromawax.eu/pt/pages/wishlist?ptsource=1:0
[  213814ms] [WARNING] The resource https://aromawax.eu/cdn/fonts/figtree/figtree_n4.3c0838aba1701047e60be6a99a1b0a40ce9b8419.woff2 was preloaded using link preload but not used within a few seconds from the window's load event. Please make sure it has an appropriate `as` value and it is preloaded intentionally. @ https://aromawax.eu/pt/pages/wishlist?ptsource=1:0
[  218811ms] [WARNING] The resource https://aromawax.eu/cdn/fonts/figtree/figtree_n4.3c0838aba1701047e60be6a99a1b0a40ce9b8419.woff2 was preloaded using link preload but not used within a few seconds from the window's load event. Please make sure it has an appropriate `as` value and it is preloaded intentionally. @ https://aromawax.eu/pt/pages/wishlist?ptsource=1:0
[  223806ms] [WARNING] The resource https://aromawax.eu/cdn/fonts/figtree/figtree_n4.3c0838aba1701047e60be6a99a1b0a40ce9b8419.woff2 was preloaded using link preload but not used within a few seconds from the window's load event. Please make sure it has an appropriate `as` value and it is preloaded intentionally. @ https://aromawax.eu/pt/pages/wishlist?ptsource=1:0
[  228801ms] [WARNING] The resource https://aromawax.eu/cdn/fonts/figtree/figtree_n4.3c0838aba1701047e60be6a99a1b0a40ce9b8419.woff2 was preloaded using link preload but not used within a few seconds from the window's load event. Please make sure it has an appropriate `as` value and it is preloaded intentionally. @ https://aromawax.eu/pt/pages/wishlist?ptsource=1:0
[  233822ms] [WARNING] The resource https://aromawax.eu/cdn/fonts/figtree/figtree_n4.3c0838aba1701047e60be6a99a1b0a40ce9b8419.woff2 was preloaded using link preload but not used within a few seconds from the window's load event. Please make sure it has an appropriate `as` value and it is preloaded intentionally. @ https://aromawax.eu/pt/pages/wishlist?ptsource=1:0
[  238832ms] [WARNING] The resource https://aromawax.eu/cdn/fonts/figtree/figtree_n4.3c0838aba1701047e60be6a99a1b0a40ce9b8419.woff2 was preloaded using link preload but not used within a few seconds from the window's load event. Please make sure it has an appropriate `as` value and it is preloaded intentionally. @ https://aromawax.eu/pt/pages/wishlist?ptsource=1:0
[  243804ms] [WARNING] The resource https://aromawax.eu/cdn/fonts/figtree/figtree_n4.3c0838aba1701047e60be6a99a1b0a40ce9b8419.woff2 was preloaded using link preload but not used within a few seconds from the window's load event. Please make sure it has an appropriate `as` value and it is preloaded intentionally. @ https://aromawax.eu/pt/pages/wishlist?ptsource=1:0
[  248797ms] [WARNING] The resource https://aromawax.eu/cdn/fonts/figtree/figtree_n4.3c0838aba1701047e60be6a99a1b0a40ce9b8419.woff2 was preloaded using link preload but not used within a few seconds from the window's load event. Please make sure it has an appropriate `as` value and it is preloaded intentionally. @ https://aromawax.eu/pt/pages/wishlist?ptsource=1:0
[  253808ms] [WARNING] The resource https://aromawax.eu/cdn/fonts/figtree/figtree_n4.3c0838aba1701047e60be6a99a1b0a40ce9b8419.woff2 was preloaded using link preload but not used within a few seconds from the window's load event. Please make sure it has an appropriate `as` value and it is preloaded intentionally. @ https://aromawax.eu/pt/pages/wishlist?ptsource=1:0
[  258822ms] [WARNING] The resource https://aromawax.eu/cdn/fonts/figtree/figtree_n4.3c0838aba1701047e60be6a99a1b0a40ce9b8419.woff2 was preloaded using link preload but not used within a few seconds from the window's load event. Please make sure it has an appropriate `as` value and it is preloaded intentionally. @ https://aromawax.eu/pt/pages/wishlist?ptsource=1:0
[  263806ms] [WARNING] The resource https://aromawax.eu/cdn/fonts/figtree/figtree_n4.3c0838aba1701047e60be6a99a1b0a40ce9b8419.woff2 was preloaded using link preload but not used within a few seconds from the window's load event. Please make sure it has an appropriate `as` value and it is preloaded intentionally. @ https://aromawax.eu/pt/pages/wishlist?ptsource=1:0
[  268815ms] [WARNING] The resource https://aromawax.eu/cdn/fonts/figtree/figtree_n4.3c0838aba1701047e60be6a99a1b0a40ce9b8419.woff2 was preloaded using link preload but not used within a few seconds from the window's load event. Please make sure it has an appropriate `as` value and it is preloaded intentionally. @ https://aromawax.eu/pt/pages/wishlist?ptsource=1:0
[  273808ms] [WARNING] The resource https://aromawax.eu/cdn/fonts/figtree/figtree_n4.3c0838aba1701047e60be6a99a1b0a40ce9b8419.woff2 was preloaded using link preload but not used within a few seconds from the window's load event. Please make sure it has an appropriate `as` value and it is preloaded intentionally. @ https://aromawax.eu/pt/pages/wishlist?ptsource=1:0
[  278813ms] [WARNING] The resource https://aromawax.eu/cdn/fonts/figtree/figtree_n4.3c0838aba1701047e60be6a99a1b0a40ce9b8419.woff2 was preloaded using link preload but not used within a few seconds from the window's load event. Please make sure it has an appropriate `as` value and it is preloaded intentionally. @ https://aromawax.eu/pt/pages/wishlist?ptsource=1:0
[  283819ms] [WARNING] The resource https://aromawax.eu/cdn/fonts/figtree/figtree_n4.3c0838aba1701047e60be6a99a1b0a40ce9b8419.woff2 was preloaded using link preload but not used within a few seconds from the window's load event. Please make sure it has an appropriate `as` value and it is preloaded intentionally. @ https://aromawax.eu/pt/pages/wishlist?ptsource=1:0
[  288841ms] [WARNING] The resource https://aromawax.eu/cdn/fonts/figtree/figtree_n4.3c0838aba1701047e60be6a99a1b0a40ce9b8419.woff2 was preloaded using link preload but not used within a few seconds from the window's load event. Please make sure it has an appropriate `as` value and it is preloaded intentionally. @ https://aromawax.eu/pt/pages/wishlist?ptsource=1:0
[  293814ms] [WARNING] The resource https://aromawax.eu/cdn/fonts/figtree/figtree_n4.3c0838aba1701047e60be6a99a1b0a40ce9b8419.woff2 was preloaded using link preload but not used within a few seconds from the window's load event. Please make sure it has an appropriate `as` value and it is preloaded intentionally. @ https://aromawax.eu/pt/pages/wishlist?ptsource=1:0
[  298809ms] [WARNING] The resource https://aromawax.eu/cdn/fonts/figtree/figtree_n4.3c0838aba1701047e60be6a99a1b0a40ce9b8419.woff2 was preloaded using link preload but not used within a few seconds from the window's load event. Please make sure it has an appropriate `as` value and it is preloaded intentionally. @ https://aromawax.eu/pt/pages/wishlist?ptsource=1:0
[  303798ms] [WARNING] The resource https://aromawax.eu/cdn/fonts/figtree/figtree_n4.3c0838aba1701047e60be6a99a1b0a40ce9b8419.woff2 was preloaded using link preload but not used within a few seconds from the window's load event. Please make sure it has an appropriate `as` value and it is preloaded intentionally. @ https://aromawax.eu/pt/pages/wishlist?ptsource=1:0
[  308807ms] [WARNING] The resource https://aromawax.eu/cdn/fonts/figtree/figtree_n4.3c0838aba1701047e60be6a99a1b0a40ce9b8419.woff2 was preloaded using link preload but not used within a few seconds from the window's load event. Please make sure it has an appropriate `as` value and it is preloaded intentionally. @ https://aromawax.eu/pt/pages/wishlist?ptsource=1:0
[  313786ms] [WARNING] The resource https://aromawax.eu/cdn/fonts/figtree/figtree_n4.3c0838aba1701047e60be6a99a1b0a40ce9b8419.woff2 was preloaded using link preload but not used within a few seconds from the window's load event. Please make sure it has an appropriate `as` value and it is preloaded intentionally. @ https://aromawax.eu/pt/pages/wishlist?ptsource=1:0
[  318803ms] [WARNING] The resource https://aromawax.eu/cdn/fonts/figtree/figtree_n4.3c0838aba1701047e60be6a99a1b0a40ce9b8419.woff2 was preloaded using link preload but not used within a few seconds from the window's load event. Please make sure it has an appropriate `as` value and it is preloaded intentionally. @ https://aromawax.eu/pt/pages/wishlist?ptsource=1:0
[  323801ms] [WARNING] The resource https://aromawax.eu/cdn/fonts/figtree/figtree_n4.3c0838aba1701047e60be6a99a1b0a40ce9b8419.woff2 was preloaded using link preload but not used within a few seconds from the window's load event. Please make sure it has an appropriate `as` value and it is preloaded intentionally. @ https://aromawax.eu/pt/pages/wishlist?ptsource=1:0
[  328824ms] [WARNING] The resource https://aromawax.eu/cdn/fonts/figtree/figtree_n4.3c0838aba1701047e60be6a99a1b0a40ce9b8419.woff2 was preloaded using link preload but not used within a few seconds from the window's load event. Please make sure it has an appropriate `as` value and it is preloaded intentionally. @ https://aromawax.eu/pt/pages/wishlist?ptsource=1:0
[  333805ms] [WARNING] The resource https://aromawax.eu/cdn/fonts/figtree/figtree_n4.3c0838aba1701047e60be6a99a1b0a40ce9b8419.woff2 was preloaded using link preload but not used within a few seconds from the window's load event. Please make sure it has an appropriate `as` value and it is preloaded intentionally. @ https://aromawax.eu/pt/pages/wishlist?ptsource=1:0
[  338804ms] [WARNING] The resource https://aromawax.eu/cdn/fonts/figtree/figtree_n4.3c0838aba1701047e60be6a99a1b0a40ce9b8419.woff2 was preloaded using link preload but not used within a few seconds from the window's load event. Please make sure it has an appropriate `as` value and it is preloaded intentionally. @ https://aromawax.eu/pt/pages/wishlist?ptsource=1:0
[  343805ms] [WARNING] The resource https://aromawax.eu/cdn/fonts/figtree/figtree_n4.3c0838aba1701047e60be6a99a1b0a40ce9b8419.woff2 was preloaded using link preload but not used within a few seconds from the window's load event. Please make sure it has an appropriate `as` value and it is preloaded intentionally. @ https://aromawax.eu/pt/pages/wishlist?ptsource=1:0
[  348829ms] [WARNING] The resource https://aromawax.eu/cdn/fonts/figtree/figtree_n4.3c0838aba1701047e60be6a99a1b0a40ce9b8419.woff2 was preloaded using link preload but not used within a few seconds from the window's load event. Please make sure it has an appropriate `as` value and it is preloaded intentionally. @ https://aromawax.eu/pt/pages/wishlist?ptsource=1:0
[  353806ms] [WARNING] The resource https://aromawax.eu/cdn/fonts/figtree/figtree_n4.3c0838aba1701047e60be6a99a1b0a40ce9b8419.woff2 was preloaded using link preload but not used within a few seconds from the window's load event. Please make sure it has an appropriate `as` value and it is preloaded intentionally. @ https://aromawax.eu/pt/pages/wishlist?ptsource=1:0
[  358824ms] [WARNING] The resource https://aromawax.eu/cdn/fonts/figtree/figtree_n4.3c0838aba1701047e60be6a99a1b0a40ce9b8419.woff2 was preloaded using link preload but not used within a few seconds from the window's load event. Please make sure it has an appropriate `as` value and it is preloaded intentionally. @ https://aromawax.eu/pt/pages/wishlist?ptsource=1:0
[  363824ms] [WARNING] The resource https://aromawax.eu/cdn/fonts/figtree/figtree_n4.3c0838aba1701047e60be6a99a1b0a40ce9b8419.woff2 was preloaded using link preload but not used within a few seconds from the window's load event. Please make sure it has an appropriate `as` value and it is preloaded intentionally. @ https://aromawax.eu/pt/pages/wishlist?ptsource=1:0
[  368826ms] [WARNING] The resource https://aromawax.eu/cdn/fonts/figtree/figtree_n4.3c0838aba1701047e60be6a99a1b0a40ce9b8419.woff2 was preloaded using link preload but not used within a few seconds from the window's load event. Please make sure it has an appropriate `as` value and it is preloaded intentionally. @ https://aromawax.eu/pt/pages/wishlist?ptsource=1:0
[  373800ms] [WARNING] The resource https://aromawax.eu/cdn/fonts/figtree/figtree_n4.3c0838aba1701047e60be6a99a1b0a40ce9b8419.woff2 was preloaded using link preload but not used within a few seconds from the window's load event. Please make sure it has an appropriate `as` value and it is preloaded intentionally. @ https://aromawax.eu/pt/pages/wishlist?ptsource=1:0
[  378816ms] [WARNING] The resource https://aromawax.eu/cdn/fonts/figtree/figtree_n4.3c0838aba1701047e60be6a99a1b0a40ce9b8419.woff2 was preloaded using link preload but not used within a few seconds from the window's load event. Please make sure it has an appropriate `as` value and it is preloaded intentionally. @ https://aromawax.eu/pt/pages/wishlist?ptsource=1:0
[  383828ms] [WARNING] The resource https://aromawax.eu/cdn/fonts/figtree/figtree_n4.3c0838aba1701047e60be6a99a1b0a40ce9b8419.woff2 was preloaded using link preload but not used within a few seconds from the window's load event. Please make sure it has an appropriate `as` value and it is preloaded intentionally. @ https://aromawax.eu/pt/pages/wishlist?ptsource=1:0
[  388800ms] [WARNING] The resource https://aromawax.eu/cdn/fonts/figtree/figtree_n4.3c0838aba1701047e60be6a99a1b0a40ce9b8419.woff2 was preloaded using link preload but not used within a few seconds from the window's load event. Please make sure it has an appropriate `as` value and it is preloaded intentionally. @ https://aromawax.eu/pt/pages/wishlist?ptsource=1:0
[  393815ms] [WARNING] The resource https://aromawax.eu/cdn/fonts/figtree/figtree_n4.3c0838aba1701047e60be6a99a1b0a40ce9b8419.woff2 was preloaded using link preload but not used within a few seconds from the window's load event. Please make sure it has an appropriate `as` value and it is preloaded intentionally. @ https://aromawax.eu/pt/pages/wishlist?ptsource=1:0
[  398784ms] [WARNING] The resource https://aromawax.eu/cdn/fonts/figtree/figtree_n4.3c0838aba1701047e60be6a99a1b0a40ce9b8419.woff2 was preloaded using link preload but not used within a few seconds from the window's load event. Please make sure it has an appropriate `as` value and it is preloaded intentionally. @ https://aromawax.eu/pt/pages/wishlist?ptsource=1:0
[  403800ms] [WARNING] The resource https://aromawax.eu/cdn/fonts/figtree/figtree_n4.3c0838aba1701047e60be6a99a1b0a40ce9b8419.woff2 was preloaded using link preload but not used within a few seconds from the window's load event. Please make sure it has an appropriate `as` value and it is preloaded intentionally. @ https://aromawax.eu/pt/pages/wishlist?ptsource=1:0
[  408820ms] [WARNING] The resource https://aromawax.eu/cdn/fonts/figtree/figtree_n4.3c0838aba1701047e60be6a99a1b0a40ce9b8419.woff2 was preloaded using link preload but not used within a few seconds from the window's load event. Please make sure it has an appropriate `as` value and it is preloaded intentionally. @ https://aromawax.eu/pt/pages/wishlist?ptsource=1:0
[  413808ms] [WARNING] The resource https://aromawax.eu/cdn/fonts/figtree/figtree_n4.3c0838aba1701047e60be6a99a1b0a40ce9b8419.woff2 was preloaded using link preload but not used within a few seconds from the window's load event. Please make sure it has an appropriate `as` value and it is preloaded intentionally. @ https://aromawax.eu/pt/pages/wishlist?ptsource=1:0
[  418818ms] [WARNING] The resource https://aromawax.eu/cdn/fonts/figtree/figtree_n4.3c0838aba1701047e60be6a99a1b0a40ce9b8419.woff2 was preloaded using link preload but not used within a few seconds from the window's load event. Please make sure it has an appropriate `as` value and it is preloaded intentionally. @ https://aromawax.eu/pt/pages/wishlist?ptsource=1:0
[  423822ms] [WARNING] The resource https://aromawax.eu/cdn/fonts/figtree/figtree_n4.3c0838aba1701047e60be6a99a1b0a40ce9b8419.woff2 was preloaded using link preload but not used within a few seconds from the window's load event. Please make sure it has an appropriate `as` value and it is preloaded intentionally. @ https://aromawax.eu/pt/pages/wishlist?ptsource=1:0
[  428802ms] [WARNING] The resource https://aromawax.eu/cdn/fonts/figtree/figtree_n4.3c0838aba1701047e60be6a99a1b0a40ce9b8419.woff2 was preloaded using link preload but not used within a few seconds from the window's load event. Please make sure it has an appropriate `as` value and it is preloaded intentionally. @ https://aromawax.eu/pt/pages/wishlist?ptsource=1:0
[  433803ms] [WARNING] The resource https://aromawax.eu/cdn/fonts/figtree/figtree_n4.3c0838aba1701047e60be6a99a1b0a40ce9b8419.woff2 was preloaded using link preload but not used within a few seconds from the window's load event. Please make sure it has an appropriate `as` value and it is preloaded intentionally. @ https://aromawax.eu/pt/pages/wishlist?ptsource=1:0
[  438818ms] [WARNING] The resource https://aromawax.eu/cdn/fonts/figtree/figtree_n4.3c0838aba1701047e60be6a99a1b0a40ce9b8419.woff2 was preloaded using link preload but not used within a few seconds from the window's load event. Please make sure it has an appropriate `as` value and it is preloaded intentionally. @ https://aromawax.eu/pt/pages/wishlist?ptsource=1:0
[  443798ms] [WARNING] The resource https://aromawax.eu/cdn/fonts/figtree/figtree_n4.3c0838aba1701047e60be6a99a1b0a40ce9b8419.woff2 was preloaded using link preload but not used within a few seconds from the window's load event. Please make sure it has an appropriate `as` value and it is preloaded intentionally. @ https://aromawax.eu/pt/pages/wishlist?ptsource=1:0
[  448830ms] [WARNING] The resource https://aromawax.eu/cdn/fonts/figtree/figtree_n4.3c0838aba1701047e60be6a99a1b0a40ce9b8419.woff2 was preloaded using link preload but not used within a few seconds from the window's load event. Please make sure it has an appropriate `as` value and it is preloaded intentionally. @ https://aromawax.eu/pt/pages/wishlist?ptsource=1:0
[  453830ms] [WARNING] The resource https://aromawax.eu/cdn/fonts/figtree/figtree_n4.3c0838aba1701047e60be6a99a1b0a40ce9b8419.woff2 was preloaded using link preload but not used within a few seconds from the window's load event. Please make sure it has an appropriate `as` value and it is preloaded intentionally. @ https://aromawax.eu/pt/pages/wishlist?ptsource=1:0
[  459037ms] [WARNING] The resource https://aromawax.eu/cdn/fonts/figtree/figtree_n4.3c0838aba1701047e60be6a99a1b0a40ce9b8419.woff2 was preloaded using link preload but not used within a few seconds from the window's load event. Please make sure it has an appropriate `as` value and it is preloaded intentionally. @ https://aromawax.eu/pt/pages/wishlist?ptsource=1:0
[  463803ms] [WARNING] The resource https://aromawax.eu/cdn/fonts/figtree/figtree_n4.3c0838aba1701047e60be6a99a1b0a40ce9b8419.woff2 was preloaded using link preload but not used within a few seconds from the window's load event. Please make sure it has an appropriate `as` value and it is preloaded intentionally. @ https://aromawax.eu/pt/pages/wishlist?ptsource=1:0
[  468812ms] [WARNING] The resource https://aromawax.eu/cdn/fonts/figtree/figtree_n4.3c0838aba1701047e60be6a99a1b0a40ce9b8419.woff2 was preloaded using link preload but not used within a few seconds from the window's load event. Please make sure it has an appropriate `as` value and it is preloaded intentionally. @ https://aromawax.eu/pt/pages/wishlist?ptsource=1:0
[  473838ms] [WARNING] The resource https://aromawax.eu/cdn/fonts/figtree/figtree_n4.3c0838aba1701047e60be6a99a1b0a40ce9b8419.woff2 was preloaded using link preload but not used within a few seconds from the window's load event. Please make sure it has an appropriate `as` value and it is preloaded intentionally. @ https://aromawax.eu/pt/pages/wishlist?ptsource=1:0
[  478804ms] [WARNING] The resource https://aromawax.eu/cdn/fonts/figtree/figtree_n4.3c0838aba1701047e60be6a99a1b0a40ce9b8419.woff2 was preloaded using link preload but not used within a few seconds from the window's load event. Please make sure it has an appropriate `as` value and it is preloaded intentionally. @ https://aromawax.eu/pt/pages/wishlist?ptsource=1:0
[  483812ms] [WARNING] The resource https://aromawax.eu/cdn/fonts/figtree/figtree_n4.3c0838aba1701047e60be6a99a1b0a40ce9b8419.woff2 was preloaded using link preload but not used within a few seconds from the window's load event. Please make sure it has an appropriate `as` value and it is preloaded intentionally. @ https://aromawax.eu/pt/pages/wishlist?ptsource=1:0
[  488799ms] [WARNING] The resource https://aromawax.eu/cdn/fonts/figtree/figtree_n4.3c0838aba1701047e60be6a99a1b0a40ce9b8419.woff2 was preloaded using link preload but not used within a few seconds from the window's load event. Please make sure it has an appropriate `as` value and it is preloaded intentionally. @ https://aromawax.eu/pt/pages/wishlist?ptsource=1:0
[  493806ms] [WARNING] The resource https://aromawax.eu/cdn/fonts/figtree/figtree_n4.3c0838aba1701047e60be6a99a1b0a40ce9b8419.woff2 was preloaded using link preload but not used within a few seconds from the window's load event. Please make sure it has an appropriate `as` value and it is preloaded intentionally. @ https://aromawax.eu/pt/pages/wishlist?ptsource=1:0
[  498799ms] [WARNING] The resource https://aromawax.eu/cdn/fonts/figtree/figtree_n4.3c0838aba1701047e60be6a99a1b0a40ce9b8419.woff2 was preloaded using link preload but not used within a few seconds from the window's load event. Please make sure it has an appropriate `as` value and it is preloaded intentionally. @ https://aromawax.eu/pt/pages/wishlist?ptsource=1:0
[  503779ms] [WARNING] The resource https://aromawax.eu/cdn/fonts/figtree/figtree_n4.3c0838aba1701047e60be6a99a1b0a40ce9b8419.woff2 was preloaded using link preload but not used within a few seconds from the window's load event. Please make sure it has an appropriate `as` value and it is preloaded intentionally. @ https://aromawax.eu/pt/pages/wishlist?ptsource=1:0
[  508802ms] [WARNING] The resource https://aromawax.eu/cdn/fonts/figtree/figtree_n4.3c0838aba1701047e60be6a99a1b0a40ce9b8419.woff2 was preloaded using link preload but not used within a few seconds from the window's load event. Please make sure it has an appropriate `as` value and it is preloaded intentionally. @ https://aromawax.eu/pt/pages/wishlist?ptsource=1:0
[  513834ms] [WARNING] The resource https://aromawax.eu/cdn/fonts/figtree/figtree_n4.3c0838aba1701047e60be6a99a1b0a40ce9b8419.woff2 was preloaded using link preload but not used within a few seconds from the window's load event. Please make sure it has an appropriate `as` value and it is preloaded intentionally. @ https://aromawax.eu/pt/pages/wishlist?ptsource=1:0
[  518804ms] [WARNING] The resource https://aromawax.eu/cdn/fonts/figtree/figtree_n4.3c0838aba1701047e60be6a99a1b0a40ce9b8419.woff2 was preloaded using link preload but not used within a few seconds from the window's load event. Please make sure it has an appropriate `as` value and it is preloaded intentionally. @ https://aromawax.eu/pt/pages/wishlist?ptsource=1:0
[  523827ms] [WARNING] The resource https://aromawax.eu/cdn/fonts/figtree/figtree_n4.3c0838aba1701047e60be6a99a1b0a40ce9b8419.woff2 was preloaded using link preload but not used within a few seconds from the window's load event. Please make sure it has an appropriate `as` value and it is preloaded intentionally. @ https://aromawax.eu/pt/pages/wishlist?ptsource=1:0
[  528827ms] [WARNING] The resource https://aromawax.eu/cdn/fonts/figtree/figtree_n4.3c0838aba1701047e60be6a99a1b0a40ce9b8419.woff2 was preloaded using link preload but not used within a few seconds from the window's load event. Please make sure it has an appropriate `as` value and it is preloaded intentionally. @ https://aromawax.eu/pt/pages/wishlist?ptsource=1:0
[  533820ms] [WARNING] The resource https://aromawax.eu/cdn/fonts/figtree/figtree_n4.3c0838aba1701047e60be6a99a1b0a40ce9b8419.woff2 was preloaded using link preload but not used within a few seconds from the window's load event. Please make sure it has an appropriate `as` value and it is preloaded intentionally. @ https://aromawax.eu/pt/pages/wishlist?ptsource=1:0
[  538810ms] [WARNING] The resource https://aromawax.eu/cdn/fonts/figtree/figtree_n4.3c0838aba1701047e60be6a99a1b0a40ce9b8419.woff2 was preloaded using link preload but not used within a few seconds from the window's load event. Please make sure it has an appropriate `as` value and it is preloaded intentionally. @ https://aromawax.eu/pt/pages/wishlist?ptsource=1:0
[  543800ms] [WARNING] The resource https://aromawax.eu/cdn/fonts/figtree/figtree_n4.3c0838aba1701047e60be6a99a1b0a40ce9b8419.woff2 was preloaded using link preload but not used within a few seconds from the window's load event. Please make sure it has an appropriate `as` value and it is preloaded intentionally. @ https://aromawax.eu/pt/pages/wishlist?ptsource=1:0
[  548837ms] [WARNING] The resource https://aromawax.eu/cdn/fonts/figtree/figtree_n4.3c0838aba1701047e60be6a99a1b0a40ce9b8419.woff2 was preloaded using link preload but not used within a few seconds from the window's load event. Please make sure it has an appropriate `as` value and it is preloaded intentionally. @ https://aromawax.eu/pt/pages/wishlist?ptsource=1:0
[  553781ms] [WARNING] The resource https://aromawax.eu/cdn/fonts/figtree/figtree_n4.3c0838aba1701047e60be6a99a1b0a40ce9b8419.woff2 was preloaded using link preload but not used within a few seconds from the window's load event. Please make sure it has an appropriate `as` value and it is preloaded intentionally. @ https://aromawax.eu/pt/pages/wishlist?ptsource=1:0
[  558799ms] [WARNING] The resource https://aromawax.eu/cdn/fonts/figtree/figtree_n4.3c0838aba1701047e60be6a99a1b0a40ce9b8419.woff2 was preloaded using link preload but not used within a few seconds from the window's load event. Please make sure it has an appropriate `as` value and it is preloaded intentionally. @ https://aromawax.eu/pt/pages/wishlist?ptsource=1:0
[  563804ms] [WARNING] The resource https://aromawax.eu/cdn/fonts/figtree/figtree_n4.3c0838aba1701047e60be6a99a1b0a40ce9b8419.woff2 was preloaded using link preload but not used within a few seconds from the window's load event. Please make sure it has an appropriate `as` value and it is preloaded intentionally. @ https://aromawax.eu/pt/pages/wishlist?ptsource=1:0
[  568801ms] [WARNING] The resource https://aromawax.eu/cdn/fonts/figtree/figtree_n4.3c0838aba1701047e60be6a99a1b0a40ce9b8419.woff2 was preloaded using link preload but not used within a few seconds from the window's load event. Please make sure it has an appropriate `as` value and it is preloaded intentionally. @ https://aromawax.eu/pt/pages/wishlist?ptsource=1:0
[  573804ms] [WARNING] The resource https://aromawax.eu/cdn/fonts/figtree/figtree_n4.3c0838aba1701047e60be6a99a1b0a40ce9b8419.woff2 was preloaded using link preload but not used within a few seconds from the window's load event. Please make sure it has an appropriate `as` value and it is preloaded intentionally. @ https://aromawax.eu/pt/pages/wishlist?ptsource=1:0
[  578810ms] [WARNING] The resource https://aromawax.eu/cdn/fonts/figtree/figtree_n4.3c0838aba1701047e60be6a99a1b0a40ce9b8419.woff2 was preloaded using link preload but not used within a few seconds from the window's load event. Please make sure it has an appropriate `as` value and it is preloaded intentionally. @ https://aromawax.eu/pt/pages/wishlist?ptsource=1:0
[  583804ms] [WARNING] The resource https://aromawax.eu/cdn/fonts/figtree/figtree_n4.3c0838aba1701047e60be6a99a1b0a40ce9b8419.woff2 was preloaded using link preload but not used within a few seconds from the window's load event. Please make sure it has an appropriate `as` value and it is preloaded intentionally. @ https://aromawax.eu/pt/pages/wishlist?ptsource=1:0
[  588807ms] [WARNING] The resource https://aromawax.eu/cdn/fonts/figtree/figtree_n4.3c0838aba1701047e60be6a99a1b0a40ce9b8419.woff2 was preloaded using link preload but not used within a few seconds from the window's load event. Please make sure it has an appropriate `as` value and it is preloaded intentionally. @ https://aromawax.eu/pt/pages/wishlist?ptsource=1:0
[  593803ms] [WARNING] The resource https://aromawax.eu/cdn/fonts/figtree/figtree_n4.3c0838aba1701047e60be6a99a1b0a40ce9b8419.woff2 was preloaded using link preload but not used within a few seconds from the window's load event. Please make sure it has an appropriate `as` value and it is preloaded intentionally. @ https://aromawax.eu/pt/pages/wishlist?ptsource=1:0
[  598785ms] [WARNING] The resource https://aromawax.eu/cdn/fonts/figtree/figtree_n4.3c0838aba1701047e60be6a99a1b0a40ce9b8419.woff2 was preloaded using link preload but not used within a few seconds from the window's load event. Please make sure it has an appropriate `as` value and it is preloaded intentionally. @ https://aromawax.eu/pt/pages/wishlist?ptsource=1:0
[  603801ms] [WARNING] The resource https://aromawax.eu/cdn/fonts/figtree/figtree_n4.3c0838aba1701047e60be6a99a1b0a40ce9b8419.woff2 was preloaded using link preload but not used within a few seconds from the window's load event. Please make sure it has an appropriate `as` value and it is preloaded intentionally. @ https://aromawax.eu/pt/pages/wishlist?ptsource=1:0
[  608803ms] [WARNING] The resource https://aromawax.eu/cdn/fonts/figtree/figtree_n4.3c0838aba1701047e60be6a99a1b0a40ce9b8419.woff2 was preloaded using link preload but not used within a few seconds from the window's load event. Please make sure it has an appropriate `as` value and it is preloaded intentionally. @ https://aromawax.eu/pt/pages/wishlist?ptsource=1:0
[  613829ms] [WARNING] The resource https://aromawax.eu/cdn/fonts/figtree/figtree_n4.3c0838aba1701047e60be6a99a1b0a40ce9b8419.woff2 was preloaded using link preload but not used within a few seconds from the window's load event. Please make sure it has an appropriate `as` value and it is preloaded intentionally. @ https://aromawax.eu/pt/pages/wishlist?ptsource=1:0
[  618814ms] [WARNING] The resource https://aromawax.eu/cdn/fonts/figtree/figtree_n4.3c0838aba1701047e60be6a99a1b0a40ce9b8419.woff2 was preloaded using link preload but not used within a few seconds from the window's load event. Please make sure it has an appropriate `as` value and it is preloaded intentionally. @ https://aromawax.eu/pt/pages/wishlist?ptsource=1:0
[  623804ms] [WARNING] The resource https://aromawax.eu/cdn/fonts/figtree/figtree_n4.3c0838aba1701047e60be6a99a1b0a40ce9b8419.woff2 was preloaded using link preload but not used within a few seconds from the window's load event. Please make sure it has an appropriate `as` value and it is preloaded intentionally. @ https://aromawax.eu/pt/pages/wishlist?ptsource=1:0
[  628801ms] [WARNING] The resource https://aromawax.eu/cdn/fonts/figtree/figtree_n4.3c0838aba1701047e60be6a99a1b0a40ce9b8419.woff2 was preloaded using link preload but not used within a few seconds from the window's load event. Please make sure it has an appropriate `as` value and it is preloaded intentionally. @ https://aromawax.eu/pt/pages/wishlist?ptsource=1:0
[  633808ms] [WARNING] The resource https://aromawax.eu/cdn/fonts/figtree/figtree_n4.3c0838aba1701047e60be6a99a1b0a40ce9b8419.woff2 was preloaded using link preload but not used within a few seconds from the window's load event. Please make sure it has an appropriate `as` value and it is preloaded intentionally. @ https://aromawax.eu/pt/pages/wishlist?ptsource=1:0
[  638806ms] [WARNING] The resource https://aromawax.eu/cdn/fonts/figtree/figtree_n4.3c0838aba1701047e60be6a99a1b0a40ce9b8419.woff2 was preloaded using link preload but not used within a few seconds from the window's load event. Please make sure it has an appropriate `as` value and it is preloaded intentionally. @ https://aromawax.eu/pt/pages/wishlist?ptsource=1:0
[  643812ms] [WARNING] The resource https://aromawax.eu/cdn/fonts/figtree/figtree_n4.3c0838aba1701047e60be6a99a1b0a40ce9b8419.woff2 was preloaded using link preload but not used within a few seconds from the window's load event. Please make sure it has an appropriate `as` value and it is preloaded intentionally. @ https://aromawax.eu/pt/pages/wishlist?ptsource=1:0
[  648834ms] [WARNING] The resource https://aromawax.eu/cdn/fonts/figtree/figtree_n4.3c0838aba1701047e60be6a99a1b0a40ce9b8419.woff2 was preloaded using link preload but not used within a few seconds from the window's load event. Please make sure it has an appropriate `as` value and it is preloaded intentionally. @ https://aromawax.eu/pt/pages/wishlist?ptsource=1:0
[  653808ms] [WARNING] The resource https://aromawax.eu/cdn/fonts/figtree/figtree_n4.3c0838aba1701047e60be6a99a1b0a40ce9b8419.woff2 was preloaded using link preload but not used within a few seconds from the window's load event. Please make sure it has an appropriate `as` value and it is preloaded intentionally. @ https://aromawax.eu/pt/pages/wishlist?ptsource=1:0
[  658826ms] [WARNING] The resource https://aromawax.eu/cdn/fonts/figtree/figtree_n4.3c0838aba1701047e60be6a99a1b0a40ce9b8419.woff2 was preloaded using link preload but not used within a few seconds from the window's load event. Please make sure it has an appropriate `as` value and it is preloaded intentionally. @ https://aromawax.eu/pt/pages/wishlist?ptsource=1:0
[  663812ms] [WARNING] The resource https://aromawax.eu/cdn/fonts/figtree/figtree_n4.3c0838aba1701047e60be6a99a1b0a40ce9b8419.woff2 was preloaded using link preload but not used within a few seconds from the window's load event. Please make sure it has an appropriate `as` value and it is preloaded intentionally. @ https://aromawax.eu/pt/pages/wishlist?ptsource=1:0
[  668808ms] [WARNING] The resource https://aromawax.eu/cdn/fonts/figtree/figtree_n4.3c0838aba1701047e60be6a99a1b0a40ce9b8419.woff2 was preloaded using link preload but not used within a few seconds from the window's load event. Please make sure it has an appropriate `as` value and it is preloaded intentionally. @ https://aromawax.eu/pt/pages/wishlist?ptsource=1:0
[  673781ms] [WARNING] The resource https://aromawax.eu/cdn/fonts/figtree/figtree_n4.3c0838aba1701047e60be6a99a1b0a40ce9b8419.woff2 was preloaded using link preload but not used within a few seconds from the window's load event. Please make sure it has an appropriate `as` value and it is preloaded intentionally. @ https://aromawax.eu/pt/pages/wishlist?ptsource=1:0
[  678800ms] [WARNING] The resource https://aromawax.eu/cdn/fonts/figtree/figtree_n4.3c0838aba1701047e60be6a99a1b0a40ce9b8419.woff2 was preloaded using link preload but not used within a few seconds from the window's load event. Please make sure it has an appropriate `as` value and it is preloaded intentionally. @ https://aromawax.eu/pt/pages/wishlist?ptsource=1:0
[  683827ms] [WARNING] The resource https://aromawax.eu/cdn/fonts/figtree/figtree_n4.3c0838aba1701047e60be6a99a1b0a40ce9b8419.woff2 was preloaded using link preload but not used within a few seconds from the window's load event. Please make sure it has an appropriate `as` value and it is preloaded intentionally. @ https://aromawax.eu/pt/pages/wishlist?ptsource=1:0
[  688801ms] [WARNING] The resource https://aromawax.eu/cdn/fonts/figtree/figtree_n4.3c0838aba1701047e60be6a99a1b0a40ce9b8419.woff2 was preloaded using link preload but not used within a few seconds from the window's load event. Please make sure it has an appropriate `as` value and it is preloaded intentionally. @ https://aromawax.eu/pt/pages/wishlist?ptsource=1:0
[  693802ms] [WARNING] The resource https://aromawax.eu/cdn/fonts/figtree/figtree_n4.3c0838aba1701047e60be6a99a1b0a40ce9b8419.woff2 was preloaded using link preload but not used within a few seconds from the window's load event. Please make sure it has an appropriate `as` value and it is preloaded intentionally. @ https://aromawax.eu/pt/pages/wishlist?ptsource=1:0
[  698805ms] [WARNING] The resource https://aromawax.eu/cdn/fonts/figtree/figtree_n4.3c0838aba1701047e60be6a99a1b0a40ce9b8419.woff2 was preloaded using link preload but not used within a few seconds from the window's load event. Please make sure it has an appropriate `as` value and it is preloaded intentionally. @ https://aromawax.eu/pt/pages/wishlist?ptsource=1:0
[  703821ms] [WARNING] The resource https://aromawax.eu/cdn/fonts/figtree/figtree_n4.3c0838aba1701047e60be6a99a1b0a40ce9b8419.woff2 was preloaded using link preload but not used within a few seconds from the window's load event. Please make sure it has an appropriate `as` value and it is preloaded intentionally. @ https://aromawax.eu/pt/pages/wishlist?ptsource=1:0
[  708818ms] [WARNING] The resource https://aromawax.eu/cdn/fonts/figtree/figtree_n4.3c0838aba1701047e60be6a99a1b0a40ce9b8419.woff2 was preloaded using link preload but not used within a few seconds from the window's load event. Please make sure it has an appropriate `as` value and it is preloaded intentionally. @ https://aromawax.eu/pt/pages/wishlist?ptsource=1:0
[  713786ms] [WARNING] The resource https://aromawax.eu/cdn/fonts/figtree/figtree_n4.3c0838aba1701047e60be6a99a1b0a40ce9b8419.woff2 was preloaded using link preload but not used within a few seconds from the window's load event. Please make sure it has an appropriate `as` value and it is preloaded intentionally. @ https://aromawax.eu/pt/pages/wishlist?ptsource=1:0
[  718806ms] [WARNING] The resource https://aromawax.eu/cdn/fonts/figtree/figtree_n4.3c0838aba1701047e60be6a99a1b0a40ce9b8419.woff2 was preloaded using link preload but not used within a few seconds from the window's load event. Please make sure it has an appropriate `as` value and it is preloaded intentionally. @ https://aromawax.eu/pt/pages/wishlist?ptsource=1:0
[  723800ms] [WARNING] The resource https://aromawax.eu/cdn/fonts/figtree/figtree_n4.3c0838aba1701047e60be6a99a1b0a40ce9b8419.woff2 was preloaded using link preload but not used within a few seconds from the window's load event. Please make sure it has an appropriate `as` value and it is preloaded intentionally. @ https://aromawax.eu/pt/pages/wishlist?ptsource=1:0
[  728820ms] [WARNING] The resource https://aromawax.eu/cdn/fonts/figtree/figtree_n4.3c0838aba1701047e60be6a99a1b0a40ce9b8419.woff2 was preloaded using link preload but not used within a few seconds from the window's load event. Please make sure it has an appropriate `as` value and it is preloaded intentionally. @ https://aromawax.eu/pt/pages/wishlist?ptsource=1:0
[  733803ms] [WARNING] The resource https://aromawax.eu/cdn/fonts/figtree/figtree_n4.3c0838aba1701047e60be6a99a1b0a40ce9b8419.woff2 was preloaded using link preload but not used within a few seconds from the window's load event. Please make sure it has an appropriate `as` value and it is preloaded intentionally. @ https://aromawax.eu/pt/pages/wishlist?ptsource=1:0
[  738786ms] [WARNING] The resource https://aromawax.eu/cdn/fonts/figtree/figtree_n4.3c0838aba1701047e60be6a99a1b0a40ce9b8419.woff2 was preloaded using link preload but not used within a few seconds from the window's load event. Please make sure it has an appropriate `as` value and it is preloaded intentionally. @ https://aromawax.eu/pt/pages/wishlist?ptsource=1:0
[  743823ms] [WARNING] The resource https://aromawax.eu/cdn/fonts/figtree/figtree_n4.3c0838aba1701047e60be6a99a1b0a40ce9b8419.woff2 was preloaded using link preload but not used within a few seconds from the window's load event. Please make sure it has an appropriate `as` value and it is preloaded intentionally. @ https://aromawax.eu/pt/pages/wishlist?ptsource=1:0
[  748806ms] [WARNING] The resource https://aromawax.eu/cdn/fonts/figtree/figtree_n4.3c0838aba1701047e60be6a99a1b0a40ce9b8419.woff2 was preloaded using link preload but not used within a few seconds from the window's load event. Please make sure it has an appropriate `as` value and it is preloaded intentionally. @ https://aromawax.eu/pt/pages/wishlist?ptsource=1:0
[  753983ms] [WARNING] The resource https://aromawax.eu/cdn/fonts/figtree/figtree_n4.3c0838aba1701047e60be6a99a1b0a40ce9b8419.woff2 was preloaded using link preload but not used within a few seconds from the window's load event. Please make sure it has an appropriate `as` value and it is preloaded intentionally. @ https://aromawax.eu/pt/pages/wishlist?ptsource=1:0
[  758811ms] [WARNING] The resource https://aromawax.eu/cdn/fonts/figtree/figtree_n4.3c0838aba1701047e60be6a99a1b0a40ce9b8419.woff2 was preloaded using link preload but not used within a few seconds from the window's load event. Please make sure it has an appropriate `as` value and it is preloaded intentionally. @ https://aromawax.eu/pt/pages/wishlist?ptsource=1:0
[  763820ms] [WARNING] The resource https://aromawax.eu/cdn/fonts/figtree/figtree_n4.3c0838aba1701047e60be6a99a1b0a40ce9b8419.woff2 was preloaded using link preload but not used within a few seconds from the window's load event. Please make sure it has an appropriate `as` value and it is preloaded intentionally. @ https://aromawax.eu/pt/pages/wishlist?ptsource=1:0
[  768821ms] [WARNING] The resource https://aromawax.eu/cdn/fonts/figtree/figtree_n4.3c0838aba1701047e60be6a99a1b0a40ce9b8419.woff2 was preloaded using link preload but not used within a few seconds from the window's load event. Please make sure it has an appropriate `as` value and it is preloaded intentionally. @ https://aromawax.eu/pt/pages/wishlist?ptsource=1:0
[  773814ms] [WARNING] The resource https://aromawax.eu/cdn/fonts/figtree/figtree_n4.3c0838aba1701047e60be6a99a1b0a40ce9b8419.woff2 was preloaded using link preload but not used within a few seconds from the window's load event. Please make sure it has an appropriate `as` value and it is preloaded intentionally. @ https://aromawax.eu/pt/pages/wishlist?ptsource=1:0
[  778825ms] [WARNING] The resource https://aromawax.eu/cdn/fonts/figtree/figtree_n4.3c0838aba1701047e60be6a99a1b0a40ce9b8419.woff2 was preloaded using link preload but not used within a few seconds from the window's load event. Please make sure it has an appropriate `as` value and it is preloaded intentionally. @ https://aromawax.eu/pt/pages/wishlist?ptsource=1:0
[  783822ms] [WARNING] The resource https://aromawax.eu/cdn/fonts/figtree/figtree_n4.3c0838aba1701047e60be6a99a1b0a40ce9b8419.woff2 was preloaded using link preload but not used within a few seconds from the window's load event. Please make sure it has an appropriate `as` value and it is preloaded intentionally. @ https://aromawax.eu/pt/pages/wishlist?ptsource=1:0
[  788831ms] [WARNING] The resource https://aromawax.eu/cdn/fonts/figtree/figtree_n4.3c0838aba1701047e60be6a99a1b0a40ce9b8419.woff2 was preloaded using link preload but not used within a few seconds from the window's load event. Please make sure it has an appropriate `as` value and it is preloaded intentionally. @ https://aromawax.eu/pt/pages/wishlist?ptsource=1:0
[  793789ms] [WARNING] The resource https://aromawax.eu/cdn/fonts/figtree/figtree_n4.3c0838aba1701047e60be6a99a1b0a40ce9b8419.woff2 was preloaded using link preload but not used within a few seconds from the window's load event. Please make sure it has an appropriate `as` value and it is preloaded intentionally. @ https://aromawax.eu/pt/pages/wishlist?ptsource=1:0
[  798832ms] [WARNING] The resource https://aromawax.eu/cdn/fonts/figtree/figtree_n4.3c0838aba1701047e60be6a99a1b0a40ce9b8419.woff2 was preloaded using link preload but not used within a few seconds from the window's load event. Please make sure it has an appropriate `as` value and it is preloaded intentionally. @ https://aromawax.eu/pt/pages/wishlist?ptsource=1:0
[  803803ms] [WARNING] The resource https://aromawax.eu/cdn/fonts/figtree/figtree_n4.3c0838aba1701047e60be6a99a1b0a40ce9b8419.woff2 was preloaded using link preload but not used within a few seconds from the window's load event. Please make sure it has an appropriate `as` value and it is preloaded intentionally. @ https://aromawax.eu/pt/pages/wishlist?ptsource=1:0
[  808810ms] [WARNING] The resource https://aromawax.eu/cdn/fonts/figtree/figtree_n4.3c0838aba1701047e60be6a99a1b0a40ce9b8419.woff2 was preloaded using link preload but not used within a few seconds from the window's load event. Please make sure it has an appropriate `as` value and it is preloaded intentionally. @ https://aromawax.eu/pt/pages/wishlist?ptsource=1:0
[  813832ms] [WARNING] The resource https://aromawax.eu/cdn/fonts/figtree/figtree_n4.3c0838aba1701047e60be6a99a1b0a40ce9b8419.woff2 was preloaded using link preload but not used within a few seconds from the window's load event. Please make sure it has an appropriate `as` value and it is preloaded intentionally. @ https://aromawax.eu/pt/pages/wishlist?ptsource=1:0
[  818813ms] [WARNING] The resource https://aromawax.eu/cdn/fonts/figtree/figtree_n4.3c0838aba1701047e60be6a99a1b0a40ce9b8419.woff2 was preloaded using link preload but not used within a few seconds from the window's load event. Please make sure it has an appropriate `as` value and it is preloaded intentionally. @ https://aromawax.eu/pt/pages/wishlist?ptsource=1:0
[  823799ms] [WARNING] The resource https://aromawax.eu/cdn/fonts/figtree/figtree_n4.3c0838aba1701047e60be6a99a1b0a40ce9b8419.woff2 was preloaded using link preload but not used within a few seconds from the window's load event. Please make sure it has an appropriate `as` value and it is preloaded intentionally. @ https://aromawax.eu/pt/pages/wishlist?ptsource=1:0
[  828827ms] [WARNING] The resource https://aromawax.eu/cdn/fonts/figtree/figtree_n4.3c0838aba1701047e60be6a99a1b0a40ce9b8419.woff2 was preloaded using link preload but not used within a few seconds from the window's load event. Please make sure it has an appropriate `as` value and it is preloaded intentionally. @ https://aromawax.eu/pt/pages/wishlist?ptsource=1:0
[  833844ms] [WARNING] The resource https://aromawax.eu/cdn/fonts/figtree/figtree_n4.3c0838aba1701047e60be6a99a1b0a40ce9b8419.woff2 was preloaded using link preload but not used within a few seconds from the window's load event. Please make sure it has an appropriate `as` value and it is preloaded intentionally. @ https://aromawax.eu/pt/pages/wishlist?ptsource=1:0
[  838807ms] [WARNING] The resource https://aromawax.eu/cdn/fonts/figtree/figtree_n4.3c0838aba1701047e60be6a99a1b0a40ce9b8419.woff2 was preloaded using link preload but not used within a few seconds from the window's load event. Please make sure it has an appropriate `as` value and it is preloaded intentionally. @ https://aromawax.eu/pt/pages/wishlist?ptsource=1:0
[  843802ms] [WARNING] The resource https://aromawax.eu/cdn/fonts/figtree/figtree_n4.3c0838aba1701047e60be6a99a1b0a40ce9b8419.woff2 was preloaded using link preload but not used within a few seconds from the window's load event. Please make sure it has an appropriate `as` value and it is preloaded intentionally. @ https://aromawax.eu/pt/pages/wishlist?ptsource=1:0
[  848812ms] [WARNING] The resource https://aromawax.eu/cdn/fonts/figtree/figtree_n4.3c0838aba1701047e60be6a99a1b0a40ce9b8419.woff2 was preloaded using link preload but not used within a few seconds from the window's load event. Please make sure it has an appropriate `as` value and it is preloaded intentionally. @ https://aromawax.eu/pt/pages/wishlist?ptsource=1:0
[  853810ms] [WARNING] The resource https://aromawax.eu/cdn/fonts/figtree/figtree_n4.3c0838aba1701047e60be6a99a1b0a40ce9b8419.woff2 was preloaded using link preload but not used within a few seconds from the window's load event. Please make sure it has an appropriate `as` value and it is preloaded intentionally. @ https://aromawax.eu/pt/pages/wishlist?ptsource=1:0
[  858803ms] [WARNING] The resource https://aromawax.eu/cdn/fonts/figtree/figtree_n4.3c0838aba1701047e60be6a99a1b0a40ce9b8419.woff2 was preloaded using link preload but not used within a few seconds from the window's load event. Please make sure it has an appropriate `as` value and it is preloaded intentionally. @ https://aromawax.eu/pt/pages/wishlist?ptsource=1:0
[  863806ms] [WARNING] The resource https://aromawax.eu/cdn/fonts/figtree/figtree_n4.3c0838aba1701047e60be6a99a1b0a40ce9b8419.woff2 was preloaded using link preload but not used within a few seconds from the window's load event. Please make sure it has an appropriate `as` value and it is preloaded intentionally. @ https://aromawax.eu/pt/pages/wishlist?ptsource=1:0
[  868803ms] [WARNING] The resource https://aromawax.eu/cdn/fonts/figtree/figtree_n4.3c0838aba1701047e60be6a99a1b0a40ce9b8419.woff2 was preloaded using link preload but not used within a few seconds from the window's load event. Please make sure it has an appropriate `as` value and it is preloaded intentionally. @ https://aromawax.eu/pt/pages/wishlist?ptsource=1:0
[  873808ms] [WARNING] The resource https://aromawax.eu/cdn/fonts/figtree/figtree_n4.3c0838aba1701047e60be6a99a1b0a40ce9b8419.woff2 was preloaded using link preload but not used within a few seconds from the window's load event. Please make sure it has an appropriate `as` value and it is preloaded intentionally. @ https://aromawax.eu/pt/pages/wishlist?ptsource=1:0
[  878811ms] [WARNING] The resource https://aromawax.eu/cdn/fonts/figtree/figtree_n4.3c0838aba1701047e60be6a99a1b0a40ce9b8419.woff2 was preloaded using link preload but not used within a few seconds from the window's load event. Please make sure it has an appropriate `as` value and it is preloaded intentionally. @ https://aromawax.eu/pt/pages/wishlist?ptsource=1:0
[  883807ms] [WARNING] The resource https://aromawax.eu/cdn/fonts/figtree/figtree_n4.3c0838aba1701047e60be6a99a1b0a40ce9b8419.woff2 was preloaded using link preload but not used within a few seconds from the window's load event. Please make sure it has an appropriate `as` value and it is preloaded intentionally. @ https://aromawax.eu/pt/pages/wishlist?ptsource=1:0
[  888833ms] [WARNING] The resource https://aromawax.eu/cdn/fonts/figtree/figtree_n4.3c0838aba1701047e60be6a99a1b0a40ce9b8419.woff2 was preloaded using link preload but not used within a few seconds from the window's load event. Please make sure it has an appropriate `as` value and it is preloaded intentionally. @ https://aromawax.eu/pt/pages/wishlist?ptsource=1:0
[  893802ms] [WARNING] The resource https://aromawax.eu/cdn/fonts/figtree/figtree_n4.3c0838aba1701047e60be6a99a1b0a40ce9b8419.woff2 was preloaded using link preload but not used within a few seconds from the window's load event. Please make sure it has an appropriate `as` value and it is preloaded intentionally. @ https://aromawax.eu/pt/pages/wishlist?ptsource=1:0
[  898804ms] [WARNING] The resource https://aromawax.eu/cdn/fonts/figtree/figtree_n4.3c0838aba1701047e60be6a99a1b0a40ce9b8419.woff2 was preloaded using link preload but not used within a few seconds from the window's load event. Please make sure it has an appropriate `as` value and it is preloaded intentionally. @ https://aromawax.eu/pt/pages/wishlist?ptsource=1:0
[  903804ms] [WARNING] The resource https://aromawax.eu/cdn/fonts/figtree/figtree_n4.3c0838aba1701047e60be6a99a1b0a40ce9b8419.woff2 was preloaded using link preload but not used within a few seconds from the window's load event. Please make sure it has an appropriate `as` value and it is preloaded intentionally. @ https://aromawax.eu/pt/pages/wishlist?ptsource=1:0
[  908799ms] [WARNING] The resource https://aromawax.eu/cdn/fonts/figtree/figtree_n4.3c0838aba1701047e60be6a99a1b0a40ce9b8419.woff2 was preloaded using link preload but not used within a few seconds from the window's load event. Please make sure it has an appropriate `as` value and it is preloaded intentionally. @ https://aromawax.eu/pt/pages/wishlist?ptsource=1:0
[  913809ms] [WARNING] The resource https://aromawax.eu/cdn/fonts/figtree/figtree_n4.3c0838aba1701047e60be6a99a1b0a40ce9b8419.woff2 was preloaded using link preload but not used within a few seconds from the window's load event. Please make sure it has an appropriate `as` value and it is preloaded intentionally. @ https://aromawax.eu/pt/pages/wishlist?ptsource=1:0
[  918807ms] [WARNING] The resource https://aromawax.eu/cdn/fonts/figtree/figtree_n4.3c0838aba1701047e60be6a99a1b0a40ce9b8419.woff2 was preloaded using link preload but not used within a few seconds from the window's load event. Please make sure it has an appropriate `as` value and it is preloaded intentionally. @ https://aromawax.eu/pt/pages/wishlist?ptsource=1:0
[  923805ms] [WARNING] The resource https://aromawax.eu/cdn/fonts/figtree/figtree_n4.3c0838aba1701047e60be6a99a1b0a40ce9b8419.woff2 was preloaded using link preload but not used within a few seconds from the window's load event. Please make sure it has an appropriate `as` value and it is preloaded intentionally. @ https://aromawax.eu/pt/pages/wishlist?ptsource=1:0
[  928848ms] [WARNING] The resource https://aromawax.eu/cdn/fonts/figtree/figtree_n4.3c0838aba1701047e60be6a99a1b0a40ce9b8419.woff2 was preloaded using link preload but not used within a few seconds from the window's load event. Please make sure it has an appropriate `as` value and it is preloaded intentionally. @ https://aromawax.eu/pt/pages/wishlist?ptsource=1:0
[  933806ms] [WARNING] The resource https://aromawax.eu/cdn/fonts/figtree/figtree_n4.3c0838aba1701047e60be6a99a1b0a40ce9b8419.woff2 was preloaded using link preload but not used within a few seconds from the window's load event. Please make sure it has an appropriate `as` value and it is preloaded intentionally. @ https://aromawax.eu/pt/pages/wishlist?ptsource=1:0
[  938808ms] [WARNING] The resource https://aromawax.eu/cdn/fonts/figtree/figtree_n4.3c0838aba1701047e60be6a99a1b0a40ce9b8419.woff2 was preloaded using link preload but not used within a few seconds from the window's load event. Please make sure it has an appropriate `as` value and it is preloaded intentionally. @ https://aromawax.eu/pt/pages/wishlist?ptsource=1:0
[  943824ms] [WARNING] The resource https://aromawax.eu/cdn/fonts/figtree/figtree_n4.3c0838aba1701047e60be6a99a1b0a40ce9b8419.woff2 was preloaded using link preload but not used within a few seconds from the window's load event. Please make sure it has an appropriate `as` value and it is preloaded intentionally. @ https://aromawax.eu/pt/pages/wishlist?ptsource=1:0
[  948821ms] [WARNING] The resource https://aromawax.eu/cdn/fonts/figtree/figtree_n4.3c0838aba1701047e60be6a99a1b0a40ce9b8419.woff2 was preloaded using link preload but not used within a few seconds from the window's load event. Please make sure it has an appropriate `as` value and it is preloaded intentionally. @ https://aromawax.eu/pt/pages/wishlist?ptsource=1:0
[  953832ms] [WARNING] The resource https://aromawax.eu/cdn/fonts/figtree/figtree_n4.3c0838aba1701047e60be6a99a1b0a40ce9b8419.woff2 was preloaded using link preload but not used within a few seconds from the window's load event. Please make sure it has an appropriate `as` value and it is preloaded intentionally. @ https://aromawax.eu/pt/pages/wishlist?ptsource=1:0
[  958802ms] [WARNING] The resource https://aromawax.eu/cdn/fonts/figtree/figtree_n4.3c0838aba1701047e60be6a99a1b0a40ce9b8419.woff2 was preloaded using link preload but not used within a few seconds from the window's load event. Please make sure it has an appropriate `as` value and it is preloaded intentionally. @ https://aromawax.eu/pt/pages/wishlist?ptsource=1:0
[  963805ms] [WARNING] The resource https://aromawax.eu/cdn/fonts/figtree/figtree_n4.3c0838aba1701047e60be6a99a1b0a40ce9b8419.woff2 was preloaded using link preload but not used within a few seconds from the window's load event. Please make sure it has an appropriate `as` value and it is preloaded intentionally. @ https://aromawax.eu/pt/pages/wishlist?ptsource=1:0
[  968810ms] [WARNING] The resource https://aromawax.eu/cdn/fonts/figtree/figtree_n4.3c0838aba1701047e60be6a99a1b0a40ce9b8419.woff2 was preloaded using link preload but not used within a few seconds from the window's load event. Please make sure it has an appropriate `as` value and it is preloaded intentionally. @ https://aromawax.eu/pt/pages/wishlist?ptsource=1:0
[  973843ms] [WARNING] The resource https://aromawax.eu/cdn/fonts/figtree/figtree_n4.3c0838aba1701047e60be6a99a1b0a40ce9b8419.woff2 was preloaded using link preload but not used within a few seconds from the window's load event. Please make sure it has an appropriate `as` value and it is preloaded intentionally. @ https://aromawax.eu/pt/pages/wishlist?ptsource=1:0
[  978805ms] [WARNING] The resource https://aromawax.eu/cdn/fonts/figtree/figtree_n4.3c0838aba1701047e60be6a99a1b0a40ce9b8419.woff2 was preloaded using link preload but not used within a few seconds from the window's load event. Please make sure it has an appropriate `as` value and it is preloaded intentionally. @ https://aromawax.eu/pt/pages/wishlist?ptsource=1:0
[  983807ms] [WARNING] The resource https://aromawax.eu/cdn/fonts/figtree/figtree_n4.3c0838aba1701047e60be6a99a1b0a40ce9b8419.woff2 was preloaded using link preload but not used within a few seconds from the window's load event. Please make sure it has an appropriate `as` value and it is preloaded intentionally. @ https://aromawax.eu/pt/pages/wishlist?ptsource=1:0
[  988786ms] [WARNING] The resource https://aromawax.eu/cdn/fonts/figtree/figtree_n4.3c0838aba1701047e60be6a99a1b0a40ce9b8419.woff2 was preloaded using link preload but not used within a few seconds from the window's load event. Please make sure it has an appropriate `as` value and it is preloaded intentionally. @ https://aromawax.eu/pt/pages/wishlist?ptsource=1:0
[  993799ms] [WARNING] The resource https://aromawax.eu/cdn/fonts/figtree/figtree_n4.3c0838aba1701047e60be6a99a1b0a40ce9b8419.woff2 was preloaded using link preload but not used within a few seconds from the window's load event. Please make sure it has an appropriate `as` value and it is preloaded intentionally. @ https://aromawax.eu/pt/pages/wishlist?ptsource=1:0
[  998832ms] [WARNING] The resource https://aromawax.eu/cdn/fonts/figtree/figtree_n4.3c0838aba1701047e60be6a99a1b0a40ce9b8419.woff2 was preloaded using link preload but not used within a few seconds from the window's load event. Please make sure it has an appropriate `as` value and it is preloaded intentionally. @ https://aromawax.eu/pt/pages/wishlist?ptsource=1:0
[ 1003831ms] [WARNING] The resource https://aromawax.eu/cdn/fonts/figtree/figtree_n4.3c0838aba1701047e60be6a99a1b0a40ce9b8419.woff2 was preloaded using link preload but not used within a few seconds from the window's load event. Please make sure it has an appropriate `as` value and it is preloaded intentionally. @ https://aromawax.eu/pt/pages/wishlist?ptsource=1:0
[ 1008789ms] [WARNING] The resource https://aromawax.eu/cdn/fonts/figtree/figtree_n4.3c0838aba1701047e60be6a99a1b0a40ce9b8419.woff2 was preloaded using link preload but not used within a few seconds from the window's load event. Please make sure it has an appropriate `as` value and it is preloaded intentionally. @ https://aromawax.eu/pt/pages/wishlist?ptsource=1:0
[ 1013819ms] [WARNING] The resource https://aromawax.eu/cdn/fonts/figtree/figtree_n4.3c0838aba1701047e60be6a99a1b0a40ce9b8419.woff2 was preloaded using link preload but not used within a few seconds from the window's load event. Please make sure it has an appropriate `as` value and it is preloaded intentionally. @ https://aromawax.eu/pt/pages/wishlist?ptsource=1:0
[ 1018821ms] [WARNING] The resource https://aromawax.eu/cdn/fonts/figtree/figtree_n4.3c0838aba1701047e60be6a99a1b0a40ce9b8419.woff2 was preloaded using link preload but not used within a few seconds from the window's load event. Please make sure it has an appropriate `as` value and it is preloaded intentionally. @ https://aromawax.eu/pt/pages/wishlist?ptsource=1:0
[ 1023843ms] [WARNING] The resource https://aromawax.eu/cdn/fonts/figtree/figtree_n4.3c0838aba1701047e60be6a99a1b0a40ce9b8419.woff2 was preloaded using link preload but not used within a few seconds from the window's load event. Please make sure it has an appropriate `as` value and it is preloaded intentionally. @ https://aromawax.eu/pt/pages/wishlist?ptsource=1:0
[ 1028799ms] [WARNING] The resource https://aromawax.eu/cdn/fonts/figtree/figtree_n4.3c0838aba1701047e60be6a99a1b0a40ce9b8419.woff2 was preloaded using link preload but not used within a few seconds from the window's load event. Please make sure it has an appropriate `as` value and it is preloaded intentionally. @ https://aromawax.eu/pt/pages/wishlist?ptsource=1:0
[ 1033807ms] [WARNING] The resource https://aromawax.eu/cdn/fonts/figtree/figtree_n4.3c0838aba1701047e60be6a99a1b0a40ce9b8419.woff2 was preloaded using link preload but not used within a few seconds from the window's load event. Please make sure it has an appropriate `as` value and it is preloaded intentionally. @ https://aromawax.eu/pt/pages/wishlist?ptsource=1:0
[ 1038841ms] [WARNING] The resource https://aromawax.eu/cdn/fonts/figtree/figtree_n4.3c0838aba1701047e60be6a99a1b0a40ce9b8419.woff2 was preloaded using link preload but not used within a few seconds from the window's load event. Please make sure it has an appropriate `as` value and it is preloaded intentionally. @ https://aromawax.eu/pt/pages/wishlist?ptsource=1:0
[ 1043822ms] [WARNING] The resource https://aromawax.eu/cdn/fonts/figtree/figtree_n4.3c0838aba1701047e60be6a99a1b0a40ce9b8419.woff2 was preloaded using link preload but not used within a few seconds from the window's load event. Please make sure it has an appropriate `as` value and it is preloaded intentionally. @ https://aromawax.eu/pt/pages/wishlist?ptsource=1:0
[ 1048807ms] [WARNING] The resource https://aromawax.eu/cdn/fonts/figtree/figtree_n4.3c0838aba1701047e60be6a99a1b0a40ce9b8419.woff2 was preloaded using link preload but not used within a few seconds from the window's load event. Please make sure it has an appropriate `as` value and it is preloaded intentionally. @ https://aromawax.eu/pt/pages/wishlist?ptsource=1:0
[ 1053844ms] [WARNING] The resource https://aromawax.eu/cdn/fonts/figtree/figtree_n4.3c0838aba1701047e60be6a99a1b0a40ce9b8419.woff2 was preloaded using link preload but not used within a few seconds from the window's load event. Please make sure it has an appropriate `as` value and it is preloaded intentionally. @ https://aromawax.eu/pt/pages/wishlist?ptsource=1:0
[ 1058799ms] [WARNING] The resource https://aromawax.eu/cdn/fonts/figtree/figtree_n4.3c0838aba1701047e60be6a99a1b0a40ce9b8419.woff2 was preloaded using link preload but not used within a few seconds from the window's load event. Please make sure it has an appropriate `as` value and it is preloaded intentionally. @ https://aromawax.eu/pt/pages/wishlist?ptsource=1:0
[ 1063797ms] [WARNING] The resource https://aromawax.eu/cdn/fonts/figtree/figtree_n4.3c0838aba1701047e60be6a99a1b0a40ce9b8419.woff2 was preloaded using link preload but not used within a few seconds from the window's load event. Please make sure it has an appropriate `as` value and it is preloaded intentionally. @ https://aromawax.eu/pt/pages/wishlist?ptsource=1:0
