[     666ms] [WARNING] An import map rule for specifier '@app/main' was removed, as it conflicted with an existing rule. @ https://aromawax.eu/pt/pages/grossista?ptlive=1:0
[     666ms] [WARNING] Failed to decode downloaded font: https://aromawax.eu/cdn/shop/t/29/assets/AvenirLTStd-Black.eot?v=61293692641208295061771850553 @ https://aromawax.eu/pt/pages/grossista?ptlive=1:0
[     666ms] [WARNING] OTS parsing error: invalid sfntVersion: -272646794 @ https://aromawax.eu/pt/pages/grossista?ptlive=1:0
[     668ms] [WARNING] Failed to decode downloaded font: https://aromawax.eu/cdn/shop/t/29/assets/AvenirLTStd-Black.eot?v=61293692641208295061771850553 @ https://aromawax.eu/cdn/shop/t/29/assets/theme.js?v=13159901232634706651771850553:108
[     668ms] [WARNING] OTS parsing error: invalid sfntVersion: -272646794 @ https://aromawax.eu/cdn/shop/t/29/assets/theme.js?v=13159901232634706651771850553:108
[     672ms] [WARNING] Failed to decode downloaded font: https://aromawax.eu/cdn/shop/t/29/assets/AvenirLTStd-Heavy.woff2?v=100181975222566383851771850553 @ https://aromawax.eu/pt/pages/grossista?ptlive=1:0
[     672ms] [WARNING] OTS parsing error: Failed to convert WOFF 2.0 font to SFNT @ https://aromawax.eu/pt/pages/grossista?ptlive=1:0
[     672ms] [WARNING] Failed to decode downloaded font: https://aromawax.eu/cdn/shop/t/29/assets/AvenirLTStd-Heavy.woff2?v=100181975222566383851771850553 @ https://aromawax.eu/pt/pages/grossista?ptlive=1:0
[     672ms] [WARNING] OTS parsing error: Failed to convert WOFF 2.0 font to SFNT @ https://aromawax.eu/pt/pages/grossista?ptlive=1:0
[     672ms] [WARNING] Failed to decode downloaded font: https://aromawax.eu/cdn/shop/t/29/assets/AvenirLTStd-Heavy.woff?v=49196535620247681531771850553 @ https://aromawax.eu/pt/pages/grossista?ptlive=1:0
[     672ms] [WARNING] OTS parsing error: incorrect file size in WOFF header @ https://aromawax.eu/pt/pages/grossista?ptlive=1:0
[     672ms] [WARNING] Failed to decode downloaded font: https://aromawax.eu/cdn/shop/t/29/assets/AvenirLTStd-Heavy.woff?v=49196535620247681531771850553 @ https://aromawax.eu/pt/pages/grossista?ptlive=1:0
[     672ms] [WARNING] OTS parsing error: incorrect file size in WOFF header @ https://aromawax.eu/pt/pages/grossista?ptlive=1:0
[     673ms] [WARNING] Failed to decode downloaded font: https://aromawax.eu/cdn/shop/t/29/assets/AvenirLTStd-Heavy.ttf?v=161065316383412791401771850553 @ https://aromawax.eu/pt/pages/grossista?ptlive=1:0
[     673ms] [WARNING] OTS parsing error: BASE: misaligned table @ https://aromawax.eu/pt/pages/grossista?ptlive=1:0
[     673ms] [WARNING] Failed to decode downloaded font: https://aromawax.eu/cdn/shop/t/29/assets/AvenirLTStd-Heavy.ttf?v=161065316383412791401771850553 @ https://aromawax.eu/pt/pages/grossista?ptlive=1:0
[     673ms] [WARNING] OTS parsing error: BASE: misaligned table @ https://aromawax.eu/pt/pages/grossista?ptlive=1:0
[     674ms] [LOG] %cCustomer Accounts Deluxe font-size: 18px; font-weight: bold; color: #fff; background: linear-gradient(90deg, #007bff, #00c6ff); padding: 6px 12px; border-radius: 5px; text-align: center; @ webpack://customer-account-deluxe/./extensions/customer-page/assets/cad_base.js?:39
[     674ms] [LOG] 
 🔵 Seamless Shopify Integration

 🔵 Enhance Customer Experience with Custom Features

 🔵 Loyalty, Rewards, Social Login, Wishlist, Returns & Exchanges, Store Credits and Much More


 Learn more at: https://apps.shopify.com/customer-account-deluxe

 @ webpack://customer-account-deluxe/./extensions/customer-page/assets/cad_base.js?:40
[     677ms] [LOG] existingToggle null @ https://cdn.shopify.com/extensions/019d67a4-5b06-743b-9c60-09feb0784e3c/final-price-72/assets/price-display.js:1202
[     677ms] [LOG] existingToggle null @ https://cdn.shopify.com/extensions/019d67a4-5b06-743b-9c60-09feb0784e3c/final-price-72/assets/price-display.js:1202
[     700ms] [LOG] https://aromawax.eu/pt/pages/grossista?ptlive=1 @ https://aromawax.eu/pt/pages/grossista?ptlive=1:5224
[     700ms] [WARNING] Failed to decode downloaded font: https://aromawax.eu/cdn/shop/t/29/assets/AvenirLTStd-Heavy.woff2?v=100181975222566383851771850553 @ https://aromawax.eu/pt/pages/grossista?ptlive=1:0
[     700ms] [WARNING] OTS parsing error: Failed to convert WOFF 2.0 font to SFNT @ https://aromawax.eu/pt/pages/grossista?ptlive=1:0
[     700ms] [WARNING] Failed to decode downloaded font: https://aromawax.eu/cdn/shop/t/29/assets/AvenirLTStd-Heavy.woff?v=49196535620247681531771850553 @ https://aromawax.eu/pt/pages/grossista?ptlive=1:0
[     700ms] [WARNING] OTS parsing error: incorrect file size in WOFF header @ https://aromawax.eu/pt/pages/grossista?ptlive=1:0
[     700ms] [WARNING] Failed to decode downloaded font: https://aromawax.eu/cdn/shop/t/29/assets/AvenirLTStd-Heavy.ttf?v=161065316383412791401771850553 @ https://aromawax.eu/pt/pages/grossista?ptlive=1:0
[     700ms] [WARNING] OTS parsing error: BASE: misaligned table @ https://aromawax.eu/pt/pages/grossista?ptlive=1:0
[     700ms] [WARNING] Failed to decode downloaded font: https://aromawax.eu/cdn/shop/t/29/assets/AvenirLTStd-Black.eot?v=61293692641208295061771850553 @ https://aromawax.eu/pt/pages/grossista?ptlive=1:0
[     700ms] [WARNING] OTS parsing error: invalid sfntVersion: -272646794 @ https://aromawax.eu/pt/pages/grossista?ptlive=1:0
[     703ms] [LOG] https://aromawax.eu/pt/pages/grossista?ptlive=1 @ https://aromawax.eu/pt/pages/grossista?ptlive=1:5224
[     710ms] [WARNING] Failed to decode downloaded font: https://aromawax.eu/cdn/shop/t/29/assets/AvenirLTStd-Heavy.woff2?v=100181975222566383851771850553 @ https://aromawax.eu/pt/pages/grossista?ptlive=1:0
[     710ms] [WARNING] OTS parsing error: Failed to convert WOFF 2.0 font to SFNT @ https://aromawax.eu/pt/pages/grossista?ptlive=1:0
[     710ms] [WARNING] Failed to decode downloaded font: https://aromawax.eu/cdn/shop/t/29/assets/AvenirLTStd-Heavy.woff?v=49196535620247681531771850553 @ https://aromawax.eu/pt/pages/grossista?ptlive=1:0
[     710ms] [WARNING] OTS parsing error: incorrect file size in WOFF header @ https://aromawax.eu/pt/pages/grossista?ptlive=1:0
[     710ms] [WARNING] Failed to decode downloaded font: https://aromawax.eu/cdn/shop/t/29/assets/AvenirLTStd-Heavy.ttf?v=161065316383412791401771850553 @ https://aromawax.eu/pt/pages/grossista?ptlive=1:0
[     710ms] [WARNING] OTS parsing error: BASE: misaligned table @ https://aromawax.eu/pt/pages/grossista?ptlive=1:0
[     710ms] [WARNING] Failed to decode downloaded font: https://aromawax.eu/cdn/shop/t/29/assets/AvenirLTStd-Black.eot?v=61293692641208295061771850553 @ https://aromawax.eu/pt/pages/grossista?ptlive=1:0
[     710ms] [WARNING] OTS parsing error: invalid sfntVersion: -272646794 @ https://aromawax.eu/pt/pages/grossista?ptlive=1:0
[     722ms] [LOG] https://aromawax.eu/pt/pages/grossista?ptlive=1 @ https://aromawax.eu/pt/pages/grossista?ptlive=1:5224
[     734ms] [LOG] https://aromawax.eu/pt/pages/grossista?ptlive=1 @ https://aromawax.eu/pt/pages/grossista?ptlive=1:5224
[     736ms] [WARNING] Failed to decode downloaded font: https://aromawax.eu/cdn/shop/t/29/assets/AvenirLTStd-Heavy.woff2?v=100181975222566383851771850553 @ :2735
[     736ms] [WARNING] OTS parsing error: Failed to convert WOFF 2.0 font to SFNT @ :2735
[     736ms] [WARNING] Failed to decode downloaded font: https://aromawax.eu/cdn/shop/t/29/assets/AvenirLTStd-Heavy.woff?v=49196535620247681531771850553 @ :2735
[     736ms] [WARNING] OTS parsing error: incorrect file size in WOFF header @ :2735
[     736ms] [WARNING] Failed to decode downloaded font: https://aromawax.eu/cdn/shop/t/29/assets/AvenirLTStd-Heavy.ttf?v=161065316383412791401771850553 @ :2735
[     736ms] [WARNING] OTS parsing error: BASE: misaligned table @ :2735
[     736ms] [WARNING] Failed to decode downloaded font: https://aromawax.eu/cdn/shop/t/29/assets/AvenirLTStd-Black.eot?v=61293692641208295061771850553 @ :2735
[     736ms] [WARNING] OTS parsing error: invalid sfntVersion: -272646794 @ :2735
[    1083ms] [LOG] https://aromawax.eu/pt/pages/grossista?ptlive=1 @ https://aromawax.eu/pt/pages/grossista?ptlive=1:5224
[    1153ms] [ERROR] Framing 'https://shop.app/' violates the following Content Security Policy directive: "frame-ancestors 'self' https://shop.app https://admin.shopify.com". The request has been blocked.
 @ :0
[    1155ms] [ERROR] Failed to load resource: the server responded with a status of 403 () @ chrome-error://chromewebdata/:0
[    1378ms] [LOG] https://aromawax.eu/pt/pages/grossista?ptlive=1 @ https://aromawax.eu/pt/pages/grossista?ptlive=1:5224
[    1387ms] [LOG] https://aromawax.eu/pt/pages/grossista?ptlive=1 @ https://aromawax.eu/pt/pages/grossista?ptlive=1:5224
[    1397ms] [LOG] https://aromawax.eu/pt/pages/grossista?ptlive=1 @ https://aromawax.eu/pt/pages/grossista?ptlive=1:5224
[    1407ms] [LOG] https://aromawax.eu/pt/pages/grossista?ptlive=1 @ https://aromawax.eu/pt/pages/grossista?ptlive=1:5224
[    1408ms] [LOG] https://aromawax.eu/pt/pages/grossista?ptlive=1 @ https://aromawax.eu/pt/pages/grossista?ptlive=1:5224
[    1474ms] [LOG] https://aromawax.eu/pt/pages/grossista?ptlive=1 @ https://aromawax.eu/pt/pages/grossista?ptlive=1:5224
[    1603ms] [WARNING] Failed to decode downloaded font: https://aromawax.eu/cdn/shop/t/29/assets/AvenirLTStd-Heavy.woff2?v=100181975222566383851771850553 @ https://cdn.shopify.com/extensions/019d8a13-ee60-75d7-ae0f-514ac36f9789/localizing-254/assets/floating-selector.js:0
[    1603ms] [WARNING] OTS parsing error: Failed to convert WOFF 2.0 font to SFNT @ https://cdn.shopify.com/extensions/019d8a13-ee60-75d7-ae0f-514ac36f9789/localizing-254/assets/floating-selector.js:0
[    1603ms] [WARNING] Failed to decode downloaded font: https://aromawax.eu/cdn/shop/t/29/assets/AvenirLTStd-Heavy.woff?v=49196535620247681531771850553 @ https://cdn.shopify.com/extensions/019d8a13-ee60-75d7-ae0f-514ac36f9789/localizing-254/assets/floating-selector.js:0
[    1603ms] [WARNING] OTS parsing error: incorrect file size in WOFF header @ https://cdn.shopify.com/extensions/019d8a13-ee60-75d7-ae0f-514ac36f9789/localizing-254/assets/floating-selector.js:0
[    1603ms] [WARNING] Failed to decode downloaded font: https://aromawax.eu/cdn/shop/t/29/assets/AvenirLTStd-Heavy.ttf?v=161065316383412791401771850553 @ https://cdn.shopify.com/extensions/019d8a13-ee60-75d7-ae0f-514ac36f9789/localizing-254/assets/floating-selector.js:0
[    1603ms] [WARNING] OTS parsing error: BASE: misaligned table @ https://cdn.shopify.com/extensions/019d8a13-ee60-75d7-ae0f-514ac36f9789/localizing-254/assets/floating-selector.js:0
[    1603ms] [WARNING] Failed to decode downloaded font: https://aromawax.eu/cdn/shop/t/29/assets/AvenirLTStd-Black.eot?v=61293692641208295061771850553 @ https://cdn.shopify.com/extensions/019d8a13-ee60-75d7-ae0f-514ac36f9789/localizing-254/assets/floating-selector.js:0
[    1603ms] [WARNING] OTS parsing error: invalid sfntVersion: -272646794 @ https://cdn.shopify.com/extensions/019d8a13-ee60-75d7-ae0f-514ac36f9789/localizing-254/assets/floating-selector.js:0
[    1607ms] [LOG] https://aromawax.eu/pt/pages/grossista?ptlive=1 @ https://aromawax.eu/pt/pages/grossista?ptlive=1:5224
[    1621ms] [LOG] https://aromawax.eu/pt/pages/grossista?ptlive=1 @ https://aromawax.eu/pt/pages/grossista?ptlive=1:5224
[    3475ms] [LOG] Intercom whoami never became available @ :32
[    3623ms] [LOG] Intercom whoami never became available @ :32
[    4632ms] [WARNING] The resource https://aromawax.eu/cdn/fonts/figtree/figtree_n4.3c0838aba1701047e60be6a99a1b0a40ce9b8419.woff2 was preloaded using link preload but not used within a few seconds from the window's load event. Please make sure it has an appropriate `as` value and it is preloaded intentionally. @ https://aromawax.eu/pt/pages/grossista?ptlive=1:0
