[     589ms] [LOG] Sample products app is runnning... @ https://aromawax.eu/pt/cart:2930
[     589ms] [LOG] new called @ https://aromawax.eu/pt/cart:2981
[     589ms] [LOG] Selected currency is.... € @ https://aromawax.eu/pt/cart:2983
[     589ms] [LOG] %cSample Products - Try & Buy (v1.0.6) %c font-size: 2em; font-size: 2em;; color: #8d4ad2 @ https://aromawax.eu/pt/cart:3314
[     589ms] [LOG] %cVisit us -https://apps.shopify.com/sample-products font-size: 1.5em; @ https://aromawax.eu/pt/cart:3314
[     590ms] [LOG] ES shop_country @ https://aromawax.eu/pt/cart:3699
[     590ms] [LOG] ES countryCode @ https://aromawax.eu/pt/cart:3700
[     591ms] [WARNING] An import map rule for specifier '@app/main' was removed, as it conflicted with already resolved module specifiers. @ https://aromawax.eu/pt/cart:0
[     593ms] [WARNING] Failed to decode downloaded font: https://aromawax.eu/cdn/shop/t/30/assets/AvenirLTStd-Black.eot?v=61293692641208295061772533890 @ https://aromawax.eu/pt/cart:6252
[     593ms] [WARNING] OTS parsing error: invalid sfntVersion: -272646794 @ https://aromawax.eu/pt/cart:6252
[     593ms] [WARNING] Failed to decode downloaded font: https://aromawax.eu/cdn/shop/t/30/assets/AvenirLTStd-Black.eot?v=61293692641208295061772533890 @ https://aromawax.eu/pt/cart:6252
[     593ms] [WARNING] OTS parsing error: invalid sfntVersion: -272646794 @ https://aromawax.eu/pt/cart:6252
[     600ms] [WARNING] Failed to decode downloaded font: https://aromawax.eu/cdn/shop/t/30/assets/AvenirLTStd-Heavy.woff2?v=100181975222566383851772533890 @ https://aromawax.eu/pt/cart:6252
[     600ms] [WARNING] OTS parsing error: Failed to convert WOFF 2.0 font to SFNT @ https://aromawax.eu/pt/cart:6252
[     600ms] [WARNING] Failed to decode downloaded font: https://aromawax.eu/cdn/shop/t/30/assets/AvenirLTStd-Heavy.woff2?v=100181975222566383851772533890 @ https://aromawax.eu/pt/cart:6252
[     600ms] [WARNING] OTS parsing error: Failed to convert WOFF 2.0 font to SFNT @ https://aromawax.eu/pt/cart:6252
[     600ms] [WARNING] Failed to decode downloaded font: https://aromawax.eu/cdn/shop/t/30/assets/AvenirLTStd-Heavy.woff?v=49196535620247681531772533890 @ https://aromawax.eu/pt/cart:6252
[     600ms] [WARNING] OTS parsing error: incorrect file size in WOFF header @ https://aromawax.eu/pt/cart:6252
[     600ms] [WARNING] Failed to decode downloaded font: https://aromawax.eu/cdn/shop/t/30/assets/AvenirLTStd-Heavy.woff?v=49196535620247681531772533890 @ https://aromawax.eu/pt/cart:6252
[     600ms] [WARNING] OTS parsing error: incorrect file size in WOFF header @ https://aromawax.eu/pt/cart:6252
[     601ms] [WARNING] Failed to decode downloaded font: https://aromawax.eu/cdn/shop/t/30/assets/AvenirLTStd-Heavy.ttf?v=161065316383412791401772533890 @ https://aromawax.eu/pt/cart:6252
[     601ms] [WARNING] OTS parsing error: BASE: misaligned table @ https://aromawax.eu/pt/cart:6252
[     601ms] [WARNING] Failed to decode downloaded font: https://aromawax.eu/cdn/shop/t/30/assets/AvenirLTStd-Heavy.ttf?v=161065316383412791401772533890 @ https://aromawax.eu/pt/cart:6252
[     601ms] [WARNING] OTS parsing error: BASE: misaligned table @ https://aromawax.eu/pt/cart:6252
[     607ms] [INFO] [HotReload] CLI hot reload disabled - No hot reload port specified. @ https://aromawax.eu/cdn/shopifycloud/theme-hot-reload/theme-hot-reload.js:316
[     611ms] [WARNING] Failed to decode downloaded font: https://aromawax.eu/cdn/shop/t/30/assets/AvenirLTStd-Heavy.woff2?v=100181975222566383851772533890 @ https://cdn.shopify.com/shopifycloud/preview-bar/preview-bar-modules.js:0
[     611ms] [WARNING] OTS parsing error: Failed to convert WOFF 2.0 font to SFNT @ https://cdn.shopify.com/shopifycloud/preview-bar/preview-bar-modules.js:0
[     611ms] [WARNING] Failed to decode downloaded font: https://aromawax.eu/cdn/shop/t/30/assets/AvenirLTStd-Heavy.woff?v=49196535620247681531772533890 @ https://cdn.shopify.com/shopifycloud/preview-bar/preview-bar-modules.js:0
[     611ms] [WARNING] OTS parsing error: incorrect file size in WOFF header @ https://cdn.shopify.com/shopifycloud/preview-bar/preview-bar-modules.js:0
[     611ms] [WARNING] Failed to decode downloaded font: https://aromawax.eu/cdn/shop/t/30/assets/AvenirLTStd-Heavy.ttf?v=161065316383412791401772533890 @ https://cdn.shopify.com/shopifycloud/preview-bar/preview-bar-modules.js:0
[     611ms] [WARNING] OTS parsing error: BASE: misaligned table @ https://cdn.shopify.com/shopifycloud/preview-bar/preview-bar-modules.js:0
[     611ms] [WARNING] Failed to decode downloaded font: https://aromawax.eu/cdn/shop/t/30/assets/AvenirLTStd-Black.eot?v=61293692641208295061772533890 @ https://cdn.shopify.com/shopifycloud/preview-bar/preview-bar-modules.js:0
[     611ms] [WARNING] OTS parsing error: invalid sfntVersion: -272646794 @ https://cdn.shopify.com/shopifycloud/preview-bar/preview-bar-modules.js:0
[     614ms] [LOG] %cCustomer Accounts Deluxe font-size: 18px; font-weight: bold; color: #fff; background: linear-gradient(90deg, #007bff, #00c6ff); padding: 6px 12px; border-radius: 5px; text-align: center; @ webpack://customer-account-deluxe/./extensions/customer-page/assets/cad_base.js?:39
[     614ms] [LOG] 
 🔵 Seamless Shopify Integration

 🔵 Enhance Customer Experience with Custom Features

 🔵 Loyalty, Rewards, Social Login, Wishlist, Returns & Exchanges, Store Credits and Much More


 Learn more at: https://apps.shopify.com/customer-account-deluxe

 @ webpack://customer-account-deluxe/./extensions/customer-page/assets/cad_base.js?:40
[     618ms] [LOG] existingToggle null @ https://cdn.shopify.com/extensions/019d67a4-5b06-743b-9c60-09feb0784e3c/final-price-72/assets/price-display.js:1202
[     618ms] [LOG] existingToggle null @ https://cdn.shopify.com/extensions/019d67a4-5b06-743b-9c60-09feb0784e3c/final-price-72/assets/price-display.js:1202
[     632ms] [LOG] Detected country: ES @ https://aromawax.eu/pt/cart:3716
[     632ms] [LOG] Should show VAT: true @ https://aromawax.eu/pt/cart:3717
[     634ms] [WARNING] Failed to decode downloaded font: https://aromawax.eu/cdn/shop/t/30/assets/AvenirLTStd-Heavy.woff2?v=100181975222566383851772533890 @ https://aromawax.eu/pt/cart:0
[     634ms] [WARNING] OTS parsing error: Failed to convert WOFF 2.0 font to SFNT @ https://aromawax.eu/pt/cart:0
[     634ms] [WARNING] Failed to decode downloaded font: https://aromawax.eu/cdn/shop/t/30/assets/AvenirLTStd-Heavy.woff?v=49196535620247681531772533890 @ https://aromawax.eu/pt/cart:0
[     634ms] [WARNING] OTS parsing error: incorrect file size in WOFF header @ https://aromawax.eu/pt/cart:0
[     634ms] [WARNING] Failed to decode downloaded font: https://aromawax.eu/cdn/shop/t/30/assets/AvenirLTStd-Heavy.ttf?v=161065316383412791401772533890 @ https://aromawax.eu/pt/cart:0
[     634ms] [WARNING] OTS parsing error: BASE: misaligned table @ https://aromawax.eu/pt/cart:0
[     634ms] [WARNING] Failed to decode downloaded font: https://aromawax.eu/cdn/shop/t/30/assets/AvenirLTStd-Black.eot?v=61293692641208295061772533890 @ https://aromawax.eu/pt/cart:0
[     634ms] [WARNING] OTS parsing error: invalid sfntVersion: -272646794 @ https://aromawax.eu/pt/cart:0
[     655ms] [LOG] %cPrice range before conversion %c font-size: 2em; font-size: 2em;; color: #8d4ad2 [Object, Object, Object, Object, Object, Object, Object, Object, Object, Object] @ https://aromawax.eu/pt/cart:3012
[     656ms] [WARNING] Failed to decode downloaded font: https://aromawax.eu/cdn/shop/t/30/assets/AvenirLTStd-Heavy.woff2?v=100181975222566383851772533890 @ https://aromawax.eu/pt/cart:0
[     656ms] [WARNING] OTS parsing error: Failed to convert WOFF 2.0 font to SFNT @ https://aromawax.eu/pt/cart:0
[     656ms] [WARNING] Failed to decode downloaded font: https://aromawax.eu/cdn/shop/t/30/assets/AvenirLTStd-Heavy.woff?v=49196535620247681531772533890 @ https://aromawax.eu/pt/cart:0
[     656ms] [WARNING] OTS parsing error: incorrect file size in WOFF header @ https://aromawax.eu/pt/cart:0
[     656ms] [WARNING] Failed to decode downloaded font: https://aromawax.eu/cdn/shop/t/30/assets/AvenirLTStd-Heavy.ttf?v=161065316383412791401772533890 @ https://aromawax.eu/pt/cart:0
[     656ms] [WARNING] OTS parsing error: BASE: misaligned table @ https://aromawax.eu/pt/cart:0
[     656ms] [WARNING] Failed to decode downloaded font: https://aromawax.eu/cdn/shop/t/30/assets/AvenirLTStd-Black.eot?v=61293692641208295061772533890 @ https://aromawax.eu/pt/cart:0
[     656ms] [WARNING] OTS parsing error: invalid sfntVersion: -272646794 @ https://aromawax.eu/pt/cart:0
[     713ms] [WARNING] Failed to decode downloaded font: https://aromawax.eu/cdn/shop/t/30/assets/AvenirLTStd-Heavy.woff2?v=100181975222566383851772533890 @ https://ajax.googleapis.com/ajax/libs/jquery/1.9.1/jquery.min.js:2
[     714ms] [WARNING] OTS parsing error: Failed to convert WOFF 2.0 font to SFNT @ https://ajax.googleapis.com/ajax/libs/jquery/1.9.1/jquery.min.js:2
[     714ms] [WARNING] Failed to decode downloaded font: https://aromawax.eu/cdn/shop/t/30/assets/AvenirLTStd-Heavy.woff?v=49196535620247681531772533890 @ https://ajax.googleapis.com/ajax/libs/jquery/1.9.1/jquery.min.js:2
[     714ms] [WARNING] OTS parsing error: incorrect file size in WOFF header @ https://ajax.googleapis.com/ajax/libs/jquery/1.9.1/jquery.min.js:2
[     714ms] [WARNING] Failed to decode downloaded font: https://aromawax.eu/cdn/shop/t/30/assets/AvenirLTStd-Heavy.ttf?v=161065316383412791401772533890 @ https://ajax.googleapis.com/ajax/libs/jquery/1.9.1/jquery.min.js:2
[     714ms] [WARNING] OTS parsing error: BASE: misaligned table @ https://ajax.googleapis.com/ajax/libs/jquery/1.9.1/jquery.min.js:2
[     714ms] [WARNING] Failed to decode downloaded font: https://aromawax.eu/cdn/shop/t/30/assets/AvenirLTStd-Black.eot?v=61293692641208295061772533890 @ https://ajax.googleapis.com/ajax/libs/jquery/1.9.1/jquery.min.js:2
[     714ms] [WARNING] OTS parsing error: invalid sfntVersion: -272646794 @ https://ajax.googleapis.com/ajax/libs/jquery/1.9.1/jquery.min.js:2
[     838ms] [LOG] %cFirst sampleProductsOfferingssss: font-size: 1.5em; 1 @ https://aromawax.eu/pt/cart:3077
[     838ms] [LOG] %cMinimum sample amount... font-size: 1.5em; 50 @ https://aromawax.eu/pt/cart:3078
[     838ms] [LOG] %cAmount needed to unlock next sample... font-size: 1.5em; 15.10 @ https://aromawax.eu/pt/cart:3079
[     848ms] [LOG] %cPrice range after conversion %c font-size: 2em; font-size: 2em;; color: #8d4ad2 [Object, Object, Object, Object, Object, Object, Object, Object, Object, Object] @ https://aromawax.eu/pt/cart:3146
[     901ms] [WARNING] Failed to decode downloaded font: https://aromawax.eu/cdn/shop/t/30/assets/AvenirLTStd-Roman.woff2?v=151369584661543143081772533890 @ https://aromawax.eu/pt/cart:0
[     901ms] [WARNING] OTS parsing error: Size of decompressed WOFF 2.0 is less than compressed size @ https://aromawax.eu/pt/cart:0
[     901ms] [WARNING] Failed to decode downloaded font: https://aromawax.eu/cdn/shop/t/30/assets/AvenirLTStd-Roman.woff2?v=151369584661543143081772533890 @ https://aromawax.eu/pt/cart:0
[     901ms] [WARNING] OTS parsing error: Size of decompressed WOFF 2.0 is less than compressed size @ https://aromawax.eu/pt/cart:0
[     901ms] [WARNING] Failed to decode downloaded font: https://aromawax.eu/cdn/shop/t/30/assets/AvenirLTStd-Roman.woff2?v=151369584661543143081772533890 @ https://aromawax.eu/pt/cart:0
[     901ms] [WARNING] OTS parsing error: Size of decompressed WOFF 2.0 is less than compressed size @ https://aromawax.eu/pt/cart:0
[     901ms] [WARNING] Failed to decode downloaded font: https://aromawax.eu/cdn/shop/t/30/assets/AvenirLTStd-Roman.woff2?v=151369584661543143081772533890 @ https://aromawax.eu/pt/cart:0
[     901ms] [WARNING] OTS parsing error: Size of decompressed WOFF 2.0 is less than compressed size @ https://aromawax.eu/pt/cart:0
[     901ms] [WARNING] Failed to decode downloaded font: https://aromawax.eu/cdn/shop/t/30/assets/AvenirLTStd-Roman.woff2?v=151369584661543143081772533890 @ https://aromawax.eu/pt/cart:0
[     901ms] [WARNING] OTS parsing error: Size of decompressed WOFF 2.0 is less than compressed size @ https://aromawax.eu/pt/cart:0
[     901ms] [WARNING] Failed to decode downloaded font: https://aromawax.eu/cdn/shop/t/30/assets/AvenirLTStd-Roman.woff2?v=151369584661543143081772533890 @ https://aromawax.eu/pt/cart:0
[     901ms] [WARNING] OTS parsing error: Size of decompressed WOFF 2.0 is less than compressed size @ https://aromawax.eu/pt/cart:0
[     953ms] [WARNING] Failed to decode downloaded font: https://aromawax.eu/cdn/shop/t/30/assets/AvenirLTStd-Roman.woff?v=77020652039345579431772533890 @ https://aromawax.eu/pt/cart:0
[     953ms] [WARNING] OTS parsing error: incorrect file size in WOFF header @ https://aromawax.eu/pt/cart:0
[     953ms] [WARNING] Failed to decode downloaded font: https://aromawax.eu/cdn/shop/t/30/assets/AvenirLTStd-Roman.woff?v=77020652039345579431772533890 @ https://aromawax.eu/pt/cart:0
[     953ms] [WARNING] OTS parsing error: incorrect file size in WOFF header @ https://aromawax.eu/pt/cart:0
[     953ms] [WARNING] Failed to decode downloaded font: https://aromawax.eu/cdn/shop/t/30/assets/AvenirLTStd-Roman.woff?v=77020652039345579431772533890 @ https://aromawax.eu/pt/cart:0
[     953ms] [WARNING] OTS parsing error: incorrect file size in WOFF header @ https://aromawax.eu/pt/cart:0
[     953ms] [WARNING] Failed to decode downloaded font: https://aromawax.eu/cdn/shop/t/30/assets/AvenirLTStd-Roman.woff?v=77020652039345579431772533890 @ https://aromawax.eu/pt/cart:0
[     953ms] [WARNING] OTS parsing error: incorrect file size in WOFF header @ https://aromawax.eu/pt/cart:0
[     953ms] [WARNING] Failed to decode downloaded font: https://aromawax.eu/cdn/shop/t/30/assets/AvenirLTStd-Roman.woff?v=77020652039345579431772533890 @ https://aromawax.eu/pt/cart:0
[     953ms] [WARNING] OTS parsing error: incorrect file size in WOFF header @ https://aromawax.eu/pt/cart:0
[     953ms] [WARNING] Failed to decode downloaded font: https://aromawax.eu/cdn/shop/t/30/assets/AvenirLTStd-Roman.woff?v=77020652039345579431772533890 @ https://aromawax.eu/pt/cart:0
[     953ms] [WARNING] OTS parsing error: incorrect file size in WOFF header @ https://aromawax.eu/pt/cart:0
[    1020ms] [WARNING] Failed to decode downloaded font: https://aromawax.eu/cdn/shop/t/30/assets/AvenirLTStd-Roman.ttf?v=168653738910245139531772533890 @ https://aromawax.eu/pt/cart:0
[    1020ms] [WARNING] OTS parsing error: FFTM: invalid table offset @ https://aromawax.eu/pt/cart:0
[    1020ms] [WARNING] Failed to decode downloaded font: https://aromawax.eu/cdn/shop/t/30/assets/AvenirLTStd-Roman.ttf?v=168653738910245139531772533890 @ https://aromawax.eu/pt/cart:0
[    1020ms] [WARNING] OTS parsing error: FFTM: invalid table offset @ https://aromawax.eu/pt/cart:0
[    1020ms] [WARNING] Failed to decode downloaded font: https://aromawax.eu/cdn/shop/t/30/assets/AvenirLTStd-Roman.ttf?v=168653738910245139531772533890 @ https://aromawax.eu/pt/cart:0
[    1020ms] [WARNING] OTS parsing error: FFTM: invalid table offset @ https://aromawax.eu/pt/cart:0
[    1020ms] [WARNING] Failed to decode downloaded font: https://aromawax.eu/cdn/shop/t/30/assets/AvenirLTStd-Roman.ttf?v=168653738910245139531772533890 @ https://aromawax.eu/pt/cart:0
[    1020ms] [WARNING] OTS parsing error: FFTM: invalid table offset @ https://aromawax.eu/pt/cart:0
[    1020ms] [WARNING] Failed to decode downloaded font: https://aromawax.eu/cdn/shop/t/30/assets/AvenirLTStd-Roman.ttf?v=168653738910245139531772533890 @ https://aromawax.eu/pt/cart:0
[    1020ms] [WARNING] OTS parsing error: FFTM: invalid table offset @ https://aromawax.eu/pt/cart:0
[    1020ms] [WARNING] Failed to decode downloaded font: https://aromawax.eu/cdn/shop/t/30/assets/AvenirLTStd-Roman.ttf?v=168653738910245139531772533890 @ https://aromawax.eu/pt/cart:0
[    1020ms] [WARNING] OTS parsing error: FFTM: invalid table offset @ https://aromawax.eu/pt/cart:0
[    1389ms] [INFO] Clear-Site-Data header on 'https://aromawax.eu/pt/cart/update.js': Cleared data types: "prefetchCache", "prerenderCache". @ https://aromawax.eu/pt/cart:0
[    1512ms] [WARNING] Failed to decode downloaded font: https://aromawax.eu/cdn/shop/t/30/assets/AvenirLTStd-Roman.woff2?v=151369584661543143081772533890 @ https://cdn.shopify.com/extensions/019d8a13-ee60-75d7-ae0f-514ac36f9789/localizing-254/assets/floating-selector.js:0
[    1512ms] [WARNING] OTS parsing error: Size of decompressed WOFF 2.0 is less than compressed size @ https://cdn.shopify.com/extensions/019d8a13-ee60-75d7-ae0f-514ac36f9789/localizing-254/assets/floating-selector.js:0
[    1512ms] [WARNING] Failed to decode downloaded font: https://aromawax.eu/cdn/shop/t/30/assets/AvenirLTStd-Roman.woff?v=77020652039345579431772533890 @ https://cdn.shopify.com/extensions/019d8a13-ee60-75d7-ae0f-514ac36f9789/localizing-254/assets/floating-selector.js:0
[    1512ms] [WARNING] OTS parsing error: incorrect file size in WOFF header @ https://cdn.shopify.com/extensions/019d8a13-ee60-75d7-ae0f-514ac36f9789/localizing-254/assets/floating-selector.js:0
[    1512ms] [WARNING] Failed to decode downloaded font: https://aromawax.eu/cdn/shop/t/30/assets/AvenirLTStd-Roman.ttf?v=168653738910245139531772533890 @ https://cdn.shopify.com/extensions/019d8a13-ee60-75d7-ae0f-514ac36f9789/localizing-254/assets/floating-selector.js:0
[    1512ms] [WARNING] OTS parsing error: FFTM: invalid table offset @ https://cdn.shopify.com/extensions/019d8a13-ee60-75d7-ae0f-514ac36f9789/localizing-254/assets/floating-selector.js:0
[    1512ms] [WARNING] Failed to decode downloaded font: https://aromawax.eu/cdn/shop/t/30/assets/AvenirLTStd-Heavy.woff2?v=100181975222566383851772533890 @ https://cdn.shopify.com/extensions/019d8a13-ee60-75d7-ae0f-514ac36f9789/localizing-254/assets/floating-selector.js:0
[    1512ms] [WARNING] OTS parsing error: Failed to convert WOFF 2.0 font to SFNT @ https://cdn.shopify.com/extensions/019d8a13-ee60-75d7-ae0f-514ac36f9789/localizing-254/assets/floating-selector.js:0
[    1512ms] [WARNING] Failed to decode downloaded font: https://aromawax.eu/cdn/shop/t/30/assets/AvenirLTStd-Heavy.woff?v=49196535620247681531772533890 @ https://cdn.shopify.com/extensions/019d8a13-ee60-75d7-ae0f-514ac36f9789/localizing-254/assets/floating-selector.js:0
[    1512ms] [WARNING] OTS parsing error: incorrect file size in WOFF header @ https://cdn.shopify.com/extensions/019d8a13-ee60-75d7-ae0f-514ac36f9789/localizing-254/assets/floating-selector.js:0
[    1512ms] [WARNING] Failed to decode downloaded font: https://aromawax.eu/cdn/shop/t/30/assets/AvenirLTStd-Heavy.ttf?v=161065316383412791401772533890 @ https://cdn.shopify.com/extensions/019d8a13-ee60-75d7-ae0f-514ac36f9789/localizing-254/assets/floating-selector.js:0
[    1512ms] [WARNING] OTS parsing error: BASE: misaligned table @ https://cdn.shopify.com/extensions/019d8a13-ee60-75d7-ae0f-514ac36f9789/localizing-254/assets/floating-selector.js:0
[    1512ms] [WARNING] Failed to decode downloaded font: https://aromawax.eu/cdn/shop/t/30/assets/AvenirLTStd-Black.eot?v=61293692641208295061772533890 @ https://cdn.shopify.com/extensions/019d8a13-ee60-75d7-ae0f-514ac36f9789/localizing-254/assets/floating-selector.js:0
[    1512ms] [WARNING] OTS parsing error: invalid sfntVersion: -272646794 @ https://cdn.shopify.com/extensions/019d8a13-ee60-75d7-ae0f-514ac36f9789/localizing-254/assets/floating-selector.js:0
[    1552ms] [WARNING] Failed to decode downloaded font: https://aromawax.eu/cdn/shop/t/30/assets/AvenirLTStd-Roman.woff2?v=151369584661543143081772533890 @ https://aromawax.eu/pt/cart:0
[    1552ms] [WARNING] OTS parsing error: Size of decompressed WOFF 2.0 is less than compressed size @ https://aromawax.eu/pt/cart:0
[    1552ms] [WARNING] Failed to decode downloaded font: https://aromawax.eu/cdn/shop/t/30/assets/AvenirLTStd-Roman.woff?v=77020652039345579431772533890 @ https://aromawax.eu/pt/cart:0
[    1552ms] [WARNING] OTS parsing error: incorrect file size in WOFF header @ https://aromawax.eu/pt/cart:0
[    1552ms] [WARNING] Failed to decode downloaded font: https://aromawax.eu/cdn/shop/t/30/assets/AvenirLTStd-Roman.ttf?v=168653738910245139531772533890 @ https://aromawax.eu/pt/cart:0
[    1552ms] [WARNING] OTS parsing error: FFTM: invalid table offset @ https://aromawax.eu/pt/cart:0
[    1552ms] [WARNING] Failed to decode downloaded font: https://aromawax.eu/cdn/shop/t/30/assets/AvenirLTStd-Heavy.woff2?v=100181975222566383851772533890 @ https://aromawax.eu/pt/cart:0
[    1552ms] [WARNING] OTS parsing error: Failed to convert WOFF 2.0 font to SFNT @ https://aromawax.eu/pt/cart:0
[    1552ms] [WARNING] Failed to decode downloaded font: https://aromawax.eu/cdn/shop/t/30/assets/AvenirLTStd-Heavy.woff?v=49196535620247681531772533890 @ https://aromawax.eu/pt/cart:0
[    1552ms] [WARNING] OTS parsing error: incorrect file size in WOFF header @ https://aromawax.eu/pt/cart:0
[    1552ms] [WARNING] Failed to decode downloaded font: https://aromawax.eu/cdn/shop/t/30/assets/AvenirLTStd-Heavy.ttf?v=161065316383412791401772533890 @ https://aromawax.eu/pt/cart:0
[    1552ms] [WARNING] OTS parsing error: BASE: misaligned table @ https://aromawax.eu/pt/cart:0
[    1552ms] [WARNING] Failed to decode downloaded font: https://aromawax.eu/cdn/shop/t/30/assets/AvenirLTStd-Black.eot?v=61293692641208295061772533890 @ https://aromawax.eu/pt/cart:0
[    1552ms] [WARNING] OTS parsing error: invalid sfntVersion: -272646794 @ https://aromawax.eu/pt/cart:0
[    1868ms] [WARNING] Failed to decode downloaded font: https://aromawax.eu/cdn/shop/t/30/assets/AvenirLTStd-Roman.woff2?v=151369584661543143081772533890 @ https://js.intercomcdn.com/frame-modern.711a00cc.js:0
[    1868ms] [WARNING] OTS parsing error: Size of decompressed WOFF 2.0 is less than compressed size @ https://js.intercomcdn.com/frame-modern.711a00cc.js:0
[    1868ms] [WARNING] Failed to decode downloaded font: https://aromawax.eu/cdn/shop/t/30/assets/AvenirLTStd-Roman.woff?v=77020652039345579431772533890 @ https://js.intercomcdn.com/frame-modern.711a00cc.js:0
[    1868ms] [WARNING] OTS parsing error: incorrect file size in WOFF header @ https://js.intercomcdn.com/frame-modern.711a00cc.js:0
[    1868ms] [WARNING] Failed to decode downloaded font: https://aromawax.eu/cdn/shop/t/30/assets/AvenirLTStd-Roman.ttf?v=168653738910245139531772533890 @ https://js.intercomcdn.com/frame-modern.711a00cc.js:0
[    1868ms] [WARNING] OTS parsing error: FFTM: invalid table offset @ https://js.intercomcdn.com/frame-modern.711a00cc.js:0
[    1868ms] [WARNING] Failed to decode downloaded font: https://aromawax.eu/cdn/shop/t/30/assets/AvenirLTStd-Heavy.woff2?v=100181975222566383851772533890 @ https://js.intercomcdn.com/frame-modern.711a00cc.js:0
[    1868ms] [WARNING] OTS parsing error: Failed to convert WOFF 2.0 font to SFNT @ https://js.intercomcdn.com/frame-modern.711a00cc.js:0
[    1868ms] [WARNING] Failed to decode downloaded font: https://aromawax.eu/cdn/shop/t/30/assets/AvenirLTStd-Heavy.woff?v=49196535620247681531772533890 @ https://js.intercomcdn.com/frame-modern.711a00cc.js:0
[    1868ms] [WARNING] OTS parsing error: incorrect file size in WOFF header @ https://js.intercomcdn.com/frame-modern.711a00cc.js:0
[    1868ms] [WARNING] Failed to decode downloaded font: https://aromawax.eu/cdn/shop/t/30/assets/AvenirLTStd-Heavy.ttf?v=161065316383412791401772533890 @ https://js.intercomcdn.com/frame-modern.711a00cc.js:0
[    1868ms] [WARNING] OTS parsing error: BASE: misaligned table @ https://js.intercomcdn.com/frame-modern.711a00cc.js:0
[    1868ms] [WARNING] Failed to decode downloaded font: https://aromawax.eu/cdn/shop/t/30/assets/AvenirLTStd-Black.eot?v=61293692641208295061772533890 @ https://js.intercomcdn.com/frame-modern.711a00cc.js:0
[    1868ms] [WARNING] OTS parsing error: invalid sfntVersion: -272646794 @ https://js.intercomcdn.com/frame-modern.711a00cc.js:0
[    1880ms] [WARNING] Failed to decode downloaded font: https://aromawax.eu/cdn/shop/t/30/assets/AvenirLTStd-Roman.woff2?v=151369584661543143081772533890 @ https://aromawax.eu/pt/cart:0
[    1880ms] [WARNING] OTS parsing error: Size of decompressed WOFF 2.0 is less than compressed size @ https://aromawax.eu/pt/cart:0
[    1880ms] [WARNING] Failed to decode downloaded font: https://aromawax.eu/cdn/shop/t/30/assets/AvenirLTStd-Roman.woff?v=77020652039345579431772533890 @ https://aromawax.eu/pt/cart:0
[    1880ms] [WARNING] OTS parsing error: incorrect file size in WOFF header @ https://aromawax.eu/pt/cart:0
[    1880ms] [WARNING] Failed to decode downloaded font: https://aromawax.eu/cdn/shop/t/30/assets/AvenirLTStd-Roman.ttf?v=168653738910245139531772533890 @ https://aromawax.eu/pt/cart:0
[    1880ms] [WARNING] OTS parsing error: FFTM: invalid table offset @ https://aromawax.eu/pt/cart:0
[    1880ms] [WARNING] Failed to decode downloaded font: https://aromawax.eu/cdn/shop/t/30/assets/AvenirLTStd-Heavy.woff2?v=100181975222566383851772533890 @ https://aromawax.eu/pt/cart:0
[    1880ms] [WARNING] OTS parsing error: Failed to convert WOFF 2.0 font to SFNT @ https://aromawax.eu/pt/cart:0
[    1880ms] [WARNING] Failed to decode downloaded font: https://aromawax.eu/cdn/shop/t/30/assets/AvenirLTStd-Heavy.woff?v=49196535620247681531772533890 @ https://aromawax.eu/pt/cart:0
[    1880ms] [WARNING] OTS parsing error: incorrect file size in WOFF header @ https://aromawax.eu/pt/cart:0
[    1880ms] [WARNING] Failed to decode downloaded font: https://aromawax.eu/cdn/shop/t/30/assets/AvenirLTStd-Heavy.ttf?v=161065316383412791401772533890 @ https://aromawax.eu/pt/cart:0
[    1880ms] [WARNING] OTS parsing error: BASE: misaligned table @ https://aromawax.eu/pt/cart:0
[    1880ms] [WARNING] Failed to decode downloaded font: https://aromawax.eu/cdn/shop/t/30/assets/AvenirLTStd-Black.eot?v=61293692641208295061772533890 @ https://aromawax.eu/pt/cart:0
[    1880ms] [WARNING] OTS parsing error: invalid sfntVersion: -272646794 @ https://aromawax.eu/pt/cart:0
[    2062ms] [WARNING] Failed to decode downloaded font: https://aromawax.eu/cdn/shop/t/30/assets/AvenirLTStd-Roman.woff2?v=151369584661543143081772533890 @ https://aromawax.eu/pt/cart:0
[    2062ms] [WARNING] OTS parsing error: Size of decompressed WOFF 2.0 is less than compressed size @ https://aromawax.eu/pt/cart:0
[    2062ms] [WARNING] Failed to decode downloaded font: https://aromawax.eu/cdn/shop/t/30/assets/AvenirLTStd-Roman.woff?v=77020652039345579431772533890 @ https://aromawax.eu/pt/cart:0
[    2062ms] [WARNING] OTS parsing error: incorrect file size in WOFF header @ https://aromawax.eu/pt/cart:0
[    2062ms] [WARNING] Failed to decode downloaded font: https://aromawax.eu/cdn/shop/t/30/assets/AvenirLTStd-Roman.ttf?v=168653738910245139531772533890 @ https://aromawax.eu/pt/cart:0
[    2062ms] [WARNING] OTS parsing error: FFTM: invalid table offset @ https://aromawax.eu/pt/cart:0
[    2062ms] [WARNING] Failed to decode downloaded font: https://aromawax.eu/cdn/shop/t/30/assets/AvenirLTStd-Heavy.woff2?v=100181975222566383851772533890 @ https://aromawax.eu/pt/cart:0
[    2062ms] [WARNING] OTS parsing error: Failed to convert WOFF 2.0 font to SFNT @ https://aromawax.eu/pt/cart:0
[    2062ms] [WARNING] Failed to decode downloaded font: https://aromawax.eu/cdn/shop/t/30/assets/AvenirLTStd-Heavy.woff?v=49196535620247681531772533890 @ https://aromawax.eu/pt/cart:0
[    2062ms] [WARNING] OTS parsing error: incorrect file size in WOFF header @ https://aromawax.eu/pt/cart:0
[    2062ms] [WARNING] Failed to decode downloaded font: https://aromawax.eu/cdn/shop/t/30/assets/AvenirLTStd-Heavy.ttf?v=161065316383412791401772533890 @ https://aromawax.eu/pt/cart:0
[    2062ms] [WARNING] OTS parsing error: BASE: misaligned table @ https://aromawax.eu/pt/cart:0
[    2062ms] [WARNING] Failed to decode downloaded font: https://aromawax.eu/cdn/shop/t/30/assets/AvenirLTStd-Black.eot?v=61293692641208295061772533890 @ https://aromawax.eu/pt/cart:0
[    2062ms] [WARNING] OTS parsing error: invalid sfntVersion: -272646794 @ https://aromawax.eu/pt/cart:0
