[    1884ms] [WARNING] An import map rule for specifier '@app/main' was removed, as it conflicted with already resolved module specifiers. @ https://aromawax.eu/pt/collections/all-fragrance-oils?ptcheck=1776201757:0
[    1977ms] [LOG] %cCustomer Accounts Deluxe font-size: 18px; font-weight: bold; color: #fff; background: linear-gradient(90deg, #007bff, #00c6ff); padding: 6px 12px; border-radius: 5px; text-align: center; @ webpack://customer-account-deluxe/./extensions/customer-page/assets/cad_base.js?:39
[    1977ms] [LOG] 
 🔵 Seamless Shopify Integration

 🔵 Enhance Customer Experience with Custom Features

 🔵 Loyalty, Rewards, Social Login, Wishlist, Returns & Exchanges, Store Credits and Much More


 Learn more at: https://apps.shopify.com/customer-account-deluxe

 @ webpack://customer-account-deluxe/./extensions/customer-page/assets/cad_base.js?:40
[    2504ms] [WARNING] Failed to decode downloaded font: https://aromawax.eu/cdn/shop/t/29/assets/AvenirLTStd-Black.eot?v=61293692641208295061771850553 @ https://aromawax.eu/pt/collections/all-fragrance-oils?ptcheck=1776201757:0
[    2504ms] [WARNING] OTS parsing error: invalid sfntVersion: -272646794 @ https://aromawax.eu/pt/collections/all-fragrance-oils?ptcheck=1776201757:0
[    2504ms] [WARNING] Failed to decode downloaded font: https://aromawax.eu/cdn/shop/t/29/assets/AvenirLTStd-Black.eot?v=61293692641208295061771850553 @ https://aromawax.eu/pt/collections/all-fragrance-oils?ptcheck=1776201757:0
[    2504ms] [WARNING] OTS parsing error: invalid sfntVersion: -272646794 @ https://aromawax.eu/pt/collections/all-fragrance-oils?ptcheck=1776201757:0
[    2530ms] [WARNING] Failed to decode downloaded font: https://aromawax.eu/cdn/shop/t/29/assets/AvenirLTStd-Black.eot?v=61293692641208295061771850553 @ https://aromawax.eu/pt/collections/all-fragrance-oils?ptcheck=1776201757:0
[    2530ms] [WARNING] OTS parsing error: invalid sfntVersion: -272646794 @ https://aromawax.eu/pt/collections/all-fragrance-oils?ptcheck=1776201757:0
[    2559ms] [WARNING] Failed to decode downloaded font: https://aromawax.eu/cdn/shop/t/29/assets/AvenirLTStd-Heavy.woff2?v=100181975222566383851771850553 @ https://aromawax.eu/pt/collections/all-fragrance-oils?ptcheck=1776201757:0
[    2559ms] [WARNING] OTS parsing error: Failed to convert WOFF 2.0 font to SFNT @ https://aromawax.eu/pt/collections/all-fragrance-oils?ptcheck=1776201757:0
[    2559ms] [WARNING] Failed to decode downloaded font: https://aromawax.eu/cdn/shop/t/29/assets/AvenirLTStd-Heavy.woff2?v=100181975222566383851771850553 @ https://aromawax.eu/pt/collections/all-fragrance-oils?ptcheck=1776201757:0
[    2559ms] [WARNING] OTS parsing error: Failed to convert WOFF 2.0 font to SFNT @ https://aromawax.eu/pt/collections/all-fragrance-oils?ptcheck=1776201757:0
[    2559ms] [WARNING] Failed to decode downloaded font: https://aromawax.eu/cdn/shop/t/29/assets/AvenirLTStd-Heavy.woff2?v=100181975222566383851771850553 @ https://aromawax.eu/pt/collections/all-fragrance-oils?ptcheck=1776201757:0
[    2559ms] [WARNING] OTS parsing error: Failed to convert WOFF 2.0 font to SFNT @ https://aromawax.eu/pt/collections/all-fragrance-oils?ptcheck=1776201757:0
[    2593ms] [WARNING] Failed to decode downloaded font: https://aromawax.eu/cdn/shop/t/29/assets/AvenirLTStd-Heavy.woff?v=49196535620247681531771850553 @ https://aromawax.eu/pt/collections/all-fragrance-oils?ptcheck=1776201757:0
[    2593ms] [WARNING] OTS parsing error: incorrect file size in WOFF header @ https://aromawax.eu/pt/collections/all-fragrance-oils?ptcheck=1776201757:0
[    2604ms] [LOG] existingToggle null @ https://cdn.shopify.com/extensions/019d67a4-5b06-743b-9c60-09feb0784e3c/final-price-72/assets/price-display.js:1202
[    2604ms] [LOG] existingToggle null @ https://cdn.shopify.com/extensions/019d67a4-5b06-743b-9c60-09feb0784e3c/final-price-72/assets/price-display.js:1202
[    2632ms] [WARNING] Failed to decode downloaded font: https://aromawax.eu/cdn/shop/t/29/assets/AvenirLTStd-Heavy.ttf?v=161065316383412791401771850553 @ https://aromawax.eu/pt/collections/all-fragrance-oils?ptcheck=1776201757:0
[    2632ms] [WARNING] OTS parsing error: BASE: misaligned table @ https://aromawax.eu/pt/collections/all-fragrance-oils?ptcheck=1776201757:0
[    2632ms] [WARNING] Failed to decode downloaded font: https://aromawax.eu/cdn/shop/t/29/assets/AvenirLTStd-Heavy.woff2?v=100181975222566383851771850553 @ https://aromawax.eu/pt/collections/all-fragrance-oils?ptcheck=1776201757:0
[    2632ms] [WARNING] OTS parsing error: Failed to convert WOFF 2.0 font to SFNT @ https://aromawax.eu/pt/collections/all-fragrance-oils?ptcheck=1776201757:0
[    2632ms] [WARNING] Failed to decode downloaded font: https://aromawax.eu/cdn/shop/t/29/assets/AvenirLTStd-Heavy.woff?v=49196535620247681531771850553 @ https://aromawax.eu/pt/collections/all-fragrance-oils?ptcheck=1776201757:0
[    2632ms] [WARNING] OTS parsing error: incorrect file size in WOFF header @ https://aromawax.eu/pt/collections/all-fragrance-oils?ptcheck=1776201757:0
[    2632ms] [WARNING] Failed to decode downloaded font: https://aromawax.eu/cdn/shop/t/29/assets/AvenirLTStd-Heavy.ttf?v=161065316383412791401771850553 @ https://aromawax.eu/pt/collections/all-fragrance-oils?ptcheck=1776201757:0
[    2632ms] [WARNING] OTS parsing error: BASE: misaligned table @ https://aromawax.eu/pt/collections/all-fragrance-oils?ptcheck=1776201757:0
[    2632ms] [WARNING] Failed to decode downloaded font: https://aromawax.eu/cdn/shop/t/29/assets/AvenirLTStd-Black.eot?v=61293692641208295061771850553 @ https://aromawax.eu/pt/collections/all-fragrance-oils?ptcheck=1776201757:0
[    2632ms] [WARNING] OTS parsing error: invalid sfntVersion: -272646794 @ https://aromawax.eu/pt/collections/all-fragrance-oils?ptcheck=1776201757:0
[    2657ms] [WARNING] Failed to decode downloaded font: https://aromawax.eu/cdn/shop/t/29/assets/AvenirLTStd-Heavy.woff2?v=100181975222566383851771850553 @ https://aromawax.eu/pt/collections/all-fragrance-oils?ptcheck=1776201757:0
[    2657ms] [WARNING] OTS parsing error: Failed to convert WOFF 2.0 font to SFNT @ https://aromawax.eu/pt/collections/all-fragrance-oils?ptcheck=1776201757:0
[    2657ms] [WARNING] Failed to decode downloaded font: https://aromawax.eu/cdn/shop/t/29/assets/AvenirLTStd-Heavy.woff?v=49196535620247681531771850553 @ https://aromawax.eu/pt/collections/all-fragrance-oils?ptcheck=1776201757:0
[    2657ms] [WARNING] OTS parsing error: incorrect file size in WOFF header @ https://aromawax.eu/pt/collections/all-fragrance-oils?ptcheck=1776201757:0
[    2657ms] [WARNING] Failed to decode downloaded font: https://aromawax.eu/cdn/shop/t/29/assets/AvenirLTStd-Heavy.ttf?v=161065316383412791401771850553 @ https://aromawax.eu/pt/collections/all-fragrance-oils?ptcheck=1776201757:0
[    2657ms] [WARNING] OTS parsing error: BASE: misaligned table @ https://aromawax.eu/pt/collections/all-fragrance-oils?ptcheck=1776201757:0
[    2657ms] [WARNING] Failed to decode downloaded font: https://aromawax.eu/cdn/shop/t/29/assets/AvenirLTStd-Black.eot?v=61293692641208295061771850553 @ https://aromawax.eu/pt/collections/all-fragrance-oils?ptcheck=1776201757:0
[    2657ms] [WARNING] OTS parsing error: invalid sfntVersion: -272646794 @ https://aromawax.eu/pt/collections/all-fragrance-oils?ptcheck=1776201757:0
[    2712ms] [WARNING] Failed to decode downloaded font: https://aromawax.eu/cdn/shop/t/29/assets/AvenirLTStd-Heavy.woff2?v=100181975222566383851771850553 @ https://aromawax.eu/pt/collections/all-fragrance-oils?ptcheck=1776201757:0
[    2712ms] [WARNING] OTS parsing error: Failed to convert WOFF 2.0 font to SFNT @ https://aromawax.eu/pt/collections/all-fragrance-oils?ptcheck=1776201757:0
[    2712ms] [WARNING] Failed to decode downloaded font: https://aromawax.eu/cdn/shop/t/29/assets/AvenirLTStd-Heavy.woff?v=49196535620247681531771850553 @ https://aromawax.eu/pt/collections/all-fragrance-oils?ptcheck=1776201757:0
[    2712ms] [WARNING] OTS parsing error: incorrect file size in WOFF header @ https://aromawax.eu/pt/collections/all-fragrance-oils?ptcheck=1776201757:0
[    2712ms] [WARNING] Failed to decode downloaded font: https://aromawax.eu/cdn/shop/t/29/assets/AvenirLTStd-Heavy.ttf?v=161065316383412791401771850553 @ https://aromawax.eu/pt/collections/all-fragrance-oils?ptcheck=1776201757:0
[    2712ms] [WARNING] OTS parsing error: BASE: misaligned table @ https://aromawax.eu/pt/collections/all-fragrance-oils?ptcheck=1776201757:0
[    2712ms] [WARNING] Failed to decode downloaded font: https://aromawax.eu/cdn/shop/t/29/assets/AvenirLTStd-Black.eot?v=61293692641208295061771850553 @ https://aromawax.eu/pt/collections/all-fragrance-oils?ptcheck=1776201757:0
[    2712ms] [WARNING] OTS parsing error: invalid sfntVersion: -272646794 @ https://aromawax.eu/pt/collections/all-fragrance-oils?ptcheck=1776201757:0
[    3213ms] [ERROR] Framing 'https://shop.app/' violates the following Content Security Policy directive: "frame-ancestors 'self' https://shop.app https://admin.shopify.com". The request has been blocked.
 @ :0
[    3215ms] [ERROR] Failed to load resource: the server responded with a status of 403 () @ chrome-error://chromewebdata/:0
[    3679ms] [WARNING] Failed to decode downloaded font: https://aromawax.eu/cdn/shop/t/29/assets/AvenirLTStd-Roman.woff2?v=151369584661543143081771850553 @ https://aromawax.eu/pt/collections/all-fragrance-oils?ptcheck=1776201757:0
[    3679ms] [WARNING] OTS parsing error: Size of decompressed WOFF 2.0 is less than compressed size @ https://aromawax.eu/pt/collections/all-fragrance-oils?ptcheck=1776201757:0
[    3679ms] [WARNING] Failed to decode downloaded font: https://aromawax.eu/cdn/shop/t/29/assets/AvenirLTStd-Roman.woff2?v=151369584661543143081771850553 @ https://aromawax.eu/pt/collections/all-fragrance-oils?ptcheck=1776201757:0
[    3679ms] [WARNING] OTS parsing error: Size of decompressed WOFF 2.0 is less than compressed size @ https://aromawax.eu/pt/collections/all-fragrance-oils?ptcheck=1776201757:0
[    3679ms] [WARNING] Failed to decode downloaded font: https://aromawax.eu/cdn/shop/t/29/assets/AvenirLTStd-Roman.woff2?v=151369584661543143081771850553 @ https://aromawax.eu/pt/collections/all-fragrance-oils?ptcheck=1776201757:0
[    3679ms] [WARNING] OTS parsing error: Size of decompressed WOFF 2.0 is less than compressed size @ https://aromawax.eu/pt/collections/all-fragrance-oils?ptcheck=1776201757:0
[    3679ms] [WARNING] Failed to decode downloaded font: https://aromawax.eu/cdn/shop/t/29/assets/AvenirLTStd-Roman.woff2?v=151369584661543143081771850553 @ https://aromawax.eu/pt/collections/all-fragrance-oils?ptcheck=1776201757:0
[    3679ms] [WARNING] OTS parsing error: Size of decompressed WOFF 2.0 is less than compressed size @ https://aromawax.eu/pt/collections/all-fragrance-oils?ptcheck=1776201757:0
[    3705ms] [WARNING] Failed to decode downloaded font: https://aromawax.eu/cdn/shop/t/29/assets/AvenirLTStd-Roman.woff?v=77020652039345579431771850553 @ https://aromawax.eu/pt/collections/all-fragrance-oils?ptcheck=1776201757:0
[    3705ms] [WARNING] OTS parsing error: incorrect file size in WOFF header @ https://aromawax.eu/pt/collections/all-fragrance-oils?ptcheck=1776201757:0
[    3705ms] [WARNING] Failed to decode downloaded font: https://aromawax.eu/cdn/shop/t/29/assets/AvenirLTStd-Roman.woff?v=77020652039345579431771850553 @ https://aromawax.eu/pt/collections/all-fragrance-oils?ptcheck=1776201757:0
[    3705ms] [WARNING] OTS parsing error: incorrect file size in WOFF header @ https://aromawax.eu/pt/collections/all-fragrance-oils?ptcheck=1776201757:0
[    3705ms] [WARNING] Failed to decode downloaded font: https://aromawax.eu/cdn/shop/t/29/assets/AvenirLTStd-Roman.woff?v=77020652039345579431771850553 @ https://aromawax.eu/pt/collections/all-fragrance-oils?ptcheck=1776201757:0
[    3705ms] [WARNING] OTS parsing error: incorrect file size in WOFF header @ https://aromawax.eu/pt/collections/all-fragrance-oils?ptcheck=1776201757:0
[    3705ms] [WARNING] Failed to decode downloaded font: https://aromawax.eu/cdn/shop/t/29/assets/AvenirLTStd-Roman.woff?v=77020652039345579431771850553 @ https://aromawax.eu/pt/collections/all-fragrance-oils?ptcheck=1776201757:0
[    3705ms] [WARNING] OTS parsing error: incorrect file size in WOFF header @ https://aromawax.eu/pt/collections/all-fragrance-oils?ptcheck=1776201757:0
[    3741ms] [WARNING] Failed to decode downloaded font: https://aromawax.eu/cdn/shop/t/29/assets/AvenirLTStd-Roman.ttf?v=168653738910245139531771850553 @ https://aromawax.eu/pt/collections/all-fragrance-oils?ptcheck=1776201757:0
[    3741ms] [WARNING] OTS parsing error: FFTM: invalid table offset @ https://aromawax.eu/pt/collections/all-fragrance-oils?ptcheck=1776201757:0
[    3741ms] [WARNING] Failed to decode downloaded font: https://aromawax.eu/cdn/shop/t/29/assets/AvenirLTStd-Roman.ttf?v=168653738910245139531771850553 @ https://aromawax.eu/pt/collections/all-fragrance-oils?ptcheck=1776201757:0
[    3741ms] [WARNING] OTS parsing error: FFTM: invalid table offset @ https://aromawax.eu/pt/collections/all-fragrance-oils?ptcheck=1776201757:0
[    3741ms] [WARNING] Failed to decode downloaded font: https://aromawax.eu/cdn/shop/t/29/assets/AvenirLTStd-Roman.ttf?v=168653738910245139531771850553 @ https://aromawax.eu/pt/collections/all-fragrance-oils?ptcheck=1776201757:0
[    3741ms] [WARNING] OTS parsing error: FFTM: invalid table offset @ https://aromawax.eu/pt/collections/all-fragrance-oils?ptcheck=1776201757:0
[    3741ms] [WARNING] Failed to decode downloaded font: https://aromawax.eu/cdn/shop/t/29/assets/AvenirLTStd-Roman.ttf?v=168653738910245139531771850553 @ https://aromawax.eu/pt/collections/all-fragrance-oils?ptcheck=1776201757:0
[    3741ms] [WARNING] OTS parsing error: FFTM: invalid table offset @ https://aromawax.eu/pt/collections/all-fragrance-oils?ptcheck=1776201757:0
[    4394ms] [WARNING] Failed to decode downloaded font: https://aromawax.eu/cdn/shop/t/29/assets/AvenirLTStd-Roman.woff2?v=151369584661543143081771850553 @ https://cdn.shopify.com/extensions/019d8a13-ee60-75d7-ae0f-514ac36f9789/localizing-254/assets/floating-selector.js:0
[    4394ms] [WARNING] OTS parsing error: Size of decompressed WOFF 2.0 is less than compressed size @ https://cdn.shopify.com/extensions/019d8a13-ee60-75d7-ae0f-514ac36f9789/localizing-254/assets/floating-selector.js:0
[    4394ms] [WARNING] Failed to decode downloaded font: https://aromawax.eu/cdn/shop/t/29/assets/AvenirLTStd-Roman.woff?v=77020652039345579431771850553 @ https://cdn.shopify.com/extensions/019d8a13-ee60-75d7-ae0f-514ac36f9789/localizing-254/assets/floating-selector.js:0
[    4394ms] [WARNING] OTS parsing error: incorrect file size in WOFF header @ https://cdn.shopify.com/extensions/019d8a13-ee60-75d7-ae0f-514ac36f9789/localizing-254/assets/floating-selector.js:0
[    4394ms] [WARNING] Failed to decode downloaded font: https://aromawax.eu/cdn/shop/t/29/assets/AvenirLTStd-Roman.ttf?v=168653738910245139531771850553 @ https://cdn.shopify.com/extensions/019d8a13-ee60-75d7-ae0f-514ac36f9789/localizing-254/assets/floating-selector.js:0
[    4394ms] [WARNING] OTS parsing error: FFTM: invalid table offset @ https://cdn.shopify.com/extensions/019d8a13-ee60-75d7-ae0f-514ac36f9789/localizing-254/assets/floating-selector.js:0
[    4394ms] [WARNING] Failed to decode downloaded font: https://aromawax.eu/cdn/shop/t/29/assets/AvenirLTStd-Heavy.woff2?v=100181975222566383851771850553 @ https://cdn.shopify.com/extensions/019d8a13-ee60-75d7-ae0f-514ac36f9789/localizing-254/assets/floating-selector.js:0
[    4395ms] [WARNING] OTS parsing error: Failed to convert WOFF 2.0 font to SFNT @ https://cdn.shopify.com/extensions/019d8a13-ee60-75d7-ae0f-514ac36f9789/localizing-254/assets/floating-selector.js:0
[    4395ms] [WARNING] Failed to decode downloaded font: https://aromawax.eu/cdn/shop/t/29/assets/AvenirLTStd-Heavy.woff?v=49196535620247681531771850553 @ https://cdn.shopify.com/extensions/019d8a13-ee60-75d7-ae0f-514ac36f9789/localizing-254/assets/floating-selector.js:0
[    4395ms] [WARNING] OTS parsing error: incorrect file size in WOFF header @ https://cdn.shopify.com/extensions/019d8a13-ee60-75d7-ae0f-514ac36f9789/localizing-254/assets/floating-selector.js:0
[    4395ms] [WARNING] Failed to decode downloaded font: https://aromawax.eu/cdn/shop/t/29/assets/AvenirLTStd-Heavy.ttf?v=161065316383412791401771850553 @ https://cdn.shopify.com/extensions/019d8a13-ee60-75d7-ae0f-514ac36f9789/localizing-254/assets/floating-selector.js:0
[    4395ms] [WARNING] OTS parsing error: BASE: misaligned table @ https://cdn.shopify.com/extensions/019d8a13-ee60-75d7-ae0f-514ac36f9789/localizing-254/assets/floating-selector.js:0
[    4395ms] [WARNING] Failed to decode downloaded font: https://aromawax.eu/cdn/shop/t/29/assets/AvenirLTStd-Black.eot?v=61293692641208295061771850553 @ https://cdn.shopify.com/extensions/019d8a13-ee60-75d7-ae0f-514ac36f9789/localizing-254/assets/floating-selector.js:0
[    4395ms] [WARNING] OTS parsing error: invalid sfntVersion: -272646794 @ https://cdn.shopify.com/extensions/019d8a13-ee60-75d7-ae0f-514ac36f9789/localizing-254/assets/floating-selector.js:0
[    6127ms] [LOG] Intercom whoami never became available @ :32
[    6656ms] [LOG] Intercom whoami never became available @ :32
[   10855ms] [WARNING] The resource https://aromawax.eu/cdn/fonts/figtree/figtree_n4.3c0838aba1701047e60be6a99a1b0a40ce9b8419.woff2 was preloaded using link preload but not used within a few seconds from the window's load event. Please make sure it has an appropriate `as` value and it is preloaded intentionally. @ https://aromawax.eu/pt/collections/all-fragrance-oils?ptcheck=1776201757:0
