[    1339ms] [WARNING] Failed to decode downloaded font: https://aromawax.eu/cdn/shop/t/29/assets/AvenirLTStd-Black.eot?v=61293692641208295061771850553 @ https://aromawax.eu/pt/apps/deluxe/account/login:3880
[    1339ms] [WARNING] OTS parsing error: invalid sfntVersion: -272646794 @ https://aromawax.eu/pt/apps/deluxe/account/login:3880
[    1360ms] [WARNING] An import map rule for specifier '@app/main' was removed, as it conflicted with already resolved module specifiers. @ https://aromawax.eu/pt/apps/deluxe/account/login:0
[    1363ms] [WARNING] Failed to decode downloaded font: https://aromawax.eu/cdn/shop/t/29/assets/AvenirLTStd-Black.eot?v=61293692641208295061771850553 @ https://aromawax.eu/pt/apps/deluxe/account/login:5812
[    1363ms] [WARNING] OTS parsing error: invalid sfntVersion: -272646794 @ https://aromawax.eu/pt/apps/deluxe/account/login:5812
[    1389ms] [WARNING] Failed to decode downloaded font: https://aromawax.eu/cdn/shop/t/29/assets/AvenirLTStd-Heavy.woff2?v=100181975222566383851771850553 @ https://aromawax.eu/pt/apps/deluxe/account/login:0
[    1389ms] [WARNING] OTS parsing error: Failed to convert WOFF 2.0 font to SFNT @ https://aromawax.eu/pt/apps/deluxe/account/login:0
[    1389ms] [WARNING] Failed to decode downloaded font: https://aromawax.eu/cdn/shop/t/29/assets/AvenirLTStd-Heavy.woff2?v=100181975222566383851771850553 @ https://aromawax.eu/pt/apps/deluxe/account/login:0
[    1389ms] [WARNING] OTS parsing error: Failed to convert WOFF 2.0 font to SFNT @ https://aromawax.eu/pt/apps/deluxe/account/login:0
[    1396ms] [LOG] %cCustomer Accounts Deluxe font-size: 18px; font-weight: bold; color: #fff; background: linear-gradient(90deg, #007bff, #00c6ff); padding: 6px 12px; border-radius: 5px; text-align: center; @ webpack://customer-account-deluxe/./extensions/customer-page/assets/cad_base.js?:39
[    1396ms] [LOG] 
 🔵 Seamless Shopify Integration

 🔵 Enhance Customer Experience with Custom Features

 🔵 Loyalty, Rewards, Social Login, Wishlist, Returns & Exchanges, Store Credits and Much More


 Learn more at: https://apps.shopify.com/customer-account-deluxe

 @ webpack://customer-account-deluxe/./extensions/customer-page/assets/cad_base.js?:40
[    1415ms] [WARNING] Failed to decode downloaded font: https://aromawax.eu/cdn/shop/t/29/assets/AvenirLTStd-Heavy.woff2?v=100181975222566383851771850553 @ https://aromawax.eu/pt/apps/deluxe/account/login:0
[    1415ms] [WARNING] OTS parsing error: Failed to convert WOFF 2.0 font to SFNT @ https://aromawax.eu/pt/apps/deluxe/account/login:0
[    1415ms] [WARNING] Failed to decode downloaded font: https://aromawax.eu/cdn/shop/t/29/assets/AvenirLTStd-Black.eot?v=61293692641208295061771850553 @ https://aromawax.eu/pt/apps/deluxe/account/login:0
[    1415ms] [WARNING] OTS parsing error: invalid sfntVersion: -272646794 @ https://aromawax.eu/pt/apps/deluxe/account/login:0
[    1427ms] [WARNING] Failed to decode downloaded font: https://aromawax.eu/cdn/shop/t/29/assets/AvenirLTStd-Heavy.woff?v=49196535620247681531771850553 @ https://aromawax.eu/pt/apps/deluxe/account/login:0
[    1427ms] [WARNING] OTS parsing error: incorrect file size in WOFF header @ https://aromawax.eu/pt/apps/deluxe/account/login:0
[    1427ms] [WARNING] Failed to decode downloaded font: https://aromawax.eu/cdn/shop/t/29/assets/AvenirLTStd-Heavy.woff?v=49196535620247681531771850553 @ https://aromawax.eu/pt/apps/deluxe/account/login:0
[    1427ms] [WARNING] OTS parsing error: incorrect file size in WOFF header @ https://aromawax.eu/pt/apps/deluxe/account/login:0
[    1427ms] [WARNING] Failed to decode downloaded font: https://aromawax.eu/cdn/shop/t/29/assets/AvenirLTStd-Heavy.woff?v=49196535620247681531771850553 @ https://aromawax.eu/pt/apps/deluxe/account/login:0
[    1427ms] [WARNING] OTS parsing error: incorrect file size in WOFF header @ https://aromawax.eu/pt/apps/deluxe/account/login:0
[    1443ms] [WARNING] Failed to decode downloaded font: https://aromawax.eu/cdn/shop/t/29/assets/AvenirLTStd-Heavy.woff2?v=100181975222566383851771850553 @ https://aromawax.eu/pt/apps/deluxe/account/login:0
[    1443ms] [WARNING] OTS parsing error: Failed to convert WOFF 2.0 font to SFNT @ https://aromawax.eu/pt/apps/deluxe/account/login:0
[    1443ms] [WARNING] Failed to decode downloaded font: https://aromawax.eu/cdn/shop/t/29/assets/AvenirLTStd-Heavy.woff?v=49196535620247681531771850553 @ https://aromawax.eu/pt/apps/deluxe/account/login:0
[    1443ms] [WARNING] OTS parsing error: incorrect file size in WOFF header @ https://aromawax.eu/pt/apps/deluxe/account/login:0
[    1443ms] [WARNING] Failed to decode downloaded font: https://aromawax.eu/cdn/shop/t/29/assets/AvenirLTStd-Black.eot?v=61293692641208295061771850553 @ https://aromawax.eu/pt/apps/deluxe/account/login:0
[    1443ms] [WARNING] OTS parsing error: invalid sfntVersion: -272646794 @ https://aromawax.eu/pt/apps/deluxe/account/login:0
[    1459ms] [WARNING] Failed to decode downloaded font: https://aromawax.eu/cdn/shop/t/29/assets/AvenirLTStd-Heavy.woff2?v=100181975222566383851771850553 @ https://aromawax.eu/pt/apps/deluxe/account/login:0
[    1459ms] [WARNING] OTS parsing error: Failed to convert WOFF 2.0 font to SFNT @ https://aromawax.eu/pt/apps/deluxe/account/login:0
[    1459ms] [WARNING] Failed to decode downloaded font: https://aromawax.eu/cdn/shop/t/29/assets/AvenirLTStd-Heavy.woff?v=49196535620247681531771850553 @ https://aromawax.eu/pt/apps/deluxe/account/login:0
[    1459ms] [WARNING] OTS parsing error: incorrect file size in WOFF header @ https://aromawax.eu/pt/apps/deluxe/account/login:0
[    1459ms] [WARNING] Failed to decode downloaded font: https://aromawax.eu/cdn/shop/t/29/assets/AvenirLTStd-Black.eot?v=61293692641208295061771850553 @ https://aromawax.eu/pt/apps/deluxe/account/login:0
[    1459ms] [WARNING] OTS parsing error: invalid sfntVersion: -272646794 @ https://aromawax.eu/pt/apps/deluxe/account/login:0
[    1468ms] [WARNING] Failed to decode downloaded font: https://aromawax.eu/cdn/shop/t/29/assets/AvenirLTStd-Heavy.ttf?v=161065316383412791401771850553 @ https://aromawax.eu/pt/apps/deluxe/account/login:0
[    1468ms] [WARNING] OTS parsing error: BASE: misaligned table @ https://aromawax.eu/pt/apps/deluxe/account/login:0
[    1468ms] [WARNING] Failed to decode downloaded font: https://aromawax.eu/cdn/shop/t/29/assets/AvenirLTStd-Heavy.ttf?v=161065316383412791401771850553 @ https://aromawax.eu/pt/apps/deluxe/account/login:0
[    1468ms] [WARNING] OTS parsing error: BASE: misaligned table @ https://aromawax.eu/pt/apps/deluxe/account/login:0
[    1468ms] [WARNING] Failed to decode downloaded font: https://aromawax.eu/cdn/shop/t/29/assets/AvenirLTStd-Heavy.ttf?v=161065316383412791401771850553 @ https://aromawax.eu/pt/apps/deluxe/account/login:0
[    1468ms] [WARNING] OTS parsing error: BASE: misaligned table @ https://aromawax.eu/pt/apps/deluxe/account/login:0
[    1468ms] [WARNING] Failed to decode downloaded font: https://aromawax.eu/cdn/shop/t/29/assets/AvenirLTStd-Heavy.ttf?v=161065316383412791401771850553 @ https://aromawax.eu/pt/apps/deluxe/account/login:0
[    1468ms] [WARNING] OTS parsing error: BASE: misaligned table @ https://aromawax.eu/pt/apps/deluxe/account/login:0
[    1468ms] [WARNING] Failed to decode downloaded font: https://aromawax.eu/cdn/shop/t/29/assets/AvenirLTStd-Heavy.ttf?v=161065316383412791401771850553 @ https://aromawax.eu/pt/apps/deluxe/account/login:0
[    1468ms] [WARNING] OTS parsing error: BASE: misaligned table @ https://aromawax.eu/pt/apps/deluxe/account/login:0
[    1650ms] [LOG] existingToggle null @ https://cdn.shopify.com/extensions/019d67a4-5b06-743b-9c60-09feb0784e3c/final-price-72/assets/price-display.js:1202
[    1650ms] [LOG] existingToggle null @ https://cdn.shopify.com/extensions/019d67a4-5b06-743b-9c60-09feb0784e3c/final-price-72/assets/price-display.js:1202
[    1923ms] [WARNING] Failed to decode downloaded font: https://aromawax.eu/cdn/shop/t/29/assets/AvenirLTStd-Heavy.woff2?v=100181975222566383851771850553 @ https://aromawax.eu/pt/apps/deluxe/account/login:0
[    1923ms] [WARNING] OTS parsing error: Failed to convert WOFF 2.0 font to SFNT @ https://aromawax.eu/pt/apps/deluxe/account/login:0
[    1923ms] [WARNING] Failed to decode downloaded font: https://aromawax.eu/cdn/shop/t/29/assets/AvenirLTStd-Heavy.woff?v=49196535620247681531771850553 @ https://aromawax.eu/pt/apps/deluxe/account/login:0
[    1923ms] [WARNING] OTS parsing error: incorrect file size in WOFF header @ https://aromawax.eu/pt/apps/deluxe/account/login:0
[    1923ms] [WARNING] Failed to decode downloaded font: https://aromawax.eu/cdn/shop/t/29/assets/AvenirLTStd-Heavy.ttf?v=161065316383412791401771850553 @ https://aromawax.eu/pt/apps/deluxe/account/login:0
[    1923ms] [WARNING] OTS parsing error: BASE: misaligned table @ https://aromawax.eu/pt/apps/deluxe/account/login:0
[    1923ms] [WARNING] Failed to decode downloaded font: https://aromawax.eu/cdn/shop/t/29/assets/AvenirLTStd-Black.eot?v=61293692641208295061771850553 @ https://aromawax.eu/pt/apps/deluxe/account/login:0
[    1923ms] [WARNING] OTS parsing error: invalid sfntVersion: -272646794 @ https://aromawax.eu/pt/apps/deluxe/account/login:0
[    1950ms] [WARNING] Failed to decode downloaded font: https://aromawax.eu/cdn/shop/t/29/assets/AvenirLTStd-Heavy.woff2?v=100181975222566383851771850553 @ https://aromawax.eu/pt/apps/deluxe/account/login:0
[    1950ms] [WARNING] OTS parsing error: Failed to convert WOFF 2.0 font to SFNT @ https://aromawax.eu/pt/apps/deluxe/account/login:0
[    1950ms] [WARNING] Failed to decode downloaded font: https://aromawax.eu/cdn/shop/t/29/assets/AvenirLTStd-Heavy.woff?v=49196535620247681531771850553 @ https://aromawax.eu/pt/apps/deluxe/account/login:0
[    1950ms] [WARNING] OTS parsing error: incorrect file size in WOFF header @ https://aromawax.eu/pt/apps/deluxe/account/login:0
[    1950ms] [WARNING] Failed to decode downloaded font: https://aromawax.eu/cdn/shop/t/29/assets/AvenirLTStd-Heavy.ttf?v=161065316383412791401771850553 @ https://aromawax.eu/pt/apps/deluxe/account/login:0
[    1950ms] [WARNING] OTS parsing error: BASE: misaligned table @ https://aromawax.eu/pt/apps/deluxe/account/login:0
[    1950ms] [WARNING] Failed to decode downloaded font: https://aromawax.eu/cdn/shop/t/29/assets/AvenirLTStd-Black.eot?v=61293692641208295061771850553 @ https://aromawax.eu/pt/apps/deluxe/account/login:0
[    1950ms] [WARNING] OTS parsing error: invalid sfntVersion: -272646794 @ https://aromawax.eu/pt/apps/deluxe/account/login:0
[    1973ms] [VERBOSE] [DOM] Password field is not contained in a form: (More info: https://goo.gl/9p2vKq) %o @ https://aromawax.eu/pt/apps/deluxe/account/login:0
[    1973ms] [VERBOSE] [DOM] Password field is not contained in a form: (More info: https://goo.gl/9p2vKq) %o @ https://aromawax.eu/pt/apps/deluxe/account/login:0
[    1986ms] [WARNING] Failed to decode downloaded font: https://aromawax.eu/cdn/shop/t/29/assets/AvenirLTStd-Light.woff2?v=43772020359006265441771850553 @ https://aromawax.eu/pt/apps/deluxe/account/login:0
[    1986ms] [WARNING] OTS parsing error: Size of decompressed WOFF 2.0 is less than compressed size @ https://aromawax.eu/pt/apps/deluxe/account/login:0
[    1986ms] [WARNING] Failed to decode downloaded font: https://aromawax.eu/cdn/shop/t/29/assets/AvenirLTStd-Light.woff2?v=43772020359006265441771850553 @ https://aromawax.eu/pt/apps/deluxe/account/login:0
[    1986ms] [WARNING] OTS parsing error: Size of decompressed WOFF 2.0 is less than compressed size @ https://aromawax.eu/pt/apps/deluxe/account/login:0
[    1986ms] [WARNING] Failed to decode downloaded font: https://aromawax.eu/cdn/shop/t/29/assets/AvenirLTStd-Light.woff2?v=43772020359006265441771850553 @ https://aromawax.eu/pt/apps/deluxe/account/login:0
[    1986ms] [WARNING] OTS parsing error: Size of decompressed WOFF 2.0 is less than compressed size @ https://aromawax.eu/pt/apps/deluxe/account/login:0
[    1986ms] [WARNING] Failed to decode downloaded font: https://aromawax.eu/cdn/shop/t/29/assets/AvenirLTStd-Light.woff2?v=43772020359006265441771850553 @ https://aromawax.eu/pt/apps/deluxe/account/login:0
[    1986ms] [WARNING] OTS parsing error: Size of decompressed WOFF 2.0 is less than compressed size @ https://aromawax.eu/pt/apps/deluxe/account/login:0
[    1986ms] [WARNING] Failed to decode downloaded font: https://aromawax.eu/cdn/shop/t/29/assets/AvenirLTStd-Light.woff2?v=43772020359006265441771850553 @ https://aromawax.eu/pt/apps/deluxe/account/login:0
[    1986ms] [WARNING] OTS parsing error: Size of decompressed WOFF 2.0 is less than compressed size @ https://aromawax.eu/pt/apps/deluxe/account/login:0
[    1986ms] [WARNING] Failed to decode downloaded font: https://aromawax.eu/cdn/shop/t/29/assets/AvenirLTStd-Light.woff2?v=43772020359006265441771850553 @ https://aromawax.eu/pt/apps/deluxe/account/login:0
[    1986ms] [WARNING] OTS parsing error: Size of decompressed WOFF 2.0 is less than compressed size @ https://aromawax.eu/pt/apps/deluxe/account/login:0
[    1986ms] [WARNING] Failed to decode downloaded font: https://aromawax.eu/cdn/shop/t/29/assets/AvenirLTStd-Light.woff2?v=43772020359006265441771850553 @ https://aromawax.eu/pt/apps/deluxe/account/login:0
[    1986ms] [WARNING] OTS parsing error: Size of decompressed WOFF 2.0 is less than compressed size @ https://aromawax.eu/pt/apps/deluxe/account/login:0
[    2021ms] [WARNING] Failed to decode downloaded font: https://aromawax.eu/cdn/shop/t/29/assets/AvenirLTStd-Light.woff?v=179682611730471883761771850553 @ https://aromawax.eu/pt/apps/deluxe/account/login:0
[    2021ms] [WARNING] OTS parsing error: incorrect file size in WOFF header @ https://aromawax.eu/pt/apps/deluxe/account/login:0
[    2021ms] [WARNING] Failed to decode downloaded font: https://aromawax.eu/cdn/shop/t/29/assets/AvenirLTStd-Light.woff?v=179682611730471883761771850553 @ https://aromawax.eu/pt/apps/deluxe/account/login:0
[    2021ms] [WARNING] OTS parsing error: incorrect file size in WOFF header @ https://aromawax.eu/pt/apps/deluxe/account/login:0
[    2021ms] [WARNING] Failed to decode downloaded font: https://aromawax.eu/cdn/shop/t/29/assets/AvenirLTStd-Light.woff?v=179682611730471883761771850553 @ https://aromawax.eu/pt/apps/deluxe/account/login:0
[    2021ms] [WARNING] OTS parsing error: incorrect file size in WOFF header @ https://aromawax.eu/pt/apps/deluxe/account/login:0
[    2021ms] [WARNING] Failed to decode downloaded font: https://aromawax.eu/cdn/shop/t/29/assets/AvenirLTStd-Light.woff?v=179682611730471883761771850553 @ https://aromawax.eu/pt/apps/deluxe/account/login:0
[    2021ms] [WARNING] OTS parsing error: incorrect file size in WOFF header @ https://aromawax.eu/pt/apps/deluxe/account/login:0
[    2021ms] [WARNING] Failed to decode downloaded font: https://aromawax.eu/cdn/shop/t/29/assets/AvenirLTStd-Light.woff?v=179682611730471883761771850553 @ https://aromawax.eu/pt/apps/deluxe/account/login:0
[    2021ms] [WARNING] OTS parsing error: incorrect file size in WOFF header @ https://aromawax.eu/pt/apps/deluxe/account/login:0
[    2021ms] [WARNING] Failed to decode downloaded font: https://aromawax.eu/cdn/shop/t/29/assets/AvenirLTStd-Light.woff?v=179682611730471883761771850553 @ https://aromawax.eu/pt/apps/deluxe/account/login:0
[    2021ms] [WARNING] OTS parsing error: incorrect file size in WOFF header @ https://aromawax.eu/pt/apps/deluxe/account/login:0
[    2021ms] [WARNING] Failed to decode downloaded font: https://aromawax.eu/cdn/shop/t/29/assets/AvenirLTStd-Light.woff?v=179682611730471883761771850553 @ https://aromawax.eu/pt/apps/deluxe/account/login:0
[    2021ms] [WARNING] OTS parsing error: incorrect file size in WOFF header @ https://aromawax.eu/pt/apps/deluxe/account/login:0
[    2032ms] [WARNING] Failed to decode downloaded font: https://aromawax.eu/cdn/shop/t/29/assets/AvenirLTStd-Light.woff2?v=43772020359006265441771850553 @ https://aromawax.eu/pt/apps/deluxe/account/login:0
[    2032ms] [WARNING] OTS parsing error: Size of decompressed WOFF 2.0 is less than compressed size @ https://aromawax.eu/pt/apps/deluxe/account/login:0
[    2032ms] [WARNING] Failed to decode downloaded font: https://aromawax.eu/cdn/shop/t/29/assets/AvenirLTStd-Light.woff?v=179682611730471883761771850553 @ https://aromawax.eu/pt/apps/deluxe/account/login:0
[    2032ms] [WARNING] OTS parsing error: incorrect file size in WOFF header @ https://aromawax.eu/pt/apps/deluxe/account/login:0
[    2032ms] [WARNING] Failed to decode downloaded font: https://aromawax.eu/cdn/shop/t/29/assets/AvenirLTStd-Heavy.woff2?v=100181975222566383851771850553 @ https://aromawax.eu/pt/apps/deluxe/account/login:0
[    2032ms] [WARNING] OTS parsing error: Failed to convert WOFF 2.0 font to SFNT @ https://aromawax.eu/pt/apps/deluxe/account/login:0
[    2032ms] [WARNING] Failed to decode downloaded font: https://aromawax.eu/cdn/shop/t/29/assets/AvenirLTStd-Heavy.woff?v=49196535620247681531771850553 @ https://aromawax.eu/pt/apps/deluxe/account/login:0
[    2032ms] [WARNING] OTS parsing error: incorrect file size in WOFF header @ https://aromawax.eu/pt/apps/deluxe/account/login:0
[    2032ms] [WARNING] Failed to decode downloaded font: https://aromawax.eu/cdn/shop/t/29/assets/AvenirLTStd-Heavy.ttf?v=161065316383412791401771850553 @ https://aromawax.eu/pt/apps/deluxe/account/login:0
[    2032ms] [WARNING] OTS parsing error: BASE: misaligned table @ https://aromawax.eu/pt/apps/deluxe/account/login:0
[    2032ms] [WARNING] Failed to decode downloaded font: https://aromawax.eu/cdn/shop/t/29/assets/AvenirLTStd-Black.eot?v=61293692641208295061771850553 @ https://aromawax.eu/pt/apps/deluxe/account/login:0
[    2032ms] [WARNING] OTS parsing error: invalid sfntVersion: -272646794 @ https://aromawax.eu/pt/apps/deluxe/account/login:0
[    2034ms] [WARNING] Failed to decode downloaded font: https://aromawax.eu/cdn/shop/t/29/assets/AvenirLTStd-Light.woff2?v=43772020359006265441771850553 @ https://aromawax.eu/pt/apps/deluxe/account/login:0
[    2034ms] [WARNING] OTS parsing error: Size of decompressed WOFF 2.0 is less than compressed size @ https://aromawax.eu/pt/apps/deluxe/account/login:0
[    2034ms] [WARNING] Failed to decode downloaded font: https://aromawax.eu/cdn/shop/t/29/assets/AvenirLTStd-Light.woff?v=179682611730471883761771850553 @ https://aromawax.eu/pt/apps/deluxe/account/login:0
[    2034ms] [WARNING] OTS parsing error: incorrect file size in WOFF header @ https://aromawax.eu/pt/apps/deluxe/account/login:0
[    2034ms] [WARNING] Failed to decode downloaded font: https://aromawax.eu/cdn/shop/t/29/assets/AvenirLTStd-Heavy.woff2?v=100181975222566383851771850553 @ https://aromawax.eu/pt/apps/deluxe/account/login:0
[    2034ms] [WARNING] OTS parsing error: Failed to convert WOFF 2.0 font to SFNT @ https://aromawax.eu/pt/apps/deluxe/account/login:0
[    2034ms] [WARNING] Failed to decode downloaded font: https://aromawax.eu/cdn/shop/t/29/assets/AvenirLTStd-Heavy.woff?v=49196535620247681531771850553 @ https://aromawax.eu/pt/apps/deluxe/account/login:0
[    2034ms] [WARNING] OTS parsing error: incorrect file size in WOFF header @ https://aromawax.eu/pt/apps/deluxe/account/login:0
[    2034ms] [WARNING] Failed to decode downloaded font: https://aromawax.eu/cdn/shop/t/29/assets/AvenirLTStd-Heavy.ttf?v=161065316383412791401771850553 @ https://aromawax.eu/pt/apps/deluxe/account/login:0
[    2034ms] [WARNING] OTS parsing error: BASE: misaligned table @ https://aromawax.eu/pt/apps/deluxe/account/login:0
[    2034ms] [WARNING] Failed to decode downloaded font: https://aromawax.eu/cdn/shop/t/29/assets/AvenirLTStd-Black.eot?v=61293692641208295061771850553 @ https://aromawax.eu/pt/apps/deluxe/account/login:0
[    2034ms] [WARNING] OTS parsing error: invalid sfntVersion: -272646794 @ https://aromawax.eu/pt/apps/deluxe/account/login:0
[    2055ms] [WARNING] Failed to decode downloaded font: https://aromawax.eu/cdn/shop/t/29/assets/AvenirLTStd-Light.ttf?v=90833473325488820281771850553 @ https://aromawax.eu/pt/apps/deluxe/account/login:0
[    2055ms] [WARNING] OTS parsing error: BASE: misaligned table @ https://aromawax.eu/pt/apps/deluxe/account/login:0
[    2055ms] [WARNING] Failed to decode downloaded font: https://aromawax.eu/cdn/shop/t/29/assets/AvenirLTStd-Light.ttf?v=90833473325488820281771850553 @ https://aromawax.eu/pt/apps/deluxe/account/login:0
[    2055ms] [WARNING] OTS parsing error: BASE: misaligned table @ https://aromawax.eu/pt/apps/deluxe/account/login:0
[    2055ms] [WARNING] Failed to decode downloaded font: https://aromawax.eu/cdn/shop/t/29/assets/AvenirLTStd-Light.ttf?v=90833473325488820281771850553 @ https://aromawax.eu/pt/apps/deluxe/account/login:0
[    2055ms] [WARNING] OTS parsing error: BASE: misaligned table @ https://aromawax.eu/pt/apps/deluxe/account/login:0
[    2055ms] [WARNING] Failed to decode downloaded font: https://aromawax.eu/cdn/shop/t/29/assets/AvenirLTStd-Light.ttf?v=90833473325488820281771850553 @ https://aromawax.eu/pt/apps/deluxe/account/login:0
[    2055ms] [WARNING] OTS parsing error: BASE: misaligned table @ https://aromawax.eu/pt/apps/deluxe/account/login:0
[    2055ms] [WARNING] Failed to decode downloaded font: https://aromawax.eu/cdn/shop/t/29/assets/AvenirLTStd-Light.ttf?v=90833473325488820281771850553 @ https://aromawax.eu/pt/apps/deluxe/account/login:0
[    2055ms] [WARNING] OTS parsing error: BASE: misaligned table @ https://aromawax.eu/pt/apps/deluxe/account/login:0
[    2055ms] [WARNING] Failed to decode downloaded font: https://aromawax.eu/cdn/shop/t/29/assets/AvenirLTStd-Light.ttf?v=90833473325488820281771850553 @ https://aromawax.eu/pt/apps/deluxe/account/login:0
[    2055ms] [WARNING] OTS parsing error: BASE: misaligned table @ https://aromawax.eu/pt/apps/deluxe/account/login:0
[    2055ms] [WARNING] Failed to decode downloaded font: https://aromawax.eu/cdn/shop/t/29/assets/AvenirLTStd-Light.ttf?v=90833473325488820281771850553 @ https://aromawax.eu/pt/apps/deluxe/account/login:0
[    2055ms] [WARNING] OTS parsing error: BASE: misaligned table @ https://aromawax.eu/pt/apps/deluxe/account/login:0
[    2055ms] [WARNING] Failed to decode downloaded font: https://aromawax.eu/cdn/shop/t/29/assets/AvenirLTStd-Light.ttf?v=90833473325488820281771850553 @ https://aromawax.eu/pt/apps/deluxe/account/login:0
[    2055ms] [WARNING] OTS parsing error: BASE: misaligned table @ https://aromawax.eu/pt/apps/deluxe/account/login:0
[    2055ms] [WARNING] Failed to decode downloaded font: https://aromawax.eu/cdn/shop/t/29/assets/AvenirLTStd-Light.ttf?v=90833473325488820281771850553 @ https://aromawax.eu/pt/apps/deluxe/account/login:0
[    2055ms] [WARNING] OTS parsing error: BASE: misaligned table @ https://aromawax.eu/pt/apps/deluxe/account/login:0
[    2709ms] [WARNING] Failed to decode downloaded font: https://aromawax.eu/cdn/shop/t/29/assets/AvenirLTStd-Light.woff2?v=43772020359006265441771850553 @ https://cdn.shopify.com/extensions/019d8a13-ee60-75d7-ae0f-514ac36f9789/localizing-254/assets/floating-selector.js:0
[    2709ms] [WARNING] OTS parsing error: Size of decompressed WOFF 2.0 is less than compressed size @ https://cdn.shopify.com/extensions/019d8a13-ee60-75d7-ae0f-514ac36f9789/localizing-254/assets/floating-selector.js:0
[    2709ms] [WARNING] Failed to decode downloaded font: https://aromawax.eu/cdn/shop/t/29/assets/AvenirLTStd-Light.woff?v=179682611730471883761771850553 @ https://cdn.shopify.com/extensions/019d8a13-ee60-75d7-ae0f-514ac36f9789/localizing-254/assets/floating-selector.js:0
[    2709ms] [WARNING] OTS parsing error: incorrect file size in WOFF header @ https://cdn.shopify.com/extensions/019d8a13-ee60-75d7-ae0f-514ac36f9789/localizing-254/assets/floating-selector.js:0
[    2709ms] [WARNING] Failed to decode downloaded font: https://aromawax.eu/cdn/shop/t/29/assets/AvenirLTStd-Light.ttf?v=90833473325488820281771850553 @ https://cdn.shopify.com/extensions/019d8a13-ee60-75d7-ae0f-514ac36f9789/localizing-254/assets/floating-selector.js:0
[    2709ms] [WARNING] OTS parsing error: BASE: misaligned table @ https://cdn.shopify.com/extensions/019d8a13-ee60-75d7-ae0f-514ac36f9789/localizing-254/assets/floating-selector.js:0
[    2709ms] [WARNING] Failed to decode downloaded font: https://aromawax.eu/cdn/shop/t/29/assets/AvenirLTStd-Heavy.woff2?v=100181975222566383851771850553 @ https://cdn.shopify.com/extensions/019d8a13-ee60-75d7-ae0f-514ac36f9789/localizing-254/assets/floating-selector.js:0
[    2709ms] [WARNING] OTS parsing error: Failed to convert WOFF 2.0 font to SFNT @ https://cdn.shopify.com/extensions/019d8a13-ee60-75d7-ae0f-514ac36f9789/localizing-254/assets/floating-selector.js:0
[    2709ms] [WARNING] Failed to decode downloaded font: https://aromawax.eu/cdn/shop/t/29/assets/AvenirLTStd-Heavy.woff?v=49196535620247681531771850553 @ https://cdn.shopify.com/extensions/019d8a13-ee60-75d7-ae0f-514ac36f9789/localizing-254/assets/floating-selector.js:0
[    2709ms] [WARNING] OTS parsing error: incorrect file size in WOFF header @ https://cdn.shopify.com/extensions/019d8a13-ee60-75d7-ae0f-514ac36f9789/localizing-254/assets/floating-selector.js:0
[    2709ms] [WARNING] Failed to decode downloaded font: https://aromawax.eu/cdn/shop/t/29/assets/AvenirLTStd-Heavy.ttf?v=161065316383412791401771850553 @ https://cdn.shopify.com/extensions/019d8a13-ee60-75d7-ae0f-514ac36f9789/localizing-254/assets/floating-selector.js:0
[    2709ms] [WARNING] OTS parsing error: BASE: misaligned table @ https://cdn.shopify.com/extensions/019d8a13-ee60-75d7-ae0f-514ac36f9789/localizing-254/assets/floating-selector.js:0
[    2709ms] [WARNING] Failed to decode downloaded font: https://aromawax.eu/cdn/shop/t/29/assets/AvenirLTStd-Black.eot?v=61293692641208295061771850553 @ https://cdn.shopify.com/extensions/019d8a13-ee60-75d7-ae0f-514ac36f9789/localizing-254/assets/floating-selector.js:0
[    2709ms] [WARNING] OTS parsing error: invalid sfntVersion: -272646794 @ https://cdn.shopify.com/extensions/019d8a13-ee60-75d7-ae0f-514ac36f9789/localizing-254/assets/floating-selector.js:0
[    2954ms] [WARNING] Failed to decode downloaded font: https://aromawax.eu/cdn/shop/t/29/assets/AvenirLTStd-Light.woff2?v=43772020359006265441771850553 @ https://js.intercomcdn.com/frame-modern.711a00cc.js:0
[    2954ms] [WARNING] OTS parsing error: Size of decompressed WOFF 2.0 is less than compressed size @ https://js.intercomcdn.com/frame-modern.711a00cc.js:0
[    2954ms] [WARNING] Failed to decode downloaded font: https://aromawax.eu/cdn/shop/t/29/assets/AvenirLTStd-Light.woff?v=179682611730471883761771850553 @ https://js.intercomcdn.com/frame-modern.711a00cc.js:0
[    2954ms] [WARNING] OTS parsing error: incorrect file size in WOFF header @ https://js.intercomcdn.com/frame-modern.711a00cc.js:0
[    2954ms] [WARNING] Failed to decode downloaded font: https://aromawax.eu/cdn/shop/t/29/assets/AvenirLTStd-Light.ttf?v=90833473325488820281771850553 @ https://js.intercomcdn.com/frame-modern.711a00cc.js:0
[    2954ms] [WARNING] OTS parsing error: BASE: misaligned table @ https://js.intercomcdn.com/frame-modern.711a00cc.js:0
[    2954ms] [WARNING] Failed to decode downloaded font: https://aromawax.eu/cdn/shop/t/29/assets/AvenirLTStd-Heavy.woff2?v=100181975222566383851771850553 @ https://js.intercomcdn.com/frame-modern.711a00cc.js:0
[    2954ms] [WARNING] OTS parsing error: Failed to convert WOFF 2.0 font to SFNT @ https://js.intercomcdn.com/frame-modern.711a00cc.js:0
[    2954ms] [WARNING] Failed to decode downloaded font: https://aromawax.eu/cdn/shop/t/29/assets/AvenirLTStd-Heavy.woff?v=49196535620247681531771850553 @ https://js.intercomcdn.com/frame-modern.711a00cc.js:0
[    2954ms] [WARNING] OTS parsing error: incorrect file size in WOFF header @ https://js.intercomcdn.com/frame-modern.711a00cc.js:0
[    2954ms] [WARNING] Failed to decode downloaded font: https://aromawax.eu/cdn/shop/t/29/assets/AvenirLTStd-Heavy.ttf?v=161065316383412791401771850553 @ https://js.intercomcdn.com/frame-modern.711a00cc.js:0
[    2954ms] [WARNING] OTS parsing error: BASE: misaligned table @ https://js.intercomcdn.com/frame-modern.711a00cc.js:0
[    2954ms] [WARNING] Failed to decode downloaded font: https://aromawax.eu/cdn/shop/t/29/assets/AvenirLTStd-Black.eot?v=61293692641208295061771850553 @ https://js.intercomcdn.com/frame-modern.711a00cc.js:0
[    2954ms] [WARNING] OTS parsing error: invalid sfntVersion: -272646794 @ https://js.intercomcdn.com/frame-modern.711a00cc.js:0
[    2959ms] [WARNING] Failed to decode downloaded font: https://aromawax.eu/cdn/shop/t/29/assets/AvenirLTStd-Light.woff2?v=43772020359006265441771850553 @ https://aromawax.eu/pt/apps/deluxe/account/login:0
[    2959ms] [WARNING] OTS parsing error: Size of decompressed WOFF 2.0 is less than compressed size @ https://aromawax.eu/pt/apps/deluxe/account/login:0
[    2959ms] [WARNING] Failed to decode downloaded font: https://aromawax.eu/cdn/shop/t/29/assets/AvenirLTStd-Light.woff?v=179682611730471883761771850553 @ https://aromawax.eu/pt/apps/deluxe/account/login:0
[    2959ms] [WARNING] OTS parsing error: incorrect file size in WOFF header @ https://aromawax.eu/pt/apps/deluxe/account/login:0
[    2959ms] [WARNING] Failed to decode downloaded font: https://aromawax.eu/cdn/shop/t/29/assets/AvenirLTStd-Light.ttf?v=90833473325488820281771850553 @ https://aromawax.eu/pt/apps/deluxe/account/login:0
[    2959ms] [WARNING] OTS parsing error: BASE: misaligned table @ https://aromawax.eu/pt/apps/deluxe/account/login:0
[    2959ms] [WARNING] Failed to decode downloaded font: https://aromawax.eu/cdn/shop/t/29/assets/AvenirLTStd-Heavy.woff2?v=100181975222566383851771850553 @ https://aromawax.eu/pt/apps/deluxe/account/login:0
[    2959ms] [WARNING] OTS parsing error: Failed to convert WOFF 2.0 font to SFNT @ https://aromawax.eu/pt/apps/deluxe/account/login:0
[    2959ms] [WARNING] Failed to decode downloaded font: https://aromawax.eu/cdn/shop/t/29/assets/AvenirLTStd-Heavy.woff?v=49196535620247681531771850553 @ https://aromawax.eu/pt/apps/deluxe/account/login:0
[    2959ms] [WARNING] OTS parsing error: incorrect file size in WOFF header @ https://aromawax.eu/pt/apps/deluxe/account/login:0
[    2959ms] [WARNING] Failed to decode downloaded font: https://aromawax.eu/cdn/shop/t/29/assets/AvenirLTStd-Heavy.ttf?v=161065316383412791401771850553 @ https://aromawax.eu/pt/apps/deluxe/account/login:0
[    2959ms] [WARNING] OTS parsing error: BASE: misaligned table @ https://aromawax.eu/pt/apps/deluxe/account/login:0
[    2959ms] [WARNING] Failed to decode downloaded font: https://aromawax.eu/cdn/shop/t/29/assets/AvenirLTStd-Black.eot?v=61293692641208295061771850553 @ https://aromawax.eu/pt/apps/deluxe/account/login:0
[    2959ms] [WARNING] OTS parsing error: invalid sfntVersion: -272646794 @ https://aromawax.eu/pt/apps/deluxe/account/login:0
[    3132ms] [WARNING] Failed to decode downloaded font: https://aromawax.eu/cdn/shop/t/29/assets/AvenirLTStd-Light.woff2?v=43772020359006265441771850553 @ https://aromawax.eu/pt/apps/deluxe/account/login:0
[    3132ms] [WARNING] OTS parsing error: Size of decompressed WOFF 2.0 is less than compressed size @ https://aromawax.eu/pt/apps/deluxe/account/login:0
[    3133ms] [WARNING] Failed to decode downloaded font: https://aromawax.eu/cdn/shop/t/29/assets/AvenirLTStd-Light.woff?v=179682611730471883761771850553 @ https://aromawax.eu/pt/apps/deluxe/account/login:0
[    3133ms] [WARNING] OTS parsing error: incorrect file size in WOFF header @ https://aromawax.eu/pt/apps/deluxe/account/login:0
[    3133ms] [WARNING] Failed to decode downloaded font: https://aromawax.eu/cdn/shop/t/29/assets/AvenirLTStd-Light.ttf?v=90833473325488820281771850553 @ https://aromawax.eu/pt/apps/deluxe/account/login:0
[    3133ms] [WARNING] OTS parsing error: BASE: misaligned table @ https://aromawax.eu/pt/apps/deluxe/account/login:0
[    3133ms] [WARNING] Failed to decode downloaded font: https://aromawax.eu/cdn/shop/t/29/assets/AvenirLTStd-Heavy.woff2?v=100181975222566383851771850553 @ https://aromawax.eu/pt/apps/deluxe/account/login:0
[    3133ms] [WARNING] OTS parsing error: Failed to convert WOFF 2.0 font to SFNT @ https://aromawax.eu/pt/apps/deluxe/account/login:0
[    3133ms] [WARNING] Failed to decode downloaded font: https://aromawax.eu/cdn/shop/t/29/assets/AvenirLTStd-Heavy.woff?v=49196535620247681531771850553 @ https://aromawax.eu/pt/apps/deluxe/account/login:0
[    3133ms] [WARNING] OTS parsing error: incorrect file size in WOFF header @ https://aromawax.eu/pt/apps/deluxe/account/login:0
[    3133ms] [WARNING] Failed to decode downloaded font: https://aromawax.eu/cdn/shop/t/29/assets/AvenirLTStd-Heavy.ttf?v=161065316383412791401771850553 @ https://aromawax.eu/pt/apps/deluxe/account/login:0
[    3133ms] [WARNING] OTS parsing error: BASE: misaligned table @ https://aromawax.eu/pt/apps/deluxe/account/login:0
[    3133ms] [WARNING] Failed to decode downloaded font: https://aromawax.eu/cdn/shop/t/29/assets/AvenirLTStd-Black.eot?v=61293692641208295061771850553 @ https://aromawax.eu/pt/apps/deluxe/account/login:0
[    3133ms] [WARNING] OTS parsing error: invalid sfntVersion: -272646794 @ https://aromawax.eu/pt/apps/deluxe/account/login:0
[    3320ms] [WARNING] Failed to decode downloaded font: https://aromawax.eu/cdn/shop/t/29/assets/AvenirLTStd-Light.woff2?v=43772020359006265441771850553 @ https://aromawax.eu/pt/apps/deluxe/account/login:0
[    3320ms] [WARNING] OTS parsing error: Size of decompressed WOFF 2.0 is less than compressed size @ https://aromawax.eu/pt/apps/deluxe/account/login:0
[    3320ms] [WARNING] Failed to decode downloaded font: https://aromawax.eu/cdn/shop/t/29/assets/AvenirLTStd-Light.woff?v=179682611730471883761771850553 @ https://aromawax.eu/pt/apps/deluxe/account/login:0
[    3320ms] [WARNING] OTS parsing error: incorrect file size in WOFF header @ https://aromawax.eu/pt/apps/deluxe/account/login:0
[    3320ms] [WARNING] Failed to decode downloaded font: https://aromawax.eu/cdn/shop/t/29/assets/AvenirLTStd-Light.ttf?v=90833473325488820281771850553 @ https://aromawax.eu/pt/apps/deluxe/account/login:0
[    3320ms] [WARNING] OTS parsing error: BASE: misaligned table @ https://aromawax.eu/pt/apps/deluxe/account/login:0
[    3320ms] [WARNING] Failed to decode downloaded font: https://aromawax.eu/cdn/shop/t/29/assets/AvenirLTStd-Heavy.woff2?v=100181975222566383851771850553 @ https://aromawax.eu/pt/apps/deluxe/account/login:0
[    3320ms] [WARNING] OTS parsing error: Failed to convert WOFF 2.0 font to SFNT @ https://aromawax.eu/pt/apps/deluxe/account/login:0
[    3320ms] [WARNING] Failed to decode downloaded font: https://aromawax.eu/cdn/shop/t/29/assets/AvenirLTStd-Heavy.woff?v=49196535620247681531771850553 @ https://aromawax.eu/pt/apps/deluxe/account/login:0
[    3320ms] [WARNING] OTS parsing error: incorrect file size in WOFF header @ https://aromawax.eu/pt/apps/deluxe/account/login:0
[    3320ms] [WARNING] Failed to decode downloaded font: https://aromawax.eu/cdn/shop/t/29/assets/AvenirLTStd-Heavy.ttf?v=161065316383412791401771850553 @ https://aromawax.eu/pt/apps/deluxe/account/login:0
[    3320ms] [WARNING] OTS parsing error: BASE: misaligned table @ https://aromawax.eu/pt/apps/deluxe/account/login:0
[    3320ms] [WARNING] Failed to decode downloaded font: https://aromawax.eu/cdn/shop/t/29/assets/AvenirLTStd-Black.eot?v=61293692641208295061771850553 @ https://aromawax.eu/pt/apps/deluxe/account/login:0
[    3320ms] [WARNING] OTS parsing error: invalid sfntVersion: -272646794 @ https://aromawax.eu/pt/apps/deluxe/account/login:0
[    6787ms] [WARNING] The resource https://aromawax.eu/cdn/fonts/figtree/figtree_n4.3c0838aba1701047e60be6a99a1b0a40ce9b8419.woff2 was preloaded using link preload but not used within a few seconds from the window's load event. Please make sure it has an appropriate `as` value and it is preloaded intentionally. @ https://aromawax.eu/pt/apps/deluxe/account/login:0
[    8957ms] [WARNING] Failed to decode downloaded font: https://aromawax.eu/cdn/shop/t/29/assets/AvenirLTStd-Light.woff2?v=43772020359006265441771850553 @ https://aromawax.eu/pt/apps/deluxe/account/login:0
[    8957ms] [WARNING] OTS parsing error: Size of decompressed WOFF 2.0 is less than compressed size @ https://aromawax.eu/pt/apps/deluxe/account/login:0
[    8957ms] [WARNING] Failed to decode downloaded font: https://aromawax.eu/cdn/shop/t/29/assets/AvenirLTStd-Light.woff?v=179682611730471883761771850553 @ https://aromawax.eu/pt/apps/deluxe/account/login:0
[    8957ms] [WARNING] OTS parsing error: incorrect file size in WOFF header @ https://aromawax.eu/pt/apps/deluxe/account/login:0
[    8957ms] [WARNING] Failed to decode downloaded font: https://aromawax.eu/cdn/shop/t/29/assets/AvenirLTStd-Light.ttf?v=90833473325488820281771850553 @ https://aromawax.eu/pt/apps/deluxe/account/login:0
[    8957ms] [WARNING] OTS parsing error: BASE: misaligned table @ https://aromawax.eu/pt/apps/deluxe/account/login:0
[    8957ms] [WARNING] Failed to decode downloaded font: https://aromawax.eu/cdn/shop/t/29/assets/AvenirLTStd-Heavy.woff2?v=100181975222566383851771850553 @ https://aromawax.eu/pt/apps/deluxe/account/login:0
[    8958ms] [WARNING] OTS parsing error: Failed to convert WOFF 2.0 font to SFNT @ https://aromawax.eu/pt/apps/deluxe/account/login:0
[    8958ms] [WARNING] Failed to decode downloaded font: https://aromawax.eu/cdn/shop/t/29/assets/AvenirLTStd-Heavy.woff?v=49196535620247681531771850553 @ https://aromawax.eu/pt/apps/deluxe/account/login:0
[    8958ms] [WARNING] OTS parsing error: incorrect file size in WOFF header @ https://aromawax.eu/pt/apps/deluxe/account/login:0
[    8958ms] [WARNING] Failed to decode downloaded font: https://aromawax.eu/cdn/shop/t/29/assets/AvenirLTStd-Heavy.ttf?v=161065316383412791401771850553 @ https://aromawax.eu/pt/apps/deluxe/account/login:0
[    8958ms] [WARNING] OTS parsing error: BASE: misaligned table @ https://aromawax.eu/pt/apps/deluxe/account/login:0
[    8958ms] [WARNING] Failed to decode downloaded font: https://aromawax.eu/cdn/shop/t/29/assets/AvenirLTStd-Black.eot?v=61293692641208295061771850553 @ https://aromawax.eu/pt/apps/deluxe/account/login:0
[    8958ms] [WARNING] OTS parsing error: invalid sfntVersion: -272646794 @ https://aromawax.eu/pt/apps/deluxe/account/login:0
[    9142ms] [WARNING] Failed to decode downloaded font: https://aromawax.eu/cdn/shop/t/29/assets/AvenirLTStd-Light.woff2?v=43772020359006265441771850553 @ https://aromawax.eu/pt/apps/deluxe/account/login:0
[    9142ms] [WARNING] OTS parsing error: Size of decompressed WOFF 2.0 is less than compressed size @ https://aromawax.eu/pt/apps/deluxe/account/login:0
[    9142ms] [WARNING] Failed to decode downloaded font: https://aromawax.eu/cdn/shop/t/29/assets/AvenirLTStd-Light.woff?v=179682611730471883761771850553 @ https://aromawax.eu/pt/apps/deluxe/account/login:0
[    9142ms] [WARNING] OTS parsing error: incorrect file size in WOFF header @ https://aromawax.eu/pt/apps/deluxe/account/login:0
[    9142ms] [WARNING] Failed to decode downloaded font: https://aromawax.eu/cdn/shop/t/29/assets/AvenirLTStd-Light.ttf?v=90833473325488820281771850553 @ https://aromawax.eu/pt/apps/deluxe/account/login:0
[    9142ms] [WARNING] OTS parsing error: BASE: misaligned table @ https://aromawax.eu/pt/apps/deluxe/account/login:0
[    9142ms] [WARNING] Failed to decode downloaded font: https://aromawax.eu/cdn/shop/t/29/assets/AvenirLTStd-Heavy.woff2?v=100181975222566383851771850553 @ https://aromawax.eu/pt/apps/deluxe/account/login:0
[    9142ms] [WARNING] OTS parsing error: Failed to convert WOFF 2.0 font to SFNT @ https://aromawax.eu/pt/apps/deluxe/account/login:0
[    9142ms] [WARNING] Failed to decode downloaded font: https://aromawax.eu/cdn/shop/t/29/assets/AvenirLTStd-Heavy.woff?v=49196535620247681531771850553 @ https://aromawax.eu/pt/apps/deluxe/account/login:0
[    9142ms] [WARNING] OTS parsing error: incorrect file size in WOFF header @ https://aromawax.eu/pt/apps/deluxe/account/login:0
[    9142ms] [WARNING] Failed to decode downloaded font: https://aromawax.eu/cdn/shop/t/29/assets/AvenirLTStd-Heavy.ttf?v=161065316383412791401771850553 @ https://aromawax.eu/pt/apps/deluxe/account/login:0
[    9142ms] [WARNING] OTS parsing error: BASE: misaligned table @ https://aromawax.eu/pt/apps/deluxe/account/login:0
[    9142ms] [WARNING] Failed to decode downloaded font: https://aromawax.eu/cdn/shop/t/29/assets/AvenirLTStd-Black.eot?v=61293692641208295061771850553 @ https://aromawax.eu/pt/apps/deluxe/account/login:0
[    9142ms] [WARNING] OTS parsing error: invalid sfntVersion: -272646794 @ https://aromawax.eu/pt/apps/deluxe/account/login:0
[    9179ms] [WARNING] Failed to decode downloaded font: https://aromawax.eu/cdn/shop/t/29/assets/AvenirLTStd-Light.woff2?v=43772020359006265441771850553 @ https://js.intercomcdn.com/frame-modern.711a00cc.js:0
[    9179ms] [WARNING] OTS parsing error: Size of decompressed WOFF 2.0 is less than compressed size @ https://js.intercomcdn.com/frame-modern.711a00cc.js:0
[    9179ms] [WARNING] Failed to decode downloaded font: https://aromawax.eu/cdn/shop/t/29/assets/AvenirLTStd-Light.woff?v=179682611730471883761771850553 @ https://js.intercomcdn.com/frame-modern.711a00cc.js:0
[    9179ms] [WARNING] OTS parsing error: incorrect file size in WOFF header @ https://js.intercomcdn.com/frame-modern.711a00cc.js:0
[    9179ms] [WARNING] Failed to decode downloaded font: https://aromawax.eu/cdn/shop/t/29/assets/AvenirLTStd-Light.ttf?v=90833473325488820281771850553 @ https://js.intercomcdn.com/frame-modern.711a00cc.js:0
[    9179ms] [WARNING] OTS parsing error: BASE: misaligned table @ https://js.intercomcdn.com/frame-modern.711a00cc.js:0
[    9179ms] [WARNING] Failed to decode downloaded font: https://aromawax.eu/cdn/shop/t/29/assets/AvenirLTStd-Heavy.woff2?v=100181975222566383851771850553 @ https://js.intercomcdn.com/frame-modern.711a00cc.js:0
[    9179ms] [WARNING] OTS parsing error: Failed to convert WOFF 2.0 font to SFNT @ https://js.intercomcdn.com/frame-modern.711a00cc.js:0
[    9179ms] [WARNING] Failed to decode downloaded font: https://aromawax.eu/cdn/shop/t/29/assets/AvenirLTStd-Heavy.woff?v=49196535620247681531771850553 @ https://js.intercomcdn.com/frame-modern.711a00cc.js:0
[    9179ms] [WARNING] OTS parsing error: incorrect file size in WOFF header @ https://js.intercomcdn.com/frame-modern.711a00cc.js:0
[    9179ms] [WARNING] Failed to decode downloaded font: https://aromawax.eu/cdn/shop/t/29/assets/AvenirLTStd-Heavy.ttf?v=161065316383412791401771850553 @ https://js.intercomcdn.com/frame-modern.711a00cc.js:0
[    9179ms] [WARNING] OTS parsing error: BASE: misaligned table @ https://js.intercomcdn.com/frame-modern.711a00cc.js:0
[    9179ms] [WARNING] Failed to decode downloaded font: https://aromawax.eu/cdn/shop/t/29/assets/AvenirLTStd-Black.eot?v=61293692641208295061771850553 @ https://js.intercomcdn.com/frame-modern.711a00cc.js:0
[    9179ms] [WARNING] OTS parsing error: invalid sfntVersion: -272646794 @ https://js.intercomcdn.com/frame-modern.711a00cc.js:0
[    9185ms] [WARNING] Failed to decode downloaded font: https://aromawax.eu/cdn/shop/t/29/assets/AvenirLTStd-Light.woff2?v=43772020359006265441771850553 @ https://aromawax.eu/pt/apps/deluxe/account/login:0
[    9185ms] [WARNING] OTS parsing error: Size of decompressed WOFF 2.0 is less than compressed size @ https://aromawax.eu/pt/apps/deluxe/account/login:0
[    9185ms] [WARNING] Failed to decode downloaded font: https://aromawax.eu/cdn/shop/t/29/assets/AvenirLTStd-Light.woff?v=179682611730471883761771850553 @ https://aromawax.eu/pt/apps/deluxe/account/login:0
[    9185ms] [WARNING] OTS parsing error: incorrect file size in WOFF header @ https://aromawax.eu/pt/apps/deluxe/account/login:0
[    9185ms] [WARNING] Failed to decode downloaded font: https://aromawax.eu/cdn/shop/t/29/assets/AvenirLTStd-Light.ttf?v=90833473325488820281771850553 @ https://aromawax.eu/pt/apps/deluxe/account/login:0
[    9185ms] [WARNING] OTS parsing error: BASE: misaligned table @ https://aromawax.eu/pt/apps/deluxe/account/login:0
[    9185ms] [WARNING] Failed to decode downloaded font: https://aromawax.eu/cdn/shop/t/29/assets/AvenirLTStd-Heavy.woff2?v=100181975222566383851771850553 @ https://aromawax.eu/pt/apps/deluxe/account/login:0
[    9185ms] [WARNING] OTS parsing error: Failed to convert WOFF 2.0 font to SFNT @ https://aromawax.eu/pt/apps/deluxe/account/login:0
[    9185ms] [WARNING] Failed to decode downloaded font: https://aromawax.eu/cdn/shop/t/29/assets/AvenirLTStd-Heavy.woff?v=49196535620247681531771850553 @ https://aromawax.eu/pt/apps/deluxe/account/login:0
[    9185ms] [WARNING] OTS parsing error: incorrect file size in WOFF header @ https://aromawax.eu/pt/apps/deluxe/account/login:0
[    9185ms] [WARNING] Failed to decode downloaded font: https://aromawax.eu/cdn/shop/t/29/assets/AvenirLTStd-Heavy.ttf?v=161065316383412791401771850553 @ https://aromawax.eu/pt/apps/deluxe/account/login:0
[    9185ms] [WARNING] OTS parsing error: BASE: misaligned table @ https://aromawax.eu/pt/apps/deluxe/account/login:0
[    9185ms] [WARNING] Failed to decode downloaded font: https://aromawax.eu/cdn/shop/t/29/assets/AvenirLTStd-Black.eot?v=61293692641208295061771850553 @ https://aromawax.eu/pt/apps/deluxe/account/login:0
[    9185ms] [WARNING] OTS parsing error: invalid sfntVersion: -272646794 @ https://aromawax.eu/pt/apps/deluxe/account/login:0
[    9198ms] [WARNING] Failed to decode downloaded font: https://aromawax.eu/cdn/shop/t/29/assets/AvenirLTStd-Light.woff2?v=43772020359006265441771850553 @ https://js.intercomcdn.com/launcher-discovery-modern.f70b47a5.js:14
[    9198ms] [WARNING] OTS parsing error: Size of decompressed WOFF 2.0 is less than compressed size @ https://js.intercomcdn.com/launcher-discovery-modern.f70b47a5.js:14
[    9198ms] [WARNING] Failed to decode downloaded font: https://aromawax.eu/cdn/shop/t/29/assets/AvenirLTStd-Light.woff?v=179682611730471883761771850553 @ https://js.intercomcdn.com/launcher-discovery-modern.f70b47a5.js:14
[    9198ms] [WARNING] OTS parsing error: incorrect file size in WOFF header @ https://js.intercomcdn.com/launcher-discovery-modern.f70b47a5.js:14
[    9198ms] [WARNING] Failed to decode downloaded font: https://aromawax.eu/cdn/shop/t/29/assets/AvenirLTStd-Light.ttf?v=90833473325488820281771850553 @ https://js.intercomcdn.com/launcher-discovery-modern.f70b47a5.js:14
[    9198ms] [WARNING] OTS parsing error: BASE: misaligned table @ https://js.intercomcdn.com/launcher-discovery-modern.f70b47a5.js:14
[    9198ms] [WARNING] Failed to decode downloaded font: https://aromawax.eu/cdn/shop/t/29/assets/AvenirLTStd-Heavy.woff2?v=100181975222566383851771850553 @ https://js.intercomcdn.com/launcher-discovery-modern.f70b47a5.js:14
[    9198ms] [WARNING] OTS parsing error: Failed to convert WOFF 2.0 font to SFNT @ https://js.intercomcdn.com/launcher-discovery-modern.f70b47a5.js:14
[    9198ms] [WARNING] Failed to decode downloaded font: https://aromawax.eu/cdn/shop/t/29/assets/AvenirLTStd-Heavy.woff?v=49196535620247681531771850553 @ https://js.intercomcdn.com/launcher-discovery-modern.f70b47a5.js:14
[    9198ms] [WARNING] OTS parsing error: incorrect file size in WOFF header @ https://js.intercomcdn.com/launcher-discovery-modern.f70b47a5.js:14
[    9198ms] [WARNING] Failed to decode downloaded font: https://aromawax.eu/cdn/shop/t/29/assets/AvenirLTStd-Heavy.ttf?v=161065316383412791401771850553 @ https://js.intercomcdn.com/launcher-discovery-modern.f70b47a5.js:14
[    9198ms] [WARNING] OTS parsing error: BASE: misaligned table @ https://js.intercomcdn.com/launcher-discovery-modern.f70b47a5.js:14
[    9198ms] [WARNING] Failed to decode downloaded font: https://aromawax.eu/cdn/shop/t/29/assets/AvenirLTStd-Black.eot?v=61293692641208295061771850553 @ https://js.intercomcdn.com/launcher-discovery-modern.f70b47a5.js:14
[    9198ms] [WARNING] OTS parsing error: invalid sfntVersion: -272646794 @ https://js.intercomcdn.com/launcher-discovery-modern.f70b47a5.js:14
[    9201ms] [WARNING] Failed to decode downloaded font: https://aromawax.eu/cdn/shop/t/29/assets/AvenirLTStd-Light.woff2?v=43772020359006265441771850553 @ https://aromawax.eu/pt/apps/deluxe/account/login:0
[    9201ms] [WARNING] OTS parsing error: Size of decompressed WOFF 2.0 is less than compressed size @ https://aromawax.eu/pt/apps/deluxe/account/login:0
[    9201ms] [WARNING] Failed to decode downloaded font: https://aromawax.eu/cdn/shop/t/29/assets/AvenirLTStd-Light.woff?v=179682611730471883761771850553 @ https://aromawax.eu/pt/apps/deluxe/account/login:0
[    9201ms] [WARNING] OTS parsing error: incorrect file size in WOFF header @ https://aromawax.eu/pt/apps/deluxe/account/login:0
[    9201ms] [WARNING] Failed to decode downloaded font: https://aromawax.eu/cdn/shop/t/29/assets/AvenirLTStd-Light.ttf?v=90833473325488820281771850553 @ https://aromawax.eu/pt/apps/deluxe/account/login:0
[    9201ms] [WARNING] OTS parsing error: BASE: misaligned table @ https://aromawax.eu/pt/apps/deluxe/account/login:0
[    9201ms] [WARNING] Failed to decode downloaded font: https://aromawax.eu/cdn/shop/t/29/assets/AvenirLTStd-Heavy.woff2?v=100181975222566383851771850553 @ https://aromawax.eu/pt/apps/deluxe/account/login:0
[    9201ms] [WARNING] OTS parsing error: Failed to convert WOFF 2.0 font to SFNT @ https://aromawax.eu/pt/apps/deluxe/account/login:0
[    9201ms] [WARNING] Failed to decode downloaded font: https://aromawax.eu/cdn/shop/t/29/assets/AvenirLTStd-Heavy.woff?v=49196535620247681531771850553 @ https://aromawax.eu/pt/apps/deluxe/account/login:0
[    9201ms] [WARNING] OTS parsing error: incorrect file size in WOFF header @ https://aromawax.eu/pt/apps/deluxe/account/login:0
[    9201ms] [WARNING] Failed to decode downloaded font: https://aromawax.eu/cdn/shop/t/29/assets/AvenirLTStd-Heavy.ttf?v=161065316383412791401771850553 @ https://aromawax.eu/pt/apps/deluxe/account/login:0
[    9201ms] [WARNING] OTS parsing error: BASE: misaligned table @ https://aromawax.eu/pt/apps/deluxe/account/login:0
[    9201ms] [WARNING] Failed to decode downloaded font: https://aromawax.eu/cdn/shop/t/29/assets/AvenirLTStd-Black.eot?v=61293692641208295061771850553 @ https://aromawax.eu/pt/apps/deluxe/account/login:0
[    9201ms] [WARNING] OTS parsing error: invalid sfntVersion: -272646794 @ https://aromawax.eu/pt/apps/deluxe/account/login:0
[    9610ms] [WARNING] Failed to decode downloaded font: https://aromawax.eu/cdn/shop/t/29/assets/AvenirLTStd-Light.woff2?v=43772020359006265441771850553 @ https://aromawax.eu/pt/apps/deluxe/account/login:0
[    9610ms] [WARNING] OTS parsing error: Size of decompressed WOFF 2.0 is less than compressed size @ https://aromawax.eu/pt/apps/deluxe/account/login:0
[    9610ms] [WARNING] Failed to decode downloaded font: https://aromawax.eu/cdn/shop/t/29/assets/AvenirLTStd-Light.woff?v=179682611730471883761771850553 @ https://aromawax.eu/pt/apps/deluxe/account/login:0
[    9610ms] [WARNING] OTS parsing error: incorrect file size in WOFF header @ https://aromawax.eu/pt/apps/deluxe/account/login:0
[    9610ms] [WARNING] Failed to decode downloaded font: https://aromawax.eu/cdn/shop/t/29/assets/AvenirLTStd-Light.ttf?v=90833473325488820281771850553 @ https://aromawax.eu/pt/apps/deluxe/account/login:0
[    9610ms] [WARNING] OTS parsing error: BASE: misaligned table @ https://aromawax.eu/pt/apps/deluxe/account/login:0
[    9610ms] [WARNING] Failed to decode downloaded font: https://aromawax.eu/cdn/shop/t/29/assets/AvenirLTStd-Heavy.woff2?v=100181975222566383851771850553 @ https://aromawax.eu/pt/apps/deluxe/account/login:0
[    9610ms] [WARNING] OTS parsing error: Failed to convert WOFF 2.0 font to SFNT @ https://aromawax.eu/pt/apps/deluxe/account/login:0
[    9610ms] [WARNING] Failed to decode downloaded font: https://aromawax.eu/cdn/shop/t/29/assets/AvenirLTStd-Heavy.woff?v=49196535620247681531771850553 @ https://aromawax.eu/pt/apps/deluxe/account/login:0
[    9610ms] [WARNING] OTS parsing error: incorrect file size in WOFF header @ https://aromawax.eu/pt/apps/deluxe/account/login:0
[    9610ms] [WARNING] Failed to decode downloaded font: https://aromawax.eu/cdn/shop/t/29/assets/AvenirLTStd-Heavy.ttf?v=161065316383412791401771850553 @ https://aromawax.eu/pt/apps/deluxe/account/login:0
[    9610ms] [WARNING] OTS parsing error: BASE: misaligned table @ https://aromawax.eu/pt/apps/deluxe/account/login:0
[    9610ms] [WARNING] Failed to decode downloaded font: https://aromawax.eu/cdn/shop/t/29/assets/AvenirLTStd-Black.eot?v=61293692641208295061771850553 @ https://aromawax.eu/pt/apps/deluxe/account/login:0
[    9610ms] [WARNING] OTS parsing error: invalid sfntVersion: -272646794 @ https://aromawax.eu/pt/apps/deluxe/account/login:0
