[    1399ms] [WARNING] An import map rule for specifier '@app/main' was removed, as it conflicted with already resolved module specifiers. @ https://aromawax.eu/pt/products/winter-pines-velvet-petals-fragrance-oil-1?audit=3:0
[    1401ms] [WARNING] Failed to decode downloaded font: https://aromawax.eu/cdn/shop/t/31/assets/AvenirLTStd-Black.eot?v=61293692641208295061776204033 @ https://aromawax.eu/pt/products/winter-pines-velvet-petals-fragrance-oil-1?audit=3:0
[    1401ms] [WARNING] OTS parsing error: invalid sfntVersion: -272646794 @ https://aromawax.eu/pt/products/winter-pines-velvet-petals-fragrance-oil-1?audit=3:0
[    1401ms] [WARNING] Failed to decode downloaded font: https://aromawax.eu/cdn/shop/t/31/assets/AvenirLTStd-Black.eot?v=61293692641208295061776204033 @ https://aromawax.eu/cdn/shop/t/31/assets/theme.js?v=100010031149322404351776204560:44
[    1401ms] [WARNING] OTS parsing error: invalid sfntVersion: -272646794 @ https://aromawax.eu/cdn/shop/t/31/assets/theme.js?v=100010031149322404351776204560:44
[    1407ms] [WARNING] Failed to decode downloaded font: https://aromawax.eu/cdn/shop/t/31/assets/AvenirLTStd-Heavy.woff2?v=100181975222566383851776204033 @ https://aromawax.eu/pt/products/winter-pines-velvet-petals-fragrance-oil-1?audit=3:0
[    1407ms] [WARNING] OTS parsing error: Failed to convert WOFF 2.0 font to SFNT @ https://aromawax.eu/pt/products/winter-pines-velvet-petals-fragrance-oil-1?audit=3:0
[    1407ms] [WARNING] Failed to decode downloaded font: https://aromawax.eu/cdn/shop/t/31/assets/AvenirLTStd-Heavy.woff2?v=100181975222566383851776204033 @ https://aromawax.eu/pt/products/winter-pines-velvet-petals-fragrance-oil-1?audit=3:0
[    1407ms] [WARNING] OTS parsing error: Failed to convert WOFF 2.0 font to SFNT @ https://aromawax.eu/pt/products/winter-pines-velvet-petals-fragrance-oil-1?audit=3:0
[    1407ms] [WARNING] Failed to decode downloaded font: https://aromawax.eu/cdn/shop/t/31/assets/AvenirLTStd-Heavy.woff?v=49196535620247681531776204033 @ https://aromawax.eu/pt/products/winter-pines-velvet-petals-fragrance-oil-1?audit=3:0
[    1407ms] [WARNING] OTS parsing error: incorrect file size in WOFF header @ https://aromawax.eu/pt/products/winter-pines-velvet-petals-fragrance-oil-1?audit=3:0
[    1407ms] [WARNING] Failed to decode downloaded font: https://aromawax.eu/cdn/shop/t/31/assets/AvenirLTStd-Heavy.woff?v=49196535620247681531776204033 @ https://aromawax.eu/pt/products/winter-pines-velvet-petals-fragrance-oil-1?audit=3:0
[    1407ms] [WARNING] OTS parsing error: incorrect file size in WOFF header @ https://aromawax.eu/pt/products/winter-pines-velvet-petals-fragrance-oil-1?audit=3:0
[    1409ms] [WARNING] Failed to decode downloaded font: https://aromawax.eu/cdn/shop/t/31/assets/AvenirLTStd-Heavy.ttf?v=161065316383412791401776204033 @ https://aromawax.eu/pt/products/winter-pines-velvet-petals-fragrance-oil-1?audit=3:0
[    1409ms] [WARNING] OTS parsing error: BASE: misaligned table @ https://aromawax.eu/pt/products/winter-pines-velvet-petals-fragrance-oil-1?audit=3:0
[    1409ms] [WARNING] Failed to decode downloaded font: https://aromawax.eu/cdn/shop/t/31/assets/AvenirLTStd-Heavy.ttf?v=161065316383412791401776204033 @ https://aromawax.eu/pt/products/winter-pines-velvet-petals-fragrance-oil-1?audit=3:0
[    1409ms] [WARNING] OTS parsing error: BASE: misaligned table @ https://aromawax.eu/pt/products/winter-pines-velvet-petals-fragrance-oil-1?audit=3:0
[    1409ms] [LOG] %cCustomer Accounts Deluxe font-size: 18px; font-weight: bold; color: #fff; background: linear-gradient(90deg, #007bff, #00c6ff); padding: 6px 12px; border-radius: 5px; text-align: center; @ webpack://customer-account-deluxe/./extensions/customer-page/assets/cad_base.js?:39
[    1409ms] [LOG] 
 🔵 Seamless Shopify Integration

 🔵 Enhance Customer Experience with Custom Features

 🔵 Loyalty, Rewards, Social Login, Wishlist, Returns & Exchanges, Store Credits and Much More


 Learn more at: https://apps.shopify.com/customer-account-deluxe

 @ webpack://customer-account-deluxe/./extensions/customer-page/assets/cad_base.js?:40
[    1413ms] [LOG] existingToggle null @ https://cdn.shopify.com/extensions/019d67a4-5b06-743b-9c60-09feb0784e3c/final-price-72/assets/price-display.js:1202
[    1413ms] [LOG] existingToggle null @ https://cdn.shopify.com/extensions/019d67a4-5b06-743b-9c60-09feb0784e3c/final-price-72/assets/price-display.js:1202
[    1461ms] [WARNING] Failed to decode downloaded font: https://aromawax.eu/cdn/shop/t/31/assets/AvenirLTStd-Heavy.woff2?v=100181975222566383851776204033 @ https://aromawax.eu/pt/products/winter-pines-velvet-petals-fragrance-oil-1?audit=3:0
[    1461ms] [WARNING] OTS parsing error: Failed to convert WOFF 2.0 font to SFNT @ https://aromawax.eu/pt/products/winter-pines-velvet-petals-fragrance-oil-1?audit=3:0
[    1461ms] [WARNING] Failed to decode downloaded font: https://aromawax.eu/cdn/shop/t/31/assets/AvenirLTStd-Heavy.woff?v=49196535620247681531776204033 @ https://aromawax.eu/pt/products/winter-pines-velvet-petals-fragrance-oil-1?audit=3:0
[    1461ms] [WARNING] OTS parsing error: incorrect file size in WOFF header @ https://aromawax.eu/pt/products/winter-pines-velvet-petals-fragrance-oil-1?audit=3:0
[    1461ms] [WARNING] Failed to decode downloaded font: https://aromawax.eu/cdn/shop/t/31/assets/AvenirLTStd-Heavy.ttf?v=161065316383412791401776204033 @ https://aromawax.eu/pt/products/winter-pines-velvet-petals-fragrance-oil-1?audit=3:0
[    1461ms] [WARNING] OTS parsing error: BASE: misaligned table @ https://aromawax.eu/pt/products/winter-pines-velvet-petals-fragrance-oil-1?audit=3:0
[    1461ms] [WARNING] Failed to decode downloaded font: https://aromawax.eu/cdn/shop/t/31/assets/AvenirLTStd-Black.eot?v=61293692641208295061776204033 @ https://aromawax.eu/pt/products/winter-pines-velvet-petals-fragrance-oil-1?audit=3:0
[    1461ms] [WARNING] OTS parsing error: invalid sfntVersion: -272646794 @ https://aromawax.eu/pt/products/winter-pines-velvet-petals-fragrance-oil-1?audit=3:0
[    1474ms] [WARNING] Failed to decode downloaded font: https://aromawax.eu/cdn/shop/t/31/assets/AvenirLTStd-Heavy.woff2?v=100181975222566383851776204033 @ https://aromawax.eu/pt/products/winter-pines-velvet-petals-fragrance-oil-1?audit=3:0
[    1474ms] [WARNING] OTS parsing error: Failed to convert WOFF 2.0 font to SFNT @ https://aromawax.eu/pt/products/winter-pines-velvet-petals-fragrance-oil-1?audit=3:0
[    1474ms] [WARNING] Failed to decode downloaded font: https://aromawax.eu/cdn/shop/t/31/assets/AvenirLTStd-Heavy.woff?v=49196535620247681531776204033 @ https://aromawax.eu/pt/products/winter-pines-velvet-petals-fragrance-oil-1?audit=3:0
[    1474ms] [WARNING] OTS parsing error: incorrect file size in WOFF header @ https://aromawax.eu/pt/products/winter-pines-velvet-petals-fragrance-oil-1?audit=3:0
[    1474ms] [WARNING] Failed to decode downloaded font: https://aromawax.eu/cdn/shop/t/31/assets/AvenirLTStd-Heavy.ttf?v=161065316383412791401776204033 @ https://aromawax.eu/pt/products/winter-pines-velvet-petals-fragrance-oil-1?audit=3:0
[    1474ms] [WARNING] OTS parsing error: BASE: misaligned table @ https://aromawax.eu/pt/products/winter-pines-velvet-petals-fragrance-oil-1?audit=3:0
[    1474ms] [WARNING] Failed to decode downloaded font: https://aromawax.eu/cdn/shop/t/31/assets/AvenirLTStd-Black.eot?v=61293692641208295061776204033 @ https://aromawax.eu/pt/products/winter-pines-velvet-petals-fragrance-oil-1?audit=3:0
[    1474ms] [WARNING] OTS parsing error: invalid sfntVersion: -272646794 @ https://aromawax.eu/pt/products/winter-pines-velvet-petals-fragrance-oil-1?audit=3:0
[    1488ms] [WARNING] Failed to decode downloaded font: https://aromawax.eu/cdn/shop/t/31/assets/AvenirLTStd-Heavy.woff2?v=100181975222566383851776204033 @ https://aromawax.eu/pt/products/winter-pines-velvet-petals-fragrance-oil-1?audit=3:0
[    1488ms] [WARNING] OTS parsing error: Failed to convert WOFF 2.0 font to SFNT @ https://aromawax.eu/pt/products/winter-pines-velvet-petals-fragrance-oil-1?audit=3:0
[    1488ms] [WARNING] Failed to decode downloaded font: https://aromawax.eu/cdn/shop/t/31/assets/AvenirLTStd-Heavy.woff?v=49196535620247681531776204033 @ https://aromawax.eu/pt/products/winter-pines-velvet-petals-fragrance-oil-1?audit=3:0
[    1488ms] [WARNING] OTS parsing error: incorrect file size in WOFF header @ https://aromawax.eu/pt/products/winter-pines-velvet-petals-fragrance-oil-1?audit=3:0
[    1488ms] [WARNING] Failed to decode downloaded font: https://aromawax.eu/cdn/shop/t/31/assets/AvenirLTStd-Heavy.ttf?v=161065316383412791401776204033 @ https://aromawax.eu/pt/products/winter-pines-velvet-petals-fragrance-oil-1?audit=3:0
[    1488ms] [WARNING] OTS parsing error: BASE: misaligned table @ https://aromawax.eu/pt/products/winter-pines-velvet-petals-fragrance-oil-1?audit=3:0
[    1488ms] [WARNING] Failed to decode downloaded font: https://aromawax.eu/cdn/shop/t/31/assets/AvenirLTStd-Black.eot?v=61293692641208295061776204033 @ https://aromawax.eu/pt/products/winter-pines-velvet-petals-fragrance-oil-1?audit=3:0
[    1488ms] [WARNING] OTS parsing error: invalid sfntVersion: -272646794 @ https://aromawax.eu/pt/products/winter-pines-velvet-petals-fragrance-oil-1?audit=3:0
[    1509ms] [WARNING] Failed to decode downloaded font: https://aromawax.eu/cdn/shop/t/31/assets/AvenirLTStd-Heavy.woff2?v=100181975222566383851776204033 @ https://aromawax.eu/pt/products/winter-pines-velvet-petals-fragrance-oil-1?audit=3:0
[    1509ms] [WARNING] OTS parsing error: Failed to convert WOFF 2.0 font to SFNT @ https://aromawax.eu/pt/products/winter-pines-velvet-petals-fragrance-oil-1?audit=3:0
[    1509ms] [WARNING] Failed to decode downloaded font: https://aromawax.eu/cdn/shop/t/31/assets/AvenirLTStd-Heavy.woff?v=49196535620247681531776204033 @ https://aromawax.eu/pt/products/winter-pines-velvet-petals-fragrance-oil-1?audit=3:0
[    1509ms] [WARNING] OTS parsing error: incorrect file size in WOFF header @ https://aromawax.eu/pt/products/winter-pines-velvet-petals-fragrance-oil-1?audit=3:0
[    1509ms] [WARNING] Failed to decode downloaded font: https://aromawax.eu/cdn/shop/t/31/assets/AvenirLTStd-Heavy.ttf?v=161065316383412791401776204033 @ https://aromawax.eu/pt/products/winter-pines-velvet-petals-fragrance-oil-1?audit=3:0
[    1509ms] [WARNING] OTS parsing error: BASE: misaligned table @ https://aromawax.eu/pt/products/winter-pines-velvet-petals-fragrance-oil-1?audit=3:0
[    1509ms] [WARNING] Failed to decode downloaded font: https://aromawax.eu/cdn/shop/t/31/assets/AvenirLTStd-Black.eot?v=61293692641208295061776204033 @ https://aromawax.eu/pt/products/winter-pines-velvet-petals-fragrance-oil-1?audit=3:0
[    1509ms] [WARNING] OTS parsing error: invalid sfntVersion: -272646794 @ https://aromawax.eu/pt/products/winter-pines-velvet-petals-fragrance-oil-1?audit=3:0
[    1515ms] [WARNING] Failed to decode downloaded font: https://aromawax.eu/cdn/shop/t/31/assets/AvenirLTStd-Heavy.woff2?v=100181975222566383851776204033 @ :2
[    1515ms] [WARNING] OTS parsing error: Failed to convert WOFF 2.0 font to SFNT @ :2
[    1515ms] [WARNING] Failed to decode downloaded font: https://aromawax.eu/cdn/shop/t/31/assets/AvenirLTStd-Heavy.woff?v=49196535620247681531776204033 @ :2
[    1515ms] [WARNING] OTS parsing error: incorrect file size in WOFF header @ :2
[    1515ms] [WARNING] Failed to decode downloaded font: https://aromawax.eu/cdn/shop/t/31/assets/AvenirLTStd-Heavy.ttf?v=161065316383412791401776204033 @ :2
[    1515ms] [WARNING] OTS parsing error: BASE: misaligned table @ :2
[    1516ms] [WARNING] Failed to decode downloaded font: https://aromawax.eu/cdn/shop/t/31/assets/AvenirLTStd-Black.eot?v=61293692641208295061776204033 @ :2
[    1516ms] [WARNING] OTS parsing error: invalid sfntVersion: -272646794 @ :2
[    1951ms] [ERROR] Failed to load resource: the server responded with a status of 403 () @ chrome-error://chromewebdata/:0
[    1956ms] [ERROR] Framing 'https://shop.app/' violates the following Content Security Policy directive: "frame-ancestors 'self' https://shop.app https://admin.shopify.com". The request has been blocked.
 @ :0
[    2798ms] [WARNING] Failed to decode downloaded font: https://aromawax.eu/cdn/shop/t/31/assets/AvenirLTStd-Heavy.woff2?v=100181975222566383851776204033 @ https://cdn.shopify.com/extensions/019d8a13-ee60-75d7-ae0f-514ac36f9789/localizing-254/assets/floating-selector.js:0
[    2798ms] [WARNING] OTS parsing error: Failed to convert WOFF 2.0 font to SFNT @ https://cdn.shopify.com/extensions/019d8a13-ee60-75d7-ae0f-514ac36f9789/localizing-254/assets/floating-selector.js:0
[    2798ms] [WARNING] Failed to decode downloaded font: https://aromawax.eu/cdn/shop/t/31/assets/AvenirLTStd-Heavy.woff?v=49196535620247681531776204033 @ https://cdn.shopify.com/extensions/019d8a13-ee60-75d7-ae0f-514ac36f9789/localizing-254/assets/floating-selector.js:0
[    2798ms] [WARNING] OTS parsing error: incorrect file size in WOFF header @ https://cdn.shopify.com/extensions/019d8a13-ee60-75d7-ae0f-514ac36f9789/localizing-254/assets/floating-selector.js:0
[    2798ms] [WARNING] Failed to decode downloaded font: https://aromawax.eu/cdn/shop/t/31/assets/AvenirLTStd-Heavy.ttf?v=161065316383412791401776204033 @ https://cdn.shopify.com/extensions/019d8a13-ee60-75d7-ae0f-514ac36f9789/localizing-254/assets/floating-selector.js:0
[    2798ms] [WARNING] OTS parsing error: BASE: misaligned table @ https://cdn.shopify.com/extensions/019d8a13-ee60-75d7-ae0f-514ac36f9789/localizing-254/assets/floating-selector.js:0
[    2798ms] [WARNING] Failed to decode downloaded font: https://aromawax.eu/cdn/shop/t/31/assets/AvenirLTStd-Black.eot?v=61293692641208295061776204033 @ https://cdn.shopify.com/extensions/019d8a13-ee60-75d7-ae0f-514ac36f9789/localizing-254/assets/floating-selector.js:0
[    2798ms] [WARNING] OTS parsing error: invalid sfntVersion: -272646794 @ https://cdn.shopify.com/extensions/019d8a13-ee60-75d7-ae0f-514ac36f9789/localizing-254/assets/floating-selector.js:0
[    4540ms] [LOG] Intercom whoami never became available @ :32
[    4797ms] [LOG] Intercom whoami never became available @ :32
