[     993ms] [WARNING] Failed to decode downloaded font: https://aromawax.eu/cdn/shop/t/29/assets/AvenirLTStd-Black.eot?v=61293692641208295061771850553 @ https://aromawax.eu/pt/collections/all-fragrance-oils:6533
[     993ms] [WARNING] OTS parsing error: invalid sfntVersion: -272646794 @ https://aromawax.eu/pt/collections/all-fragrance-oils:6533
[    1000ms] [WARNING] Failed to decode downloaded font: https://aromawax.eu/cdn/shop/t/29/assets/AvenirLTStd-Heavy.woff2?v=100181975222566383851771850553 @ https://aromawax.eu/pt/collections/all-fragrance-oils:6533
[    1000ms] [WARNING] OTS parsing error: Failed to convert WOFF 2.0 font to SFNT @ https://aromawax.eu/pt/collections/all-fragrance-oils:6533
[    1001ms] [WARNING] Failed to decode downloaded font: https://aromawax.eu/cdn/shop/t/29/assets/AvenirLTStd-Heavy.woff?v=49196535620247681531771850553 @ https://aromawax.eu/pt/collections/all-fragrance-oils:6533
[    1001ms] [WARNING] OTS parsing error: incorrect file size in WOFF header @ https://aromawax.eu/pt/collections/all-fragrance-oils:6533
[    1001ms] [WARNING] Failed to decode downloaded font: https://aromawax.eu/cdn/shop/t/29/assets/AvenirLTStd-Heavy.ttf?v=161065316383412791401771850553 @ https://aromawax.eu/pt/collections/all-fragrance-oils:6533
[    1001ms] [WARNING] OTS parsing error: BASE: misaligned table @ https://aromawax.eu/pt/collections/all-fragrance-oils:6533
[    1013ms] [WARNING] An import map rule for specifier '@app/main' was removed, as it conflicted with already resolved module specifiers. @ https://aromawax.eu/pt/collections/all-fragrance-oils:0
[    1042ms] [WARNING] Failed to decode downloaded font: https://aromawax.eu/cdn/shop/t/29/assets/AvenirLTStd-Heavy.woff2?v=100181975222566383851771850553 @ https://aromawax.eu/pt/collections/all-fragrance-oils:9886
[    1042ms] [WARNING] OTS parsing error: Failed to convert WOFF 2.0 font to SFNT @ https://aromawax.eu/pt/collections/all-fragrance-oils:9886
[    1042ms] [WARNING] Failed to decode downloaded font: https://aromawax.eu/cdn/shop/t/29/assets/AvenirLTStd-Heavy.woff?v=49196535620247681531771850553 @ https://aromawax.eu/pt/collections/all-fragrance-oils:9886
[    1042ms] [WARNING] OTS parsing error: incorrect file size in WOFF header @ https://aromawax.eu/pt/collections/all-fragrance-oils:9886
[    1042ms] [WARNING] Failed to decode downloaded font: https://aromawax.eu/cdn/shop/t/29/assets/AvenirLTStd-Heavy.ttf?v=161065316383412791401771850553 @ https://aromawax.eu/pt/collections/all-fragrance-oils:9886
[    1042ms] [WARNING] OTS parsing error: BASE: misaligned table @ https://aromawax.eu/pt/collections/all-fragrance-oils:9886
[    1042ms] [WARNING] Failed to decode downloaded font: https://aromawax.eu/cdn/shop/t/29/assets/AvenirLTStd-Black.eot?v=61293692641208295061771850553 @ https://aromawax.eu/pt/collections/all-fragrance-oils:9886
[    1042ms] [WARNING] OTS parsing error: invalid sfntVersion: -272646794 @ https://aromawax.eu/pt/collections/all-fragrance-oils:9886
[    1070ms] [LOG] %cCustomer Accounts Deluxe font-size: 18px; font-weight: bold; color: #fff; background: linear-gradient(90deg, #007bff, #00c6ff); padding: 6px 12px; border-radius: 5px; text-align: center; @ webpack://customer-account-deluxe/./extensions/customer-page/assets/cad_base.js?:39
[    1070ms] [LOG] 
 🔵 Seamless Shopify Integration

 🔵 Enhance Customer Experience with Custom Features

 🔵 Loyalty, Rewards, Social Login, Wishlist, Returns & Exchanges, Store Credits and Much More


 Learn more at: https://apps.shopify.com/customer-account-deluxe

 @ webpack://customer-account-deluxe/./extensions/customer-page/assets/cad_base.js?:40
[    1074ms] [LOG] existingToggle null @ https://cdn.shopify.com/extensions/019d67a4-5b06-743b-9c60-09feb0784e3c/final-price-72/assets/price-display.js:1202
[    1074ms] [LOG] existingToggle null @ https://cdn.shopify.com/extensions/019d67a4-5b06-743b-9c60-09feb0784e3c/final-price-72/assets/price-display.js:1202
[    1117ms] [WARNING] Failed to decode downloaded font: https://aromawax.eu/cdn/shop/t/29/assets/AvenirLTStd-Heavy.woff2?v=100181975222566383851771850553 @ https://aromawax.eu/pt/collections/all-fragrance-oils:0
[    1117ms] [WARNING] OTS parsing error: Failed to convert WOFF 2.0 font to SFNT @ https://aromawax.eu/pt/collections/all-fragrance-oils:0
[    1117ms] [WARNING] Failed to decode downloaded font: https://aromawax.eu/cdn/shop/t/29/assets/AvenirLTStd-Heavy.woff?v=49196535620247681531771850553 @ https://aromawax.eu/pt/collections/all-fragrance-oils:0
[    1117ms] [WARNING] OTS parsing error: incorrect file size in WOFF header @ https://aromawax.eu/pt/collections/all-fragrance-oils:0
[    1117ms] [WARNING] Failed to decode downloaded font: https://aromawax.eu/cdn/shop/t/29/assets/AvenirLTStd-Heavy.ttf?v=161065316383412791401771850553 @ https://aromawax.eu/pt/collections/all-fragrance-oils:0
[    1117ms] [WARNING] OTS parsing error: BASE: misaligned table @ https://aromawax.eu/pt/collections/all-fragrance-oils:0
[    1117ms] [WARNING] Failed to decode downloaded font: https://aromawax.eu/cdn/shop/t/29/assets/AvenirLTStd-Black.eot?v=61293692641208295061771850553 @ https://aromawax.eu/pt/collections/all-fragrance-oils:0
[    1117ms] [WARNING] OTS parsing error: invalid sfntVersion: -272646794 @ https://aromawax.eu/pt/collections/all-fragrance-oils:0
[    1165ms] [WARNING] Failed to decode downloaded font: https://aromawax.eu/cdn/shop/t/29/assets/AvenirLTStd-Heavy.woff2?v=100181975222566383851771850553 @ https://aromawax.eu/pt/collections/all-fragrance-oils:0
[    1165ms] [WARNING] OTS parsing error: Failed to convert WOFF 2.0 font to SFNT @ https://aromawax.eu/pt/collections/all-fragrance-oils:0
[    1165ms] [WARNING] Failed to decode downloaded font: https://aromawax.eu/cdn/shop/t/29/assets/AvenirLTStd-Heavy.woff?v=49196535620247681531771850553 @ https://aromawax.eu/pt/collections/all-fragrance-oils:0
[    1165ms] [WARNING] OTS parsing error: incorrect file size in WOFF header @ https://aromawax.eu/pt/collections/all-fragrance-oils:0
[    1165ms] [WARNING] Failed to decode downloaded font: https://aromawax.eu/cdn/shop/t/29/assets/AvenirLTStd-Heavy.ttf?v=161065316383412791401771850553 @ https://aromawax.eu/pt/collections/all-fragrance-oils:0
[    1165ms] [WARNING] OTS parsing error: BASE: misaligned table @ https://aromawax.eu/pt/collections/all-fragrance-oils:0
[    1165ms] [WARNING] Failed to decode downloaded font: https://aromawax.eu/cdn/shop/t/29/assets/AvenirLTStd-Black.eot?v=61293692641208295061771850553 @ https://aromawax.eu/pt/collections/all-fragrance-oils:0
[    1165ms] [WARNING] OTS parsing error: invalid sfntVersion: -272646794 @ https://aromawax.eu/pt/collections/all-fragrance-oils:0
[    1194ms] [WARNING] Failed to decode downloaded font: https://aromawax.eu/cdn/shop/t/29/assets/AvenirLTStd-Heavy.woff2?v=100181975222566383851771850553 @ https://aromawax.eu/pt/collections/all-fragrance-oils:0
[    1194ms] [WARNING] OTS parsing error: Failed to convert WOFF 2.0 font to SFNT @ https://aromawax.eu/pt/collections/all-fragrance-oils:0
[    1194ms] [WARNING] Failed to decode downloaded font: https://aromawax.eu/cdn/shop/t/29/assets/AvenirLTStd-Heavy.woff?v=49196535620247681531771850553 @ https://aromawax.eu/pt/collections/all-fragrance-oils:0
[    1194ms] [WARNING] OTS parsing error: incorrect file size in WOFF header @ https://aromawax.eu/pt/collections/all-fragrance-oils:0
[    1194ms] [WARNING] Failed to decode downloaded font: https://aromawax.eu/cdn/shop/t/29/assets/AvenirLTStd-Heavy.ttf?v=161065316383412791401771850553 @ https://aromawax.eu/pt/collections/all-fragrance-oils:0
[    1194ms] [WARNING] OTS parsing error: BASE: misaligned table @ https://aromawax.eu/pt/collections/all-fragrance-oils:0
[    1194ms] [WARNING] Failed to decode downloaded font: https://aromawax.eu/cdn/shop/t/29/assets/AvenirLTStd-Black.eot?v=61293692641208295061771850553 @ https://aromawax.eu/pt/collections/all-fragrance-oils:0
[    1194ms] [WARNING] OTS parsing error: invalid sfntVersion: -272646794 @ https://aromawax.eu/pt/collections/all-fragrance-oils:0
[    1445ms] [WARNING] Failed to decode downloaded font: https://aromawax.eu/cdn/shop/t/29/assets/AvenirLTStd-Heavy.woff2?v=100181975222566383851771850553 @ https://aromawax.eu/pt/collections/all-fragrance-oils:0
[    1445ms] [WARNING] OTS parsing error: Failed to convert WOFF 2.0 font to SFNT @ https://aromawax.eu/pt/collections/all-fragrance-oils:0
[    1445ms] [WARNING] Failed to decode downloaded font: https://aromawax.eu/cdn/shop/t/29/assets/AvenirLTStd-Heavy.woff?v=49196535620247681531771850553 @ https://aromawax.eu/pt/collections/all-fragrance-oils:0
[    1445ms] [WARNING] OTS parsing error: incorrect file size in WOFF header @ https://aromawax.eu/pt/collections/all-fragrance-oils:0
[    1445ms] [WARNING] Failed to decode downloaded font: https://aromawax.eu/cdn/shop/t/29/assets/AvenirLTStd-Heavy.ttf?v=161065316383412791401771850553 @ https://aromawax.eu/pt/collections/all-fragrance-oils:0
[    1445ms] [WARNING] OTS parsing error: BASE: misaligned table @ https://aromawax.eu/pt/collections/all-fragrance-oils:0
[    1445ms] [WARNING] Failed to decode downloaded font: https://aromawax.eu/cdn/shop/t/29/assets/AvenirLTStd-Black.eot?v=61293692641208295061771850553 @ https://aromawax.eu/pt/collections/all-fragrance-oils:0
[    1445ms] [WARNING] OTS parsing error: invalid sfntVersion: -272646794 @ https://aromawax.eu/pt/collections/all-fragrance-oils:0
[    1454ms] [WARNING] Failed to decode downloaded font: https://aromawax.eu/cdn/shop/t/29/assets/AvenirLTStd-Roman.woff2?v=151369584661543143081771850553 @ https://aromawax.eu/pt/collections/all-fragrance-oils:0
[    1454ms] [WARNING] OTS parsing error: Size of decompressed WOFF 2.0 is less than compressed size @ https://aromawax.eu/pt/collections/all-fragrance-oils:0
[    1454ms] [WARNING] Failed to decode downloaded font: https://aromawax.eu/cdn/shop/t/29/assets/AvenirLTStd-Roman.woff2?v=151369584661543143081771850553 @ https://aromawax.eu/pt/collections/all-fragrance-oils:0
[    1454ms] [WARNING] OTS parsing error: Size of decompressed WOFF 2.0 is less than compressed size @ https://aromawax.eu/pt/collections/all-fragrance-oils:0
[    1454ms] [WARNING] Failed to decode downloaded font: https://aromawax.eu/cdn/shop/t/29/assets/AvenirLTStd-Roman.woff2?v=151369584661543143081771850553 @ https://aromawax.eu/pt/collections/all-fragrance-oils:0
[    1454ms] [WARNING] OTS parsing error: Size of decompressed WOFF 2.0 is less than compressed size @ https://aromawax.eu/pt/collections/all-fragrance-oils:0
[    1454ms] [WARNING] Failed to decode downloaded font: https://aromawax.eu/cdn/shop/t/29/assets/AvenirLTStd-Roman.woff2?v=151369584661543143081771850553 @ https://aromawax.eu/pt/collections/all-fragrance-oils:0
[    1454ms] [WARNING] OTS parsing error: Size of decompressed WOFF 2.0 is less than compressed size @ https://aromawax.eu/pt/collections/all-fragrance-oils:0
[    1454ms] [WARNING] Failed to decode downloaded font: https://aromawax.eu/cdn/shop/t/29/assets/AvenirLTStd-Roman.woff2?v=151369584661543143081771850553 @ https://aromawax.eu/pt/collections/all-fragrance-oils:0
[    1454ms] [WARNING] OTS parsing error: Size of decompressed WOFF 2.0 is less than compressed size @ https://aromawax.eu/pt/collections/all-fragrance-oils:0
[    1454ms] [WARNING] Failed to decode downloaded font: https://aromawax.eu/cdn/shop/t/29/assets/AvenirLTStd-Roman.woff2?v=151369584661543143081771850553 @ https://aromawax.eu/pt/collections/all-fragrance-oils:0
[    1454ms] [WARNING] OTS parsing error: Size of decompressed WOFF 2.0 is less than compressed size @ https://aromawax.eu/pt/collections/all-fragrance-oils:0
[    1456ms] [WARNING] Failed to decode downloaded font: https://aromawax.eu/cdn/shop/t/29/assets/AvenirLTStd-Roman.woff?v=77020652039345579431771850553 @ https://aromawax.eu/pt/collections/all-fragrance-oils:0
[    1456ms] [WARNING] OTS parsing error: incorrect file size in WOFF header @ https://aromawax.eu/pt/collections/all-fragrance-oils:0
[    1456ms] [WARNING] Failed to decode downloaded font: https://aromawax.eu/cdn/shop/t/29/assets/AvenirLTStd-Roman.woff?v=77020652039345579431771850553 @ https://aromawax.eu/pt/collections/all-fragrance-oils:0
[    1456ms] [WARNING] OTS parsing error: incorrect file size in WOFF header @ https://aromawax.eu/pt/collections/all-fragrance-oils:0
[    1456ms] [WARNING] Failed to decode downloaded font: https://aromawax.eu/cdn/shop/t/29/assets/AvenirLTStd-Roman.woff?v=77020652039345579431771850553 @ https://aromawax.eu/pt/collections/all-fragrance-oils:0
[    1456ms] [WARNING] OTS parsing error: incorrect file size in WOFF header @ https://aromawax.eu/pt/collections/all-fragrance-oils:0
[    1456ms] [WARNING] Failed to decode downloaded font: https://aromawax.eu/cdn/shop/t/29/assets/AvenirLTStd-Roman.woff?v=77020652039345579431771850553 @ https://aromawax.eu/pt/collections/all-fragrance-oils:0
[    1456ms] [WARNING] OTS parsing error: incorrect file size in WOFF header @ https://aromawax.eu/pt/collections/all-fragrance-oils:0
[    1456ms] [WARNING] Failed to decode downloaded font: https://aromawax.eu/cdn/shop/t/29/assets/AvenirLTStd-Roman.woff?v=77020652039345579431771850553 @ https://aromawax.eu/pt/collections/all-fragrance-oils:0
[    1456ms] [WARNING] OTS parsing error: incorrect file size in WOFF header @ https://aromawax.eu/pt/collections/all-fragrance-oils:0
[    1456ms] [WARNING] Failed to decode downloaded font: https://aromawax.eu/cdn/shop/t/29/assets/AvenirLTStd-Roman.woff?v=77020652039345579431771850553 @ https://aromawax.eu/pt/collections/all-fragrance-oils:0
[    1456ms] [WARNING] OTS parsing error: incorrect file size in WOFF header @ https://aromawax.eu/pt/collections/all-fragrance-oils:0
[    1464ms] [WARNING] Failed to decode downloaded font: https://aromawax.eu/cdn/shop/t/29/assets/AvenirLTStd-Roman.ttf?v=168653738910245139531771850553 @ https://aromawax.eu/pt/collections/all-fragrance-oils:0
[    1464ms] [WARNING] OTS parsing error: FFTM: invalid table offset @ https://aromawax.eu/pt/collections/all-fragrance-oils:0
[    1464ms] [WARNING] Failed to decode downloaded font: https://aromawax.eu/cdn/shop/t/29/assets/AvenirLTStd-Roman.ttf?v=168653738910245139531771850553 @ https://aromawax.eu/pt/collections/all-fragrance-oils:0
[    1464ms] [WARNING] OTS parsing error: FFTM: invalid table offset @ https://aromawax.eu/pt/collections/all-fragrance-oils:0
[    1464ms] [WARNING] Failed to decode downloaded font: https://aromawax.eu/cdn/shop/t/29/assets/AvenirLTStd-Roman.ttf?v=168653738910245139531771850553 @ https://aromawax.eu/pt/collections/all-fragrance-oils:0
[    1464ms] [WARNING] OTS parsing error: FFTM: invalid table offset @ https://aromawax.eu/pt/collections/all-fragrance-oils:0
[    1464ms] [WARNING] Failed to decode downloaded font: https://aromawax.eu/cdn/shop/t/29/assets/AvenirLTStd-Roman.ttf?v=168653738910245139531771850553 @ https://aromawax.eu/pt/collections/all-fragrance-oils:0
[    1464ms] [WARNING] OTS parsing error: FFTM: invalid table offset @ https://aromawax.eu/pt/collections/all-fragrance-oils:0
[    1464ms] [WARNING] Failed to decode downloaded font: https://aromawax.eu/cdn/shop/t/29/assets/AvenirLTStd-Roman.ttf?v=168653738910245139531771850553 @ https://aromawax.eu/pt/collections/all-fragrance-oils:0
[    1464ms] [WARNING] OTS parsing error: FFTM: invalid table offset @ https://aromawax.eu/pt/collections/all-fragrance-oils:0
[    1464ms] [WARNING] Failed to decode downloaded font: https://aromawax.eu/cdn/shop/t/29/assets/AvenirLTStd-Roman.ttf?v=168653738910245139531771850553 @ https://aromawax.eu/pt/collections/all-fragrance-oils:0
[    1464ms] [WARNING] OTS parsing error: FFTM: invalid table offset @ https://aromawax.eu/pt/collections/all-fragrance-oils:0
[    1658ms] [ERROR] Failed to load resource: the server responded with a status of 403 () @ chrome-error://chromewebdata/:0
[    1671ms] [ERROR] Framing 'https://shop.app/' violates the following Content Security Policy directive: "frame-ancestors 'self' https://shop.app https://admin.shopify.com". The request has been blocked.
 @ :0
[    2122ms] [WARNING] Failed to decode downloaded font: https://aromawax.eu/cdn/shop/t/29/assets/AvenirLTStd-Roman.woff2?v=151369584661543143081771850553 @ https://cdn.shopify.com/extensions/019d8a13-ee60-75d7-ae0f-514ac36f9789/localizing-254/assets/floating-selector.js:0
[    2123ms] [WARNING] OTS parsing error: Size of decompressed WOFF 2.0 is less than compressed size @ https://cdn.shopify.com/extensions/019d8a13-ee60-75d7-ae0f-514ac36f9789/localizing-254/assets/floating-selector.js:0
[    2123ms] [WARNING] Failed to decode downloaded font: https://aromawax.eu/cdn/shop/t/29/assets/AvenirLTStd-Roman.woff?v=77020652039345579431771850553 @ https://cdn.shopify.com/extensions/019d8a13-ee60-75d7-ae0f-514ac36f9789/localizing-254/assets/floating-selector.js:0
[    2123ms] [WARNING] OTS parsing error: incorrect file size in WOFF header @ https://cdn.shopify.com/extensions/019d8a13-ee60-75d7-ae0f-514ac36f9789/localizing-254/assets/floating-selector.js:0
[    2123ms] [WARNING] Failed to decode downloaded font: https://aromawax.eu/cdn/shop/t/29/assets/AvenirLTStd-Roman.ttf?v=168653738910245139531771850553 @ https://cdn.shopify.com/extensions/019d8a13-ee60-75d7-ae0f-514ac36f9789/localizing-254/assets/floating-selector.js:0
[    2123ms] [WARNING] OTS parsing error: FFTM: invalid table offset @ https://cdn.shopify.com/extensions/019d8a13-ee60-75d7-ae0f-514ac36f9789/localizing-254/assets/floating-selector.js:0
[    2123ms] [WARNING] Failed to decode downloaded font: https://aromawax.eu/cdn/shop/t/29/assets/AvenirLTStd-Heavy.woff2?v=100181975222566383851771850553 @ https://cdn.shopify.com/extensions/019d8a13-ee60-75d7-ae0f-514ac36f9789/localizing-254/assets/floating-selector.js:0
[    2123ms] [WARNING] OTS parsing error: Failed to convert WOFF 2.0 font to SFNT @ https://cdn.shopify.com/extensions/019d8a13-ee60-75d7-ae0f-514ac36f9789/localizing-254/assets/floating-selector.js:0
[    2123ms] [WARNING] Failed to decode downloaded font: https://aromawax.eu/cdn/shop/t/29/assets/AvenirLTStd-Heavy.woff?v=49196535620247681531771850553 @ https://cdn.shopify.com/extensions/019d8a13-ee60-75d7-ae0f-514ac36f9789/localizing-254/assets/floating-selector.js:0
[    2123ms] [WARNING] OTS parsing error: incorrect file size in WOFF header @ https://cdn.shopify.com/extensions/019d8a13-ee60-75d7-ae0f-514ac36f9789/localizing-254/assets/floating-selector.js:0
[    2123ms] [WARNING] Failed to decode downloaded font: https://aromawax.eu/cdn/shop/t/29/assets/AvenirLTStd-Heavy.ttf?v=161065316383412791401771850553 @ https://cdn.shopify.com/extensions/019d8a13-ee60-75d7-ae0f-514ac36f9789/localizing-254/assets/floating-selector.js:0
[    2123ms] [WARNING] OTS parsing error: BASE: misaligned table @ https://cdn.shopify.com/extensions/019d8a13-ee60-75d7-ae0f-514ac36f9789/localizing-254/assets/floating-selector.js:0
[    2123ms] [WARNING] Failed to decode downloaded font: https://aromawax.eu/cdn/shop/t/29/assets/AvenirLTStd-Black.eot?v=61293692641208295061771850553 @ https://cdn.shopify.com/extensions/019d8a13-ee60-75d7-ae0f-514ac36f9789/localizing-254/assets/floating-selector.js:0
[    2123ms] [WARNING] OTS parsing error: invalid sfntVersion: -272646794 @ https://cdn.shopify.com/extensions/019d8a13-ee60-75d7-ae0f-514ac36f9789/localizing-254/assets/floating-selector.js:0
[    4095ms] [LOG] Intercom whoami never became available @ :32
[    4253ms] [LOG] Intercom whoami never became available @ :32
