[     537ms] [WARNING] Failed to decode downloaded font: https://aromawax.eu/cdn/shop/t/31/assets/AvenirLTStd-Black.eot?v=61293692641208295061776204033 @ https://aromawax.eu/pt/products/augeo-diffuser-base?linkcheck=4:4950
[     537ms] [WARNING] OTS parsing error: invalid sfntVersion: -272646794 @ https://aromawax.eu/pt/products/augeo-diffuser-base?linkcheck=4:4950
[     551ms] [WARNING] An import map rule for specifier '@app/main' was removed, as it conflicted with already resolved module specifiers. @ https://aromawax.eu/pt/products/augeo-diffuser-base?linkcheck=4:0
[     569ms] [WARNING] Failed to decode downloaded font: https://aromawax.eu/cdn/shop/t/31/assets/AvenirLTStd-Black.eot?v=61293692641208295061776204033 @ https://aromawax.eu/pt/products/augeo-diffuser-base?linkcheck=4:6877
[     569ms] [WARNING] OTS parsing error: invalid sfntVersion: -272646794 @ https://aromawax.eu/pt/products/augeo-diffuser-base?linkcheck=4:6877
[     579ms] [WARNING] Failed to decode downloaded font: https://aromawax.eu/cdn/shop/t/31/assets/AvenirLTStd-Heavy.woff2?v=100181975222566383851776204033 @ https://aromawax.eu/pt/products/augeo-diffuser-base?linkcheck=4:6877
[     579ms] [WARNING] OTS parsing error: Failed to convert WOFF 2.0 font to SFNT @ https://aromawax.eu/pt/products/augeo-diffuser-base?linkcheck=4:6877
[     579ms] [WARNING] Failed to decode downloaded font: https://aromawax.eu/cdn/shop/t/31/assets/AvenirLTStd-Heavy.woff2?v=100181975222566383851776204033 @ https://aromawax.eu/pt/products/augeo-diffuser-base?linkcheck=4:6877
[     579ms] [WARNING] OTS parsing error: Failed to convert WOFF 2.0 font to SFNT @ https://aromawax.eu/pt/products/augeo-diffuser-base?linkcheck=4:6877
[     615ms] [WARNING] Failed to decode downloaded font: https://aromawax.eu/cdn/shop/t/31/assets/AvenirLTStd-Heavy.woff?v=49196535620247681531776204033 @ https://aromawax.eu/pt/products/augeo-diffuser-base?linkcheck=4:0
[     615ms] [WARNING] OTS parsing error: incorrect file size in WOFF header @ https://aromawax.eu/pt/products/augeo-diffuser-base?linkcheck=4:0
[     615ms] [WARNING] Failed to decode downloaded font: https://aromawax.eu/cdn/shop/t/31/assets/AvenirLTStd-Heavy.woff?v=49196535620247681531776204033 @ https://aromawax.eu/pt/products/augeo-diffuser-base?linkcheck=4:0
[     615ms] [WARNING] OTS parsing error: incorrect file size in WOFF header @ https://aromawax.eu/pt/products/augeo-diffuser-base?linkcheck=4:0
[     622ms] [LOG] %cCustomer Accounts Deluxe font-size: 18px; font-weight: bold; color: #fff; background: linear-gradient(90deg, #007bff, #00c6ff); padding: 6px 12px; border-radius: 5px; text-align: center; @ webpack://customer-account-deluxe/./extensions/customer-page/assets/cad_base.js?:39
[     622ms] [LOG] 
 🔵 Seamless Shopify Integration

 🔵 Enhance Customer Experience with Custom Features

 🔵 Loyalty, Rewards, Social Login, Wishlist, Returns & Exchanges, Store Credits and Much More


 Learn more at: https://apps.shopify.com/customer-account-deluxe

 @ webpack://customer-account-deluxe/./extensions/customer-page/assets/cad_base.js?:40
[     644ms] [WARNING] Failed to decode downloaded font: https://aromawax.eu/cdn/shop/t/31/assets/AvenirLTStd-Heavy.ttf?v=161065316383412791401776204033 @ https://aromawax.eu/pt/products/augeo-diffuser-base?linkcheck=4:0
[     644ms] [WARNING] OTS parsing error: BASE: misaligned table @ https://aromawax.eu/pt/products/augeo-diffuser-base?linkcheck=4:0
[     644ms] [WARNING] Failed to decode downloaded font: https://aromawax.eu/cdn/shop/t/31/assets/AvenirLTStd-Heavy.ttf?v=161065316383412791401776204033 @ https://aromawax.eu/pt/products/augeo-diffuser-base?linkcheck=4:0
[     644ms] [WARNING] OTS parsing error: BASE: misaligned table @ https://aromawax.eu/pt/products/augeo-diffuser-base?linkcheck=4:0
[     649ms] [WARNING] [JM Loader] Data mismatch - Liquid hasRevamp: false JS sees: true {number_of_reviews: 9, average_rating: 5.00, review_translations: Object} @ https://cdn.shopify.com/extensions/019d8c1b-980b-774c-b13e-de3a1bd96ef8/judgeme-460/assets/loader.js:0
[     669ms] [WARNING] Failed to decode downloaded font: https://aromawax.eu/cdn/shop/t/31/assets/AvenirLTStd-Heavy.woff2?v=100181975222566383851776204033 @ https://aromawax.eu/pt/products/augeo-diffuser-base?linkcheck=4:0
[     669ms] [WARNING] OTS parsing error: Failed to convert WOFF 2.0 font to SFNT @ https://aromawax.eu/pt/products/augeo-diffuser-base?linkcheck=4:0
[     669ms] [WARNING] Failed to decode downloaded font: https://aromawax.eu/cdn/shop/t/31/assets/AvenirLTStd-Heavy.woff?v=49196535620247681531776204033 @ https://aromawax.eu/pt/products/augeo-diffuser-base?linkcheck=4:0
[     669ms] [WARNING] OTS parsing error: incorrect file size in WOFF header @ https://aromawax.eu/pt/products/augeo-diffuser-base?linkcheck=4:0
[     669ms] [WARNING] Failed to decode downloaded font: https://aromawax.eu/cdn/shop/t/31/assets/AvenirLTStd-Heavy.ttf?v=161065316383412791401776204033 @ https://aromawax.eu/pt/products/augeo-diffuser-base?linkcheck=4:0
[     669ms] [WARNING] OTS parsing error: BASE: misaligned table @ https://aromawax.eu/pt/products/augeo-diffuser-base?linkcheck=4:0
[     669ms] [WARNING] Failed to decode downloaded font: https://aromawax.eu/cdn/shop/t/31/assets/AvenirLTStd-Black.eot?v=61293692641208295061776204033 @ https://aromawax.eu/pt/products/augeo-diffuser-base?linkcheck=4:0
[     669ms] [WARNING] OTS parsing error: invalid sfntVersion: -272646794 @ https://aromawax.eu/pt/products/augeo-diffuser-base?linkcheck=4:0
[     689ms] [WARNING] Failed to decode downloaded font: https://aromawax.eu/cdn/shop/t/31/assets/AvenirLTStd-Roman.woff2?v=151369584661543143081776204033 @ https://aromawax.eu/pt/products/augeo-diffuser-base?linkcheck=4:0
[     689ms] [WARNING] OTS parsing error: Size of decompressed WOFF 2.0 is less than compressed size @ https://aromawax.eu/pt/products/augeo-diffuser-base?linkcheck=4:0
[     689ms] [WARNING] Failed to decode downloaded font: https://aromawax.eu/cdn/shop/t/31/assets/AvenirLTStd-Roman.woff2?v=151369584661543143081776204033 @ https://aromawax.eu/pt/products/augeo-diffuser-base?linkcheck=4:0
[     689ms] [WARNING] OTS parsing error: Size of decompressed WOFF 2.0 is less than compressed size @ https://aromawax.eu/pt/products/augeo-diffuser-base?linkcheck=4:0
[     689ms] [WARNING] Failed to decode downloaded font: https://aromawax.eu/cdn/shop/t/31/assets/AvenirLTStd-Roman.woff2?v=151369584661543143081776204033 @ https://aromawax.eu/pt/products/augeo-diffuser-base?linkcheck=4:0
[     689ms] [WARNING] OTS parsing error: Size of decompressed WOFF 2.0 is less than compressed size @ https://aromawax.eu/pt/products/augeo-diffuser-base?linkcheck=4:0
[     730ms] [WARNING] Failed to decode downloaded font: https://aromawax.eu/cdn/shop/t/31/assets/AvenirLTStd-Roman.woff2?v=151369584661543143081776204033 @ https://aromawax.eu/pt/products/augeo-diffuser-base?linkcheck=4:0
[     730ms] [WARNING] OTS parsing error: Size of decompressed WOFF 2.0 is less than compressed size @ https://aromawax.eu/pt/products/augeo-diffuser-base?linkcheck=4:0
[     730ms] [WARNING] Failed to decode downloaded font: https://aromawax.eu/cdn/shop/t/31/assets/AvenirLTStd-Heavy.woff2?v=100181975222566383851776204033 @ https://aromawax.eu/pt/products/augeo-diffuser-base?linkcheck=4:0
[     730ms] [WARNING] OTS parsing error: Failed to convert WOFF 2.0 font to SFNT @ https://aromawax.eu/pt/products/augeo-diffuser-base?linkcheck=4:0
[     730ms] [WARNING] Failed to decode downloaded font: https://aromawax.eu/cdn/shop/t/31/assets/AvenirLTStd-Heavy.woff?v=49196535620247681531776204033 @ https://aromawax.eu/pt/products/augeo-diffuser-base?linkcheck=4:0
[     730ms] [WARNING] OTS parsing error: incorrect file size in WOFF header @ https://aromawax.eu/pt/products/augeo-diffuser-base?linkcheck=4:0
[     730ms] [WARNING] Failed to decode downloaded font: https://aromawax.eu/cdn/shop/t/31/assets/AvenirLTStd-Heavy.ttf?v=161065316383412791401776204033 @ https://aromawax.eu/pt/products/augeo-diffuser-base?linkcheck=4:0
[     730ms] [WARNING] OTS parsing error: BASE: misaligned table @ https://aromawax.eu/pt/products/augeo-diffuser-base?linkcheck=4:0
[     730ms] [WARNING] Failed to decode downloaded font: https://aromawax.eu/cdn/shop/t/31/assets/AvenirLTStd-Black.eot?v=61293692641208295061776204033 @ https://aromawax.eu/pt/products/augeo-diffuser-base?linkcheck=4:0
[     730ms] [WARNING] OTS parsing error: invalid sfntVersion: -272646794 @ https://aromawax.eu/pt/products/augeo-diffuser-base?linkcheck=4:0
[     733ms] [WARNING] Failed to decode downloaded font: https://aromawax.eu/cdn/shop/t/31/assets/AvenirLTStd-Roman.woff?v=77020652039345579431776204033 @ https://aromawax.eu/pt/products/augeo-diffuser-base?linkcheck=4:0
[     733ms] [WARNING] OTS parsing error: incorrect file size in WOFF header @ https://aromawax.eu/pt/products/augeo-diffuser-base?linkcheck=4:0
[     733ms] [WARNING] Failed to decode downloaded font: https://aromawax.eu/cdn/shop/t/31/assets/AvenirLTStd-Roman.woff?v=77020652039345579431776204033 @ https://aromawax.eu/pt/products/augeo-diffuser-base?linkcheck=4:0
[     733ms] [WARNING] OTS parsing error: incorrect file size in WOFF header @ https://aromawax.eu/pt/products/augeo-diffuser-base?linkcheck=4:0
[     733ms] [WARNING] Failed to decode downloaded font: https://aromawax.eu/cdn/shop/t/31/assets/AvenirLTStd-Roman.woff?v=77020652039345579431776204033 @ https://aromawax.eu/pt/products/augeo-diffuser-base?linkcheck=4:0
[     733ms] [WARNING] OTS parsing error: incorrect file size in WOFF header @ https://aromawax.eu/pt/products/augeo-diffuser-base?linkcheck=4:0
[     733ms] [WARNING] Failed to decode downloaded font: https://aromawax.eu/cdn/shop/t/31/assets/AvenirLTStd-Roman.woff?v=77020652039345579431776204033 @ https://aromawax.eu/pt/products/augeo-diffuser-base?linkcheck=4:0
[     733ms] [WARNING] OTS parsing error: incorrect file size in WOFF header @ https://aromawax.eu/pt/products/augeo-diffuser-base?linkcheck=4:0
[     742ms] [WARNING] Failed to decode downloaded font: https://aromawax.eu/cdn/shop/t/31/assets/AvenirLTStd-Roman.woff2?v=151369584661543143081776204033 @ https://aromawax.eu/pt/products/augeo-diffuser-base?linkcheck=4:0
[     742ms] [WARNING] OTS parsing error: Size of decompressed WOFF 2.0 is less than compressed size @ https://aromawax.eu/pt/products/augeo-diffuser-base?linkcheck=4:0
[     742ms] [WARNING] Failed to decode downloaded font: https://aromawax.eu/cdn/shop/t/31/assets/AvenirLTStd-Roman.woff?v=77020652039345579431776204033 @ https://aromawax.eu/pt/products/augeo-diffuser-base?linkcheck=4:0
[     742ms] [WARNING] OTS parsing error: incorrect file size in WOFF header @ https://aromawax.eu/pt/products/augeo-diffuser-base?linkcheck=4:0
[     742ms] [WARNING] Failed to decode downloaded font: https://aromawax.eu/cdn/shop/t/31/assets/AvenirLTStd-Heavy.woff2?v=100181975222566383851776204033 @ https://aromawax.eu/pt/products/augeo-diffuser-base?linkcheck=4:0
[     742ms] [WARNING] OTS parsing error: Failed to convert WOFF 2.0 font to SFNT @ https://aromawax.eu/pt/products/augeo-diffuser-base?linkcheck=4:0
[     742ms] [WARNING] Failed to decode downloaded font: https://aromawax.eu/cdn/shop/t/31/assets/AvenirLTStd-Heavy.woff?v=49196535620247681531776204033 @ https://aromawax.eu/pt/products/augeo-diffuser-base?linkcheck=4:0
[     742ms] [WARNING] OTS parsing error: incorrect file size in WOFF header @ https://aromawax.eu/pt/products/augeo-diffuser-base?linkcheck=4:0
[     742ms] [WARNING] Failed to decode downloaded font: https://aromawax.eu/cdn/shop/t/31/assets/AvenirLTStd-Heavy.ttf?v=161065316383412791401776204033 @ https://aromawax.eu/pt/products/augeo-diffuser-base?linkcheck=4:0
[     742ms] [WARNING] OTS parsing error: BASE: misaligned table @ https://aromawax.eu/pt/products/augeo-diffuser-base?linkcheck=4:0
[     742ms] [WARNING] Failed to decode downloaded font: https://aromawax.eu/cdn/shop/t/31/assets/AvenirLTStd-Black.eot?v=61293692641208295061776204033 @ https://aromawax.eu/pt/products/augeo-diffuser-base?linkcheck=4:0
[     742ms] [WARNING] OTS parsing error: invalid sfntVersion: -272646794 @ https://aromawax.eu/pt/products/augeo-diffuser-base?linkcheck=4:0
[     773ms] [WARNING] Failed to decode downloaded font: https://aromawax.eu/cdn/shop/t/31/assets/AvenirLTStd-Roman.woff2?v=151369584661543143081776204033 @ https://aromawax.eu/pt/products/augeo-diffuser-base?linkcheck=4:0
[     773ms] [WARNING] OTS parsing error: Size of decompressed WOFF 2.0 is less than compressed size @ https://aromawax.eu/pt/products/augeo-diffuser-base?linkcheck=4:0
[     773ms] [WARNING] Failed to decode downloaded font: https://aromawax.eu/cdn/shop/t/31/assets/AvenirLTStd-Roman.woff?v=77020652039345579431776204033 @ https://aromawax.eu/pt/products/augeo-diffuser-base?linkcheck=4:0
[     773ms] [WARNING] OTS parsing error: incorrect file size in WOFF header @ https://aromawax.eu/pt/products/augeo-diffuser-base?linkcheck=4:0
[     773ms] [WARNING] Failed to decode downloaded font: https://aromawax.eu/cdn/shop/t/31/assets/AvenirLTStd-Heavy.woff2?v=100181975222566383851776204033 @ https://aromawax.eu/pt/products/augeo-diffuser-base?linkcheck=4:0
[     773ms] [WARNING] OTS parsing error: Failed to convert WOFF 2.0 font to SFNT @ https://aromawax.eu/pt/products/augeo-diffuser-base?linkcheck=4:0
[     773ms] [WARNING] Failed to decode downloaded font: https://aromawax.eu/cdn/shop/t/31/assets/AvenirLTStd-Heavy.woff?v=49196535620247681531776204033 @ https://aromawax.eu/pt/products/augeo-diffuser-base?linkcheck=4:0
[     773ms] [WARNING] OTS parsing error: incorrect file size in WOFF header @ https://aromawax.eu/pt/products/augeo-diffuser-base?linkcheck=4:0
[     773ms] [WARNING] Failed to decode downloaded font: https://aromawax.eu/cdn/shop/t/31/assets/AvenirLTStd-Heavy.ttf?v=161065316383412791401776204033 @ https://aromawax.eu/pt/products/augeo-diffuser-base?linkcheck=4:0
[     773ms] [WARNING] OTS parsing error: BASE: misaligned table @ https://aromawax.eu/pt/products/augeo-diffuser-base?linkcheck=4:0
[     773ms] [WARNING] Failed to decode downloaded font: https://aromawax.eu/cdn/shop/t/31/assets/AvenirLTStd-Black.eot?v=61293692641208295061776204033 @ https://aromawax.eu/pt/products/augeo-diffuser-base?linkcheck=4:0
[     773ms] [WARNING] OTS parsing error: invalid sfntVersion: -272646794 @ https://aromawax.eu/pt/products/augeo-diffuser-base?linkcheck=4:0
[     781ms] [WARNING] Failed to decode downloaded font: https://aromawax.eu/cdn/shop/t/31/assets/AvenirLTStd-Roman.ttf?v=168653738910245139531776204033 @ https://aromawax.eu/pt/products/augeo-diffuser-base?linkcheck=4:0
[     781ms] [WARNING] OTS parsing error: FFTM: invalid table offset @ https://aromawax.eu/pt/products/augeo-diffuser-base?linkcheck=4:0
[     781ms] [WARNING] Failed to decode downloaded font: https://aromawax.eu/cdn/shop/t/31/assets/AvenirLTStd-Roman.ttf?v=168653738910245139531776204033 @ https://aromawax.eu/pt/products/augeo-diffuser-base?linkcheck=4:0
[     781ms] [WARNING] OTS parsing error: FFTM: invalid table offset @ https://aromawax.eu/pt/products/augeo-diffuser-base?linkcheck=4:0
[     781ms] [WARNING] Failed to decode downloaded font: https://aromawax.eu/cdn/shop/t/31/assets/AvenirLTStd-Roman.ttf?v=168653738910245139531776204033 @ https://aromawax.eu/pt/products/augeo-diffuser-base?linkcheck=4:0
[     781ms] [WARNING] OTS parsing error: FFTM: invalid table offset @ https://aromawax.eu/pt/products/augeo-diffuser-base?linkcheck=4:0
[     781ms] [WARNING] Failed to decode downloaded font: https://aromawax.eu/cdn/shop/t/31/assets/AvenirLTStd-Roman.ttf?v=168653738910245139531776204033 @ https://aromawax.eu/pt/products/augeo-diffuser-base?linkcheck=4:0
[     781ms] [WARNING] OTS parsing error: FFTM: invalid table offset @ https://aromawax.eu/pt/products/augeo-diffuser-base?linkcheck=4:0
[     781ms] [WARNING] Failed to decode downloaded font: https://aromawax.eu/cdn/shop/t/31/assets/AvenirLTStd-Roman.ttf?v=168653738910245139531776204033 @ https://aromawax.eu/pt/products/augeo-diffuser-base?linkcheck=4:0
[     781ms] [WARNING] OTS parsing error: FFTM: invalid table offset @ https://aromawax.eu/pt/products/augeo-diffuser-base?linkcheck=4:0
[     781ms] [WARNING] Failed to decode downloaded font: https://aromawax.eu/cdn/shop/t/31/assets/AvenirLTStd-Roman.ttf?v=168653738910245139531776204033 @ https://aromawax.eu/pt/products/augeo-diffuser-base?linkcheck=4:0
[     781ms] [WARNING] OTS parsing error: FFTM: invalid table offset @ https://aromawax.eu/pt/products/augeo-diffuser-base?linkcheck=4:0
[     811ms] [WARNING] Failed to decode downloaded font: https://aromawax.eu/cdn/shop/t/31/assets/AvenirLTStd-Roman.woff2?v=151369584661543143081776204033 @ :2
[     811ms] [WARNING] OTS parsing error: Size of decompressed WOFF 2.0 is less than compressed size @ :2
[     811ms] [WARNING] Failed to decode downloaded font: https://aromawax.eu/cdn/shop/t/31/assets/AvenirLTStd-Roman.woff?v=77020652039345579431776204033 @ :2
[     811ms] [WARNING] OTS parsing error: incorrect file size in WOFF header @ :2
[     811ms] [WARNING] Failed to decode downloaded font: https://aromawax.eu/cdn/shop/t/31/assets/AvenirLTStd-Roman.ttf?v=168653738910245139531776204033 @ :2
[     811ms] [WARNING] OTS parsing error: FFTM: invalid table offset @ :2
[     811ms] [WARNING] Failed to decode downloaded font: https://aromawax.eu/cdn/shop/t/31/assets/AvenirLTStd-Heavy.woff2?v=100181975222566383851776204033 @ :2
[     811ms] [WARNING] OTS parsing error: Failed to convert WOFF 2.0 font to SFNT @ :2
[     811ms] [WARNING] Failed to decode downloaded font: https://aromawax.eu/cdn/shop/t/31/assets/AvenirLTStd-Heavy.woff?v=49196535620247681531776204033 @ :2
[     811ms] [WARNING] OTS parsing error: incorrect file size in WOFF header @ :2
[     811ms] [WARNING] Failed to decode downloaded font: https://aromawax.eu/cdn/shop/t/31/assets/AvenirLTStd-Heavy.ttf?v=161065316383412791401776204033 @ :2
[     811ms] [WARNING] OTS parsing error: BASE: misaligned table @ :2
[     811ms] [WARNING] Failed to decode downloaded font: https://aromawax.eu/cdn/shop/t/31/assets/AvenirLTStd-Black.eot?v=61293692641208295061776204033 @ :2
[     811ms] [WARNING] OTS parsing error: invalid sfntVersion: -272646794 @ :2
[     864ms] [ERROR] Failed to load resource: the server responded with a status of 404 () @ https://aromawax.eu/pt/recommendations/products?product_id=10628530569547&limit=10&section_id=template--29854198956363__related-products&intent=related:0
[     892ms] TypeError: Cannot read properties of null (reading 'childElementCount')
    at HTMLElement._loadRecommendations (https://aromawax.eu/cdn/shop/t/31/assets/theme.js?v=100010031149322404351776204560:109:45889)
[     989ms] [WARNING] Failed to decode downloaded font: https://aromawax.eu/cdn/shop/t/31/assets/AvenirLTStd-Roman.woff2?v=151369584661543143081776204033 @ https://aromawax.eu/pt/products/augeo-diffuser-base?linkcheck=4:0
[     989ms] [WARNING] OTS parsing error: Size of decompressed WOFF 2.0 is less than compressed size @ https://aromawax.eu/pt/products/augeo-diffuser-base?linkcheck=4:0
[     989ms] [WARNING] Failed to decode downloaded font: https://aromawax.eu/cdn/shop/t/31/assets/AvenirLTStd-Roman.woff?v=77020652039345579431776204033 @ https://aromawax.eu/pt/products/augeo-diffuser-base?linkcheck=4:0
[     989ms] [WARNING] OTS parsing error: incorrect file size in WOFF header @ https://aromawax.eu/pt/products/augeo-diffuser-base?linkcheck=4:0
[     989ms] [WARNING] Failed to decode downloaded font: https://aromawax.eu/cdn/shop/t/31/assets/AvenirLTStd-Roman.ttf?v=168653738910245139531776204033 @ https://aromawax.eu/pt/products/augeo-diffuser-base?linkcheck=4:0
[     989ms] [WARNING] OTS parsing error: FFTM: invalid table offset @ https://aromawax.eu/pt/products/augeo-diffuser-base?linkcheck=4:0
[     989ms] [WARNING] Failed to decode downloaded font: https://aromawax.eu/cdn/shop/t/31/assets/AvenirLTStd-Heavy.woff2?v=100181975222566383851776204033 @ https://aromawax.eu/pt/products/augeo-diffuser-base?linkcheck=4:0
[     989ms] [WARNING] OTS parsing error: Failed to convert WOFF 2.0 font to SFNT @ https://aromawax.eu/pt/products/augeo-diffuser-base?linkcheck=4:0
[     989ms] [WARNING] Failed to decode downloaded font: https://aromawax.eu/cdn/shop/t/31/assets/AvenirLTStd-Heavy.woff?v=49196535620247681531776204033 @ https://aromawax.eu/pt/products/augeo-diffuser-base?linkcheck=4:0
[     989ms] [WARNING] OTS parsing error: incorrect file size in WOFF header @ https://aromawax.eu/pt/products/augeo-diffuser-base?linkcheck=4:0
[     989ms] [WARNING] Failed to decode downloaded font: https://aromawax.eu/cdn/shop/t/31/assets/AvenirLTStd-Heavy.ttf?v=161065316383412791401776204033 @ https://aromawax.eu/pt/products/augeo-diffuser-base?linkcheck=4:0
[     989ms] [WARNING] OTS parsing error: BASE: misaligned table @ https://aromawax.eu/pt/products/augeo-diffuser-base?linkcheck=4:0
[     989ms] [WARNING] Failed to decode downloaded font: https://aromawax.eu/cdn/shop/t/31/assets/AvenirLTStd-Black.eot?v=61293692641208295061776204033 @ https://aromawax.eu/pt/products/augeo-diffuser-base?linkcheck=4:0
[     989ms] [WARNING] OTS parsing error: invalid sfntVersion: -272646794 @ https://aromawax.eu/pt/products/augeo-diffuser-base?linkcheck=4:0
[    1176ms] [LOG] existingToggle null @ https://cdn.shopify.com/extensions/019d67a4-5b06-743b-9c60-09feb0784e3c/final-price-72/assets/price-display.js:1202
[    1176ms] [LOG] existingToggle null @ https://cdn.shopify.com/extensions/019d67a4-5b06-743b-9c60-09feb0784e3c/final-price-72/assets/price-display.js:1202
[    1225ms] [ERROR] Failed to load resource: the server responded with a status of 403 () @ chrome-error://chromewebdata/:0
[    1238ms] [ERROR] Framing 'https://shop.app/' violates the following Content Security Policy directive: "frame-ancestors 'self' https://shop.app https://admin.shopify.com". The request has been blocked.
 @ :0
[    2961ms] [WARNING] Failed to decode downloaded font: https://aromawax.eu/cdn/shop/t/31/assets/AvenirLTStd-Roman.woff2?v=151369584661543143081776204033 @ https://cdn.shopify.com/extensions/019d8a13-ee60-75d7-ae0f-514ac36f9789/localizing-254/assets/floating-selector.js:0
[    2961ms] [WARNING] OTS parsing error: Size of decompressed WOFF 2.0 is less than compressed size @ https://cdn.shopify.com/extensions/019d8a13-ee60-75d7-ae0f-514ac36f9789/localizing-254/assets/floating-selector.js:0
[    2961ms] [WARNING] Failed to decode downloaded font: https://aromawax.eu/cdn/shop/t/31/assets/AvenirLTStd-Roman.woff?v=77020652039345579431776204033 @ https://cdn.shopify.com/extensions/019d8a13-ee60-75d7-ae0f-514ac36f9789/localizing-254/assets/floating-selector.js:0
[    2961ms] [WARNING] OTS parsing error: incorrect file size in WOFF header @ https://cdn.shopify.com/extensions/019d8a13-ee60-75d7-ae0f-514ac36f9789/localizing-254/assets/floating-selector.js:0
[    2961ms] [WARNING] Failed to decode downloaded font: https://aromawax.eu/cdn/shop/t/31/assets/AvenirLTStd-Roman.ttf?v=168653738910245139531776204033 @ https://cdn.shopify.com/extensions/019d8a13-ee60-75d7-ae0f-514ac36f9789/localizing-254/assets/floating-selector.js:0
[    2961ms] [WARNING] OTS parsing error: FFTM: invalid table offset @ https://cdn.shopify.com/extensions/019d8a13-ee60-75d7-ae0f-514ac36f9789/localizing-254/assets/floating-selector.js:0
[    2961ms] [WARNING] Failed to decode downloaded font: https://aromawax.eu/cdn/shop/t/31/assets/AvenirLTStd-Heavy.woff2?v=100181975222566383851776204033 @ https://cdn.shopify.com/extensions/019d8a13-ee60-75d7-ae0f-514ac36f9789/localizing-254/assets/floating-selector.js:0
[    2961ms] [WARNING] OTS parsing error: Failed to convert WOFF 2.0 font to SFNT @ https://cdn.shopify.com/extensions/019d8a13-ee60-75d7-ae0f-514ac36f9789/localizing-254/assets/floating-selector.js:0
[    2961ms] [WARNING] Failed to decode downloaded font: https://aromawax.eu/cdn/shop/t/31/assets/AvenirLTStd-Heavy.woff?v=49196535620247681531776204033 @ https://cdn.shopify.com/extensions/019d8a13-ee60-75d7-ae0f-514ac36f9789/localizing-254/assets/floating-selector.js:0
[    2961ms] [WARNING] OTS parsing error: incorrect file size in WOFF header @ https://cdn.shopify.com/extensions/019d8a13-ee60-75d7-ae0f-514ac36f9789/localizing-254/assets/floating-selector.js:0
[    2961ms] [WARNING] Failed to decode downloaded font: https://aromawax.eu/cdn/shop/t/31/assets/AvenirLTStd-Heavy.ttf?v=161065316383412791401776204033 @ https://cdn.shopify.com/extensions/019d8a13-ee60-75d7-ae0f-514ac36f9789/localizing-254/assets/floating-selector.js:0
[    2961ms] [WARNING] OTS parsing error: BASE: misaligned table @ https://cdn.shopify.com/extensions/019d8a13-ee60-75d7-ae0f-514ac36f9789/localizing-254/assets/floating-selector.js:0
[    2961ms] [WARNING] Failed to decode downloaded font: https://aromawax.eu/cdn/shop/t/31/assets/AvenirLTStd-Black.eot?v=61293692641208295061776204033 @ https://cdn.shopify.com/extensions/019d8a13-ee60-75d7-ae0f-514ac36f9789/localizing-254/assets/floating-selector.js:0
[    2961ms] [WARNING] OTS parsing error: invalid sfntVersion: -272646794 @ https://cdn.shopify.com/extensions/019d8a13-ee60-75d7-ae0f-514ac36f9789/localizing-254/assets/floating-selector.js:0
[    3060ms] [ERROR] Failed to load resource: the server responded with a status of 404 () @ https://aromawax.eu/pt/products/augeo-diffuser-base?option_values=5710581465419&section_id=template--29854198956363__main:0
[    4836ms] [LOG] Intercom whoami never became available @ :32
[    5442ms] [LOG] Intercom whoami never became available @ :32
[   25590ms] [WARNING] The resource https://aromawax.eu/cdn/fonts/figtree/figtree_n4.3c0838aba1701047e60be6a99a1b0a40ce9b8419.woff2 was preloaded using link preload but not used within a few seconds from the window's load event. Please make sure it has an appropriate `as` value and it is preloaded intentionally. @ https://aromawax.eu/pt/products/augeo-diffuser-base?linkcheck=4:0
[   25590ms] [WARNING] The resource https://aromawax.eu/cdn/shop/t/32/assets/theme.css?v=123112964044019024531776246661 was preloaded using link preload but not used within a few seconds from the window's load event. Please make sure it has an appropriate `as` value and it is preloaded intentionally. @ https://aromawax.eu/pt/products/augeo-diffuser-base?linkcheck=4:0
[   29408ms] [WARNING] The resource https://aromawax.eu/cdn/fonts/figtree/figtree_n4.3c0838aba1701047e60be6a99a1b0a40ce9b8419.woff2 was preloaded using link preload but not used within a few seconds from the window's load event. Please make sure it has an appropriate `as` value and it is preloaded intentionally. @ https://aromawax.eu/pt/products/augeo-diffuser-base?linkcheck=4:0
[   29408ms] [WARNING] The resource https://aromawax.eu/cdn/shop/t/32/assets/theme.css?v=123112964044019024531776246661 was preloaded using link preload but not used within a few seconds from the window's load event. Please make sure it has an appropriate `as` value and it is preloaded intentionally. @ https://aromawax.eu/pt/products/augeo-diffuser-base?linkcheck=4:0
[   34416ms] [WARNING] The resource https://aromawax.eu/cdn/fonts/figtree/figtree_n4.3c0838aba1701047e60be6a99a1b0a40ce9b8419.woff2 was preloaded using link preload but not used within a few seconds from the window's load event. Please make sure it has an appropriate `as` value and it is preloaded intentionally. @ https://aromawax.eu/pt/products/augeo-diffuser-base?linkcheck=4:0
[   34416ms] [WARNING] The resource https://aromawax.eu/cdn/shop/t/32/assets/theme.css?v=123112964044019024531776246661 was preloaded using link preload but not used within a few seconds from the window's load event. Please make sure it has an appropriate `as` value and it is preloaded intentionally. @ https://aromawax.eu/pt/products/augeo-diffuser-base?linkcheck=4:0
[   44411ms] [WARNING] The resource https://aromawax.eu/cdn/fonts/figtree/figtree_n4.3c0838aba1701047e60be6a99a1b0a40ce9b8419.woff2 was preloaded using link preload but not used within a few seconds from the window's load event. Please make sure it has an appropriate `as` value and it is preloaded intentionally. @ https://aromawax.eu/pt/products/augeo-diffuser-base?linkcheck=4:0
[   44411ms] [WARNING] The resource https://aromawax.eu/cdn/shop/t/32/assets/theme.css?v=123112964044019024531776246661 was preloaded using link preload but not used within a few seconds from the window's load event. Please make sure it has an appropriate `as` value and it is preloaded intentionally. @ https://aromawax.eu/pt/products/augeo-diffuser-base?linkcheck=4:0
[   49374ms] [WARNING] The resource https://aromawax.eu/cdn/fonts/figtree/figtree_n4.3c0838aba1701047e60be6a99a1b0a40ce9b8419.woff2 was preloaded using link preload but not used within a few seconds from the window's load event. Please make sure it has an appropriate `as` value and it is preloaded intentionally. @ https://aromawax.eu/pt/products/augeo-diffuser-base?linkcheck=4:0
[   49374ms] [WARNING] The resource https://aromawax.eu/cdn/shop/t/32/assets/theme.css?v=123112964044019024531776246661 was preloaded using link preload but not used within a few seconds from the window's load event. Please make sure it has an appropriate `as` value and it is preloaded intentionally. @ https://aromawax.eu/pt/products/augeo-diffuser-base?linkcheck=4:0
[   54381ms] [WARNING] The resource https://aromawax.eu/cdn/fonts/figtree/figtree_n4.3c0838aba1701047e60be6a99a1b0a40ce9b8419.woff2 was preloaded using link preload but not used within a few seconds from the window's load event. Please make sure it has an appropriate `as` value and it is preloaded intentionally. @ https://aromawax.eu/pt/products/augeo-diffuser-base?linkcheck=4:0
[   54381ms] [WARNING] The resource https://aromawax.eu/cdn/shop/t/32/assets/theme.css?v=123112964044019024531776246661 was preloaded using link preload but not used within a few seconds from the window's load event. Please make sure it has an appropriate `as` value and it is preloaded intentionally. @ https://aromawax.eu/pt/products/augeo-diffuser-base?linkcheck=4:0
[   59437ms] [WARNING] The resource https://aromawax.eu/cdn/fonts/figtree/figtree_n4.3c0838aba1701047e60be6a99a1b0a40ce9b8419.woff2 was preloaded using link preload but not used within a few seconds from the window's load event. Please make sure it has an appropriate `as` value and it is preloaded intentionally. @ https://aromawax.eu/pt/products/augeo-diffuser-base?linkcheck=4:0
[   59437ms] [WARNING] The resource https://aromawax.eu/cdn/shop/t/32/assets/theme.css?v=123112964044019024531776246661 was preloaded using link preload but not used within a few seconds from the window's load event. Please make sure it has an appropriate `as` value and it is preloaded intentionally. @ https://aromawax.eu/pt/products/augeo-diffuser-base?linkcheck=4:0
