[    1009ms] [WARNING] An import map rule for specifier '@app/main' was removed, as it conflicted with already resolved module specifiers. @ https://aromawax.eu/pt/products/summer-2026-fragrance-oils-kit:0
[    1047ms] [WARNING] Failed to decode downloaded font: https://aromawax.eu/cdn/shop/t/29/assets/AvenirLTStd-Black.eot?v=61293692641208295061771850553 @ https://aromawax.eu/pt/products/summer-2026-fragrance-oils-kit:6237
[    1047ms] [WARNING] OTS parsing error: invalid sfntVersion: -272646794 @ https://aromawax.eu/pt/products/summer-2026-fragrance-oils-kit:6237
[    1047ms] [WARNING] Failed to decode downloaded font: https://aromawax.eu/cdn/shop/t/29/assets/AvenirLTStd-Black.eot?v=61293692641208295061771850553 @ https://aromawax.eu/pt/products/summer-2026-fragrance-oils-kit:6237
[    1047ms] [WARNING] OTS parsing error: invalid sfntVersion: -272646794 @ https://aromawax.eu/pt/products/summer-2026-fragrance-oils-kit:6237
[    1110ms] [WARNING] Failed to decode downloaded font: https://aromawax.eu/cdn/shop/t/29/assets/AvenirLTStd-Heavy.woff2?v=100181975222566383851771850553 @ https://aromawax.eu/pt/products/summer-2026-fragrance-oils-kit:6671
[    1110ms] [WARNING] OTS parsing error: Failed to convert WOFF 2.0 font to SFNT @ https://aromawax.eu/pt/products/summer-2026-fragrance-oils-kit:6671
[    1110ms] [WARNING] Failed to decode downloaded font: https://aromawax.eu/cdn/shop/t/29/assets/AvenirLTStd-Heavy.woff2?v=100181975222566383851771850553 @ https://aromawax.eu/pt/products/summer-2026-fragrance-oils-kit:6671
[    1110ms] [WARNING] OTS parsing error: Failed to convert WOFF 2.0 font to SFNT @ https://aromawax.eu/pt/products/summer-2026-fragrance-oils-kit:6671
[    1140ms] [LOG] %cCustomer Accounts Deluxe font-size: 18px; font-weight: bold; color: #fff; background: linear-gradient(90deg, #007bff, #00c6ff); padding: 6px 12px; border-radius: 5px; text-align: center; @ webpack://customer-account-deluxe/./extensions/customer-page/assets/cad_base.js?:39
[    1140ms] [LOG] 
 🔵 Seamless Shopify Integration

 🔵 Enhance Customer Experience with Custom Features

 🔵 Loyalty, Rewards, Social Login, Wishlist, Returns & Exchanges, Store Credits and Much More


 Learn more at: https://apps.shopify.com/customer-account-deluxe

 @ webpack://customer-account-deluxe/./extensions/customer-page/assets/cad_base.js?:40
[    1161ms] [WARNING] Failed to decode downloaded font: https://aromawax.eu/cdn/shop/t/29/assets/AvenirLTStd-Heavy.woff?v=49196535620247681531771850553 @ https://aromawax.eu/pt/products/summer-2026-fragrance-oils-kit:0
[    1161ms] [WARNING] OTS parsing error: incorrect file size in WOFF header @ https://aromawax.eu/pt/products/summer-2026-fragrance-oils-kit:0
[    1161ms] [WARNING] Failed to decode downloaded font: https://aromawax.eu/cdn/shop/t/29/assets/AvenirLTStd-Heavy.woff?v=49196535620247681531771850553 @ https://aromawax.eu/pt/products/summer-2026-fragrance-oils-kit:0
[    1161ms] [WARNING] OTS parsing error: incorrect file size in WOFF header @ https://aromawax.eu/pt/products/summer-2026-fragrance-oils-kit:0
[    1165ms] [WARNING] Failed to decode downloaded font: https://aromawax.eu/cdn/shop/t/29/assets/AvenirLTStd-Heavy.woff2?v=100181975222566383851771850553 @ https://aromawax.eu/pt/products/summer-2026-fragrance-oils-kit:0
[    1165ms] [WARNING] OTS parsing error: Failed to convert WOFF 2.0 font to SFNT @ https://aromawax.eu/pt/products/summer-2026-fragrance-oils-kit:0
[    1165ms] [WARNING] Failed to decode downloaded font: https://aromawax.eu/cdn/shop/t/29/assets/AvenirLTStd-Heavy.woff?v=49196535620247681531771850553 @ https://aromawax.eu/pt/products/summer-2026-fragrance-oils-kit:0
[    1165ms] [WARNING] OTS parsing error: incorrect file size in WOFF header @ https://aromawax.eu/pt/products/summer-2026-fragrance-oils-kit:0
[    1165ms] [WARNING] Failed to decode downloaded font: https://aromawax.eu/cdn/shop/t/29/assets/AvenirLTStd-Black.eot?v=61293692641208295061771850553 @ https://aromawax.eu/pt/products/summer-2026-fragrance-oils-kit:0
[    1165ms] [WARNING] OTS parsing error: invalid sfntVersion: -272646794 @ https://aromawax.eu/pt/products/summer-2026-fragrance-oils-kit:0
[    1189ms] [WARNING] Failed to decode downloaded font: https://aromawax.eu/cdn/shop/t/29/assets/AvenirLTStd-Heavy.ttf?v=161065316383412791401771850553 @ https://aromawax.eu/pt/products/summer-2026-fragrance-oils-kit:0
[    1190ms] [WARNING] OTS parsing error: BASE: misaligned table @ https://aromawax.eu/pt/products/summer-2026-fragrance-oils-kit:0
[    1190ms] [WARNING] Failed to decode downloaded font: https://aromawax.eu/cdn/shop/t/29/assets/AvenirLTStd-Heavy.ttf?v=161065316383412791401771850553 @ https://aromawax.eu/pt/products/summer-2026-fragrance-oils-kit:0
[    1190ms] [WARNING] OTS parsing error: BASE: misaligned table @ https://aromawax.eu/pt/products/summer-2026-fragrance-oils-kit:0
[    1190ms] [WARNING] Failed to decode downloaded font: https://aromawax.eu/cdn/shop/t/29/assets/AvenirLTStd-Heavy.ttf?v=161065316383412791401771850553 @ https://aromawax.eu/pt/products/summer-2026-fragrance-oils-kit:0
[    1190ms] [WARNING] OTS parsing error: BASE: misaligned table @ https://aromawax.eu/pt/products/summer-2026-fragrance-oils-kit:0
[    1225ms] [WARNING] Failed to decode downloaded font: https://aromawax.eu/cdn/shop/t/29/assets/AvenirLTStd-Heavy.woff2?v=100181975222566383851771850553 @ https://aromawax.eu/pt/products/summer-2026-fragrance-oils-kit:0
[    1225ms] [WARNING] OTS parsing error: Failed to convert WOFF 2.0 font to SFNT @ https://aromawax.eu/pt/products/summer-2026-fragrance-oils-kit:0
[    1225ms] [WARNING] Failed to decode downloaded font: https://aromawax.eu/cdn/shop/t/29/assets/AvenirLTStd-Heavy.woff?v=49196535620247681531771850553 @ https://aromawax.eu/pt/products/summer-2026-fragrance-oils-kit:0
[    1225ms] [WARNING] OTS parsing error: incorrect file size in WOFF header @ https://aromawax.eu/pt/products/summer-2026-fragrance-oils-kit:0
[    1225ms] [WARNING] Failed to decode downloaded font: https://aromawax.eu/cdn/shop/t/29/assets/AvenirLTStd-Heavy.ttf?v=161065316383412791401771850553 @ https://aromawax.eu/pt/products/summer-2026-fragrance-oils-kit:0
[    1225ms] [WARNING] OTS parsing error: BASE: misaligned table @ https://aromawax.eu/pt/products/summer-2026-fragrance-oils-kit:0
[    1225ms] [WARNING] Failed to decode downloaded font: https://aromawax.eu/cdn/shop/t/29/assets/AvenirLTStd-Black.eot?v=61293692641208295061771850553 @ https://aromawax.eu/pt/products/summer-2026-fragrance-oils-kit:0
[    1225ms] [WARNING] OTS parsing error: invalid sfntVersion: -272646794 @ https://aromawax.eu/pt/products/summer-2026-fragrance-oils-kit:0
[    1244ms] [WARNING] Failed to decode downloaded font: https://aromawax.eu/cdn/shop/t/29/assets/AvenirLTStd-Heavy.woff2?v=100181975222566383851771850553 @ https://aromawax.eu/pt/products/summer-2026-fragrance-oils-kit:0
[    1244ms] [WARNING] OTS parsing error: Failed to convert WOFF 2.0 font to SFNT @ https://aromawax.eu/pt/products/summer-2026-fragrance-oils-kit:0
[    1244ms] [WARNING] Failed to decode downloaded font: https://aromawax.eu/cdn/shop/t/29/assets/AvenirLTStd-Heavy.woff?v=49196535620247681531771850553 @ https://aromawax.eu/pt/products/summer-2026-fragrance-oils-kit:0
[    1244ms] [WARNING] OTS parsing error: incorrect file size in WOFF header @ https://aromawax.eu/pt/products/summer-2026-fragrance-oils-kit:0
[    1244ms] [WARNING] Failed to decode downloaded font: https://aromawax.eu/cdn/shop/t/29/assets/AvenirLTStd-Heavy.ttf?v=161065316383412791401771850553 @ https://aromawax.eu/pt/products/summer-2026-fragrance-oils-kit:0
[    1244ms] [WARNING] OTS parsing error: BASE: misaligned table @ https://aromawax.eu/pt/products/summer-2026-fragrance-oils-kit:0
[    1244ms] [WARNING] Failed to decode downloaded font: https://aromawax.eu/cdn/shop/t/29/assets/AvenirLTStd-Black.eot?v=61293692641208295061771850553 @ https://aromawax.eu/pt/products/summer-2026-fragrance-oils-kit:0
[    1244ms] [WARNING] OTS parsing error: invalid sfntVersion: -272646794 @ https://aromawax.eu/pt/products/summer-2026-fragrance-oils-kit:0
[    1275ms] [WARNING] Failed to decode downloaded font: https://aromawax.eu/cdn/shop/t/29/assets/AvenirLTStd-Heavy.woff2?v=100181975222566383851771850553 @ :2
[    1275ms] [WARNING] OTS parsing error: Failed to convert WOFF 2.0 font to SFNT @ :2
[    1276ms] [WARNING] Failed to decode downloaded font: https://aromawax.eu/cdn/shop/t/29/assets/AvenirLTStd-Heavy.woff?v=49196535620247681531771850553 @ :2
[    1276ms] [WARNING] OTS parsing error: incorrect file size in WOFF header @ :2
[    1276ms] [WARNING] Failed to decode downloaded font: https://aromawax.eu/cdn/shop/t/29/assets/AvenirLTStd-Heavy.ttf?v=161065316383412791401771850553 @ :2
[    1276ms] [WARNING] OTS parsing error: BASE: misaligned table @ :2
[    1276ms] [WARNING] Failed to decode downloaded font: https://aromawax.eu/cdn/shop/t/29/assets/AvenirLTStd-Black.eot?v=61293692641208295061771850553 @ :2
[    1276ms] [WARNING] OTS parsing error: invalid sfntVersion: -272646794 @ :2
[    1395ms] [LOG] existingToggle null @ https://cdn.shopify.com/extensions/019d67a4-5b06-743b-9c60-09feb0784e3c/final-price-72/assets/price-display.js:1202
[    1395ms] [LOG] existingToggle null @ https://cdn.shopify.com/extensions/019d67a4-5b06-743b-9c60-09feb0784e3c/final-price-72/assets/price-display.js:1202
[    3979ms] [LOG] Intercom whoami never became available @ :32
[    4240ms] [WARNING] Failed to decode downloaded font: https://aromawax.eu/cdn/shop/t/29/assets/AvenirLTStd-Heavy.woff2?v=100181975222566383851771850553 @ https://cdn.shopify.com/extensions/019d8a13-ee60-75d7-ae0f-514ac36f9789/localizing-254/assets/floating-selector.js:0
[    4240ms] [WARNING] OTS parsing error: Failed to convert WOFF 2.0 font to SFNT @ https://cdn.shopify.com/extensions/019d8a13-ee60-75d7-ae0f-514ac36f9789/localizing-254/assets/floating-selector.js:0
[    4240ms] [WARNING] Failed to decode downloaded font: https://aromawax.eu/cdn/shop/t/29/assets/AvenirLTStd-Heavy.woff?v=49196535620247681531771850553 @ https://cdn.shopify.com/extensions/019d8a13-ee60-75d7-ae0f-514ac36f9789/localizing-254/assets/floating-selector.js:0
[    4240ms] [WARNING] OTS parsing error: incorrect file size in WOFF header @ https://cdn.shopify.com/extensions/019d8a13-ee60-75d7-ae0f-514ac36f9789/localizing-254/assets/floating-selector.js:0
[    4240ms] [WARNING] Failed to decode downloaded font: https://aromawax.eu/cdn/shop/t/29/assets/AvenirLTStd-Heavy.ttf?v=161065316383412791401771850553 @ https://cdn.shopify.com/extensions/019d8a13-ee60-75d7-ae0f-514ac36f9789/localizing-254/assets/floating-selector.js:0
[    4240ms] [WARNING] OTS parsing error: BASE: misaligned table @ https://cdn.shopify.com/extensions/019d8a13-ee60-75d7-ae0f-514ac36f9789/localizing-254/assets/floating-selector.js:0
[    4240ms] [WARNING] Failed to decode downloaded font: https://aromawax.eu/cdn/shop/t/29/assets/AvenirLTStd-Black.eot?v=61293692641208295061771850553 @ https://cdn.shopify.com/extensions/019d8a13-ee60-75d7-ae0f-514ac36f9789/localizing-254/assets/floating-selector.js:0
[    4240ms] [WARNING] OTS parsing error: invalid sfntVersion: -272646794 @ https://cdn.shopify.com/extensions/019d8a13-ee60-75d7-ae0f-514ac36f9789/localizing-254/assets/floating-selector.js:0
[    6501ms] [LOG] Intercom whoami never became available @ :32
[   13839ms] [WARNING] Failed to decode downloaded font: https://aromawax.eu/cdn/shop/t/29/assets/AvenirLTStd-Heavy.woff2?v=100181975222566383851771850553 @ https://js.intercomcdn.com/frame-modern.6f8248ff.js:0
[   13839ms] [WARNING] OTS parsing error: Failed to convert WOFF 2.0 font to SFNT @ https://js.intercomcdn.com/frame-modern.6f8248ff.js:0
[   13839ms] [WARNING] Failed to decode downloaded font: https://aromawax.eu/cdn/shop/t/29/assets/AvenirLTStd-Heavy.woff?v=49196535620247681531771850553 @ https://js.intercomcdn.com/frame-modern.6f8248ff.js:0
[   13839ms] [WARNING] OTS parsing error: incorrect file size in WOFF header @ https://js.intercomcdn.com/frame-modern.6f8248ff.js:0
[   13839ms] [WARNING] Failed to decode downloaded font: https://aromawax.eu/cdn/shop/t/29/assets/AvenirLTStd-Heavy.ttf?v=161065316383412791401771850553 @ https://js.intercomcdn.com/frame-modern.6f8248ff.js:0
[   13839ms] [WARNING] OTS parsing error: BASE: misaligned table @ https://js.intercomcdn.com/frame-modern.6f8248ff.js:0
[   13839ms] [WARNING] Failed to decode downloaded font: https://aromawax.eu/cdn/shop/t/29/assets/AvenirLTStd-Black.eot?v=61293692641208295061771850553 @ https://js.intercomcdn.com/frame-modern.6f8248ff.js:0
[   13839ms] [WARNING] OTS parsing error: invalid sfntVersion: -272646794 @ https://js.intercomcdn.com/frame-modern.6f8248ff.js:0
[   13859ms] [WARNING] Failed to decode downloaded font: https://aromawax.eu/cdn/shop/t/29/assets/AvenirLTStd-Heavy.woff2?v=100181975222566383851771850553 @ https://aromawax.eu/pt/products/summer-2026-fragrance-oils-kit:0
[   13859ms] [WARNING] OTS parsing error: Failed to convert WOFF 2.0 font to SFNT @ https://aromawax.eu/pt/products/summer-2026-fragrance-oils-kit:0
[   13859ms] [WARNING] Failed to decode downloaded font: https://aromawax.eu/cdn/shop/t/29/assets/AvenirLTStd-Heavy.woff?v=49196535620247681531771850553 @ https://aromawax.eu/pt/products/summer-2026-fragrance-oils-kit:0
[   13859ms] [WARNING] OTS parsing error: incorrect file size in WOFF header @ https://aromawax.eu/pt/products/summer-2026-fragrance-oils-kit:0
[   13859ms] [WARNING] Failed to decode downloaded font: https://aromawax.eu/cdn/shop/t/29/assets/AvenirLTStd-Heavy.ttf?v=161065316383412791401771850553 @ https://aromawax.eu/pt/products/summer-2026-fragrance-oils-kit:0
[   13859ms] [WARNING] OTS parsing error: BASE: misaligned table @ https://aromawax.eu/pt/products/summer-2026-fragrance-oils-kit:0
[   13859ms] [WARNING] Failed to decode downloaded font: https://aromawax.eu/cdn/shop/t/29/assets/AvenirLTStd-Black.eot?v=61293692641208295061771850553 @ https://aromawax.eu/pt/products/summer-2026-fragrance-oils-kit:0
[   13859ms] [WARNING] OTS parsing error: invalid sfntVersion: -272646794 @ https://aromawax.eu/pt/products/summer-2026-fragrance-oils-kit:0
[   14209ms] [WARNING] Failed to decode downloaded font: https://aromawax.eu/cdn/shop/t/29/assets/AvenirLTStd-Heavy.woff2?v=100181975222566383851771850553 @ https://aromawax.eu/pt/products/summer-2026-fragrance-oils-kit:0
[   14209ms] [WARNING] OTS parsing error: Failed to convert WOFF 2.0 font to SFNT @ https://aromawax.eu/pt/products/summer-2026-fragrance-oils-kit:0
[   14209ms] [WARNING] Failed to decode downloaded font: https://aromawax.eu/cdn/shop/t/29/assets/AvenirLTStd-Heavy.woff?v=49196535620247681531771850553 @ https://aromawax.eu/pt/products/summer-2026-fragrance-oils-kit:0
[   14209ms] [WARNING] OTS parsing error: incorrect file size in WOFF header @ https://aromawax.eu/pt/products/summer-2026-fragrance-oils-kit:0
[   14209ms] [WARNING] Failed to decode downloaded font: https://aromawax.eu/cdn/shop/t/29/assets/AvenirLTStd-Heavy.ttf?v=161065316383412791401771850553 @ https://aromawax.eu/pt/products/summer-2026-fragrance-oils-kit:0
[   14209ms] [WARNING] OTS parsing error: BASE: misaligned table @ https://aromawax.eu/pt/products/summer-2026-fragrance-oils-kit:0
[   14209ms] [WARNING] Failed to decode downloaded font: https://aromawax.eu/cdn/shop/t/29/assets/AvenirLTStd-Black.eot?v=61293692641208295061771850553 @ https://aromawax.eu/pt/products/summer-2026-fragrance-oils-kit:0
[   14209ms] [WARNING] OTS parsing error: invalid sfntVersion: -272646794 @ https://aromawax.eu/pt/products/summer-2026-fragrance-oils-kit:0
[   17517ms] [WARNING] Failed to decode downloaded font: https://aromawax.eu/cdn/shop/t/29/assets/AvenirLTStd-Heavy.woff2?v=100181975222566383851771850553 @ https://aromawax.eu/pt/products/summer-2026-fragrance-oils-kit:0
[   17517ms] [WARNING] OTS parsing error: Failed to convert WOFF 2.0 font to SFNT @ https://aromawax.eu/pt/products/summer-2026-fragrance-oils-kit:0
[   17517ms] [WARNING] Failed to decode downloaded font: https://aromawax.eu/cdn/shop/t/29/assets/AvenirLTStd-Heavy.woff?v=49196535620247681531771850553 @ https://aromawax.eu/pt/products/summer-2026-fragrance-oils-kit:0
[   17517ms] [WARNING] OTS parsing error: incorrect file size in WOFF header @ https://aromawax.eu/pt/products/summer-2026-fragrance-oils-kit:0
[   17517ms] [WARNING] Failed to decode downloaded font: https://aromawax.eu/cdn/shop/t/29/assets/AvenirLTStd-Heavy.ttf?v=161065316383412791401771850553 @ https://aromawax.eu/pt/products/summer-2026-fragrance-oils-kit:0
[   17517ms] [WARNING] OTS parsing error: BASE: misaligned table @ https://aromawax.eu/pt/products/summer-2026-fragrance-oils-kit:0
[   17517ms] [WARNING] Failed to decode downloaded font: https://aromawax.eu/cdn/shop/t/29/assets/AvenirLTStd-Black.eot?v=61293692641208295061771850553 @ https://aromawax.eu/pt/products/summer-2026-fragrance-oils-kit:0
[   17517ms] [WARNING] OTS parsing error: invalid sfntVersion: -272646794 @ https://aromawax.eu/pt/products/summer-2026-fragrance-oils-kit:0
[   17975ms] [INFO] Clear-Site-Data header on 'https://aromawax.eu/pt/cart/add.js': Cleared data types: "prefetchCache", "prerenderCache". @ https://aromawax.eu/pt/products/summer-2026-fragrance-oils-kit:0
[   19852ms] [WARNING] Failed to decode downloaded font: https://aromawax.eu/cdn/shop/t/29/assets/AvenirLTStd-Heavy.woff2?v=100181975222566383851771850553 @ https://aromawax.eu/pt/products/summer-2026-fragrance-oils-kit:0
[   19852ms] [WARNING] OTS parsing error: Failed to convert WOFF 2.0 font to SFNT @ https://aromawax.eu/pt/products/summer-2026-fragrance-oils-kit:0
[   19852ms] [WARNING] Failed to decode downloaded font: https://aromawax.eu/cdn/shop/t/29/assets/AvenirLTStd-Heavy.woff?v=49196535620247681531771850553 @ https://aromawax.eu/pt/products/summer-2026-fragrance-oils-kit:0
[   19852ms] [WARNING] OTS parsing error: incorrect file size in WOFF header @ https://aromawax.eu/pt/products/summer-2026-fragrance-oils-kit:0
[   19852ms] [WARNING] Failed to decode downloaded font: https://aromawax.eu/cdn/shop/t/29/assets/AvenirLTStd-Heavy.ttf?v=161065316383412791401771850553 @ https://aromawax.eu/pt/products/summer-2026-fragrance-oils-kit:0
[   19852ms] [WARNING] OTS parsing error: BASE: misaligned table @ https://aromawax.eu/pt/products/summer-2026-fragrance-oils-kit:0
[   19852ms] [WARNING] Failed to decode downloaded font: https://aromawax.eu/cdn/shop/t/29/assets/AvenirLTStd-Black.eot?v=61293692641208295061771850553 @ https://aromawax.eu/pt/products/summer-2026-fragrance-oils-kit:0
[   19852ms] [WARNING] OTS parsing error: invalid sfntVersion: -272646794 @ https://aromawax.eu/pt/products/summer-2026-fragrance-oils-kit:0
[   20012ms] [WARNING] Failed to decode downloaded font: https://aromawax.eu/cdn/shop/t/29/assets/AvenirLTStd-Heavy.woff2?v=100181975222566383851771850553 @ https://aromawax.eu/pt/products/summer-2026-fragrance-oils-kit:0
[   20012ms] [WARNING] OTS parsing error: Failed to convert WOFF 2.0 font to SFNT @ https://aromawax.eu/pt/products/summer-2026-fragrance-oils-kit:0
[   20012ms] [WARNING] Failed to decode downloaded font: https://aromawax.eu/cdn/shop/t/29/assets/AvenirLTStd-Heavy.woff?v=49196535620247681531771850553 @ https://aromawax.eu/pt/products/summer-2026-fragrance-oils-kit:0
[   20012ms] [WARNING] OTS parsing error: incorrect file size in WOFF header @ https://aromawax.eu/pt/products/summer-2026-fragrance-oils-kit:0
[   20012ms] [WARNING] Failed to decode downloaded font: https://aromawax.eu/cdn/shop/t/29/assets/AvenirLTStd-Heavy.ttf?v=161065316383412791401771850553 @ https://aromawax.eu/pt/products/summer-2026-fragrance-oils-kit:0
[   20012ms] [WARNING] OTS parsing error: BASE: misaligned table @ https://aromawax.eu/pt/products/summer-2026-fragrance-oils-kit:0
[   20012ms] [WARNING] Failed to decode downloaded font: https://aromawax.eu/cdn/shop/t/29/assets/AvenirLTStd-Black.eot?v=61293692641208295061771850553 @ https://aromawax.eu/pt/products/summer-2026-fragrance-oils-kit:0
[   20012ms] [WARNING] OTS parsing error: invalid sfntVersion: -272646794 @ https://aromawax.eu/pt/products/summer-2026-fragrance-oils-kit:0
[   20076ms] [WARNING] Failed to decode downloaded font: https://aromawax.eu/cdn/shop/t/29/assets/AvenirLTStd-Heavy.woff2?v=100181975222566383851771850553 @ https://js.intercomcdn.com/frame-modern.6f8248ff.js:0
[   20076ms] [WARNING] OTS parsing error: Failed to convert WOFF 2.0 font to SFNT @ https://js.intercomcdn.com/frame-modern.6f8248ff.js:0
[   20076ms] [WARNING] Failed to decode downloaded font: https://aromawax.eu/cdn/shop/t/29/assets/AvenirLTStd-Heavy.woff?v=49196535620247681531771850553 @ https://js.intercomcdn.com/frame-modern.6f8248ff.js:0
[   20076ms] [WARNING] OTS parsing error: incorrect file size in WOFF header @ https://js.intercomcdn.com/frame-modern.6f8248ff.js:0
[   20076ms] [WARNING] Failed to decode downloaded font: https://aromawax.eu/cdn/shop/t/29/assets/AvenirLTStd-Heavy.ttf?v=161065316383412791401771850553 @ https://js.intercomcdn.com/frame-modern.6f8248ff.js:0
[   20076ms] [WARNING] OTS parsing error: BASE: misaligned table @ https://js.intercomcdn.com/frame-modern.6f8248ff.js:0
[   20076ms] [WARNING] Failed to decode downloaded font: https://aromawax.eu/cdn/shop/t/29/assets/AvenirLTStd-Black.eot?v=61293692641208295061771850553 @ https://js.intercomcdn.com/frame-modern.6f8248ff.js:0
[   20076ms] [WARNING] OTS parsing error: invalid sfntVersion: -272646794 @ https://js.intercomcdn.com/frame-modern.6f8248ff.js:0
[   20086ms] [WARNING] Failed to decode downloaded font: https://aromawax.eu/cdn/shop/t/29/assets/AvenirLTStd-Heavy.woff2?v=100181975222566383851771850553 @ https://js.intercomcdn.com/app-modern.19d0e186.js:186
[   20086ms] [WARNING] OTS parsing error: Failed to convert WOFF 2.0 font to SFNT @ https://js.intercomcdn.com/app-modern.19d0e186.js:186
[   20086ms] [WARNING] Failed to decode downloaded font: https://aromawax.eu/cdn/shop/t/29/assets/AvenirLTStd-Heavy.woff?v=49196535620247681531771850553 @ https://js.intercomcdn.com/app-modern.19d0e186.js:186
[   20086ms] [WARNING] OTS parsing error: incorrect file size in WOFF header @ https://js.intercomcdn.com/app-modern.19d0e186.js:186
[   20086ms] [WARNING] Failed to decode downloaded font: https://aromawax.eu/cdn/shop/t/29/assets/AvenirLTStd-Heavy.ttf?v=161065316383412791401771850553 @ https://js.intercomcdn.com/app-modern.19d0e186.js:186
[   20086ms] [WARNING] OTS parsing error: BASE: misaligned table @ https://js.intercomcdn.com/app-modern.19d0e186.js:186
[   20086ms] [WARNING] Failed to decode downloaded font: https://aromawax.eu/cdn/shop/t/29/assets/AvenirLTStd-Black.eot?v=61293692641208295061771850553 @ https://js.intercomcdn.com/app-modern.19d0e186.js:186
[   20086ms] [WARNING] OTS parsing error: invalid sfntVersion: -272646794 @ https://js.intercomcdn.com/app-modern.19d0e186.js:186
[   20119ms] [WARNING] Failed to decode downloaded font: https://aromawax.eu/cdn/shop/t/29/assets/AvenirLTStd-Heavy.woff2?v=100181975222566383851771850553 @ https://js.intercomcdn.com/launcher-discovery-modern.f70b47a5.js:14
[   20119ms] [WARNING] OTS parsing error: Failed to convert WOFF 2.0 font to SFNT @ https://js.intercomcdn.com/launcher-discovery-modern.f70b47a5.js:14
[   20119ms] [WARNING] Failed to decode downloaded font: https://aromawax.eu/cdn/shop/t/29/assets/AvenirLTStd-Heavy.woff?v=49196535620247681531771850553 @ https://js.intercomcdn.com/launcher-discovery-modern.f70b47a5.js:14
[   20119ms] [WARNING] OTS parsing error: incorrect file size in WOFF header @ https://js.intercomcdn.com/launcher-discovery-modern.f70b47a5.js:14
[   20119ms] [WARNING] Failed to decode downloaded font: https://aromawax.eu/cdn/shop/t/29/assets/AvenirLTStd-Heavy.ttf?v=161065316383412791401771850553 @ https://js.intercomcdn.com/launcher-discovery-modern.f70b47a5.js:14
[   20119ms] [WARNING] OTS parsing error: BASE: misaligned table @ https://js.intercomcdn.com/launcher-discovery-modern.f70b47a5.js:14
[   20119ms] [WARNING] Failed to decode downloaded font: https://aromawax.eu/cdn/shop/t/29/assets/AvenirLTStd-Black.eot?v=61293692641208295061771850553 @ https://js.intercomcdn.com/launcher-discovery-modern.f70b47a5.js:14
[   20119ms] [WARNING] OTS parsing error: invalid sfntVersion: -272646794 @ https://js.intercomcdn.com/launcher-discovery-modern.f70b47a5.js:14
[   20123ms] [WARNING] Failed to decode downloaded font: https://aromawax.eu/cdn/shop/t/29/assets/AvenirLTStd-Heavy.woff2?v=100181975222566383851771850553 @ https://aromawax.eu/pt/products/summer-2026-fragrance-oils-kit:0
[   20123ms] [WARNING] OTS parsing error: Failed to convert WOFF 2.0 font to SFNT @ https://aromawax.eu/pt/products/summer-2026-fragrance-oils-kit:0
[   20123ms] [WARNING] Failed to decode downloaded font: https://aromawax.eu/cdn/shop/t/29/assets/AvenirLTStd-Heavy.woff?v=49196535620247681531771850553 @ https://aromawax.eu/pt/products/summer-2026-fragrance-oils-kit:0
[   20123ms] [WARNING] OTS parsing error: incorrect file size in WOFF header @ https://aromawax.eu/pt/products/summer-2026-fragrance-oils-kit:0
[   20123ms] [WARNING] Failed to decode downloaded font: https://aromawax.eu/cdn/shop/t/29/assets/AvenirLTStd-Heavy.ttf?v=161065316383412791401771850553 @ https://aromawax.eu/pt/products/summer-2026-fragrance-oils-kit:0
[   20123ms] [WARNING] OTS parsing error: BASE: misaligned table @ https://aromawax.eu/pt/products/summer-2026-fragrance-oils-kit:0
[   20123ms] [WARNING] Failed to decode downloaded font: https://aromawax.eu/cdn/shop/t/29/assets/AvenirLTStd-Black.eot?v=61293692641208295061771850553 @ https://aromawax.eu/pt/products/summer-2026-fragrance-oils-kit:0
[   20123ms] [WARNING] OTS parsing error: invalid sfntVersion: -272646794 @ https://aromawax.eu/pt/products/summer-2026-fragrance-oils-kit:0
[   20557ms] [WARNING] Failed to decode downloaded font: https://aromawax.eu/cdn/shop/t/29/assets/AvenirLTStd-Heavy.woff2?v=100181975222566383851771850553 @ https://aromawax.eu/pt/products/summer-2026-fragrance-oils-kit:0
[   20557ms] [WARNING] OTS parsing error: Failed to convert WOFF 2.0 font to SFNT @ https://aromawax.eu/pt/products/summer-2026-fragrance-oils-kit:0
[   20557ms] [WARNING] Failed to decode downloaded font: https://aromawax.eu/cdn/shop/t/29/assets/AvenirLTStd-Heavy.woff?v=49196535620247681531771850553 @ https://aromawax.eu/pt/products/summer-2026-fragrance-oils-kit:0
[   20557ms] [WARNING] OTS parsing error: incorrect file size in WOFF header @ https://aromawax.eu/pt/products/summer-2026-fragrance-oils-kit:0
[   20557ms] [WARNING] Failed to decode downloaded font: https://aromawax.eu/cdn/shop/t/29/assets/AvenirLTStd-Heavy.ttf?v=161065316383412791401771850553 @ https://aromawax.eu/pt/products/summer-2026-fragrance-oils-kit:0
[   20557ms] [WARNING] OTS parsing error: BASE: misaligned table @ https://aromawax.eu/pt/products/summer-2026-fragrance-oils-kit:0
[   20557ms] [WARNING] Failed to decode downloaded font: https://aromawax.eu/cdn/shop/t/29/assets/AvenirLTStd-Black.eot?v=61293692641208295061771850553 @ https://aromawax.eu/pt/products/summer-2026-fragrance-oils-kit:0
[   20557ms] [WARNING] OTS parsing error: invalid sfntVersion: -272646794 @ https://aromawax.eu/pt/products/summer-2026-fragrance-oils-kit:0
[   25450ms] [WARNING] The resource https://aromawax.eu/cdn/fonts/figtree/figtree_n4.3c0838aba1701047e60be6a99a1b0a40ce9b8419.woff2 was preloaded using link preload but not used within a few seconds from the window's load event. Please make sure it has an appropriate `as` value and it is preloaded intentionally. @ https://aromawax.eu/pt/products/summer-2026-fragrance-oils-kit:0
[   26857ms] [WARNING] Failed to decode downloaded font: https://aromawax.eu/cdn/shop/t/29/assets/AvenirLTStd-Heavy.woff2?v=100181975222566383851771850553 @ https://js.intercomcdn.com/launcher-discovery-modern.f70b47a5.js:14
[   26857ms] [WARNING] OTS parsing error: Failed to convert WOFF 2.0 font to SFNT @ https://js.intercomcdn.com/launcher-discovery-modern.f70b47a5.js:14
[   26857ms] [WARNING] Failed to decode downloaded font: https://aromawax.eu/cdn/shop/t/29/assets/AvenirLTStd-Heavy.woff?v=49196535620247681531771850553 @ https://js.intercomcdn.com/launcher-discovery-modern.f70b47a5.js:14
[   26857ms] [WARNING] OTS parsing error: incorrect file size in WOFF header @ https://js.intercomcdn.com/launcher-discovery-modern.f70b47a5.js:14
[   26857ms] [WARNING] Failed to decode downloaded font: https://aromawax.eu/cdn/shop/t/29/assets/AvenirLTStd-Heavy.ttf?v=161065316383412791401771850553 @ https://js.intercomcdn.com/launcher-discovery-modern.f70b47a5.js:14
[   26857ms] [WARNING] OTS parsing error: BASE: misaligned table @ https://js.intercomcdn.com/launcher-discovery-modern.f70b47a5.js:14
[   26857ms] [WARNING] Failed to decode downloaded font: https://aromawax.eu/cdn/shop/t/29/assets/AvenirLTStd-Black.eot?v=61293692641208295061771850553 @ https://js.intercomcdn.com/launcher-discovery-modern.f70b47a5.js:14
[   26857ms] [WARNING] OTS parsing error: invalid sfntVersion: -272646794 @ https://js.intercomcdn.com/launcher-discovery-modern.f70b47a5.js:14
[   26858ms] [WARNING] Failed to decode downloaded font: https://aromawax.eu/cdn/shop/t/29/assets/AvenirLTStd-Heavy.woff2?v=100181975222566383851771850553 @ https://aromawax.eu/pt/products/summer-2026-fragrance-oils-kit:0
[   26858ms] [WARNING] OTS parsing error: Failed to convert WOFF 2.0 font to SFNT @ https://aromawax.eu/pt/products/summer-2026-fragrance-oils-kit:0
[   26858ms] [WARNING] Failed to decode downloaded font: https://aromawax.eu/cdn/shop/t/29/assets/AvenirLTStd-Heavy.woff?v=49196535620247681531771850553 @ https://aromawax.eu/pt/products/summer-2026-fragrance-oils-kit:0
[   26858ms] [WARNING] OTS parsing error: incorrect file size in WOFF header @ https://aromawax.eu/pt/products/summer-2026-fragrance-oils-kit:0
[   26858ms] [WARNING] Failed to decode downloaded font: https://aromawax.eu/cdn/shop/t/29/assets/AvenirLTStd-Heavy.ttf?v=161065316383412791401771850553 @ https://aromawax.eu/pt/products/summer-2026-fragrance-oils-kit:0
[   26858ms] [WARNING] OTS parsing error: BASE: misaligned table @ https://aromawax.eu/pt/products/summer-2026-fragrance-oils-kit:0
[   26858ms] [WARNING] Failed to decode downloaded font: https://aromawax.eu/cdn/shop/t/29/assets/AvenirLTStd-Black.eot?v=61293692641208295061771850553 @ https://aromawax.eu/pt/products/summer-2026-fragrance-oils-kit:0
[   26858ms] [WARNING] OTS parsing error: invalid sfntVersion: -272646794 @ https://aromawax.eu/pt/products/summer-2026-fragrance-oils-kit:0
[   27291ms] [WARNING] Failed to decode downloaded font: https://aromawax.eu/cdn/shop/t/29/assets/AvenirLTStd-Heavy.woff2?v=100181975222566383851771850553 @ https://aromawax.eu/pt/products/summer-2026-fragrance-oils-kit:0
[   27291ms] [WARNING] OTS parsing error: Failed to convert WOFF 2.0 font to SFNT @ https://aromawax.eu/pt/products/summer-2026-fragrance-oils-kit:0
[   27291ms] [WARNING] Failed to decode downloaded font: https://aromawax.eu/cdn/shop/t/29/assets/AvenirLTStd-Heavy.woff?v=49196535620247681531771850553 @ https://aromawax.eu/pt/products/summer-2026-fragrance-oils-kit:0
[   27291ms] [WARNING] OTS parsing error: incorrect file size in WOFF header @ https://aromawax.eu/pt/products/summer-2026-fragrance-oils-kit:0
[   27291ms] [WARNING] Failed to decode downloaded font: https://aromawax.eu/cdn/shop/t/29/assets/AvenirLTStd-Heavy.ttf?v=161065316383412791401771850553 @ https://aromawax.eu/pt/products/summer-2026-fragrance-oils-kit:0
[   27291ms] [WARNING] OTS parsing error: BASE: misaligned table @ https://aromawax.eu/pt/products/summer-2026-fragrance-oils-kit:0
[   27291ms] [WARNING] Failed to decode downloaded font: https://aromawax.eu/cdn/shop/t/29/assets/AvenirLTStd-Black.eot?v=61293692641208295061771850553 @ https://aromawax.eu/pt/products/summer-2026-fragrance-oils-kit:0
[   27291ms] [WARNING] OTS parsing error: invalid sfntVersion: -272646794 @ https://aromawax.eu/pt/products/summer-2026-fragrance-oils-kit:0
[   34633ms] [WARNING] The resource https://aromawax.eu/cdn/fonts/figtree/figtree_n4.3c0838aba1701047e60be6a99a1b0a40ce9b8419.woff2 was preloaded using link preload but not used within a few seconds from the window's load event. Please make sure it has an appropriate `as` value and it is preloaded intentionally. @ https://aromawax.eu/pt/products/summer-2026-fragrance-oils-kit:0
[   39725ms] [WARNING] The resource https://aromawax.eu/cdn/fonts/figtree/figtree_n4.3c0838aba1701047e60be6a99a1b0a40ce9b8419.woff2 was preloaded using link preload but not used within a few seconds from the window's load event. Please make sure it has an appropriate `as` value and it is preloaded intentionally. @ https://aromawax.eu/pt/products/summer-2026-fragrance-oils-kit:0
[   44650ms] [WARNING] The resource https://aromawax.eu/cdn/fonts/figtree/figtree_n4.3c0838aba1701047e60be6a99a1b0a40ce9b8419.woff2 was preloaded using link preload but not used within a few seconds from the window's load event. Please make sure it has an appropriate `as` value and it is preloaded intentionally. @ https://aromawax.eu/pt/products/summer-2026-fragrance-oils-kit:0
