[     943ms] [WARNING] Failed to decode downloaded font: https://aromawax.eu/cdn/shop/t/31/assets/AvenirLTStd-Black.eot?v=61293692641208295061776204033 @ https://aromawax.eu/pt/products/sicilian-neroli-cashmere-fragrance-oil?audit=1:6719
[     943ms] [WARNING] OTS parsing error: invalid sfntVersion: -272646794 @ https://aromawax.eu/pt/products/sicilian-neroli-cashmere-fragrance-oil?audit=1:6719
[     963ms] [WARNING] Failed to decode downloaded font: https://aromawax.eu/cdn/shop/t/31/assets/AvenirLTStd-Black.eot?v=61293692641208295061776204033 @ https://aromawax.eu/pt/products/sicilian-neroli-cashmere-fragrance-oil?audit=1:6719
[     963ms] [WARNING] OTS parsing error: invalid sfntVersion: -272646794 @ https://aromawax.eu/pt/products/sicilian-neroli-cashmere-fragrance-oil?audit=1:6719
[     969ms] [WARNING] Failed to decode downloaded font: https://aromawax.eu/cdn/shop/t/31/assets/AvenirLTStd-Heavy.woff2?v=100181975222566383851776204033 @ https://aromawax.eu/pt/products/sicilian-neroli-cashmere-fragrance-oil?audit=1:6719
[     969ms] [WARNING] OTS parsing error: Failed to convert WOFF 2.0 font to SFNT @ https://aromawax.eu/pt/products/sicilian-neroli-cashmere-fragrance-oil?audit=1:6719
[     969ms] [WARNING] Failed to decode downloaded font: https://aromawax.eu/cdn/shop/t/31/assets/AvenirLTStd-Heavy.woff2?v=100181975222566383851776204033 @ https://aromawax.eu/pt/products/sicilian-neroli-cashmere-fragrance-oil?audit=1:6719
[     969ms] [WARNING] OTS parsing error: Failed to convert WOFF 2.0 font to SFNT @ https://aromawax.eu/pt/products/sicilian-neroli-cashmere-fragrance-oil?audit=1:6719
[     970ms] [WARNING] Failed to decode downloaded font: https://aromawax.eu/cdn/shop/t/31/assets/AvenirLTStd-Heavy.woff?v=49196535620247681531776204033 @ https://aromawax.eu/pt/products/sicilian-neroli-cashmere-fragrance-oil?audit=1:6719
[     970ms] [WARNING] OTS parsing error: incorrect file size in WOFF header @ https://aromawax.eu/pt/products/sicilian-neroli-cashmere-fragrance-oil?audit=1:6719
[     970ms] [WARNING] Failed to decode downloaded font: https://aromawax.eu/cdn/shop/t/31/assets/AvenirLTStd-Heavy.woff?v=49196535620247681531776204033 @ https://aromawax.eu/pt/products/sicilian-neroli-cashmere-fragrance-oil?audit=1:6719
[     970ms] [WARNING] OTS parsing error: incorrect file size in WOFF header @ https://aromawax.eu/pt/products/sicilian-neroli-cashmere-fragrance-oil?audit=1:6719
[     971ms] [WARNING] Failed to decode downloaded font: https://aromawax.eu/cdn/shop/t/31/assets/AvenirLTStd-Heavy.ttf?v=161065316383412791401776204033 @ https://aromawax.eu/pt/products/sicilian-neroli-cashmere-fragrance-oil?audit=1:6719
[     971ms] [WARNING] OTS parsing error: BASE: misaligned table @ https://aromawax.eu/pt/products/sicilian-neroli-cashmere-fragrance-oil?audit=1:6719
[     971ms] [WARNING] Failed to decode downloaded font: https://aromawax.eu/cdn/shop/t/31/assets/AvenirLTStd-Heavy.ttf?v=161065316383412791401776204033 @ https://aromawax.eu/pt/products/sicilian-neroli-cashmere-fragrance-oil?audit=1:6719
[     971ms] [WARNING] OTS parsing error: BASE: misaligned table @ https://aromawax.eu/pt/products/sicilian-neroli-cashmere-fragrance-oil?audit=1:6719
[     972ms] [WARNING] An import map rule for specifier '@app/main' was removed, as it conflicted with already resolved module specifiers. @ https://aromawax.eu/pt/products/sicilian-neroli-cashmere-fragrance-oil?audit=1:0
[     982ms] [LOG] %cCustomer Accounts Deluxe font-size: 18px; font-weight: bold; color: #fff; background: linear-gradient(90deg, #007bff, #00c6ff); padding: 6px 12px; border-radius: 5px; text-align: center; @ webpack://customer-account-deluxe/./extensions/customer-page/assets/cad_base.js?:39
[     982ms] [LOG] 
 🔵 Seamless Shopify Integration

 🔵 Enhance Customer Experience with Custom Features

 🔵 Loyalty, Rewards, Social Login, Wishlist, Returns & Exchanges, Store Credits and Much More


 Learn more at: https://apps.shopify.com/customer-account-deluxe

 @ webpack://customer-account-deluxe/./extensions/customer-page/assets/cad_base.js?:40
[     986ms] [LOG] existingToggle null @ https://cdn.shopify.com/extensions/019d67a4-5b06-743b-9c60-09feb0784e3c/final-price-72/assets/price-display.js:1202
[     986ms] [LOG] existingToggle null @ https://cdn.shopify.com/extensions/019d67a4-5b06-743b-9c60-09feb0784e3c/final-price-72/assets/price-display.js:1202
[     986ms] [WARNING] [JM Loader] Data mismatch - Liquid hasRevamp: false JS sees: true {number_of_reviews: 6, average_rating: 4.83, review_translations: Object} @ https://cdn.shopify.com/extensions/019d8c1b-980b-774c-b13e-de3a1bd96ef8/judgeme-460/assets/loader.js:0
[    1012ms] [WARNING] Failed to decode downloaded font: https://aromawax.eu/cdn/shop/t/31/assets/AvenirLTStd-Heavy.woff2?v=100181975222566383851776204033 @ https://aromawax.eu/pt/products/sicilian-neroli-cashmere-fragrance-oil?audit=1:0
[    1012ms] [WARNING] OTS parsing error: Failed to convert WOFF 2.0 font to SFNT @ https://aromawax.eu/pt/products/sicilian-neroli-cashmere-fragrance-oil?audit=1:0
[    1012ms] [WARNING] Failed to decode downloaded font: https://aromawax.eu/cdn/shop/t/31/assets/AvenirLTStd-Heavy.woff?v=49196535620247681531776204033 @ https://aromawax.eu/pt/products/sicilian-neroli-cashmere-fragrance-oil?audit=1:0
[    1012ms] [WARNING] OTS parsing error: incorrect file size in WOFF header @ https://aromawax.eu/pt/products/sicilian-neroli-cashmere-fragrance-oil?audit=1:0
[    1012ms] [WARNING] Failed to decode downloaded font: https://aromawax.eu/cdn/shop/t/31/assets/AvenirLTStd-Heavy.ttf?v=161065316383412791401776204033 @ https://aromawax.eu/pt/products/sicilian-neroli-cashmere-fragrance-oil?audit=1:0
[    1012ms] [WARNING] OTS parsing error: BASE: misaligned table @ https://aromawax.eu/pt/products/sicilian-neroli-cashmere-fragrance-oil?audit=1:0
[    1012ms] [WARNING] Failed to decode downloaded font: https://aromawax.eu/cdn/shop/t/31/assets/AvenirLTStd-Black.eot?v=61293692641208295061776204033 @ https://aromawax.eu/pt/products/sicilian-neroli-cashmere-fragrance-oil?audit=1:0
[    1012ms] [WARNING] OTS parsing error: invalid sfntVersion: -272646794 @ https://aromawax.eu/pt/products/sicilian-neroli-cashmere-fragrance-oil?audit=1:0
[    1050ms] [WARNING] Failed to decode downloaded font: https://aromawax.eu/cdn/shop/t/31/assets/AvenirLTStd-Heavy.woff2?v=100181975222566383851776204033 @ https://aromawax.eu/pt/products/sicilian-neroli-cashmere-fragrance-oil?audit=1:0
[    1050ms] [WARNING] OTS parsing error: Failed to convert WOFF 2.0 font to SFNT @ https://aromawax.eu/pt/products/sicilian-neroli-cashmere-fragrance-oil?audit=1:0
[    1050ms] [WARNING] Failed to decode downloaded font: https://aromawax.eu/cdn/shop/t/31/assets/AvenirLTStd-Heavy.woff?v=49196535620247681531776204033 @ https://aromawax.eu/pt/products/sicilian-neroli-cashmere-fragrance-oil?audit=1:0
[    1050ms] [WARNING] OTS parsing error: incorrect file size in WOFF header @ https://aromawax.eu/pt/products/sicilian-neroli-cashmere-fragrance-oil?audit=1:0
[    1050ms] [WARNING] Failed to decode downloaded font: https://aromawax.eu/cdn/shop/t/31/assets/AvenirLTStd-Heavy.ttf?v=161065316383412791401776204033 @ https://aromawax.eu/pt/products/sicilian-neroli-cashmere-fragrance-oil?audit=1:0
[    1050ms] [WARNING] OTS parsing error: BASE: misaligned table @ https://aromawax.eu/pt/products/sicilian-neroli-cashmere-fragrance-oil?audit=1:0
[    1050ms] [WARNING] Failed to decode downloaded font: https://aromawax.eu/cdn/shop/t/31/assets/AvenirLTStd-Black.eot?v=61293692641208295061776204033 @ https://aromawax.eu/pt/products/sicilian-neroli-cashmere-fragrance-oil?audit=1:0
[    1050ms] [WARNING] OTS parsing error: invalid sfntVersion: -272646794 @ https://aromawax.eu/pt/products/sicilian-neroli-cashmere-fragrance-oil?audit=1:0
[    1063ms] [WARNING] Failed to decode downloaded font: https://aromawax.eu/cdn/shop/t/31/assets/AvenirLTStd-Heavy.woff2?v=100181975222566383851776204033 @ :5
[    1063ms] [WARNING] OTS parsing error: Failed to convert WOFF 2.0 font to SFNT @ :5
[    1063ms] [WARNING] Failed to decode downloaded font: https://aromawax.eu/cdn/shop/t/31/assets/AvenirLTStd-Heavy.woff?v=49196535620247681531776204033 @ :5
[    1063ms] [WARNING] OTS parsing error: incorrect file size in WOFF header @ :5
[    1063ms] [WARNING] Failed to decode downloaded font: https://aromawax.eu/cdn/shop/t/31/assets/AvenirLTStd-Heavy.ttf?v=161065316383412791401776204033 @ :5
[    1063ms] [WARNING] OTS parsing error: BASE: misaligned table @ :5
[    1063ms] [WARNING] Failed to decode downloaded font: https://aromawax.eu/cdn/shop/t/31/assets/AvenirLTStd-Black.eot?v=61293692641208295061776204033 @ :5
[    1063ms] [WARNING] OTS parsing error: invalid sfntVersion: -272646794 @ :5
[    1077ms] [WARNING] Failed to decode downloaded font: https://aromawax.eu/cdn/shop/t/31/assets/AvenirLTStd-Heavy.woff2?v=100181975222566383851776204033 @ :2
[    1077ms] [WARNING] OTS parsing error: Failed to convert WOFF 2.0 font to SFNT @ :2
[    1077ms] [WARNING] Failed to decode downloaded font: https://aromawax.eu/cdn/shop/t/31/assets/AvenirLTStd-Heavy.woff?v=49196535620247681531776204033 @ :2
[    1077ms] [WARNING] OTS parsing error: incorrect file size in WOFF header @ :2
[    1077ms] [WARNING] Failed to decode downloaded font: https://aromawax.eu/cdn/shop/t/31/assets/AvenirLTStd-Heavy.ttf?v=161065316383412791401776204033 @ :2
[    1077ms] [WARNING] OTS parsing error: BASE: misaligned table @ :2
[    1077ms] [WARNING] Failed to decode downloaded font: https://aromawax.eu/cdn/shop/t/31/assets/AvenirLTStd-Black.eot?v=61293692641208295061776204033 @ :2
[    1077ms] [WARNING] OTS parsing error: invalid sfntVersion: -272646794 @ :2
[    1389ms] [WARNING] Failed to decode downloaded font: https://aromawax.eu/cdn/shop/t/31/assets/AvenirLTStd-Roman.woff2?v=151369584661543143081776204033 @ https://aromawax.eu/pt/products/sicilian-neroli-cashmere-fragrance-oil?audit=1:0
[    1389ms] [WARNING] OTS parsing error: Size of decompressed WOFF 2.0 is less than compressed size @ https://aromawax.eu/pt/products/sicilian-neroli-cashmere-fragrance-oil?audit=1:0
[    1390ms] [WARNING] Failed to decode downloaded font: https://aromawax.eu/cdn/shop/t/31/assets/AvenirLTStd-Roman.woff2?v=151369584661543143081776204033 @ https://aromawax.eu/pt/products/sicilian-neroli-cashmere-fragrance-oil?audit=1:0
[    1390ms] [WARNING] OTS parsing error: Size of decompressed WOFF 2.0 is less than compressed size @ https://aromawax.eu/pt/products/sicilian-neroli-cashmere-fragrance-oil?audit=1:0
[    1390ms] [WARNING] Failed to decode downloaded font: https://aromawax.eu/cdn/shop/t/31/assets/AvenirLTStd-Roman.woff2?v=151369584661543143081776204033 @ https://aromawax.eu/pt/products/sicilian-neroli-cashmere-fragrance-oil?audit=1:0
[    1390ms] [WARNING] OTS parsing error: Size of decompressed WOFF 2.0 is less than compressed size @ https://aromawax.eu/pt/products/sicilian-neroli-cashmere-fragrance-oil?audit=1:0
[    1390ms] [WARNING] Failed to decode downloaded font: https://aromawax.eu/cdn/shop/t/31/assets/AvenirLTStd-Roman.woff2?v=151369584661543143081776204033 @ https://aromawax.eu/pt/products/sicilian-neroli-cashmere-fragrance-oil?audit=1:0
[    1390ms] [WARNING] OTS parsing error: Size of decompressed WOFF 2.0 is less than compressed size @ https://aromawax.eu/pt/products/sicilian-neroli-cashmere-fragrance-oil?audit=1:0
[    1390ms] [WARNING] Failed to decode downloaded font: https://aromawax.eu/cdn/shop/t/31/assets/AvenirLTStd-Roman.woff2?v=151369584661543143081776204033 @ https://aromawax.eu/pt/products/sicilian-neroli-cashmere-fragrance-oil?audit=1:0
[    1390ms] [WARNING] OTS parsing error: Size of decompressed WOFF 2.0 is less than compressed size @ https://aromawax.eu/pt/products/sicilian-neroli-cashmere-fragrance-oil?audit=1:0
[    1390ms] [WARNING] Failed to decode downloaded font: https://aromawax.eu/cdn/shop/t/31/assets/AvenirLTStd-Roman.woff2?v=151369584661543143081776204033 @ https://aromawax.eu/pt/products/sicilian-neroli-cashmere-fragrance-oil?audit=1:0
[    1390ms] [WARNING] OTS parsing error: Size of decompressed WOFF 2.0 is less than compressed size @ https://aromawax.eu/pt/products/sicilian-neroli-cashmere-fragrance-oil?audit=1:0
[    1538ms] [ERROR] Failed to load resource: the server responded with a status of 403 () @ chrome-error://chromewebdata/:0
[    1545ms] [ERROR] Framing 'https://shop.app/' violates the following Content Security Policy directive: "frame-ancestors 'self' https://shop.app https://admin.shopify.com". The request has been blocked.
 @ :0
[    1696ms] [WARNING] Failed to decode downloaded font: https://aromawax.eu/cdn/shop/t/31/assets/AvenirLTStd-Roman.woff?v=77020652039345579431776204033 @ https://aromawax.eu/pt/products/sicilian-neroli-cashmere-fragrance-oil?audit=1:0
[    1696ms] [WARNING] OTS parsing error: incorrect file size in WOFF header @ https://aromawax.eu/pt/products/sicilian-neroli-cashmere-fragrance-oil?audit=1:0
[    1696ms] [WARNING] Failed to decode downloaded font: https://aromawax.eu/cdn/shop/t/31/assets/AvenirLTStd-Roman.woff?v=77020652039345579431776204033 @ https://aromawax.eu/pt/products/sicilian-neroli-cashmere-fragrance-oil?audit=1:0
[    1697ms] [WARNING] OTS parsing error: incorrect file size in WOFF header @ https://aromawax.eu/pt/products/sicilian-neroli-cashmere-fragrance-oil?audit=1:0
[    1697ms] [WARNING] Failed to decode downloaded font: https://aromawax.eu/cdn/shop/t/31/assets/AvenirLTStd-Roman.woff?v=77020652039345579431776204033 @ https://aromawax.eu/pt/products/sicilian-neroli-cashmere-fragrance-oil?audit=1:0
[    1697ms] [WARNING] OTS parsing error: incorrect file size in WOFF header @ https://aromawax.eu/pt/products/sicilian-neroli-cashmere-fragrance-oil?audit=1:0
[    1697ms] [WARNING] Failed to decode downloaded font: https://aromawax.eu/cdn/shop/t/31/assets/AvenirLTStd-Roman.woff?v=77020652039345579431776204033 @ https://aromawax.eu/pt/products/sicilian-neroli-cashmere-fragrance-oil?audit=1:0
[    1697ms] [WARNING] OTS parsing error: incorrect file size in WOFF header @ https://aromawax.eu/pt/products/sicilian-neroli-cashmere-fragrance-oil?audit=1:0
[    1697ms] [WARNING] Failed to decode downloaded font: https://aromawax.eu/cdn/shop/t/31/assets/AvenirLTStd-Roman.woff?v=77020652039345579431776204033 @ https://aromawax.eu/pt/products/sicilian-neroli-cashmere-fragrance-oil?audit=1:0
[    1697ms] [WARNING] OTS parsing error: incorrect file size in WOFF header @ https://aromawax.eu/pt/products/sicilian-neroli-cashmere-fragrance-oil?audit=1:0
[    1697ms] [WARNING] Failed to decode downloaded font: https://aromawax.eu/cdn/shop/t/31/assets/AvenirLTStd-Roman.woff?v=77020652039345579431776204033 @ https://aromawax.eu/pt/products/sicilian-neroli-cashmere-fragrance-oil?audit=1:0
[    1697ms] [WARNING] OTS parsing error: incorrect file size in WOFF header @ https://aromawax.eu/pt/products/sicilian-neroli-cashmere-fragrance-oil?audit=1:0
[    2196ms] [WARNING] Failed to decode downloaded font: https://aromawax.eu/cdn/shop/t/31/assets/AvenirLTStd-Roman.ttf?v=168653738910245139531776204033 @ https://aromawax.eu/pt/products/sicilian-neroli-cashmere-fragrance-oil?audit=1:0
[    2196ms] [WARNING] OTS parsing error: FFTM: invalid table offset @ https://aromawax.eu/pt/products/sicilian-neroli-cashmere-fragrance-oil?audit=1:0
[    2196ms] [WARNING] Failed to decode downloaded font: https://aromawax.eu/cdn/shop/t/31/assets/AvenirLTStd-Roman.ttf?v=168653738910245139531776204033 @ https://aromawax.eu/pt/products/sicilian-neroli-cashmere-fragrance-oil?audit=1:0
[    2196ms] [WARNING] OTS parsing error: FFTM: invalid table offset @ https://aromawax.eu/pt/products/sicilian-neroli-cashmere-fragrance-oil?audit=1:0
[    2196ms] [WARNING] Failed to decode downloaded font: https://aromawax.eu/cdn/shop/t/31/assets/AvenirLTStd-Roman.ttf?v=168653738910245139531776204033 @ https://aromawax.eu/pt/products/sicilian-neroli-cashmere-fragrance-oil?audit=1:0
[    2196ms] [WARNING] OTS parsing error: FFTM: invalid table offset @ https://aromawax.eu/pt/products/sicilian-neroli-cashmere-fragrance-oil?audit=1:0
[    2196ms] [WARNING] Failed to decode downloaded font: https://aromawax.eu/cdn/shop/t/31/assets/AvenirLTStd-Roman.ttf?v=168653738910245139531776204033 @ https://aromawax.eu/pt/products/sicilian-neroli-cashmere-fragrance-oil?audit=1:0
[    2196ms] [WARNING] OTS parsing error: FFTM: invalid table offset @ https://aromawax.eu/pt/products/sicilian-neroli-cashmere-fragrance-oil?audit=1:0
[    2196ms] [WARNING] Failed to decode downloaded font: https://aromawax.eu/cdn/shop/t/31/assets/AvenirLTStd-Roman.ttf?v=168653738910245139531776204033 @ https://aromawax.eu/pt/products/sicilian-neroli-cashmere-fragrance-oil?audit=1:0
[    2196ms] [WARNING] OTS parsing error: FFTM: invalid table offset @ https://aromawax.eu/pt/products/sicilian-neroli-cashmere-fragrance-oil?audit=1:0
[    2196ms] [WARNING] Failed to decode downloaded font: https://aromawax.eu/cdn/shop/t/31/assets/AvenirLTStd-Roman.ttf?v=168653738910245139531776204033 @ https://aromawax.eu/pt/products/sicilian-neroli-cashmere-fragrance-oil?audit=1:0
[    2196ms] [WARNING] OTS parsing error: FFTM: invalid table offset @ https://aromawax.eu/pt/products/sicilian-neroli-cashmere-fragrance-oil?audit=1:0
[    4080ms] [LOG] Intercom whoami never became available @ :32
[    4890ms] [WARNING] Failed to decode downloaded font: https://aromawax.eu/cdn/shop/t/31/assets/AvenirLTStd-Roman.woff2?v=151369584661543143081776204033 @ https://cdn.shopify.com/extensions/019d8a13-ee60-75d7-ae0f-514ac36f9789/localizing-254/assets/floating-selector.js:0
[    4890ms] [WARNING] OTS parsing error: Size of decompressed WOFF 2.0 is less than compressed size @ https://cdn.shopify.com/extensions/019d8a13-ee60-75d7-ae0f-514ac36f9789/localizing-254/assets/floating-selector.js:0
[    4890ms] [WARNING] Failed to decode downloaded font: https://aromawax.eu/cdn/shop/t/31/assets/AvenirLTStd-Roman.woff?v=77020652039345579431776204033 @ https://cdn.shopify.com/extensions/019d8a13-ee60-75d7-ae0f-514ac36f9789/localizing-254/assets/floating-selector.js:0
[    4890ms] [WARNING] OTS parsing error: incorrect file size in WOFF header @ https://cdn.shopify.com/extensions/019d8a13-ee60-75d7-ae0f-514ac36f9789/localizing-254/assets/floating-selector.js:0
[    4890ms] [WARNING] Failed to decode downloaded font: https://aromawax.eu/cdn/shop/t/31/assets/AvenirLTStd-Roman.ttf?v=168653738910245139531776204033 @ https://cdn.shopify.com/extensions/019d8a13-ee60-75d7-ae0f-514ac36f9789/localizing-254/assets/floating-selector.js:0
[    4890ms] [WARNING] OTS parsing error: FFTM: invalid table offset @ https://cdn.shopify.com/extensions/019d8a13-ee60-75d7-ae0f-514ac36f9789/localizing-254/assets/floating-selector.js:0
[    4890ms] [WARNING] Failed to decode downloaded font: https://aromawax.eu/cdn/shop/t/31/assets/AvenirLTStd-Heavy.woff2?v=100181975222566383851776204033 @ https://cdn.shopify.com/extensions/019d8a13-ee60-75d7-ae0f-514ac36f9789/localizing-254/assets/floating-selector.js:0
[    4890ms] [WARNING] OTS parsing error: Failed to convert WOFF 2.0 font to SFNT @ https://cdn.shopify.com/extensions/019d8a13-ee60-75d7-ae0f-514ac36f9789/localizing-254/assets/floating-selector.js:0
[    4890ms] [WARNING] Failed to decode downloaded font: https://aromawax.eu/cdn/shop/t/31/assets/AvenirLTStd-Heavy.woff?v=49196535620247681531776204033 @ https://cdn.shopify.com/extensions/019d8a13-ee60-75d7-ae0f-514ac36f9789/localizing-254/assets/floating-selector.js:0
[    4890ms] [WARNING] OTS parsing error: incorrect file size in WOFF header @ https://cdn.shopify.com/extensions/019d8a13-ee60-75d7-ae0f-514ac36f9789/localizing-254/assets/floating-selector.js:0
[    4890ms] [WARNING] Failed to decode downloaded font: https://aromawax.eu/cdn/shop/t/31/assets/AvenirLTStd-Heavy.ttf?v=161065316383412791401776204033 @ https://cdn.shopify.com/extensions/019d8a13-ee60-75d7-ae0f-514ac36f9789/localizing-254/assets/floating-selector.js:0
[    4890ms] [WARNING] OTS parsing error: BASE: misaligned table @ https://cdn.shopify.com/extensions/019d8a13-ee60-75d7-ae0f-514ac36f9789/localizing-254/assets/floating-selector.js:0
[    4890ms] [WARNING] Failed to decode downloaded font: https://aromawax.eu/cdn/shop/t/31/assets/AvenirLTStd-Black.eot?v=61293692641208295061776204033 @ https://cdn.shopify.com/extensions/019d8a13-ee60-75d7-ae0f-514ac36f9789/localizing-254/assets/floating-selector.js:0
[    4890ms] [WARNING] OTS parsing error: invalid sfntVersion: -272646794 @ https://cdn.shopify.com/extensions/019d8a13-ee60-75d7-ae0f-514ac36f9789/localizing-254/assets/floating-selector.js:0
[    7428ms] [LOG] Intercom whoami never became available @ :32
