[      41ms] [LOG] Intercom whoami never became available @ :32
[     236ms] [WARNING] Failed to decode downloaded font: https://aromawax.eu/cdn/shop/t/29/assets/AvenirLTStd-Black.eot?v=61293692641208295061771850553 @ https://aromawax.eu/pt/products/wk-st-stabilo-series-cotton-wicks:5197
[     236ms] [WARNING] OTS parsing error: invalid sfntVersion: -272646794 @ https://aromawax.eu/pt/products/wk-st-stabilo-series-cotton-wicks:5197
[     242ms] [WARNING] Failed to decode downloaded font: https://aromawax.eu/cdn/shop/t/29/assets/AvenirLTStd-Heavy.woff2?v=100181975222566383851771850553 @ https://aromawax.eu/pt/products/wk-st-stabilo-series-cotton-wicks:5197
[     242ms] [WARNING] OTS parsing error: Failed to convert WOFF 2.0 font to SFNT @ https://aromawax.eu/pt/products/wk-st-stabilo-series-cotton-wicks:5197
[     248ms] [WARNING] An import map rule for specifier '@app/main' was removed, as it conflicted with an existing rule. @ https://aromawax.eu/pt/products/wk-st-stabilo-series-cotton-wicks:0
[     249ms] [WARNING] Failed to decode downloaded font: https://aromawax.eu/cdn/shop/t/29/assets/AvenirLTStd-Heavy.woff?v=49196535620247681531771850553 @ https://aromawax.eu/pt/products/wk-st-stabilo-series-cotton-wicks:0
[     249ms] [WARNING] OTS parsing error: incorrect file size in WOFF header @ https://aromawax.eu/pt/products/wk-st-stabilo-series-cotton-wicks:0
[     250ms] [WARNING] Failed to decode downloaded font: https://aromawax.eu/cdn/shop/t/29/assets/AvenirLTStd-Heavy.woff2?v=100181975222566383851771850553 @ https://aromawax.eu/cdn/shop/t/29/assets/theme.js?v=13159901232634706651771850553:44
[     250ms] [WARNING] OTS parsing error: Failed to convert WOFF 2.0 font to SFNT @ https://aromawax.eu/cdn/shop/t/29/assets/theme.js?v=13159901232634706651771850553:44
[     250ms] [WARNING] Failed to decode downloaded font: https://aromawax.eu/cdn/shop/t/29/assets/AvenirLTStd-Heavy.woff?v=49196535620247681531771850553 @ https://aromawax.eu/cdn/shop/t/29/assets/theme.js?v=13159901232634706651771850553:44
[     250ms] [WARNING] OTS parsing error: incorrect file size in WOFF header @ https://aromawax.eu/cdn/shop/t/29/assets/theme.js?v=13159901232634706651771850553:44
[     250ms] [WARNING] Failed to decode downloaded font: https://aromawax.eu/cdn/shop/t/29/assets/AvenirLTStd-Black.eot?v=61293692641208295061771850553 @ https://aromawax.eu/cdn/shop/t/29/assets/theme.js?v=13159901232634706651771850553:44
[     250ms] [WARNING] OTS parsing error: invalid sfntVersion: -272646794 @ https://aromawax.eu/cdn/shop/t/29/assets/theme.js?v=13159901232634706651771850553:44
[     259ms] [WARNING] Failed to decode downloaded font: https://aromawax.eu/cdn/shop/t/29/assets/AvenirLTStd-Heavy.ttf?v=161065316383412791401771850553 @ https://aromawax.eu/pt/products/wk-st-stabilo-series-cotton-wicks:0
[     259ms] [WARNING] OTS parsing error: BASE: misaligned table @ https://aromawax.eu/pt/products/wk-st-stabilo-series-cotton-wicks:0
[     259ms] [WARNING] Failed to decode downloaded font: https://aromawax.eu/cdn/shop/t/29/assets/AvenirLTStd-Heavy.ttf?v=161065316383412791401771850553 @ https://aromawax.eu/pt/products/wk-st-stabilo-series-cotton-wicks:0
[     259ms] [WARNING] OTS parsing error: BASE: misaligned table @ https://aromawax.eu/pt/products/wk-st-stabilo-series-cotton-wicks:0
[     261ms] [LOG] %cCustomer Accounts Deluxe font-size: 18px; font-weight: bold; color: #fff; background: linear-gradient(90deg, #007bff, #00c6ff); padding: 6px 12px; border-radius: 5px; text-align: center; @ webpack://customer-account-deluxe/./extensions/customer-page/assets/cad_base.js?:39
[     261ms] [LOG] 
 🔵 Seamless Shopify Integration

 🔵 Enhance Customer Experience with Custom Features

 🔵 Loyalty, Rewards, Social Login, Wishlist, Returns & Exchanges, Store Credits and Much More


 Learn more at: https://apps.shopify.com/customer-account-deluxe

 @ webpack://customer-account-deluxe/./extensions/customer-page/assets/cad_base.js?:40
[     265ms] [LOG] existingToggle null @ https://cdn.shopify.com/extensions/019d67a4-5b06-743b-9c60-09feb0784e3c/final-price-72/assets/price-display.js:1202
[     265ms] [LOG] existingToggle null @ https://cdn.shopify.com/extensions/019d67a4-5b06-743b-9c60-09feb0784e3c/final-price-72/assets/price-display.js:1202
[     265ms] [WARNING] [JM Loader] Data mismatch - Liquid hasRevamp: false JS sees: true {number_of_reviews: 6, average_rating: 5.00, review_translations: Object} @ https://cdn.shopify.com/extensions/019d8c1b-980b-774c-b13e-de3a1bd96ef8/judgeme-460/assets/loader.js:0
[     303ms] [WARNING] Failed to decode downloaded font: https://aromawax.eu/cdn/shop/t/29/assets/AvenirLTStd-Heavy.woff2?v=100181975222566383851771850553 @ https://aromawax.eu/pt/products/wk-st-stabilo-series-cotton-wicks:0
[     303ms] [WARNING] OTS parsing error: Failed to convert WOFF 2.0 font to SFNT @ https://aromawax.eu/pt/products/wk-st-stabilo-series-cotton-wicks:0
[     303ms] [WARNING] Failed to decode downloaded font: https://aromawax.eu/cdn/shop/t/29/assets/AvenirLTStd-Heavy.woff?v=49196535620247681531771850553 @ https://aromawax.eu/pt/products/wk-st-stabilo-series-cotton-wicks:0
[     303ms] [WARNING] OTS parsing error: incorrect file size in WOFF header @ https://aromawax.eu/pt/products/wk-st-stabilo-series-cotton-wicks:0
[     303ms] [WARNING] Failed to decode downloaded font: https://aromawax.eu/cdn/shop/t/29/assets/AvenirLTStd-Heavy.ttf?v=161065316383412791401771850553 @ https://aromawax.eu/pt/products/wk-st-stabilo-series-cotton-wicks:0
[     303ms] [WARNING] OTS parsing error: BASE: misaligned table @ https://aromawax.eu/pt/products/wk-st-stabilo-series-cotton-wicks:0
[     303ms] [WARNING] Failed to decode downloaded font: https://aromawax.eu/cdn/shop/t/29/assets/AvenirLTStd-Black.eot?v=61293692641208295061771850553 @ https://aromawax.eu/pt/products/wk-st-stabilo-series-cotton-wicks:0
[     303ms] [WARNING] OTS parsing error: invalid sfntVersion: -272646794 @ https://aromawax.eu/pt/products/wk-st-stabilo-series-cotton-wicks:0
[     313ms] [WARNING] Failed to decode downloaded font: https://aromawax.eu/cdn/shop/t/29/assets/AvenirLTStd-Heavy.woff2?v=100181975222566383851771850553 @ https://aromawax.eu/pt/products/wk-st-stabilo-series-cotton-wicks:0
[     313ms] [WARNING] OTS parsing error: Failed to convert WOFF 2.0 font to SFNT @ https://aromawax.eu/pt/products/wk-st-stabilo-series-cotton-wicks:0
[     313ms] [WARNING] Failed to decode downloaded font: https://aromawax.eu/cdn/shop/t/29/assets/AvenirLTStd-Heavy.woff?v=49196535620247681531771850553 @ https://aromawax.eu/pt/products/wk-st-stabilo-series-cotton-wicks:0
[     313ms] [WARNING] OTS parsing error: incorrect file size in WOFF header @ https://aromawax.eu/pt/products/wk-st-stabilo-series-cotton-wicks:0
[     313ms] [WARNING] Failed to decode downloaded font: https://aromawax.eu/cdn/shop/t/29/assets/AvenirLTStd-Heavy.ttf?v=161065316383412791401771850553 @ https://aromawax.eu/pt/products/wk-st-stabilo-series-cotton-wicks:0
[     313ms] [WARNING] OTS parsing error: BASE: misaligned table @ https://aromawax.eu/pt/products/wk-st-stabilo-series-cotton-wicks:0
[     313ms] [WARNING] Failed to decode downloaded font: https://aromawax.eu/cdn/shop/t/29/assets/AvenirLTStd-Black.eot?v=61293692641208295061771850553 @ https://aromawax.eu/pt/products/wk-st-stabilo-series-cotton-wicks:0
[     313ms] [WARNING] OTS parsing error: invalid sfntVersion: -272646794 @ https://aromawax.eu/pt/products/wk-st-stabilo-series-cotton-wicks:0
[     322ms] [WARNING] Failed to decode downloaded font: https://aromawax.eu/cdn/shop/t/29/assets/AvenirLTStd-Roman.woff2?v=151369584661543143081771850553 @ https://aromawax.eu/pt/products/wk-st-stabilo-series-cotton-wicks:0
[     322ms] [WARNING] OTS parsing error: Size of decompressed WOFF 2.0 is less than compressed size @ https://aromawax.eu/pt/products/wk-st-stabilo-series-cotton-wicks:0
[     323ms] [WARNING] Failed to decode downloaded font: https://aromawax.eu/cdn/shop/t/29/assets/AvenirLTStd-Roman.woff2?v=151369584661543143081771850553 @ https://aromawax.eu/pt/products/wk-st-stabilo-series-cotton-wicks:0
[     323ms] [WARNING] OTS parsing error: Size of decompressed WOFF 2.0 is less than compressed size @ https://aromawax.eu/pt/products/wk-st-stabilo-series-cotton-wicks:0
[     323ms] [WARNING] Failed to decode downloaded font: https://aromawax.eu/cdn/shop/t/29/assets/AvenirLTStd-Roman.woff2?v=151369584661543143081771850553 @ https://aromawax.eu/pt/products/wk-st-stabilo-series-cotton-wicks:0
[     323ms] [WARNING] OTS parsing error: Size of decompressed WOFF 2.0 is less than compressed size @ https://aromawax.eu/pt/products/wk-st-stabilo-series-cotton-wicks:0
[     323ms] [WARNING] Failed to decode downloaded font: https://aromawax.eu/cdn/shop/t/29/assets/AvenirLTStd-Roman.woff2?v=151369584661543143081771850553 @ https://aromawax.eu/pt/products/wk-st-stabilo-series-cotton-wicks:0
[     323ms] [WARNING] OTS parsing error: Size of decompressed WOFF 2.0 is less than compressed size @ https://aromawax.eu/pt/products/wk-st-stabilo-series-cotton-wicks:0
[     323ms] [WARNING] Failed to decode downloaded font: https://aromawax.eu/cdn/shop/t/29/assets/AvenirLTStd-Roman.woff?v=77020652039345579431771850553 @ https://aromawax.eu/pt/products/wk-st-stabilo-series-cotton-wicks:0
[     323ms] [WARNING] OTS parsing error: incorrect file size in WOFF header @ https://aromawax.eu/pt/products/wk-st-stabilo-series-cotton-wicks:0
[     323ms] [WARNING] Failed to decode downloaded font: https://aromawax.eu/cdn/shop/t/29/assets/AvenirLTStd-Roman.woff?v=77020652039345579431771850553 @ https://aromawax.eu/pt/products/wk-st-stabilo-series-cotton-wicks:0
[     323ms] [WARNING] OTS parsing error: incorrect file size in WOFF header @ https://aromawax.eu/pt/products/wk-st-stabilo-series-cotton-wicks:0
[     323ms] [WARNING] Failed to decode downloaded font: https://aromawax.eu/cdn/shop/t/29/assets/AvenirLTStd-Roman.woff?v=77020652039345579431771850553 @ https://aromawax.eu/pt/products/wk-st-stabilo-series-cotton-wicks:0
[     323ms] [WARNING] OTS parsing error: incorrect file size in WOFF header @ https://aromawax.eu/pt/products/wk-st-stabilo-series-cotton-wicks:0
[     323ms] [WARNING] Failed to decode downloaded font: https://aromawax.eu/cdn/shop/t/29/assets/AvenirLTStd-Roman.woff?v=77020652039345579431771850553 @ https://aromawax.eu/pt/products/wk-st-stabilo-series-cotton-wicks:0
[     323ms] [WARNING] OTS parsing error: incorrect file size in WOFF header @ https://aromawax.eu/pt/products/wk-st-stabilo-series-cotton-wicks:0
[     326ms] [WARNING] Failed to decode downloaded font: https://aromawax.eu/cdn/shop/t/29/assets/AvenirLTStd-Roman.ttf?v=168653738910245139531771850553 @ https://aromawax.eu/pt/products/wk-st-stabilo-series-cotton-wicks:0
[     326ms] [WARNING] OTS parsing error: FFTM: invalid table offset @ https://aromawax.eu/pt/products/wk-st-stabilo-series-cotton-wicks:0
[     326ms] [WARNING] Failed to decode downloaded font: https://aromawax.eu/cdn/shop/t/29/assets/AvenirLTStd-Roman.ttf?v=168653738910245139531771850553 @ https://aromawax.eu/pt/products/wk-st-stabilo-series-cotton-wicks:0
[     326ms] [WARNING] OTS parsing error: FFTM: invalid table offset @ https://aromawax.eu/pt/products/wk-st-stabilo-series-cotton-wicks:0
[     326ms] [WARNING] Failed to decode downloaded font: https://aromawax.eu/cdn/shop/t/29/assets/AvenirLTStd-Roman.ttf?v=168653738910245139531771850553 @ https://aromawax.eu/pt/products/wk-st-stabilo-series-cotton-wicks:0
[     326ms] [WARNING] OTS parsing error: FFTM: invalid table offset @ https://aromawax.eu/pt/products/wk-st-stabilo-series-cotton-wicks:0
[     326ms] [WARNING] Failed to decode downloaded font: https://aromawax.eu/cdn/shop/t/29/assets/AvenirLTStd-Roman.ttf?v=168653738910245139531771850553 @ https://aromawax.eu/pt/products/wk-st-stabilo-series-cotton-wicks:0
[     326ms] [WARNING] OTS parsing error: FFTM: invalid table offset @ https://aromawax.eu/pt/products/wk-st-stabilo-series-cotton-wicks:0
[     330ms] [WARNING] Failed to decode downloaded font: https://aromawax.eu/cdn/shop/t/29/assets/AvenirLTStd-Roman.woff2?v=151369584661543143081771850553 @ https://aromawax.eu/pt/products/wk-st-stabilo-series-cotton-wicks:0
[     330ms] [WARNING] OTS parsing error: Size of decompressed WOFF 2.0 is less than compressed size @ https://aromawax.eu/pt/products/wk-st-stabilo-series-cotton-wicks:0
[     330ms] [WARNING] Failed to decode downloaded font: https://aromawax.eu/cdn/shop/t/29/assets/AvenirLTStd-Roman.woff?v=77020652039345579431771850553 @ https://aromawax.eu/pt/products/wk-st-stabilo-series-cotton-wicks:0
[     330ms] [WARNING] OTS parsing error: incorrect file size in WOFF header @ https://aromawax.eu/pt/products/wk-st-stabilo-series-cotton-wicks:0
[     330ms] [WARNING] Failed to decode downloaded font: https://aromawax.eu/cdn/shop/t/29/assets/AvenirLTStd-Roman.ttf?v=168653738910245139531771850553 @ https://aromawax.eu/pt/products/wk-st-stabilo-series-cotton-wicks:0
[     330ms] [WARNING] OTS parsing error: FFTM: invalid table offset @ https://aromawax.eu/pt/products/wk-st-stabilo-series-cotton-wicks:0
[     330ms] [WARNING] Failed to decode downloaded font: https://aromawax.eu/cdn/shop/t/29/assets/AvenirLTStd-Heavy.woff2?v=100181975222566383851771850553 @ https://aromawax.eu/pt/products/wk-st-stabilo-series-cotton-wicks:0
[     330ms] [WARNING] OTS parsing error: Failed to convert WOFF 2.0 font to SFNT @ https://aromawax.eu/pt/products/wk-st-stabilo-series-cotton-wicks:0
[     330ms] [WARNING] Failed to decode downloaded font: https://aromawax.eu/cdn/shop/t/29/assets/AvenirLTStd-Heavy.woff?v=49196535620247681531771850553 @ https://aromawax.eu/pt/products/wk-st-stabilo-series-cotton-wicks:0
[     330ms] [WARNING] OTS parsing error: incorrect file size in WOFF header @ https://aromawax.eu/pt/products/wk-st-stabilo-series-cotton-wicks:0
[     330ms] [WARNING] Failed to decode downloaded font: https://aromawax.eu/cdn/shop/t/29/assets/AvenirLTStd-Heavy.ttf?v=161065316383412791401771850553 @ https://aromawax.eu/pt/products/wk-st-stabilo-series-cotton-wicks:0
[     330ms] [WARNING] OTS parsing error: BASE: misaligned table @ https://aromawax.eu/pt/products/wk-st-stabilo-series-cotton-wicks:0
[     330ms] [WARNING] Failed to decode downloaded font: https://aromawax.eu/cdn/shop/t/29/assets/AvenirLTStd-Black.eot?v=61293692641208295061771850553 @ https://aromawax.eu/pt/products/wk-st-stabilo-series-cotton-wicks:0
[     330ms] [WARNING] OTS parsing error: invalid sfntVersion: -272646794 @ https://aromawax.eu/pt/products/wk-st-stabilo-series-cotton-wicks:0
[     355ms] [WARNING] Failed to decode downloaded font: https://aromawax.eu/cdn/shop/t/29/assets/AvenirLTStd-Roman.woff2?v=151369584661543143081771850553 @ https://aromawax.eu/pt/products/wk-st-stabilo-series-cotton-wicks:0
[     355ms] [WARNING] OTS parsing error: Size of decompressed WOFF 2.0 is less than compressed size @ https://aromawax.eu/pt/products/wk-st-stabilo-series-cotton-wicks:0
[     355ms] [WARNING] Failed to decode downloaded font: https://aromawax.eu/cdn/shop/t/29/assets/AvenirLTStd-Roman.woff?v=77020652039345579431771850553 @ https://aromawax.eu/pt/products/wk-st-stabilo-series-cotton-wicks:0
[     355ms] [WARNING] OTS parsing error: incorrect file size in WOFF header @ https://aromawax.eu/pt/products/wk-st-stabilo-series-cotton-wicks:0
[     355ms] [WARNING] Failed to decode downloaded font: https://aromawax.eu/cdn/shop/t/29/assets/AvenirLTStd-Roman.ttf?v=168653738910245139531771850553 @ https://aromawax.eu/pt/products/wk-st-stabilo-series-cotton-wicks:0
[     355ms] [WARNING] OTS parsing error: FFTM: invalid table offset @ https://aromawax.eu/pt/products/wk-st-stabilo-series-cotton-wicks:0
[     355ms] [WARNING] Failed to decode downloaded font: https://aromawax.eu/cdn/shop/t/29/assets/AvenirLTStd-Heavy.woff2?v=100181975222566383851771850553 @ https://aromawax.eu/pt/products/wk-st-stabilo-series-cotton-wicks:0
[     355ms] [WARNING] OTS parsing error: Failed to convert WOFF 2.0 font to SFNT @ https://aromawax.eu/pt/products/wk-st-stabilo-series-cotton-wicks:0
[     355ms] [WARNING] Failed to decode downloaded font: https://aromawax.eu/cdn/shop/t/29/assets/AvenirLTStd-Heavy.woff?v=49196535620247681531771850553 @ https://aromawax.eu/pt/products/wk-st-stabilo-series-cotton-wicks:0
[     355ms] [WARNING] OTS parsing error: incorrect file size in WOFF header @ https://aromawax.eu/pt/products/wk-st-stabilo-series-cotton-wicks:0
[     355ms] [WARNING] Failed to decode downloaded font: https://aromawax.eu/cdn/shop/t/29/assets/AvenirLTStd-Heavy.ttf?v=161065316383412791401771850553 @ https://aromawax.eu/pt/products/wk-st-stabilo-series-cotton-wicks:0
[     355ms] [WARNING] OTS parsing error: BASE: misaligned table @ https://aromawax.eu/pt/products/wk-st-stabilo-series-cotton-wicks:0
[     355ms] [WARNING] Failed to decode downloaded font: https://aromawax.eu/cdn/shop/t/29/assets/AvenirLTStd-Black.eot?v=61293692641208295061771850553 @ https://aromawax.eu/pt/products/wk-st-stabilo-series-cotton-wicks:0
[     355ms] [WARNING] OTS parsing error: invalid sfntVersion: -272646794 @ https://aromawax.eu/pt/products/wk-st-stabilo-series-cotton-wicks:0
[     407ms] [WARNING] Failed to decode downloaded font: https://aromawax.eu/cdn/shop/t/29/assets/AvenirLTStd-Roman.woff2?v=151369584661543143081771850553 @ https://aromawax.eu/pt/products/wk-st-stabilo-series-cotton-wicks:0
[     407ms] [WARNING] OTS parsing error: Size of decompressed WOFF 2.0 is less than compressed size @ https://aromawax.eu/pt/products/wk-st-stabilo-series-cotton-wicks:0
[     407ms] [WARNING] Failed to decode downloaded font: https://aromawax.eu/cdn/shop/t/29/assets/AvenirLTStd-Roman.woff?v=77020652039345579431771850553 @ https://aromawax.eu/pt/products/wk-st-stabilo-series-cotton-wicks:0
[     407ms] [WARNING] OTS parsing error: incorrect file size in WOFF header @ https://aromawax.eu/pt/products/wk-st-stabilo-series-cotton-wicks:0
[     407ms] [WARNING] Failed to decode downloaded font: https://aromawax.eu/cdn/shop/t/29/assets/AvenirLTStd-Roman.ttf?v=168653738910245139531771850553 @ https://aromawax.eu/pt/products/wk-st-stabilo-series-cotton-wicks:0
[     407ms] [WARNING] OTS parsing error: FFTM: invalid table offset @ https://aromawax.eu/pt/products/wk-st-stabilo-series-cotton-wicks:0
[     407ms] [WARNING] Failed to decode downloaded font: https://aromawax.eu/cdn/shop/t/29/assets/AvenirLTStd-Heavy.woff2?v=100181975222566383851771850553 @ https://aromawax.eu/pt/products/wk-st-stabilo-series-cotton-wicks:0
[     407ms] [WARNING] OTS parsing error: Failed to convert WOFF 2.0 font to SFNT @ https://aromawax.eu/pt/products/wk-st-stabilo-series-cotton-wicks:0
[     407ms] [WARNING] Failed to decode downloaded font: https://aromawax.eu/cdn/shop/t/29/assets/AvenirLTStd-Heavy.woff?v=49196535620247681531771850553 @ https://aromawax.eu/pt/products/wk-st-stabilo-series-cotton-wicks:0
[     407ms] [WARNING] OTS parsing error: incorrect file size in WOFF header @ https://aromawax.eu/pt/products/wk-st-stabilo-series-cotton-wicks:0
[     407ms] [WARNING] Failed to decode downloaded font: https://aromawax.eu/cdn/shop/t/29/assets/AvenirLTStd-Heavy.ttf?v=161065316383412791401771850553 @ https://aromawax.eu/pt/products/wk-st-stabilo-series-cotton-wicks:0
[     407ms] [WARNING] OTS parsing error: BASE: misaligned table @ https://aromawax.eu/pt/products/wk-st-stabilo-series-cotton-wicks:0
[     407ms] [WARNING] Failed to decode downloaded font: https://aromawax.eu/cdn/shop/t/29/assets/AvenirLTStd-Black.eot?v=61293692641208295061771850553 @ https://aromawax.eu/pt/products/wk-st-stabilo-series-cotton-wicks:0
[     407ms] [WARNING] OTS parsing error: invalid sfntVersion: -272646794 @ https://aromawax.eu/pt/products/wk-st-stabilo-series-cotton-wicks:0
[     835ms] [ERROR] Framing 'https://shop.app/' violates the following Content Security Policy directive: "frame-ancestors 'self' https://shop.app https://admin.shopify.com". The request has been blocked.
 @ :0
[     834ms] [ERROR] Failed to load resource: the server responded with a status of 403 () @ chrome-error://chromewebdata/:0
[    1117ms] [WARNING] Failed to decode downloaded font: https://aromawax.eu/cdn/shop/t/29/assets/AvenirLTStd-Roman.woff2?v=151369584661543143081771850553 @ https://cdn.shopify.com/extensions/019d8a13-ee60-75d7-ae0f-514ac36f9789/localizing-254/assets/floating-selector.js:0
[    1117ms] [WARNING] OTS parsing error: Size of decompressed WOFF 2.0 is less than compressed size @ https://cdn.shopify.com/extensions/019d8a13-ee60-75d7-ae0f-514ac36f9789/localizing-254/assets/floating-selector.js:0
[    1117ms] [WARNING] Failed to decode downloaded font: https://aromawax.eu/cdn/shop/t/29/assets/AvenirLTStd-Roman.woff?v=77020652039345579431771850553 @ https://cdn.shopify.com/extensions/019d8a13-ee60-75d7-ae0f-514ac36f9789/localizing-254/assets/floating-selector.js:0
[    1117ms] [WARNING] OTS parsing error: incorrect file size in WOFF header @ https://cdn.shopify.com/extensions/019d8a13-ee60-75d7-ae0f-514ac36f9789/localizing-254/assets/floating-selector.js:0
[    1117ms] [WARNING] Failed to decode downloaded font: https://aromawax.eu/cdn/shop/t/29/assets/AvenirLTStd-Roman.ttf?v=168653738910245139531771850553 @ https://cdn.shopify.com/extensions/019d8a13-ee60-75d7-ae0f-514ac36f9789/localizing-254/assets/floating-selector.js:0
[    1117ms] [WARNING] OTS parsing error: FFTM: invalid table offset @ https://cdn.shopify.com/extensions/019d8a13-ee60-75d7-ae0f-514ac36f9789/localizing-254/assets/floating-selector.js:0
[    1117ms] [WARNING] Failed to decode downloaded font: https://aromawax.eu/cdn/shop/t/29/assets/AvenirLTStd-Heavy.woff2?v=100181975222566383851771850553 @ https://cdn.shopify.com/extensions/019d8a13-ee60-75d7-ae0f-514ac36f9789/localizing-254/assets/floating-selector.js:0
[    1117ms] [WARNING] OTS parsing error: Failed to convert WOFF 2.0 font to SFNT @ https://cdn.shopify.com/extensions/019d8a13-ee60-75d7-ae0f-514ac36f9789/localizing-254/assets/floating-selector.js:0
[    1117ms] [WARNING] Failed to decode downloaded font: https://aromawax.eu/cdn/shop/t/29/assets/AvenirLTStd-Heavy.woff?v=49196535620247681531771850553 @ https://cdn.shopify.com/extensions/019d8a13-ee60-75d7-ae0f-514ac36f9789/localizing-254/assets/floating-selector.js:0
[    1117ms] [WARNING] OTS parsing error: incorrect file size in WOFF header @ https://cdn.shopify.com/extensions/019d8a13-ee60-75d7-ae0f-514ac36f9789/localizing-254/assets/floating-selector.js:0
[    1117ms] [WARNING] Failed to decode downloaded font: https://aromawax.eu/cdn/shop/t/29/assets/AvenirLTStd-Heavy.ttf?v=161065316383412791401771850553 @ https://cdn.shopify.com/extensions/019d8a13-ee60-75d7-ae0f-514ac36f9789/localizing-254/assets/floating-selector.js:0
[    1117ms] [WARNING] OTS parsing error: BASE: misaligned table @ https://cdn.shopify.com/extensions/019d8a13-ee60-75d7-ae0f-514ac36f9789/localizing-254/assets/floating-selector.js:0
[    1117ms] [WARNING] Failed to decode downloaded font: https://aromawax.eu/cdn/shop/t/29/assets/AvenirLTStd-Black.eot?v=61293692641208295061771850553 @ https://cdn.shopify.com/extensions/019d8a13-ee60-75d7-ae0f-514ac36f9789/localizing-254/assets/floating-selector.js:0
[    1117ms] [WARNING] OTS parsing error: invalid sfntVersion: -272646794 @ https://cdn.shopify.com/extensions/019d8a13-ee60-75d7-ae0f-514ac36f9789/localizing-254/assets/floating-selector.js:0
[    3167ms] [LOG] Intercom whoami never became available @ :32
[    3241ms] [LOG] Intercom whoami never became available @ :32
