[    1042ms] [WARNING] Failed to decode downloaded font: https://aromawax.eu/cdn/shop/t/32/assets/AvenirLTStd-Black.eot?v=61293692641208295061776246661 @ https://aromawax.eu/pt/products/all-seasons-classics-fragrance-oils-kit?cart_build=20260415g&cb=browser5:5378
[    1042ms] [WARNING] OTS parsing error: invalid sfntVersion: -272646794 @ https://aromawax.eu/pt/products/all-seasons-classics-fragrance-oils-kit?cart_build=20260415g&cb=browser5:5378
[    1101ms] [WARNING] Failed to decode downloaded font: https://aromawax.eu/cdn/shop/t/32/assets/AvenirLTStd-Heavy.woff2?v=100181975222566383851776246661 @ https://aromawax.eu/pt/products/all-seasons-classics-fragrance-oils-kit?cart_build=20260415g&cb=browser5:5380
[    1101ms] [WARNING] OTS parsing error: Failed to convert WOFF 2.0 font to SFNT @ https://aromawax.eu/pt/products/all-seasons-classics-fragrance-oils-kit?cart_build=20260415g&cb=browser5:5380
[    1187ms] [WARNING] Failed to decode downloaded font: https://aromawax.eu/cdn/shop/t/32/assets/AvenirLTStd-Heavy.woff?v=49196535620247681531776246661 @ https://aromawax.eu/pt/products/all-seasons-classics-fragrance-oils-kit?cart_build=20260415g&cb=browser5:5382
[    1187ms] [WARNING] OTS parsing error: incorrect file size in WOFF header @ https://aromawax.eu/pt/products/all-seasons-classics-fragrance-oils-kit?cart_build=20260415g&cb=browser5:5382
[    1218ms] [WARNING] Failed to decode downloaded font: https://aromawax.eu/cdn/shop/t/32/assets/AvenirLTStd-Heavy.ttf?v=161065316383412791401776246661 @ https://aromawax.eu/pt/products/all-seasons-classics-fragrance-oils-kit?cart_build=20260415g&cb=browser5:5382
[    1218ms] [WARNING] OTS parsing error: BASE: misaligned table @ https://aromawax.eu/pt/products/all-seasons-classics-fragrance-oils-kit?cart_build=20260415g&cb=browser5:5382
[    1225ms] [WARNING] An import map rule for specifier '@app/main' was removed, as it conflicted with an existing rule. @ https://aromawax.eu/pt/products/all-seasons-classics-fragrance-oils-kit?cart_build=20260415g&cb=browser5:0
[    1225ms] [WARNING] Failed to decode downloaded font: https://aromawax.eu/cdn/shop/t/32/assets/AvenirLTStd-Heavy.woff2?v=100181975222566383851776246661 @ https://aromawax.eu/pt/products/all-seasons-classics-fragrance-oils-kit?cart_build=20260415g&cb=browser5:7360
[    1225ms] [WARNING] OTS parsing error: Failed to convert WOFF 2.0 font to SFNT @ https://aromawax.eu/pt/products/all-seasons-classics-fragrance-oils-kit?cart_build=20260415g&cb=browser5:7360
[    1225ms] [WARNING] Failed to decode downloaded font: https://aromawax.eu/cdn/shop/t/32/assets/AvenirLTStd-Heavy.woff?v=49196535620247681531776246661 @ https://aromawax.eu/pt/products/all-seasons-classics-fragrance-oils-kit?cart_build=20260415g&cb=browser5:7360
[    1225ms] [WARNING] OTS parsing error: incorrect file size in WOFF header @ https://aromawax.eu/pt/products/all-seasons-classics-fragrance-oils-kit?cart_build=20260415g&cb=browser5:7360
[    1225ms] [WARNING] Failed to decode downloaded font: https://aromawax.eu/cdn/shop/t/32/assets/AvenirLTStd-Heavy.ttf?v=161065316383412791401776246661 @ https://aromawax.eu/pt/products/all-seasons-classics-fragrance-oils-kit?cart_build=20260415g&cb=browser5:7360
[    1225ms] [WARNING] OTS parsing error: BASE: misaligned table @ https://aromawax.eu/pt/products/all-seasons-classics-fragrance-oils-kit?cart_build=20260415g&cb=browser5:7360
[    1225ms] [WARNING] Failed to decode downloaded font: https://aromawax.eu/cdn/shop/t/32/assets/AvenirLTStd-Black.eot?v=61293692641208295061776246661 @ https://aromawax.eu/pt/products/all-seasons-classics-fragrance-oils-kit?cart_build=20260415g&cb=browser5:7360
[    1225ms] [WARNING] OTS parsing error: invalid sfntVersion: -272646794 @ https://aromawax.eu/pt/products/all-seasons-classics-fragrance-oils-kit?cart_build=20260415g&cb=browser5:7360
[    1253ms] [LOG] %cCustomer Accounts Deluxe font-size: 18px; font-weight: bold; color: #fff; background: linear-gradient(90deg, #007bff, #00c6ff); padding: 6px 12px; border-radius: 5px; text-align: center; @ webpack://customer-account-deluxe/./extensions/customer-page/assets/cad_base.js?:39
[    1253ms] [LOG] 
 🔵 Seamless Shopify Integration

 🔵 Enhance Customer Experience with Custom Features

 🔵 Loyalty, Rewards, Social Login, Wishlist, Returns & Exchanges, Store Credits and Much More


 Learn more at: https://apps.shopify.com/customer-account-deluxe

 @ webpack://customer-account-deluxe/./extensions/customer-page/assets/cad_base.js?:40
[    1286ms] [WARNING] Failed to decode downloaded font: https://aromawax.eu/cdn/shop/t/32/assets/AvenirLTStd-Heavy.woff2?v=100181975222566383851776246661 @ https://aromawax.eu/pt/products/all-seasons-classics-fragrance-oils-kit?cart_build=20260415g&cb=browser5:0
[    1286ms] [WARNING] OTS parsing error: Failed to convert WOFF 2.0 font to SFNT @ https://aromawax.eu/pt/products/all-seasons-classics-fragrance-oils-kit?cart_build=20260415g&cb=browser5:0
[    1286ms] [WARNING] Failed to decode downloaded font: https://aromawax.eu/cdn/shop/t/32/assets/AvenirLTStd-Heavy.woff?v=49196535620247681531776246661 @ https://aromawax.eu/pt/products/all-seasons-classics-fragrance-oils-kit?cart_build=20260415g&cb=browser5:0
[    1286ms] [WARNING] OTS parsing error: incorrect file size in WOFF header @ https://aromawax.eu/pt/products/all-seasons-classics-fragrance-oils-kit?cart_build=20260415g&cb=browser5:0
[    1286ms] [WARNING] Failed to decode downloaded font: https://aromawax.eu/cdn/shop/t/32/assets/AvenirLTStd-Heavy.ttf?v=161065316383412791401776246661 @ https://aromawax.eu/pt/products/all-seasons-classics-fragrance-oils-kit?cart_build=20260415g&cb=browser5:0
[    1286ms] [WARNING] OTS parsing error: BASE: misaligned table @ https://aromawax.eu/pt/products/all-seasons-classics-fragrance-oils-kit?cart_build=20260415g&cb=browser5:0
[    1286ms] [WARNING] Failed to decode downloaded font: https://aromawax.eu/cdn/shop/t/32/assets/AvenirLTStd-Black.eot?v=61293692641208295061776246661 @ https://aromawax.eu/pt/products/all-seasons-classics-fragrance-oils-kit?cart_build=20260415g&cb=browser5:0
[    1286ms] [WARNING] OTS parsing error: invalid sfntVersion: -272646794 @ https://aromawax.eu/pt/products/all-seasons-classics-fragrance-oils-kit?cart_build=20260415g&cb=browser5:0
[    1328ms] [WARNING] Failed to decode downloaded font: https://aromawax.eu/cdn/shop/t/32/assets/AvenirLTStd-Heavy.woff2?v=100181975222566383851776246661 @ webpack://customer-account-deluxe/./extensions/customer-page/assets/cad_base.js?:100
[    1328ms] [WARNING] OTS parsing error: Failed to convert WOFF 2.0 font to SFNT @ webpack://customer-account-deluxe/./extensions/customer-page/assets/cad_base.js?:100
[    1328ms] [WARNING] Failed to decode downloaded font: https://aromawax.eu/cdn/shop/t/32/assets/AvenirLTStd-Heavy.woff?v=49196535620247681531776246661 @ webpack://customer-account-deluxe/./extensions/customer-page/assets/cad_base.js?:100
[    1328ms] [WARNING] OTS parsing error: incorrect file size in WOFF header @ webpack://customer-account-deluxe/./extensions/customer-page/assets/cad_base.js?:100
[    1328ms] [WARNING] Failed to decode downloaded font: https://aromawax.eu/cdn/shop/t/32/assets/AvenirLTStd-Heavy.ttf?v=161065316383412791401776246661 @ webpack://customer-account-deluxe/./extensions/customer-page/assets/cad_base.js?:100
[    1328ms] [WARNING] OTS parsing error: BASE: misaligned table @ webpack://customer-account-deluxe/./extensions/customer-page/assets/cad_base.js?:100
[    1328ms] [WARNING] Failed to decode downloaded font: https://aromawax.eu/cdn/shop/t/32/assets/AvenirLTStd-Black.eot?v=61293692641208295061776246661 @ webpack://customer-account-deluxe/./extensions/customer-page/assets/cad_base.js?:100
[    1328ms] [WARNING] OTS parsing error: invalid sfntVersion: -272646794 @ webpack://customer-account-deluxe/./extensions/customer-page/assets/cad_base.js?:100
[    1466ms] [WARNING] Failed to decode downloaded font: https://aromawax.eu/cdn/shop/t/32/assets/AvenirLTStd-Heavy.woff2?v=100181975222566383851776246661 @ :2
[    1466ms] [WARNING] OTS parsing error: Failed to convert WOFF 2.0 font to SFNT @ :2
[    1466ms] [WARNING] Failed to decode downloaded font: https://aromawax.eu/cdn/shop/t/32/assets/AvenirLTStd-Heavy.woff?v=49196535620247681531776246661 @ :2
[    1466ms] [WARNING] OTS parsing error: incorrect file size in WOFF header @ :2
[    1466ms] [WARNING] Failed to decode downloaded font: https://aromawax.eu/cdn/shop/t/32/assets/AvenirLTStd-Heavy.ttf?v=161065316383412791401776246661 @ :2
[    1466ms] [WARNING] OTS parsing error: BASE: misaligned table @ :2
[    1466ms] [WARNING] Failed to decode downloaded font: https://aromawax.eu/cdn/shop/t/32/assets/AvenirLTStd-Black.eot?v=61293692641208295061776246661 @ :2
[    1466ms] [WARNING] OTS parsing error: invalid sfntVersion: -272646794 @ :2
[    1494ms] [LOG] existingToggle null @ https://cdn.shopify.com/extensions/019d67a4-5b06-743b-9c60-09feb0784e3c/final-price-72/assets/price-display.js:1202
[    1494ms] [LOG] existingToggle null @ https://cdn.shopify.com/extensions/019d67a4-5b06-743b-9c60-09feb0784e3c/final-price-72/assets/price-display.js:1202
[    3084ms] [WARNING] Failed to decode downloaded font: https://aromawax.eu/cdn/shop/t/32/assets/AvenirLTStd-Heavy.woff2?v=100181975222566383851776246661 @ https://cdn.shopify.com/extensions/019d8a13-ee60-75d7-ae0f-514ac36f9789/localizing-254/assets/floating-selector.js:0
[    3084ms] [WARNING] OTS parsing error: Failed to convert WOFF 2.0 font to SFNT @ https://cdn.shopify.com/extensions/019d8a13-ee60-75d7-ae0f-514ac36f9789/localizing-254/assets/floating-selector.js:0
[    3084ms] [WARNING] Failed to decode downloaded font: https://aromawax.eu/cdn/shop/t/32/assets/AvenirLTStd-Heavy.woff?v=49196535620247681531776246661 @ https://cdn.shopify.com/extensions/019d8a13-ee60-75d7-ae0f-514ac36f9789/localizing-254/assets/floating-selector.js:0
[    3084ms] [WARNING] OTS parsing error: incorrect file size in WOFF header @ https://cdn.shopify.com/extensions/019d8a13-ee60-75d7-ae0f-514ac36f9789/localizing-254/assets/floating-selector.js:0
[    3084ms] [WARNING] Failed to decode downloaded font: https://aromawax.eu/cdn/shop/t/32/assets/AvenirLTStd-Heavy.ttf?v=161065316383412791401776246661 @ https://cdn.shopify.com/extensions/019d8a13-ee60-75d7-ae0f-514ac36f9789/localizing-254/assets/floating-selector.js:0
[    3084ms] [WARNING] OTS parsing error: BASE: misaligned table @ https://cdn.shopify.com/extensions/019d8a13-ee60-75d7-ae0f-514ac36f9789/localizing-254/assets/floating-selector.js:0
[    3084ms] [WARNING] Failed to decode downloaded font: https://aromawax.eu/cdn/shop/t/32/assets/AvenirLTStd-Black.eot?v=61293692641208295061776246661 @ https://cdn.shopify.com/extensions/019d8a13-ee60-75d7-ae0f-514ac36f9789/localizing-254/assets/floating-selector.js:0
[    3084ms] [WARNING] OTS parsing error: invalid sfntVersion: -272646794 @ https://cdn.shopify.com/extensions/019d8a13-ee60-75d7-ae0f-514ac36f9789/localizing-254/assets/floating-selector.js:0
[    3320ms] [WARNING] Failed to decode downloaded font: https://aromawax.eu/cdn/shop/t/32/assets/AvenirLTStd-Heavy.woff2?v=100181975222566383851776246661 @ https://js.intercomcdn.com/frame-modern.b228b3c9.js:0
[    3320ms] [WARNING] OTS parsing error: Failed to convert WOFF 2.0 font to SFNT @ https://js.intercomcdn.com/frame-modern.b228b3c9.js:0
[    3320ms] [WARNING] Failed to decode downloaded font: https://aromawax.eu/cdn/shop/t/32/assets/AvenirLTStd-Heavy.woff?v=49196535620247681531776246661 @ https://js.intercomcdn.com/frame-modern.b228b3c9.js:0
[    3320ms] [WARNING] OTS parsing error: incorrect file size in WOFF header @ https://js.intercomcdn.com/frame-modern.b228b3c9.js:0
[    3320ms] [WARNING] Failed to decode downloaded font: https://aromawax.eu/cdn/shop/t/32/assets/AvenirLTStd-Heavy.ttf?v=161065316383412791401776246661 @ https://js.intercomcdn.com/frame-modern.b228b3c9.js:0
[    3320ms] [WARNING] OTS parsing error: BASE: misaligned table @ https://js.intercomcdn.com/frame-modern.b228b3c9.js:0
[    3320ms] [WARNING] Failed to decode downloaded font: https://aromawax.eu/cdn/shop/t/32/assets/AvenirLTStd-Black.eot?v=61293692641208295061776246661 @ https://js.intercomcdn.com/frame-modern.b228b3c9.js:0
[    3320ms] [WARNING] OTS parsing error: invalid sfntVersion: -272646794 @ https://js.intercomcdn.com/frame-modern.b228b3c9.js:0
[    3322ms] [WARNING] Failed to decode downloaded font: https://aromawax.eu/cdn/shop/t/32/assets/AvenirLTStd-Heavy.woff2?v=100181975222566383851776246661 @ https://aromawax.eu/pt/products/all-seasons-classics-fragrance-oils-kit?cart_build=20260415g&cb=browser5:0
[    3322ms] [WARNING] OTS parsing error: Failed to convert WOFF 2.0 font to SFNT @ https://aromawax.eu/pt/products/all-seasons-classics-fragrance-oils-kit?cart_build=20260415g&cb=browser5:0
[    3322ms] [WARNING] Failed to decode downloaded font: https://aromawax.eu/cdn/shop/t/32/assets/AvenirLTStd-Heavy.woff?v=49196535620247681531776246661 @ https://aromawax.eu/pt/products/all-seasons-classics-fragrance-oils-kit?cart_build=20260415g&cb=browser5:0
[    3322ms] [WARNING] OTS parsing error: incorrect file size in WOFF header @ https://aromawax.eu/pt/products/all-seasons-classics-fragrance-oils-kit?cart_build=20260415g&cb=browser5:0
[    3322ms] [WARNING] Failed to decode downloaded font: https://aromawax.eu/cdn/shop/t/32/assets/AvenirLTStd-Heavy.ttf?v=161065316383412791401776246661 @ https://aromawax.eu/pt/products/all-seasons-classics-fragrance-oils-kit?cart_build=20260415g&cb=browser5:0
[    3322ms] [WARNING] OTS parsing error: BASE: misaligned table @ https://aromawax.eu/pt/products/all-seasons-classics-fragrance-oils-kit?cart_build=20260415g&cb=browser5:0
[    3322ms] [WARNING] Failed to decode downloaded font: https://aromawax.eu/cdn/shop/t/32/assets/AvenirLTStd-Black.eot?v=61293692641208295061776246661 @ https://aromawax.eu/pt/products/all-seasons-classics-fragrance-oils-kit?cart_build=20260415g&cb=browser5:0
[    3322ms] [WARNING] OTS parsing error: invalid sfntVersion: -272646794 @ https://aromawax.eu/pt/products/all-seasons-classics-fragrance-oils-kit?cart_build=20260415g&cb=browser5:0
[    3502ms] [WARNING] Failed to decode downloaded font: https://aromawax.eu/cdn/shop/t/32/assets/AvenirLTStd-Heavy.woff2?v=100181975222566383851776246661 @ https://aromawax.eu/pt/products/all-seasons-classics-fragrance-oils-kit?cart_build=20260415g&cb=browser5:0
[    3502ms] [WARNING] OTS parsing error: Failed to convert WOFF 2.0 font to SFNT @ https://aromawax.eu/pt/products/all-seasons-classics-fragrance-oils-kit?cart_build=20260415g&cb=browser5:0
[    3503ms] [WARNING] Failed to decode downloaded font: https://aromawax.eu/cdn/shop/t/32/assets/AvenirLTStd-Heavy.woff?v=49196535620247681531776246661 @ https://aromawax.eu/pt/products/all-seasons-classics-fragrance-oils-kit?cart_build=20260415g&cb=browser5:0
[    3503ms] [WARNING] OTS parsing error: incorrect file size in WOFF header @ https://aromawax.eu/pt/products/all-seasons-classics-fragrance-oils-kit?cart_build=20260415g&cb=browser5:0
[    3503ms] [WARNING] Failed to decode downloaded font: https://aromawax.eu/cdn/shop/t/32/assets/AvenirLTStd-Heavy.ttf?v=161065316383412791401776246661 @ https://aromawax.eu/pt/products/all-seasons-classics-fragrance-oils-kit?cart_build=20260415g&cb=browser5:0
[    3503ms] [WARNING] OTS parsing error: BASE: misaligned table @ https://aromawax.eu/pt/products/all-seasons-classics-fragrance-oils-kit?cart_build=20260415g&cb=browser5:0
[    3503ms] [WARNING] Failed to decode downloaded font: https://aromawax.eu/cdn/shop/t/32/assets/AvenirLTStd-Black.eot?v=61293692641208295061776246661 @ https://aromawax.eu/pt/products/all-seasons-classics-fragrance-oils-kit?cart_build=20260415g&cb=browser5:0
[    3503ms] [WARNING] OTS parsing error: invalid sfntVersion: -272646794 @ https://aromawax.eu/pt/products/all-seasons-classics-fragrance-oils-kit?cart_build=20260415g&cb=browser5:0
[    3715ms] [WARNING] Failed to decode downloaded font: https://aromawax.eu/cdn/shop/t/32/assets/AvenirLTStd-Heavy.woff2?v=100181975222566383851776246661 @ https://aromawax.eu/pt/products/all-seasons-classics-fragrance-oils-kit?cart_build=20260415g&cb=browser5:0
[    3715ms] [WARNING] OTS parsing error: Failed to convert WOFF 2.0 font to SFNT @ https://aromawax.eu/pt/products/all-seasons-classics-fragrance-oils-kit?cart_build=20260415g&cb=browser5:0
[    3715ms] [WARNING] Failed to decode downloaded font: https://aromawax.eu/cdn/shop/t/32/assets/AvenirLTStd-Heavy.woff?v=49196535620247681531776246661 @ https://aromawax.eu/pt/products/all-seasons-classics-fragrance-oils-kit?cart_build=20260415g&cb=browser5:0
[    3715ms] [WARNING] OTS parsing error: incorrect file size in WOFF header @ https://aromawax.eu/pt/products/all-seasons-classics-fragrance-oils-kit?cart_build=20260415g&cb=browser5:0
[    3715ms] [WARNING] Failed to decode downloaded font: https://aromawax.eu/cdn/shop/t/32/assets/AvenirLTStd-Heavy.ttf?v=161065316383412791401776246661 @ https://aromawax.eu/pt/products/all-seasons-classics-fragrance-oils-kit?cart_build=20260415g&cb=browser5:0
[    3715ms] [WARNING] OTS parsing error: BASE: misaligned table @ https://aromawax.eu/pt/products/all-seasons-classics-fragrance-oils-kit?cart_build=20260415g&cb=browser5:0
[    3715ms] [WARNING] Failed to decode downloaded font: https://aromawax.eu/cdn/shop/t/32/assets/AvenirLTStd-Black.eot?v=61293692641208295061776246661 @ https://aromawax.eu/pt/products/all-seasons-classics-fragrance-oils-kit?cart_build=20260415g&cb=browser5:0
[    3715ms] [WARNING] OTS parsing error: invalid sfntVersion: -272646794 @ https://aromawax.eu/pt/products/all-seasons-classics-fragrance-oils-kit?cart_build=20260415g&cb=browser5:0
[    9321ms] [WARNING] Failed to decode downloaded font: https://aromawax.eu/cdn/shop/t/32/assets/AvenirLTStd-Heavy.woff2?v=100181975222566383851776246661 @ https://aromawax.eu/pt/products/all-seasons-classics-fragrance-oils-kit?cart_build=20260415g&cb=browser5:0
[    9321ms] [WARNING] OTS parsing error: Failed to convert WOFF 2.0 font to SFNT @ https://aromawax.eu/pt/products/all-seasons-classics-fragrance-oils-kit?cart_build=20260415g&cb=browser5:0
[    9321ms] [WARNING] Failed to decode downloaded font: https://aromawax.eu/cdn/shop/t/32/assets/AvenirLTStd-Heavy.woff?v=49196535620247681531776246661 @ https://aromawax.eu/pt/products/all-seasons-classics-fragrance-oils-kit?cart_build=20260415g&cb=browser5:0
[    9321ms] [WARNING] OTS parsing error: incorrect file size in WOFF header @ https://aromawax.eu/pt/products/all-seasons-classics-fragrance-oils-kit?cart_build=20260415g&cb=browser5:0
[    9321ms] [WARNING] Failed to decode downloaded font: https://aromawax.eu/cdn/shop/t/32/assets/AvenirLTStd-Heavy.ttf?v=161065316383412791401776246661 @ https://aromawax.eu/pt/products/all-seasons-classics-fragrance-oils-kit?cart_build=20260415g&cb=browser5:0
[    9321ms] [WARNING] OTS parsing error: BASE: misaligned table @ https://aromawax.eu/pt/products/all-seasons-classics-fragrance-oils-kit?cart_build=20260415g&cb=browser5:0
[    9321ms] [WARNING] Failed to decode downloaded font: https://aromawax.eu/cdn/shop/t/32/assets/AvenirLTStd-Black.eot?v=61293692641208295061776246661 @ https://aromawax.eu/pt/products/all-seasons-classics-fragrance-oils-kit?cart_build=20260415g&cb=browser5:0
[    9321ms] [WARNING] OTS parsing error: invalid sfntVersion: -272646794 @ https://aromawax.eu/pt/products/all-seasons-classics-fragrance-oils-kit?cart_build=20260415g&cb=browser5:0
[    9449ms] [WARNING] Failed to decode downloaded font: https://aromawax.eu/cdn/shop/t/32/assets/AvenirLTStd-Heavy.woff2?v=100181975222566383851776246661 @ https://aromawax.eu/pt/products/all-seasons-classics-fragrance-oils-kit?cart_build=20260415g&cb=browser5:0
[    9449ms] [WARNING] OTS parsing error: Failed to convert WOFF 2.0 font to SFNT @ https://aromawax.eu/pt/products/all-seasons-classics-fragrance-oils-kit?cart_build=20260415g&cb=browser5:0
[    9449ms] [WARNING] Failed to decode downloaded font: https://aromawax.eu/cdn/shop/t/32/assets/AvenirLTStd-Heavy.woff?v=49196535620247681531776246661 @ https://aromawax.eu/pt/products/all-seasons-classics-fragrance-oils-kit?cart_build=20260415g&cb=browser5:0
[    9449ms] [WARNING] OTS parsing error: incorrect file size in WOFF header @ https://aromawax.eu/pt/products/all-seasons-classics-fragrance-oils-kit?cart_build=20260415g&cb=browser5:0
[    9449ms] [WARNING] Failed to decode downloaded font: https://aromawax.eu/cdn/shop/t/32/assets/AvenirLTStd-Heavy.ttf?v=161065316383412791401776246661 @ https://aromawax.eu/pt/products/all-seasons-classics-fragrance-oils-kit?cart_build=20260415g&cb=browser5:0
[    9449ms] [WARNING] OTS parsing error: BASE: misaligned table @ https://aromawax.eu/pt/products/all-seasons-classics-fragrance-oils-kit?cart_build=20260415g&cb=browser5:0
[    9449ms] [WARNING] Failed to decode downloaded font: https://aromawax.eu/cdn/shop/t/32/assets/AvenirLTStd-Black.eot?v=61293692641208295061776246661 @ https://aromawax.eu/pt/products/all-seasons-classics-fragrance-oils-kit?cart_build=20260415g&cb=browser5:0
[    9449ms] [WARNING] OTS parsing error: invalid sfntVersion: -272646794 @ https://aromawax.eu/pt/products/all-seasons-classics-fragrance-oils-kit?cart_build=20260415g&cb=browser5:0
[    9480ms] [WARNING] Failed to decode downloaded font: https://aromawax.eu/cdn/shop/t/32/assets/AvenirLTStd-Heavy.woff2?v=100181975222566383851776246661 @ https://js.intercomcdn.com/frame-modern.b228b3c9.js:0
[    9480ms] [WARNING] OTS parsing error: Failed to convert WOFF 2.0 font to SFNT @ https://js.intercomcdn.com/frame-modern.b228b3c9.js:0
[    9480ms] [WARNING] Failed to decode downloaded font: https://aromawax.eu/cdn/shop/t/32/assets/AvenirLTStd-Heavy.woff?v=49196535620247681531776246661 @ https://js.intercomcdn.com/frame-modern.b228b3c9.js:0
[    9480ms] [WARNING] OTS parsing error: incorrect file size in WOFF header @ https://js.intercomcdn.com/frame-modern.b228b3c9.js:0
[    9480ms] [WARNING] Failed to decode downloaded font: https://aromawax.eu/cdn/shop/t/32/assets/AvenirLTStd-Heavy.ttf?v=161065316383412791401776246661 @ https://js.intercomcdn.com/frame-modern.b228b3c9.js:0
[    9480ms] [WARNING] OTS parsing error: BASE: misaligned table @ https://js.intercomcdn.com/frame-modern.b228b3c9.js:0
[    9480ms] [WARNING] Failed to decode downloaded font: https://aromawax.eu/cdn/shop/t/32/assets/AvenirLTStd-Black.eot?v=61293692641208295061776246661 @ https://js.intercomcdn.com/frame-modern.b228b3c9.js:0
[    9480ms] [WARNING] OTS parsing error: invalid sfntVersion: -272646794 @ https://js.intercomcdn.com/frame-modern.b228b3c9.js:0
[    9489ms] [WARNING] Failed to decode downloaded font: https://aromawax.eu/cdn/shop/t/32/assets/AvenirLTStd-Heavy.woff2?v=100181975222566383851776246661 @ https://aromawax.eu/pt/products/all-seasons-classics-fragrance-oils-kit?cart_build=20260415g&cb=browser5:0
[    9489ms] [WARNING] OTS parsing error: Failed to convert WOFF 2.0 font to SFNT @ https://aromawax.eu/pt/products/all-seasons-classics-fragrance-oils-kit?cart_build=20260415g&cb=browser5:0
[    9489ms] [WARNING] Failed to decode downloaded font: https://aromawax.eu/cdn/shop/t/32/assets/AvenirLTStd-Heavy.woff?v=49196535620247681531776246661 @ https://aromawax.eu/pt/products/all-seasons-classics-fragrance-oils-kit?cart_build=20260415g&cb=browser5:0
[    9489ms] [WARNING] OTS parsing error: incorrect file size in WOFF header @ https://aromawax.eu/pt/products/all-seasons-classics-fragrance-oils-kit?cart_build=20260415g&cb=browser5:0
[    9489ms] [WARNING] Failed to decode downloaded font: https://aromawax.eu/cdn/shop/t/32/assets/AvenirLTStd-Heavy.ttf?v=161065316383412791401776246661 @ https://aromawax.eu/pt/products/all-seasons-classics-fragrance-oils-kit?cart_build=20260415g&cb=browser5:0
[    9489ms] [WARNING] OTS parsing error: BASE: misaligned table @ https://aromawax.eu/pt/products/all-seasons-classics-fragrance-oils-kit?cart_build=20260415g&cb=browser5:0
[    9489ms] [WARNING] Failed to decode downloaded font: https://aromawax.eu/cdn/shop/t/32/assets/AvenirLTStd-Black.eot?v=61293692641208295061776246661 @ https://aromawax.eu/pt/products/all-seasons-classics-fragrance-oils-kit?cart_build=20260415g&cb=browser5:0
[    9489ms] [WARNING] OTS parsing error: invalid sfntVersion: -272646794 @ https://aromawax.eu/pt/products/all-seasons-classics-fragrance-oils-kit?cart_build=20260415g&cb=browser5:0
[    9496ms] [WARNING] Failed to decode downloaded font: https://aromawax.eu/cdn/shop/t/32/assets/AvenirLTStd-Heavy.woff2?v=100181975222566383851776246661 @ https://js.intercomcdn.com/launcher-discovery-modern.f70b47a5.js:14
[    9496ms] [WARNING] OTS parsing error: Failed to convert WOFF 2.0 font to SFNT @ https://js.intercomcdn.com/launcher-discovery-modern.f70b47a5.js:14
[    9496ms] [WARNING] Failed to decode downloaded font: https://aromawax.eu/cdn/shop/t/32/assets/AvenirLTStd-Heavy.woff?v=49196535620247681531776246661 @ https://js.intercomcdn.com/launcher-discovery-modern.f70b47a5.js:14
[    9496ms] [WARNING] OTS parsing error: incorrect file size in WOFF header @ https://js.intercomcdn.com/launcher-discovery-modern.f70b47a5.js:14
[    9496ms] [WARNING] Failed to decode downloaded font: https://aromawax.eu/cdn/shop/t/32/assets/AvenirLTStd-Heavy.ttf?v=161065316383412791401776246661 @ https://js.intercomcdn.com/launcher-discovery-modern.f70b47a5.js:14
[    9496ms] [WARNING] OTS parsing error: BASE: misaligned table @ https://js.intercomcdn.com/launcher-discovery-modern.f70b47a5.js:14
[    9496ms] [WARNING] Failed to decode downloaded font: https://aromawax.eu/cdn/shop/t/32/assets/AvenirLTStd-Black.eot?v=61293692641208295061776246661 @ https://js.intercomcdn.com/launcher-discovery-modern.f70b47a5.js:14
[    9496ms] [WARNING] OTS parsing error: invalid sfntVersion: -272646794 @ https://js.intercomcdn.com/launcher-discovery-modern.f70b47a5.js:14
[    9500ms] [WARNING] Failed to decode downloaded font: https://aromawax.eu/cdn/shop/t/32/assets/AvenirLTStd-Heavy.woff2?v=100181975222566383851776246661 @ https://aromawax.eu/pt/products/all-seasons-classics-fragrance-oils-kit?cart_build=20260415g&cb=browser5:0
[    9500ms] [WARNING] OTS parsing error: Failed to convert WOFF 2.0 font to SFNT @ https://aromawax.eu/pt/products/all-seasons-classics-fragrance-oils-kit?cart_build=20260415g&cb=browser5:0
[    9500ms] [WARNING] Failed to decode downloaded font: https://aromawax.eu/cdn/shop/t/32/assets/AvenirLTStd-Heavy.woff?v=49196535620247681531776246661 @ https://aromawax.eu/pt/products/all-seasons-classics-fragrance-oils-kit?cart_build=20260415g&cb=browser5:0
[    9500ms] [WARNING] OTS parsing error: incorrect file size in WOFF header @ https://aromawax.eu/pt/products/all-seasons-classics-fragrance-oils-kit?cart_build=20260415g&cb=browser5:0
[    9500ms] [WARNING] Failed to decode downloaded font: https://aromawax.eu/cdn/shop/t/32/assets/AvenirLTStd-Heavy.ttf?v=161065316383412791401776246661 @ https://aromawax.eu/pt/products/all-seasons-classics-fragrance-oils-kit?cart_build=20260415g&cb=browser5:0
[    9500ms] [WARNING] OTS parsing error: BASE: misaligned table @ https://aromawax.eu/pt/products/all-seasons-classics-fragrance-oils-kit?cart_build=20260415g&cb=browser5:0
[    9500ms] [WARNING] Failed to decode downloaded font: https://aromawax.eu/cdn/shop/t/32/assets/AvenirLTStd-Black.eot?v=61293692641208295061776246661 @ https://aromawax.eu/pt/products/all-seasons-classics-fragrance-oils-kit?cart_build=20260415g&cb=browser5:0
[    9500ms] [WARNING] OTS parsing error: invalid sfntVersion: -272646794 @ https://aromawax.eu/pt/products/all-seasons-classics-fragrance-oils-kit?cart_build=20260415g&cb=browser5:0
[    9906ms] [WARNING] Failed to decode downloaded font: https://aromawax.eu/cdn/shop/t/32/assets/AvenirLTStd-Heavy.woff2?v=100181975222566383851776246661 @ https://aromawax.eu/pt/products/all-seasons-classics-fragrance-oils-kit?cart_build=20260415g&cb=browser5:0
[    9906ms] [WARNING] OTS parsing error: Failed to convert WOFF 2.0 font to SFNT @ https://aromawax.eu/pt/products/all-seasons-classics-fragrance-oils-kit?cart_build=20260415g&cb=browser5:0
[    9906ms] [WARNING] Failed to decode downloaded font: https://aromawax.eu/cdn/shop/t/32/assets/AvenirLTStd-Heavy.woff?v=49196535620247681531776246661 @ https://aromawax.eu/pt/products/all-seasons-classics-fragrance-oils-kit?cart_build=20260415g&cb=browser5:0
[    9906ms] [WARNING] OTS parsing error: incorrect file size in WOFF header @ https://aromawax.eu/pt/products/all-seasons-classics-fragrance-oils-kit?cart_build=20260415g&cb=browser5:0
[    9906ms] [WARNING] Failed to decode downloaded font: https://aromawax.eu/cdn/shop/t/32/assets/AvenirLTStd-Heavy.ttf?v=161065316383412791401776246661 @ https://aromawax.eu/pt/products/all-seasons-classics-fragrance-oils-kit?cart_build=20260415g&cb=browser5:0
[    9906ms] [WARNING] OTS parsing error: BASE: misaligned table @ https://aromawax.eu/pt/products/all-seasons-classics-fragrance-oils-kit?cart_build=20260415g&cb=browser5:0
[    9906ms] [WARNING] Failed to decode downloaded font: https://aromawax.eu/cdn/shop/t/32/assets/AvenirLTStd-Black.eot?v=61293692641208295061776246661 @ https://aromawax.eu/pt/products/all-seasons-classics-fragrance-oils-kit?cart_build=20260415g&cb=browser5:0
[    9906ms] [WARNING] OTS parsing error: invalid sfntVersion: -272646794 @ https://aromawax.eu/pt/products/all-seasons-classics-fragrance-oils-kit?cart_build=20260415g&cb=browser5:0
[   12022ms] Unexpected token ':'
[   16035ms] [WARNING] The resource https://aromawax.eu/cdn/fonts/figtree/figtree_n4.3c0838aba1701047e60be6a99a1b0a40ce9b8419.woff2 was preloaded using link preload but not used within a few seconds from the window's load event. Please make sure it has an appropriate `as` value and it is preloaded intentionally. @ https://aromawax.eu/pt/products/all-seasons-classics-fragrance-oils-kit?cart_build=20260415g&cb=browser5:0
[   16327ms] [WARNING] Failed to decode downloaded font: https://aromawax.eu/cdn/shop/t/32/assets/AvenirLTStd-Heavy.woff2?v=100181975222566383851776246661 @ https://js.intercomcdn.com/launcher-discovery-modern.f70b47a5.js:14
[   16327ms] [WARNING] OTS parsing error: Failed to convert WOFF 2.0 font to SFNT @ https://js.intercomcdn.com/launcher-discovery-modern.f70b47a5.js:14
[   16327ms] [WARNING] Failed to decode downloaded font: https://aromawax.eu/cdn/shop/t/32/assets/AvenirLTStd-Heavy.woff?v=49196535620247681531776246661 @ https://js.intercomcdn.com/launcher-discovery-modern.f70b47a5.js:14
[   16327ms] [WARNING] OTS parsing error: incorrect file size in WOFF header @ https://js.intercomcdn.com/launcher-discovery-modern.f70b47a5.js:14
[   16327ms] [WARNING] Failed to decode downloaded font: https://aromawax.eu/cdn/shop/t/32/assets/AvenirLTStd-Heavy.ttf?v=161065316383412791401776246661 @ https://js.intercomcdn.com/launcher-discovery-modern.f70b47a5.js:14
[   16327ms] [WARNING] OTS parsing error: BASE: misaligned table @ https://js.intercomcdn.com/launcher-discovery-modern.f70b47a5.js:14
[   16327ms] [WARNING] Failed to decode downloaded font: https://aromawax.eu/cdn/shop/t/32/assets/AvenirLTStd-Black.eot?v=61293692641208295061776246661 @ https://js.intercomcdn.com/launcher-discovery-modern.f70b47a5.js:14
[   16327ms] [WARNING] OTS parsing error: invalid sfntVersion: -272646794 @ https://js.intercomcdn.com/launcher-discovery-modern.f70b47a5.js:14
[   16331ms] [WARNING] Failed to decode downloaded font: https://aromawax.eu/cdn/shop/t/32/assets/AvenirLTStd-Heavy.woff2?v=100181975222566383851776246661 @ https://aromawax.eu/pt/products/all-seasons-classics-fragrance-oils-kit?cart_build=20260415g&cb=browser5:0
[   16331ms] [WARNING] OTS parsing error: Failed to convert WOFF 2.0 font to SFNT @ https://aromawax.eu/pt/products/all-seasons-classics-fragrance-oils-kit?cart_build=20260415g&cb=browser5:0
[   16331ms] [WARNING] Failed to decode downloaded font: https://aromawax.eu/cdn/shop/t/32/assets/AvenirLTStd-Heavy.woff?v=49196535620247681531776246661 @ https://aromawax.eu/pt/products/all-seasons-classics-fragrance-oils-kit?cart_build=20260415g&cb=browser5:0
[   16331ms] [WARNING] OTS parsing error: incorrect file size in WOFF header @ https://aromawax.eu/pt/products/all-seasons-classics-fragrance-oils-kit?cart_build=20260415g&cb=browser5:0
[   16331ms] [WARNING] Failed to decode downloaded font: https://aromawax.eu/cdn/shop/t/32/assets/AvenirLTStd-Heavy.ttf?v=161065316383412791401776246661 @ https://aromawax.eu/pt/products/all-seasons-classics-fragrance-oils-kit?cart_build=20260415g&cb=browser5:0
[   16331ms] [WARNING] OTS parsing error: BASE: misaligned table @ https://aromawax.eu/pt/products/all-seasons-classics-fragrance-oils-kit?cart_build=20260415g&cb=browser5:0
[   16331ms] [WARNING] Failed to decode downloaded font: https://aromawax.eu/cdn/shop/t/32/assets/AvenirLTStd-Black.eot?v=61293692641208295061776246661 @ https://aromawax.eu/pt/products/all-seasons-classics-fragrance-oils-kit?cart_build=20260415g&cb=browser5:0
[   16331ms] [WARNING] OTS parsing error: invalid sfntVersion: -272646794 @ https://aromawax.eu/pt/products/all-seasons-classics-fragrance-oils-kit?cart_build=20260415g&cb=browser5:0
[   16734ms] [WARNING] Failed to decode downloaded font: https://aromawax.eu/cdn/shop/t/32/assets/AvenirLTStd-Heavy.woff2?v=100181975222566383851776246661 @ https://aromawax.eu/pt/products/all-seasons-classics-fragrance-oils-kit?cart_build=20260415g&cb=browser5:0
[   16734ms] [WARNING] OTS parsing error: Failed to convert WOFF 2.0 font to SFNT @ https://aromawax.eu/pt/products/all-seasons-classics-fragrance-oils-kit?cart_build=20260415g&cb=browser5:0
[   16734ms] [WARNING] Failed to decode downloaded font: https://aromawax.eu/cdn/shop/t/32/assets/AvenirLTStd-Heavy.woff?v=49196535620247681531776246661 @ https://aromawax.eu/pt/products/all-seasons-classics-fragrance-oils-kit?cart_build=20260415g&cb=browser5:0
[   16734ms] [WARNING] OTS parsing error: incorrect file size in WOFF header @ https://aromawax.eu/pt/products/all-seasons-classics-fragrance-oils-kit?cart_build=20260415g&cb=browser5:0
[   16734ms] [WARNING] Failed to decode downloaded font: https://aromawax.eu/cdn/shop/t/32/assets/AvenirLTStd-Heavy.ttf?v=161065316383412791401776246661 @ https://aromawax.eu/pt/products/all-seasons-classics-fragrance-oils-kit?cart_build=20260415g&cb=browser5:0
[   16734ms] [WARNING] OTS parsing error: BASE: misaligned table @ https://aromawax.eu/pt/products/all-seasons-classics-fragrance-oils-kit?cart_build=20260415g&cb=browser5:0
[   16734ms] [WARNING] Failed to decode downloaded font: https://aromawax.eu/cdn/shop/t/32/assets/AvenirLTStd-Black.eot?v=61293692641208295061776246661 @ https://aromawax.eu/pt/products/all-seasons-classics-fragrance-oils-kit?cart_build=20260415g&cb=browser5:0
[   16734ms] [WARNING] OTS parsing error: invalid sfntVersion: -272646794 @ https://aromawax.eu/pt/products/all-seasons-classics-fragrance-oils-kit?cart_build=20260415g&cb=browser5:0
[   20185ms] [WARNING] The resource https://aromawax.eu/cdn/fonts/figtree/figtree_n4.3c0838aba1701047e60be6a99a1b0a40ce9b8419.woff2 was preloaded using link preload but not used within a few seconds from the window's load event. Please make sure it has an appropriate `as` value and it is preloaded intentionally. @ https://aromawax.eu/pt/products/all-seasons-classics-fragrance-oils-kit?cart_build=20260415g&cb=browser5:0
[   24475ms] [INFO] Clear-Site-Data header on 'https://aromawax.eu/pt/cart/add.js': Cleared data types: "prefetchCache", "prerenderCache". @ https://aromawax.eu/pt/products/all-seasons-classics-fragrance-oils-kit?cart_build=20260415g&cb=browser5:0
[   24490ms] [LOG] clickAtc false @ https://aromawax.eu/web-pixels/strict/app/web-pixel-1724416331@81798345716f7953fedfdf938da2b76d.js:0
[   24602ms] [ERROR] Attestation check for Attribution Reporting on https://www.facebook.com failed. @ https://aromawax.eu/pt/products/all-seasons-classics-fragrance-oils-kit?cart_build=20260415g&cb=browser5:0
[   29770ms] [WARNING] The resource https://aromawax.eu/cdn/fonts/figtree/figtree_n4.3c0838aba1701047e60be6a99a1b0a40ce9b8419.woff2 was preloaded using link preload but not used within a few seconds from the window's load event. Please make sure it has an appropriate `as` value and it is preloaded intentionally. @ https://aromawax.eu/pt/products/all-seasons-classics-fragrance-oils-kit?cart_build=20260415g&cb=browser5:0
[   36118ms] [WARNING] The resource https://aromawax.eu/cdn/fonts/figtree/figtree_n4.3c0838aba1701047e60be6a99a1b0a40ce9b8419.woff2 was preloaded using link preload but not used within a few seconds from the window's load event. Please make sure it has an appropriate `as` value and it is preloaded intentionally. @ https://aromawax.eu/pt/products/all-seasons-classics-fragrance-oils-kit?cart_build=20260415g&cb=browser5:0
[   39719ms] [WARNING] The resource https://aromawax.eu/cdn/fonts/figtree/figtree_n4.3c0838aba1701047e60be6a99a1b0a40ce9b8419.woff2 was preloaded using link preload but not used within a few seconds from the window's load event. Please make sure it has an appropriate `as` value and it is preloaded intentionally. @ https://aromawax.eu/pt/products/all-seasons-classics-fragrance-oils-kit?cart_build=20260415g&cb=browser5:0
[   44780ms] [WARNING] The resource https://aromawax.eu/cdn/fonts/figtree/figtree_n4.3c0838aba1701047e60be6a99a1b0a40ce9b8419.woff2 was preloaded using link preload but not used within a few seconds from the window's load event. Please make sure it has an appropriate `as` value and it is preloaded intentionally. @ https://aromawax.eu/pt/products/all-seasons-classics-fragrance-oils-kit?cart_build=20260415g&cb=browser5:0
[   49702ms] [WARNING] The resource https://aromawax.eu/cdn/fonts/figtree/figtree_n4.3c0838aba1701047e60be6a99a1b0a40ce9b8419.woff2 was preloaded using link preload but not used within a few seconds from the window's load event. Please make sure it has an appropriate `as` value and it is preloaded intentionally. @ https://aromawax.eu/pt/products/all-seasons-classics-fragrance-oils-kit?cart_build=20260415g&cb=browser5:0
[   51014ms] Unexpected token ':'
