[    1121ms] [WARNING] Failed to decode downloaded font: https://aromawax.eu/cdn/shop/t/29/assets/AvenirLTStd-Black.eot?v=61293692641208295061771850553 @ https://aromawax.eu/pt/collections/all-fragrance-oils:5646
[    1121ms] [WARNING] OTS parsing error: invalid sfntVersion: -272646794 @ https://aromawax.eu/pt/collections/all-fragrance-oils:5646
[    1123ms] [WARNING] Failed to decode downloaded font: https://aromawax.eu/cdn/shop/t/29/assets/AvenirLTStd-Heavy.woff2?v=100181975222566383851771850553 @ https://aromawax.eu/pt/collections/all-fragrance-oils:5646
[    1123ms] [WARNING] OTS parsing error: Failed to convert WOFF 2.0 font to SFNT @ https://aromawax.eu/pt/collections/all-fragrance-oils:5646
[    1130ms] [WARNING] Failed to decode downloaded font: https://aromawax.eu/cdn/shop/t/29/assets/AvenirLTStd-Heavy.woff?v=49196535620247681531771850553 @ https://aromawax.eu/pt/collections/all-fragrance-oils:5646
[    1130ms] [WARNING] OTS parsing error: incorrect file size in WOFF header @ https://aromawax.eu/pt/collections/all-fragrance-oils:5646
[    1144ms] [WARNING] Failed to decode downloaded font: https://aromawax.eu/cdn/shop/t/29/assets/AvenirLTStd-Heavy.ttf?v=161065316383412791401771850553 @ https://aromawax.eu/pt/collections/all-fragrance-oils:7192
[    1144ms] [WARNING] OTS parsing error: BASE: misaligned table @ https://aromawax.eu/pt/collections/all-fragrance-oils:7192
[    1164ms] [WARNING] An import map rule for specifier '@app/main' was removed, as it conflicted with an existing rule. @ https://aromawax.eu/pt/collections/all-fragrance-oils:0
[    1190ms] [WARNING] Failed to decode downloaded font: https://aromawax.eu/cdn/shop/t/29/assets/AvenirLTStd-Heavy.woff2?v=100181975222566383851771850553 @ https://aromawax.eu/pt/collections/all-fragrance-oils:9888
[    1190ms] [WARNING] OTS parsing error: Failed to convert WOFF 2.0 font to SFNT @ https://aromawax.eu/pt/collections/all-fragrance-oils:9888
[    1190ms] [WARNING] Failed to decode downloaded font: https://aromawax.eu/cdn/shop/t/29/assets/AvenirLTStd-Heavy.woff?v=49196535620247681531771850553 @ https://aromawax.eu/pt/collections/all-fragrance-oils:9888
[    1190ms] [WARNING] OTS parsing error: incorrect file size in WOFF header @ https://aromawax.eu/pt/collections/all-fragrance-oils:9888
[    1190ms] [WARNING] Failed to decode downloaded font: https://aromawax.eu/cdn/shop/t/29/assets/AvenirLTStd-Heavy.ttf?v=161065316383412791401771850553 @ https://aromawax.eu/pt/collections/all-fragrance-oils:9888
[    1190ms] [WARNING] OTS parsing error: BASE: misaligned table @ https://aromawax.eu/pt/collections/all-fragrance-oils:9888
[    1190ms] [WARNING] Failed to decode downloaded font: https://aromawax.eu/cdn/shop/t/29/assets/AvenirLTStd-Black.eot?v=61293692641208295061771850553 @ https://aromawax.eu/pt/collections/all-fragrance-oils:9888
[    1190ms] [WARNING] OTS parsing error: invalid sfntVersion: -272646794 @ https://aromawax.eu/pt/collections/all-fragrance-oils:9888
[    1228ms] [LOG] %cCustomer Accounts Deluxe font-size: 18px; font-weight: bold; color: #fff; background: linear-gradient(90deg, #007bff, #00c6ff); padding: 6px 12px; border-radius: 5px; text-align: center; @ webpack://customer-account-deluxe/./extensions/customer-page/assets/cad_base.js?:39
[    1228ms] [LOG] 
 🔵 Seamless Shopify Integration

 🔵 Enhance Customer Experience with Custom Features

 🔵 Loyalty, Rewards, Social Login, Wishlist, Returns & Exchanges, Store Credits and Much More


 Learn more at: https://apps.shopify.com/customer-account-deluxe

 @ webpack://customer-account-deluxe/./extensions/customer-page/assets/cad_base.js?:40
[    1294ms] [WARNING] Failed to decode downloaded font: https://aromawax.eu/cdn/shop/t/29/assets/AvenirLTStd-Heavy.woff2?v=100181975222566383851771850553 @ https://aromawax.eu/pt/collections/all-fragrance-oils:0
[    1294ms] [WARNING] OTS parsing error: Failed to convert WOFF 2.0 font to SFNT @ https://aromawax.eu/pt/collections/all-fragrance-oils:0
[    1294ms] [WARNING] Failed to decode downloaded font: https://aromawax.eu/cdn/shop/t/29/assets/AvenirLTStd-Heavy.woff?v=49196535620247681531771850553 @ https://aromawax.eu/pt/collections/all-fragrance-oils:0
[    1294ms] [WARNING] OTS parsing error: incorrect file size in WOFF header @ https://aromawax.eu/pt/collections/all-fragrance-oils:0
[    1294ms] [WARNING] Failed to decode downloaded font: https://aromawax.eu/cdn/shop/t/29/assets/AvenirLTStd-Heavy.ttf?v=161065316383412791401771850553 @ https://aromawax.eu/pt/collections/all-fragrance-oils:0
[    1294ms] [WARNING] OTS parsing error: BASE: misaligned table @ https://aromawax.eu/pt/collections/all-fragrance-oils:0
[    1294ms] [WARNING] Failed to decode downloaded font: https://aromawax.eu/cdn/shop/t/29/assets/AvenirLTStd-Black.eot?v=61293692641208295061771850553 @ https://aromawax.eu/pt/collections/all-fragrance-oils:0
[    1294ms] [WARNING] OTS parsing error: invalid sfntVersion: -272646794 @ https://aromawax.eu/pt/collections/all-fragrance-oils:0
[    1360ms] [WARNING] Failed to decode downloaded font: https://aromawax.eu/cdn/shop/t/29/assets/AvenirLTStd-Heavy.woff2?v=100181975222566383851771850553 @ https://aromawax.eu/pt/collections/all-fragrance-oils:0
[    1360ms] [WARNING] OTS parsing error: Failed to convert WOFF 2.0 font to SFNT @ https://aromawax.eu/pt/collections/all-fragrance-oils:0
[    1360ms] [WARNING] Failed to decode downloaded font: https://aromawax.eu/cdn/shop/t/29/assets/AvenirLTStd-Heavy.woff?v=49196535620247681531771850553 @ https://aromawax.eu/pt/collections/all-fragrance-oils:0
[    1360ms] [WARNING] OTS parsing error: incorrect file size in WOFF header @ https://aromawax.eu/pt/collections/all-fragrance-oils:0
[    1360ms] [WARNING] Failed to decode downloaded font: https://aromawax.eu/cdn/shop/t/29/assets/AvenirLTStd-Heavy.ttf?v=161065316383412791401771850553 @ https://aromawax.eu/pt/collections/all-fragrance-oils:0
[    1360ms] [WARNING] OTS parsing error: BASE: misaligned table @ https://aromawax.eu/pt/collections/all-fragrance-oils:0
[    1360ms] [WARNING] Failed to decode downloaded font: https://aromawax.eu/cdn/shop/t/29/assets/AvenirLTStd-Black.eot?v=61293692641208295061771850553 @ https://aromawax.eu/pt/collections/all-fragrance-oils:0
[    1360ms] [WARNING] OTS parsing error: invalid sfntVersion: -272646794 @ https://aromawax.eu/pt/collections/all-fragrance-oils:0
[    1390ms] [WARNING] Failed to decode downloaded font: https://aromawax.eu/cdn/shop/t/29/assets/AvenirLTStd-Heavy.woff2?v=100181975222566383851771850553 @ https://aromawax.eu/pt/collections/all-fragrance-oils:0
[    1390ms] [WARNING] OTS parsing error: Failed to convert WOFF 2.0 font to SFNT @ https://aromawax.eu/pt/collections/all-fragrance-oils:0
[    1390ms] [WARNING] Failed to decode downloaded font: https://aromawax.eu/cdn/shop/t/29/assets/AvenirLTStd-Heavy.woff?v=49196535620247681531771850553 @ https://aromawax.eu/pt/collections/all-fragrance-oils:0
[    1390ms] [WARNING] OTS parsing error: incorrect file size in WOFF header @ https://aromawax.eu/pt/collections/all-fragrance-oils:0
[    1390ms] [WARNING] Failed to decode downloaded font: https://aromawax.eu/cdn/shop/t/29/assets/AvenirLTStd-Heavy.ttf?v=161065316383412791401771850553 @ https://aromawax.eu/pt/collections/all-fragrance-oils:0
[    1390ms] [WARNING] OTS parsing error: BASE: misaligned table @ https://aromawax.eu/pt/collections/all-fragrance-oils:0
[    1390ms] [WARNING] Failed to decode downloaded font: https://aromawax.eu/cdn/shop/t/29/assets/AvenirLTStd-Black.eot?v=61293692641208295061771850553 @ https://aromawax.eu/pt/collections/all-fragrance-oils:0
[    1390ms] [WARNING] OTS parsing error: invalid sfntVersion: -272646794 @ https://aromawax.eu/pt/collections/all-fragrance-oils:0
[    1418ms] [WARNING] Failed to decode downloaded font: https://aromawax.eu/cdn/shop/t/29/assets/AvenirLTStd-Heavy.woff2?v=100181975222566383851771850553 @ https://aromawax.eu/pt/collections/all-fragrance-oils:0
[    1419ms] [WARNING] OTS parsing error: Failed to convert WOFF 2.0 font to SFNT @ https://aromawax.eu/pt/collections/all-fragrance-oils:0
[    1419ms] [WARNING] Failed to decode downloaded font: https://aromawax.eu/cdn/shop/t/29/assets/AvenirLTStd-Heavy.woff?v=49196535620247681531771850553 @ https://aromawax.eu/pt/collections/all-fragrance-oils:0
[    1419ms] [WARNING] OTS parsing error: incorrect file size in WOFF header @ https://aromawax.eu/pt/collections/all-fragrance-oils:0
[    1419ms] [WARNING] Failed to decode downloaded font: https://aromawax.eu/cdn/shop/t/29/assets/AvenirLTStd-Heavy.ttf?v=161065316383412791401771850553 @ https://aromawax.eu/pt/collections/all-fragrance-oils:0
[    1419ms] [WARNING] OTS parsing error: BASE: misaligned table @ https://aromawax.eu/pt/collections/all-fragrance-oils:0
[    1419ms] [WARNING] Failed to decode downloaded font: https://aromawax.eu/cdn/shop/t/29/assets/AvenirLTStd-Black.eot?v=61293692641208295061771850553 @ https://aromawax.eu/pt/collections/all-fragrance-oils:0
[    1419ms] [WARNING] OTS parsing error: invalid sfntVersion: -272646794 @ https://aromawax.eu/pt/collections/all-fragrance-oils:0
[    1605ms] [WARNING] Failed to decode downloaded font: https://aromawax.eu/cdn/shop/t/29/assets/AvenirLTStd-Heavy.woff2?v=100181975222566383851771850553 @ https://aromawax.eu/pt/collections/all-fragrance-oils:0
[    1605ms] [WARNING] OTS parsing error: Failed to convert WOFF 2.0 font to SFNT @ https://aromawax.eu/pt/collections/all-fragrance-oils:0
[    1605ms] [WARNING] Failed to decode downloaded font: https://aromawax.eu/cdn/shop/t/29/assets/AvenirLTStd-Heavy.woff?v=49196535620247681531771850553 @ https://aromawax.eu/pt/collections/all-fragrance-oils:0
[    1605ms] [WARNING] OTS parsing error: incorrect file size in WOFF header @ https://aromawax.eu/pt/collections/all-fragrance-oils:0
[    1605ms] [WARNING] Failed to decode downloaded font: https://aromawax.eu/cdn/shop/t/29/assets/AvenirLTStd-Heavy.ttf?v=161065316383412791401771850553 @ https://aromawax.eu/pt/collections/all-fragrance-oils:0
[    1605ms] [WARNING] OTS parsing error: BASE: misaligned table @ https://aromawax.eu/pt/collections/all-fragrance-oils:0
[    1605ms] [WARNING] Failed to decode downloaded font: https://aromawax.eu/cdn/shop/t/29/assets/AvenirLTStd-Black.eot?v=61293692641208295061771850553 @ https://aromawax.eu/pt/collections/all-fragrance-oils:0
[    1605ms] [WARNING] OTS parsing error: invalid sfntVersion: -272646794 @ https://aromawax.eu/pt/collections/all-fragrance-oils:0
[    1613ms] [LOG] existingToggle null @ https://cdn.shopify.com/extensions/019d67a4-5b06-743b-9c60-09feb0784e3c/final-price-72/assets/price-display.js:1202
[    1613ms] [LOG] existingToggle null @ https://cdn.shopify.com/extensions/019d67a4-5b06-743b-9c60-09feb0784e3c/final-price-72/assets/price-display.js:1202
[    1769ms] [INFO] Clear-Site-Data header on 'https://aromawax.eu/pt/cart/update.js': Cleared data types: "prefetchCache", "prerenderCache". @ https://aromawax.eu/pt/collections/all-fragrance-oils:0
[    1902ms] [ERROR] Failed to load resource: the server responded with a status of 403 () @ chrome-error://chromewebdata/:0
[    1926ms] [ERROR] Framing 'https://shop.app/' violates the following Content Security Policy directive: "frame-ancestors 'self' https://shop.app https://admin.shopify.com". The request has been blocked.
 @ :0
[    2287ms] [WARNING] Failed to decode downloaded font: https://aromawax.eu/cdn/shop/t/29/assets/AvenirLTStd-Heavy.woff2?v=100181975222566383851771850553 @ https://cdn.shopify.com/extensions/019d8a13-ee60-75d7-ae0f-514ac36f9789/localizing-254/assets/floating-selector.js:0
[    2287ms] [WARNING] OTS parsing error: Failed to convert WOFF 2.0 font to SFNT @ https://cdn.shopify.com/extensions/019d8a13-ee60-75d7-ae0f-514ac36f9789/localizing-254/assets/floating-selector.js:0
[    2287ms] [WARNING] Failed to decode downloaded font: https://aromawax.eu/cdn/shop/t/29/assets/AvenirLTStd-Heavy.woff?v=49196535620247681531771850553 @ https://cdn.shopify.com/extensions/019d8a13-ee60-75d7-ae0f-514ac36f9789/localizing-254/assets/floating-selector.js:0
[    2287ms] [WARNING] OTS parsing error: incorrect file size in WOFF header @ https://cdn.shopify.com/extensions/019d8a13-ee60-75d7-ae0f-514ac36f9789/localizing-254/assets/floating-selector.js:0
[    2287ms] [WARNING] Failed to decode downloaded font: https://aromawax.eu/cdn/shop/t/29/assets/AvenirLTStd-Heavy.ttf?v=161065316383412791401771850553 @ https://cdn.shopify.com/extensions/019d8a13-ee60-75d7-ae0f-514ac36f9789/localizing-254/assets/floating-selector.js:0
[    2287ms] [WARNING] OTS parsing error: BASE: misaligned table @ https://cdn.shopify.com/extensions/019d8a13-ee60-75d7-ae0f-514ac36f9789/localizing-254/assets/floating-selector.js:0
[    2287ms] [WARNING] Failed to decode downloaded font: https://aromawax.eu/cdn/shop/t/29/assets/AvenirLTStd-Black.eot?v=61293692641208295061771850553 @ https://cdn.shopify.com/extensions/019d8a13-ee60-75d7-ae0f-514ac36f9789/localizing-254/assets/floating-selector.js:0
[    2287ms] [WARNING] OTS parsing error: invalid sfntVersion: -272646794 @ https://cdn.shopify.com/extensions/019d8a13-ee60-75d7-ae0f-514ac36f9789/localizing-254/assets/floating-selector.js:0
[    2542ms] [WARNING] Failed to decode downloaded font: https://aromawax.eu/cdn/shop/t/29/assets/AvenirLTStd-Roman.woff2?v=151369584661543143081771850553 @ https://aromawax.eu/pt/collections/all-fragrance-oils:0
[    2542ms] [WARNING] OTS parsing error: Size of decompressed WOFF 2.0 is less than compressed size @ https://aromawax.eu/pt/collections/all-fragrance-oils:0
[    2543ms] [WARNING] Failed to decode downloaded font: https://aromawax.eu/cdn/shop/t/29/assets/AvenirLTStd-Roman.woff2?v=151369584661543143081771850553 @ https://aromawax.eu/pt/collections/all-fragrance-oils:0
[    2543ms] [WARNING] OTS parsing error: Size of decompressed WOFF 2.0 is less than compressed size @ https://aromawax.eu/pt/collections/all-fragrance-oils:0
[    2543ms] [WARNING] Failed to decode downloaded font: https://aromawax.eu/cdn/shop/t/29/assets/AvenirLTStd-Roman.woff2?v=151369584661543143081771850553 @ https://aromawax.eu/pt/collections/all-fragrance-oils:0
[    2543ms] [WARNING] OTS parsing error: Size of decompressed WOFF 2.0 is less than compressed size @ https://aromawax.eu/pt/collections/all-fragrance-oils:0
[    2543ms] [WARNING] Failed to decode downloaded font: https://aromawax.eu/cdn/shop/t/29/assets/AvenirLTStd-Roman.woff2?v=151369584661543143081771850553 @ https://aromawax.eu/pt/collections/all-fragrance-oils:0
[    2543ms] [WARNING] OTS parsing error: Size of decompressed WOFF 2.0 is less than compressed size @ https://aromawax.eu/pt/collections/all-fragrance-oils:0
[    2543ms] [WARNING] Failed to decode downloaded font: https://aromawax.eu/cdn/shop/t/29/assets/AvenirLTStd-Roman.woff2?v=151369584661543143081771850553 @ https://aromawax.eu/pt/collections/all-fragrance-oils:0
[    2543ms] [WARNING] OTS parsing error: Size of decompressed WOFF 2.0 is less than compressed size @ https://aromawax.eu/pt/collections/all-fragrance-oils:0
[    2543ms] [WARNING] Failed to decode downloaded font: https://aromawax.eu/cdn/shop/t/29/assets/AvenirLTStd-Roman.woff2?v=151369584661543143081771850553 @ https://aromawax.eu/pt/collections/all-fragrance-oils:0
[    2543ms] [WARNING] OTS parsing error: Size of decompressed WOFF 2.0 is less than compressed size @ https://aromawax.eu/pt/collections/all-fragrance-oils:0
[    2543ms] [WARNING] Failed to decode downloaded font: https://aromawax.eu/cdn/shop/t/29/assets/AvenirLTStd-Roman.woff2?v=151369584661543143081771850553 @ https://aromawax.eu/pt/collections/all-fragrance-oils:0
[    2543ms] [WARNING] OTS parsing error: Size of decompressed WOFF 2.0 is less than compressed size @ https://aromawax.eu/pt/collections/all-fragrance-oils:0
[    2600ms] [WARNING] Failed to decode downloaded font: https://aromawax.eu/cdn/shop/t/29/assets/AvenirLTStd-Roman.woff?v=77020652039345579431771850553 @ https://aromawax.eu/pt/collections/all-fragrance-oils:0
[    2600ms] [WARNING] OTS parsing error: incorrect file size in WOFF header @ https://aromawax.eu/pt/collections/all-fragrance-oils:0
[    2600ms] [WARNING] Failed to decode downloaded font: https://aromawax.eu/cdn/shop/t/29/assets/AvenirLTStd-Roman.woff?v=77020652039345579431771850553 @ https://aromawax.eu/pt/collections/all-fragrance-oils:0
[    2600ms] [WARNING] OTS parsing error: incorrect file size in WOFF header @ https://aromawax.eu/pt/collections/all-fragrance-oils:0
[    2600ms] [WARNING] Failed to decode downloaded font: https://aromawax.eu/cdn/shop/t/29/assets/AvenirLTStd-Roman.woff?v=77020652039345579431771850553 @ https://aromawax.eu/pt/collections/all-fragrance-oils:0
[    2600ms] [WARNING] OTS parsing error: incorrect file size in WOFF header @ https://aromawax.eu/pt/collections/all-fragrance-oils:0
[    2600ms] [WARNING] Failed to decode downloaded font: https://aromawax.eu/cdn/shop/t/29/assets/AvenirLTStd-Roman.woff?v=77020652039345579431771850553 @ https://aromawax.eu/pt/collections/all-fragrance-oils:0
[    2600ms] [WARNING] OTS parsing error: incorrect file size in WOFF header @ https://aromawax.eu/pt/collections/all-fragrance-oils:0
[    2601ms] [WARNING] Failed to decode downloaded font: https://aromawax.eu/cdn/shop/t/29/assets/AvenirLTStd-Roman.woff?v=77020652039345579431771850553 @ https://aromawax.eu/pt/collections/all-fragrance-oils:0
[    2601ms] [WARNING] OTS parsing error: incorrect file size in WOFF header @ https://aromawax.eu/pt/collections/all-fragrance-oils:0
[    2601ms] [WARNING] Failed to decode downloaded font: https://aromawax.eu/cdn/shop/t/29/assets/AvenirLTStd-Roman.woff?v=77020652039345579431771850553 @ https://aromawax.eu/pt/collections/all-fragrance-oils:0
[    2601ms] [WARNING] OTS parsing error: incorrect file size in WOFF header @ https://aromawax.eu/pt/collections/all-fragrance-oils:0
[    2601ms] [WARNING] Failed to decode downloaded font: https://aromawax.eu/cdn/shop/t/29/assets/AvenirLTStd-Roman.woff?v=77020652039345579431771850553 @ https://aromawax.eu/pt/collections/all-fragrance-oils:0
[    2601ms] [WARNING] OTS parsing error: incorrect file size in WOFF header @ https://aromawax.eu/pt/collections/all-fragrance-oils:0
[    2659ms] [WARNING] Failed to decode downloaded font: https://aromawax.eu/cdn/shop/t/29/assets/AvenirLTStd-Roman.ttf?v=168653738910245139531771850553 @ https://aromawax.eu/pt/collections/all-fragrance-oils:0
[    2659ms] [WARNING] OTS parsing error: FFTM: invalid table offset @ https://aromawax.eu/pt/collections/all-fragrance-oils:0
[    2659ms] [WARNING] Failed to decode downloaded font: https://aromawax.eu/cdn/shop/t/29/assets/AvenirLTStd-Roman.ttf?v=168653738910245139531771850553 @ https://aromawax.eu/pt/collections/all-fragrance-oils:0
[    2659ms] [WARNING] OTS parsing error: FFTM: invalid table offset @ https://aromawax.eu/pt/collections/all-fragrance-oils:0
[    2659ms] [WARNING] Failed to decode downloaded font: https://aromawax.eu/cdn/shop/t/29/assets/AvenirLTStd-Roman.ttf?v=168653738910245139531771850553 @ https://aromawax.eu/pt/collections/all-fragrance-oils:0
[    2659ms] [WARNING] OTS parsing error: FFTM: invalid table offset @ https://aromawax.eu/pt/collections/all-fragrance-oils:0
[    2659ms] [WARNING] Failed to decode downloaded font: https://aromawax.eu/cdn/shop/t/29/assets/AvenirLTStd-Roman.ttf?v=168653738910245139531771850553 @ https://aromawax.eu/pt/collections/all-fragrance-oils:0
[    2659ms] [WARNING] OTS parsing error: FFTM: invalid table offset @ https://aromawax.eu/pt/collections/all-fragrance-oils:0
[    2659ms] [WARNING] Failed to decode downloaded font: https://aromawax.eu/cdn/shop/t/29/assets/AvenirLTStd-Roman.ttf?v=168653738910245139531771850553 @ https://aromawax.eu/pt/collections/all-fragrance-oils:0
[    2659ms] [WARNING] OTS parsing error: FFTM: invalid table offset @ https://aromawax.eu/pt/collections/all-fragrance-oils:0
[    2659ms] [WARNING] Failed to decode downloaded font: https://aromawax.eu/cdn/shop/t/29/assets/AvenirLTStd-Roman.ttf?v=168653738910245139531771850553 @ https://aromawax.eu/pt/collections/all-fragrance-oils:0
[    2659ms] [WARNING] OTS parsing error: FFTM: invalid table offset @ https://aromawax.eu/pt/collections/all-fragrance-oils:0
[    2659ms] [WARNING] Failed to decode downloaded font: https://aromawax.eu/cdn/shop/t/29/assets/AvenirLTStd-Roman.ttf?v=168653738910245139531771850553 @ https://aromawax.eu/pt/collections/all-fragrance-oils:0
[    2659ms] [WARNING] OTS parsing error: FFTM: invalid table offset @ https://aromawax.eu/pt/collections/all-fragrance-oils:0
[    4209ms] [LOG] Intercom whoami never became available @ :32
[    4739ms] [LOG] Intercom whoami never became available @ :32
