[    1226ms] [WARNING] Failed to decode downloaded font: https://aromawax.eu/cdn/shop/t/32/assets/AvenirLTStd-Black.eot?v=61293692641208295061776246661 @ https://aromawax.eu/pt?cb=switchcheck1:5311
[    1226ms] [WARNING] OTS parsing error: invalid sfntVersion: -272646794 @ https://aromawax.eu/pt?cb=switchcheck1:5311
[    1229ms] [WARNING] An import map rule for specifier '@app/main' was removed, as it conflicted with an existing rule. @ https://aromawax.eu/pt?cb=switchcheck1:0
[    1235ms] [WARNING] Failed to decode downloaded font: https://aromawax.eu/cdn/shop/t/32/assets/AvenirLTStd-Black.eot?v=61293692641208295061776246661 @ https://aromawax.eu/cdn/shop/t/32/assets/theme.js?v=83817649300024204211776258459:44
[    1235ms] [WARNING] OTS parsing error: invalid sfntVersion: -272646794 @ https://aromawax.eu/cdn/shop/t/32/assets/theme.js?v=83817649300024204211776258459:44
[    1274ms] [LOG] %cCustomer Accounts Deluxe font-size: 18px; font-weight: bold; color: #fff; background: linear-gradient(90deg, #007bff, #00c6ff); padding: 6px 12px; border-radius: 5px; text-align: center; @ webpack://customer-account-deluxe/./extensions/customer-page/assets/cad_base.js?:39
[    1274ms] [LOG] 
 🔵 Seamless Shopify Integration

 🔵 Enhance Customer Experience with Custom Features

 🔵 Loyalty, Rewards, Social Login, Wishlist, Returns & Exchanges, Store Credits and Much More


 Learn more at: https://apps.shopify.com/customer-account-deluxe

 @ webpack://customer-account-deluxe/./extensions/customer-page/assets/cad_base.js?:40
[    1295ms] [WARNING] Failed to decode downloaded font: https://aromawax.eu/cdn/shop/t/32/assets/AvenirLTStd-Heavy.woff2?v=100181975222566383851776246661 @ https://aromawax.eu/pt?cb=switchcheck1:0
[    1295ms] [WARNING] OTS parsing error: Failed to convert WOFF 2.0 font to SFNT @ https://aromawax.eu/pt?cb=switchcheck1:0
[    1295ms] [WARNING] Failed to decode downloaded font: https://aromawax.eu/cdn/shop/t/32/assets/AvenirLTStd-Heavy.woff2?v=100181975222566383851776246661 @ https://aromawax.eu/pt?cb=switchcheck1:0
[    1295ms] [WARNING] OTS parsing error: Failed to convert WOFF 2.0 font to SFNT @ https://aromawax.eu/pt?cb=switchcheck1:0
[    1302ms] [WARNING] Failed to decode downloaded font: https://aromawax.eu/cdn/shop/t/32/assets/AvenirLTStd-Heavy.woff2?v=100181975222566383851776246661 @ https://aromawax.eu/pt?cb=switchcheck1:0
[    1302ms] [WARNING] OTS parsing error: Failed to convert WOFF 2.0 font to SFNT @ https://aromawax.eu/pt?cb=switchcheck1:0
[    1302ms] [WARNING] Failed to decode downloaded font: https://aromawax.eu/cdn/shop/t/32/assets/AvenirLTStd-Black.eot?v=61293692641208295061776246661 @ https://aromawax.eu/pt?cb=switchcheck1:0
[    1302ms] [WARNING] OTS parsing error: invalid sfntVersion: -272646794 @ https://aromawax.eu/pt?cb=switchcheck1:0
[    1336ms] [WARNING] Failed to decode downloaded font: https://aromawax.eu/cdn/shop/t/32/assets/AvenirLTStd-Heavy.woff?v=49196535620247681531776246661 @ https://aromawax.eu/pt?cb=switchcheck1:0
[    1336ms] [WARNING] OTS parsing error: incorrect file size in WOFF header @ https://aromawax.eu/pt?cb=switchcheck1:0
[    1336ms] [WARNING] Failed to decode downloaded font: https://aromawax.eu/cdn/shop/t/32/assets/AvenirLTStd-Heavy.woff?v=49196535620247681531776246661 @ https://aromawax.eu/pt?cb=switchcheck1:0
[    1336ms] [WARNING] OTS parsing error: incorrect file size in WOFF header @ https://aromawax.eu/pt?cb=switchcheck1:0
[    1336ms] [WARNING] Failed to decode downloaded font: https://aromawax.eu/cdn/shop/t/32/assets/AvenirLTStd-Heavy.woff?v=49196535620247681531776246661 @ https://aromawax.eu/pt?cb=switchcheck1:0
[    1336ms] [WARNING] OTS parsing error: incorrect file size in WOFF header @ https://aromawax.eu/pt?cb=switchcheck1:0
[    1371ms] [WARNING] Failed to decode downloaded font: https://aromawax.eu/cdn/shop/t/32/assets/AvenirLTStd-Heavy.woff2?v=100181975222566383851776246661 @ https://aromawax.eu/pt?cb=switchcheck1:0
[    1371ms] [WARNING] OTS parsing error: Failed to convert WOFF 2.0 font to SFNT @ https://aromawax.eu/pt?cb=switchcheck1:0
[    1371ms] [WARNING] Failed to decode downloaded font: https://aromawax.eu/cdn/shop/t/32/assets/AvenirLTStd-Heavy.woff?v=49196535620247681531776246661 @ https://aromawax.eu/pt?cb=switchcheck1:0
[    1371ms] [WARNING] OTS parsing error: incorrect file size in WOFF header @ https://aromawax.eu/pt?cb=switchcheck1:0
[    1371ms] [WARNING] Failed to decode downloaded font: https://aromawax.eu/cdn/shop/t/32/assets/AvenirLTStd-Black.eot?v=61293692641208295061776246661 @ https://aromawax.eu/pt?cb=switchcheck1:0
[    1371ms] [WARNING] OTS parsing error: invalid sfntVersion: -272646794 @ https://aromawax.eu/pt?cb=switchcheck1:0
[    1384ms] [WARNING] Failed to decode downloaded font: https://aromawax.eu/cdn/shop/t/32/assets/AvenirLTStd-Heavy.woff2?v=100181975222566383851776246661 @ https://aromawax.eu/pt?cb=switchcheck1:0
[    1384ms] [WARNING] OTS parsing error: Failed to convert WOFF 2.0 font to SFNT @ https://aromawax.eu/pt?cb=switchcheck1:0
[    1384ms] [WARNING] Failed to decode downloaded font: https://aromawax.eu/cdn/shop/t/32/assets/AvenirLTStd-Heavy.woff?v=49196535620247681531776246661 @ https://aromawax.eu/pt?cb=switchcheck1:0
[    1384ms] [WARNING] OTS parsing error: incorrect file size in WOFF header @ https://aromawax.eu/pt?cb=switchcheck1:0
[    1384ms] [WARNING] Failed to decode downloaded font: https://aromawax.eu/cdn/shop/t/32/assets/AvenirLTStd-Black.eot?v=61293692641208295061776246661 @ https://aromawax.eu/pt?cb=switchcheck1:0
[    1384ms] [WARNING] OTS parsing error: invalid sfntVersion: -272646794 @ https://aromawax.eu/pt?cb=switchcheck1:0
[    1391ms] [WARNING] Failed to decode downloaded font: https://aromawax.eu/cdn/shop/t/32/assets/AvenirLTStd-Heavy.ttf?v=161065316383412791401776246661 @ https://aromawax.eu/pt?cb=switchcheck1:0
[    1391ms] [WARNING] OTS parsing error: BASE: misaligned table @ https://aromawax.eu/pt?cb=switchcheck1:0
[    1391ms] [WARNING] Failed to decode downloaded font: https://aromawax.eu/cdn/shop/t/32/assets/AvenirLTStd-Heavy.ttf?v=161065316383412791401776246661 @ https://aromawax.eu/pt?cb=switchcheck1:0
[    1391ms] [WARNING] OTS parsing error: BASE: misaligned table @ https://aromawax.eu/pt?cb=switchcheck1:0
[    1391ms] [WARNING] Failed to decode downloaded font: https://aromawax.eu/cdn/shop/t/32/assets/AvenirLTStd-Heavy.ttf?v=161065316383412791401776246661 @ https://aromawax.eu/pt?cb=switchcheck1:0
[    1391ms] [WARNING] OTS parsing error: BASE: misaligned table @ https://aromawax.eu/pt?cb=switchcheck1:0
[    1391ms] [WARNING] Failed to decode downloaded font: https://aromawax.eu/cdn/shop/t/32/assets/AvenirLTStd-Heavy.ttf?v=161065316383412791401776246661 @ https://aromawax.eu/pt?cb=switchcheck1:0
[    1391ms] [WARNING] OTS parsing error: BASE: misaligned table @ https://aromawax.eu/pt?cb=switchcheck1:0
[    1391ms] [WARNING] Failed to decode downloaded font: https://aromawax.eu/cdn/shop/t/32/assets/AvenirLTStd-Heavy.ttf?v=161065316383412791401776246661 @ https://aromawax.eu/pt?cb=switchcheck1:0
[    1391ms] [WARNING] OTS parsing error: BASE: misaligned table @ https://aromawax.eu/pt?cb=switchcheck1:0
[    1545ms] [LOG] existingToggle null @ https://cdn.shopify.com/extensions/019d67a4-5b06-743b-9c60-09feb0784e3c/final-price-72/assets/price-display.js:1202
[    1545ms] [LOG] existingToggle null @ https://cdn.shopify.com/extensions/019d67a4-5b06-743b-9c60-09feb0784e3c/final-price-72/assets/price-display.js:1202
[    2646ms] [WARNING] Failed to decode downloaded font: https://aromawax.eu/cdn/shop/t/32/assets/AvenirLTStd-Heavy.woff2?v=100181975222566383851776246661 @ https://cdn.shopify.com/extensions/019d8a13-ee60-75d7-ae0f-514ac36f9789/localizing-254/assets/floating-selector.js:0
[    2646ms] [WARNING] OTS parsing error: Failed to convert WOFF 2.0 font to SFNT @ https://cdn.shopify.com/extensions/019d8a13-ee60-75d7-ae0f-514ac36f9789/localizing-254/assets/floating-selector.js:0
[    2646ms] [WARNING] Failed to decode downloaded font: https://aromawax.eu/cdn/shop/t/32/assets/AvenirLTStd-Heavy.woff?v=49196535620247681531776246661 @ https://cdn.shopify.com/extensions/019d8a13-ee60-75d7-ae0f-514ac36f9789/localizing-254/assets/floating-selector.js:0
[    2646ms] [WARNING] OTS parsing error: incorrect file size in WOFF header @ https://cdn.shopify.com/extensions/019d8a13-ee60-75d7-ae0f-514ac36f9789/localizing-254/assets/floating-selector.js:0
[    2646ms] [WARNING] Failed to decode downloaded font: https://aromawax.eu/cdn/shop/t/32/assets/AvenirLTStd-Heavy.ttf?v=161065316383412791401776246661 @ https://cdn.shopify.com/extensions/019d8a13-ee60-75d7-ae0f-514ac36f9789/localizing-254/assets/floating-selector.js:0
[    2646ms] [WARNING] OTS parsing error: BASE: misaligned table @ https://cdn.shopify.com/extensions/019d8a13-ee60-75d7-ae0f-514ac36f9789/localizing-254/assets/floating-selector.js:0
[    2646ms] [WARNING] Failed to decode downloaded font: https://aromawax.eu/cdn/shop/t/32/assets/AvenirLTStd-Black.eot?v=61293692641208295061776246661 @ https://cdn.shopify.com/extensions/019d8a13-ee60-75d7-ae0f-514ac36f9789/localizing-254/assets/floating-selector.js:0
[    2646ms] [WARNING] OTS parsing error: invalid sfntVersion: -272646794 @ https://cdn.shopify.com/extensions/019d8a13-ee60-75d7-ae0f-514ac36f9789/localizing-254/assets/floating-selector.js:0
[    3312ms] [WARNING] Failed to decode downloaded font: https://aromawax.eu/cdn/shop/t/32/assets/AvenirLTStd-Heavy.woff2?v=100181975222566383851776246661 @ https://js.intercomcdn.com/frame-modern.b228b3c9.js:0
[    3312ms] [WARNING] OTS parsing error: Failed to convert WOFF 2.0 font to SFNT @ https://js.intercomcdn.com/frame-modern.b228b3c9.js:0
[    3312ms] [WARNING] Failed to decode downloaded font: https://aromawax.eu/cdn/shop/t/32/assets/AvenirLTStd-Heavy.woff?v=49196535620247681531776246661 @ https://js.intercomcdn.com/frame-modern.b228b3c9.js:0
[    3312ms] [WARNING] OTS parsing error: incorrect file size in WOFF header @ https://js.intercomcdn.com/frame-modern.b228b3c9.js:0
[    3312ms] [WARNING] Failed to decode downloaded font: https://aromawax.eu/cdn/shop/t/32/assets/AvenirLTStd-Heavy.ttf?v=161065316383412791401776246661 @ https://js.intercomcdn.com/frame-modern.b228b3c9.js:0
[    3312ms] [WARNING] OTS parsing error: BASE: misaligned table @ https://js.intercomcdn.com/frame-modern.b228b3c9.js:0
[    3312ms] [WARNING] Failed to decode downloaded font: https://aromawax.eu/cdn/shop/t/32/assets/AvenirLTStd-Black.eot?v=61293692641208295061776246661 @ https://js.intercomcdn.com/frame-modern.b228b3c9.js:0
[    3312ms] [WARNING] OTS parsing error: invalid sfntVersion: -272646794 @ https://js.intercomcdn.com/frame-modern.b228b3c9.js:0
[    3324ms] [WARNING] Failed to decode downloaded font: https://aromawax.eu/cdn/shop/t/32/assets/AvenirLTStd-Heavy.woff2?v=100181975222566383851776246661 @ https://aromawax.eu/pt?cb=switchcheck1:0
[    3324ms] [WARNING] OTS parsing error: Failed to convert WOFF 2.0 font to SFNT @ https://aromawax.eu/pt?cb=switchcheck1:0
[    3324ms] [WARNING] Failed to decode downloaded font: https://aromawax.eu/cdn/shop/t/32/assets/AvenirLTStd-Heavy.woff?v=49196535620247681531776246661 @ https://aromawax.eu/pt?cb=switchcheck1:0
[    3324ms] [WARNING] OTS parsing error: incorrect file size in WOFF header @ https://aromawax.eu/pt?cb=switchcheck1:0
[    3324ms] [WARNING] Failed to decode downloaded font: https://aromawax.eu/cdn/shop/t/32/assets/AvenirLTStd-Heavy.ttf?v=161065316383412791401776246661 @ https://aromawax.eu/pt?cb=switchcheck1:0
[    3324ms] [WARNING] OTS parsing error: BASE: misaligned table @ https://aromawax.eu/pt?cb=switchcheck1:0
[    3324ms] [WARNING] Failed to decode downloaded font: https://aromawax.eu/cdn/shop/t/32/assets/AvenirLTStd-Black.eot?v=61293692641208295061776246661 @ https://aromawax.eu/pt?cb=switchcheck1:0
[    3324ms] [WARNING] OTS parsing error: invalid sfntVersion: -272646794 @ https://aromawax.eu/pt?cb=switchcheck1:0
[    3692ms] [WARNING] Failed to decode downloaded font: https://aromawax.eu/cdn/shop/t/32/assets/AvenirLTStd-Heavy.woff2?v=100181975222566383851776246661 @ https://aromawax.eu/pt?cb=switchcheck1:0
[    3692ms] [WARNING] OTS parsing error: Failed to convert WOFF 2.0 font to SFNT @ https://aromawax.eu/pt?cb=switchcheck1:0
[    3692ms] [WARNING] Failed to decode downloaded font: https://aromawax.eu/cdn/shop/t/32/assets/AvenirLTStd-Heavy.woff?v=49196535620247681531776246661 @ https://aromawax.eu/pt?cb=switchcheck1:0
[    3692ms] [WARNING] OTS parsing error: incorrect file size in WOFF header @ https://aromawax.eu/pt?cb=switchcheck1:0
[    3692ms] [WARNING] Failed to decode downloaded font: https://aromawax.eu/cdn/shop/t/32/assets/AvenirLTStd-Heavy.ttf?v=161065316383412791401776246661 @ https://aromawax.eu/pt?cb=switchcheck1:0
[    3693ms] [WARNING] OTS parsing error: BASE: misaligned table @ https://aromawax.eu/pt?cb=switchcheck1:0
[    3693ms] [WARNING] Failed to decode downloaded font: https://aromawax.eu/cdn/shop/t/32/assets/AvenirLTStd-Black.eot?v=61293692641208295061776246661 @ https://aromawax.eu/pt?cb=switchcheck1:0
[    3693ms] [WARNING] OTS parsing error: invalid sfntVersion: -272646794 @ https://aromawax.eu/pt?cb=switchcheck1:0
