[     384ms] [WARNING] Failed to decode downloaded font: https://aromawax.eu/cdn/shop/t/29/assets/AvenirLTStd-Black.eot?v=61293692641208295061771850553 @ https://aromawax.eu/pt/products/kyoto-matcha-and-coconut-cloud-fragrance-oil:4290
[     384ms] [WARNING] OTS parsing error: invalid sfntVersion: -272646794 @ https://aromawax.eu/pt/products/kyoto-matcha-and-coconut-cloud-fragrance-oil:4290
[     399ms] [WARNING] Failed to decode downloaded font: https://aromawax.eu/cdn/shop/t/29/assets/AvenirLTStd-Heavy.woff2?v=100181975222566383851771850553 @ https://aromawax.eu/pt/products/kyoto-matcha-and-coconut-cloud-fragrance-oil:4290
[     399ms] [WARNING] OTS parsing error: Failed to convert WOFF 2.0 font to SFNT @ https://aromawax.eu/pt/products/kyoto-matcha-and-coconut-cloud-fragrance-oil:4290
[     401ms] [WARNING] Failed to decode downloaded font: https://aromawax.eu/cdn/shop/t/29/assets/AvenirLTStd-Heavy.woff?v=49196535620247681531771850553 @ https://aromawax.eu/pt/products/kyoto-matcha-and-coconut-cloud-fragrance-oil:4290
[     401ms] [WARNING] OTS parsing error: incorrect file size in WOFF header @ https://aromawax.eu/pt/products/kyoto-matcha-and-coconut-cloud-fragrance-oil:4290
[     405ms] [WARNING] Failed to decode downloaded font: https://aromawax.eu/cdn/shop/t/29/assets/AvenirLTStd-Heavy.ttf?v=161065316383412791401771850553 @ https://aromawax.eu/pt/products/kyoto-matcha-and-coconut-cloud-fragrance-oil:4290
[     405ms] [WARNING] OTS parsing error: BASE: misaligned table @ https://aromawax.eu/pt/products/kyoto-matcha-and-coconut-cloud-fragrance-oil:4290
[     410ms] [WARNING] An import map rule for specifier '@app/main' was removed, as it conflicted with already resolved module specifiers. @ https://aromawax.eu/pt/products/kyoto-matcha-and-coconut-cloud-fragrance-oil:0
[     416ms] [WARNING] Failed to decode downloaded font: https://aromawax.eu/cdn/shop/t/29/assets/AvenirLTStd-Heavy.woff2?v=100181975222566383851771850553 @ https://aromawax.eu/cdn/shop/t/29/assets/theme.js?v=13159901232634706651771850553:44
[     416ms] [WARNING] OTS parsing error: Failed to convert WOFF 2.0 font to SFNT @ https://aromawax.eu/cdn/shop/t/29/assets/theme.js?v=13159901232634706651771850553:44
[     416ms] [WARNING] Failed to decode downloaded font: https://aromawax.eu/cdn/shop/t/29/assets/AvenirLTStd-Heavy.woff?v=49196535620247681531771850553 @ https://aromawax.eu/cdn/shop/t/29/assets/theme.js?v=13159901232634706651771850553:44
[     416ms] [WARNING] OTS parsing error: incorrect file size in WOFF header @ https://aromawax.eu/cdn/shop/t/29/assets/theme.js?v=13159901232634706651771850553:44
[     416ms] [WARNING] Failed to decode downloaded font: https://aromawax.eu/cdn/shop/t/29/assets/AvenirLTStd-Heavy.ttf?v=161065316383412791401771850553 @ https://aromawax.eu/cdn/shop/t/29/assets/theme.js?v=13159901232634706651771850553:44
[     416ms] [WARNING] OTS parsing error: BASE: misaligned table @ https://aromawax.eu/cdn/shop/t/29/assets/theme.js?v=13159901232634706651771850553:44
[     416ms] [WARNING] Failed to decode downloaded font: https://aromawax.eu/cdn/shop/t/29/assets/AvenirLTStd-Black.eot?v=61293692641208295061771850553 @ https://aromawax.eu/cdn/shop/t/29/assets/theme.js?v=13159901232634706651771850553:44
[     416ms] [WARNING] OTS parsing error: invalid sfntVersion: -272646794 @ https://aromawax.eu/cdn/shop/t/29/assets/theme.js?v=13159901232634706651771850553:44
[     439ms] [LOG] %cCustomer Accounts Deluxe font-size: 18px; font-weight: bold; color: #fff; background: linear-gradient(90deg, #007bff, #00c6ff); padding: 6px 12px; border-radius: 5px; text-align: center; @ webpack://customer-account-deluxe/./extensions/customer-page/assets/cad_base.js?:39
[     439ms] [LOG] 
 🔵 Seamless Shopify Integration

 🔵 Enhance Customer Experience with Custom Features

 🔵 Loyalty, Rewards, Social Login, Wishlist, Returns & Exchanges, Store Credits and Much More


 Learn more at: https://apps.shopify.com/customer-account-deluxe

 @ webpack://customer-account-deluxe/./extensions/customer-page/assets/cad_base.js?:40
[     443ms] [WARNING] [JM Loader] Data mismatch - Liquid hasRevamp: false JS sees: true {number_of_reviews: 6, average_rating: 5.00, review_translations: Object} @ https://cdn.shopify.com/extensions/019d8c1b-980b-774c-b13e-de3a1bd96ef8/judgeme-460/assets/loader.js:0
[     489ms] [WARNING] Failed to decode downloaded font: https://aromawax.eu/cdn/shop/t/29/assets/AvenirLTStd-Heavy.woff2?v=100181975222566383851771850553 @ https://aromawax.eu/pt/products/kyoto-matcha-and-coconut-cloud-fragrance-oil:0
[     489ms] [WARNING] OTS parsing error: Failed to convert WOFF 2.0 font to SFNT @ https://aromawax.eu/pt/products/kyoto-matcha-and-coconut-cloud-fragrance-oil:0
[     489ms] [WARNING] Failed to decode downloaded font: https://aromawax.eu/cdn/shop/t/29/assets/AvenirLTStd-Heavy.woff?v=49196535620247681531771850553 @ https://aromawax.eu/pt/products/kyoto-matcha-and-coconut-cloud-fragrance-oil:0
[     489ms] [WARNING] OTS parsing error: incorrect file size in WOFF header @ https://aromawax.eu/pt/products/kyoto-matcha-and-coconut-cloud-fragrance-oil:0
[     489ms] [WARNING] Failed to decode downloaded font: https://aromawax.eu/cdn/shop/t/29/assets/AvenirLTStd-Heavy.ttf?v=161065316383412791401771850553 @ https://aromawax.eu/pt/products/kyoto-matcha-and-coconut-cloud-fragrance-oil:0
[     489ms] [WARNING] OTS parsing error: BASE: misaligned table @ https://aromawax.eu/pt/products/kyoto-matcha-and-coconut-cloud-fragrance-oil:0
[     489ms] [WARNING] Failed to decode downloaded font: https://aromawax.eu/cdn/shop/t/29/assets/AvenirLTStd-Black.eot?v=61293692641208295061771850553 @ https://aromawax.eu/pt/products/kyoto-matcha-and-coconut-cloud-fragrance-oil:0
[     489ms] [WARNING] OTS parsing error: invalid sfntVersion: -272646794 @ https://aromawax.eu/pt/products/kyoto-matcha-and-coconut-cloud-fragrance-oil:0
[     508ms] [WARNING] Failed to decode downloaded font: https://aromawax.eu/cdn/shop/t/29/assets/AvenirLTStd-Heavy.woff2?v=100181975222566383851771850553 @ https://aromawax.eu/pt/products/kyoto-matcha-and-coconut-cloud-fragrance-oil:0
[     509ms] [WARNING] OTS parsing error: Failed to convert WOFF 2.0 font to SFNT @ https://aromawax.eu/pt/products/kyoto-matcha-and-coconut-cloud-fragrance-oil:0
[     509ms] [WARNING] Failed to decode downloaded font: https://aromawax.eu/cdn/shop/t/29/assets/AvenirLTStd-Heavy.woff?v=49196535620247681531771850553 @ https://aromawax.eu/pt/products/kyoto-matcha-and-coconut-cloud-fragrance-oil:0
[     509ms] [WARNING] OTS parsing error: incorrect file size in WOFF header @ https://aromawax.eu/pt/products/kyoto-matcha-and-coconut-cloud-fragrance-oil:0
[     509ms] [WARNING] Failed to decode downloaded font: https://aromawax.eu/cdn/shop/t/29/assets/AvenirLTStd-Heavy.ttf?v=161065316383412791401771850553 @ https://aromawax.eu/pt/products/kyoto-matcha-and-coconut-cloud-fragrance-oil:0
[     509ms] [WARNING] OTS parsing error: BASE: misaligned table @ https://aromawax.eu/pt/products/kyoto-matcha-and-coconut-cloud-fragrance-oil:0
[     509ms] [WARNING] Failed to decode downloaded font: https://aromawax.eu/cdn/shop/t/29/assets/AvenirLTStd-Black.eot?v=61293692641208295061771850553 @ https://aromawax.eu/pt/products/kyoto-matcha-and-coconut-cloud-fragrance-oil:0
[     509ms] [WARNING] OTS parsing error: invalid sfntVersion: -272646794 @ https://aromawax.eu/pt/products/kyoto-matcha-and-coconut-cloud-fragrance-oil:0
[     519ms] [WARNING] Failed to decode downloaded font: https://aromawax.eu/cdn/shop/t/29/assets/AvenirLTStd-Roman.woff2?v=151369584661543143081771850553 @ https://aromawax.eu/pt/products/kyoto-matcha-and-coconut-cloud-fragrance-oil:0
[     519ms] [WARNING] OTS parsing error: Size of decompressed WOFF 2.0 is less than compressed size @ https://aromawax.eu/pt/products/kyoto-matcha-and-coconut-cloud-fragrance-oil:0
[     519ms] [WARNING] Failed to decode downloaded font: https://aromawax.eu/cdn/shop/t/29/assets/AvenirLTStd-Roman.woff2?v=151369584661543143081771850553 @ https://aromawax.eu/pt/products/kyoto-matcha-and-coconut-cloud-fragrance-oil:0
[     519ms] [WARNING] OTS parsing error: Size of decompressed WOFF 2.0 is less than compressed size @ https://aromawax.eu/pt/products/kyoto-matcha-and-coconut-cloud-fragrance-oil:0
[     519ms] [WARNING] Failed to decode downloaded font: https://aromawax.eu/cdn/shop/t/29/assets/AvenirLTStd-Roman.woff2?v=151369584661543143081771850553 @ https://aromawax.eu/pt/products/kyoto-matcha-and-coconut-cloud-fragrance-oil:0
[     519ms] [WARNING] OTS parsing error: Size of decompressed WOFF 2.0 is less than compressed size @ https://aromawax.eu/pt/products/kyoto-matcha-and-coconut-cloud-fragrance-oil:0
[     519ms] [WARNING] Failed to decode downloaded font: https://aromawax.eu/cdn/shop/t/29/assets/AvenirLTStd-Roman.woff2?v=151369584661543143081771850553 @ https://aromawax.eu/pt/products/kyoto-matcha-and-coconut-cloud-fragrance-oil:0
[     519ms] [WARNING] OTS parsing error: Size of decompressed WOFF 2.0 is less than compressed size @ https://aromawax.eu/pt/products/kyoto-matcha-and-coconut-cloud-fragrance-oil:0
[     523ms] [WARNING] Failed to decode downloaded font: https://aromawax.eu/cdn/shop/t/29/assets/AvenirLTStd-Roman.woff?v=77020652039345579431771850553 @ https://aromawax.eu/pt/products/kyoto-matcha-and-coconut-cloud-fragrance-oil:0
[     523ms] [WARNING] OTS parsing error: incorrect file size in WOFF header @ https://aromawax.eu/pt/products/kyoto-matcha-and-coconut-cloud-fragrance-oil:0
[     523ms] [WARNING] Failed to decode downloaded font: https://aromawax.eu/cdn/shop/t/29/assets/AvenirLTStd-Roman.woff?v=77020652039345579431771850553 @ https://aromawax.eu/pt/products/kyoto-matcha-and-coconut-cloud-fragrance-oil:0
[     523ms] [WARNING] OTS parsing error: incorrect file size in WOFF header @ https://aromawax.eu/pt/products/kyoto-matcha-and-coconut-cloud-fragrance-oil:0
[     523ms] [WARNING] Failed to decode downloaded font: https://aromawax.eu/cdn/shop/t/29/assets/AvenirLTStd-Roman.woff?v=77020652039345579431771850553 @ https://aromawax.eu/pt/products/kyoto-matcha-and-coconut-cloud-fragrance-oil:0
[     523ms] [WARNING] OTS parsing error: incorrect file size in WOFF header @ https://aromawax.eu/pt/products/kyoto-matcha-and-coconut-cloud-fragrance-oil:0
[     523ms] [WARNING] Failed to decode downloaded font: https://aromawax.eu/cdn/shop/t/29/assets/AvenirLTStd-Roman.woff?v=77020652039345579431771850553 @ https://aromawax.eu/pt/products/kyoto-matcha-and-coconut-cloud-fragrance-oil:0
[     523ms] [WARNING] OTS parsing error: incorrect file size in WOFF header @ https://aromawax.eu/pt/products/kyoto-matcha-and-coconut-cloud-fragrance-oil:0
[     528ms] [WARNING] Failed to decode downloaded font: https://aromawax.eu/cdn/shop/t/29/assets/AvenirLTStd-Roman.woff2?v=151369584661543143081771850553 @ https://aromawax.eu/pt/products/kyoto-matcha-and-coconut-cloud-fragrance-oil:0
[     528ms] [WARNING] OTS parsing error: Size of decompressed WOFF 2.0 is less than compressed size @ https://aromawax.eu/pt/products/kyoto-matcha-and-coconut-cloud-fragrance-oil:0
[     528ms] [WARNING] Failed to decode downloaded font: https://aromawax.eu/cdn/shop/t/29/assets/AvenirLTStd-Roman.woff?v=77020652039345579431771850553 @ https://aromawax.eu/pt/products/kyoto-matcha-and-coconut-cloud-fragrance-oil:0
[     528ms] [WARNING] OTS parsing error: incorrect file size in WOFF header @ https://aromawax.eu/pt/products/kyoto-matcha-and-coconut-cloud-fragrance-oil:0
[     528ms] [WARNING] Failed to decode downloaded font: https://aromawax.eu/cdn/shop/t/29/assets/AvenirLTStd-Heavy.woff2?v=100181975222566383851771850553 @ https://aromawax.eu/pt/products/kyoto-matcha-and-coconut-cloud-fragrance-oil:0
[     528ms] [WARNING] OTS parsing error: Failed to convert WOFF 2.0 font to SFNT @ https://aromawax.eu/pt/products/kyoto-matcha-and-coconut-cloud-fragrance-oil:0
[     528ms] [WARNING] Failed to decode downloaded font: https://aromawax.eu/cdn/shop/t/29/assets/AvenirLTStd-Heavy.woff?v=49196535620247681531771850553 @ https://aromawax.eu/pt/products/kyoto-matcha-and-coconut-cloud-fragrance-oil:0
[     528ms] [WARNING] OTS parsing error: incorrect file size in WOFF header @ https://aromawax.eu/pt/products/kyoto-matcha-and-coconut-cloud-fragrance-oil:0
[     528ms] [WARNING] Failed to decode downloaded font: https://aromawax.eu/cdn/shop/t/29/assets/AvenirLTStd-Heavy.ttf?v=161065316383412791401771850553 @ https://aromawax.eu/pt/products/kyoto-matcha-and-coconut-cloud-fragrance-oil:0
[     528ms] [WARNING] OTS parsing error: BASE: misaligned table @ https://aromawax.eu/pt/products/kyoto-matcha-and-coconut-cloud-fragrance-oil:0
[     528ms] [WARNING] Failed to decode downloaded font: https://aromawax.eu/cdn/shop/t/29/assets/AvenirLTStd-Black.eot?v=61293692641208295061771850553 @ https://aromawax.eu/pt/products/kyoto-matcha-and-coconut-cloud-fragrance-oil:0
[     528ms] [WARNING] OTS parsing error: invalid sfntVersion: -272646794 @ https://aromawax.eu/pt/products/kyoto-matcha-and-coconut-cloud-fragrance-oil:0
[     534ms] [WARNING] Failed to decode downloaded font: https://aromawax.eu/cdn/shop/t/29/assets/AvenirLTStd-Roman.ttf?v=168653738910245139531771850553 @ https://aromawax.eu/pt/products/kyoto-matcha-and-coconut-cloud-fragrance-oil:0
[     534ms] [WARNING] OTS parsing error: FFTM: invalid table offset @ https://aromawax.eu/pt/products/kyoto-matcha-and-coconut-cloud-fragrance-oil:0
[     534ms] [WARNING] Failed to decode downloaded font: https://aromawax.eu/cdn/shop/t/29/assets/AvenirLTStd-Roman.ttf?v=168653738910245139531771850553 @ https://aromawax.eu/pt/products/kyoto-matcha-and-coconut-cloud-fragrance-oil:0
[     534ms] [WARNING] OTS parsing error: FFTM: invalid table offset @ https://aromawax.eu/pt/products/kyoto-matcha-and-coconut-cloud-fragrance-oil:0
[     534ms] [WARNING] Failed to decode downloaded font: https://aromawax.eu/cdn/shop/t/29/assets/AvenirLTStd-Roman.ttf?v=168653738910245139531771850553 @ https://aromawax.eu/pt/products/kyoto-matcha-and-coconut-cloud-fragrance-oil:0
[     534ms] [WARNING] OTS parsing error: FFTM: invalid table offset @ https://aromawax.eu/pt/products/kyoto-matcha-and-coconut-cloud-fragrance-oil:0
[     534ms] [WARNING] Failed to decode downloaded font: https://aromawax.eu/cdn/shop/t/29/assets/AvenirLTStd-Roman.ttf?v=168653738910245139531771850553 @ https://aromawax.eu/pt/products/kyoto-matcha-and-coconut-cloud-fragrance-oil:0
[     534ms] [WARNING] OTS parsing error: FFTM: invalid table offset @ https://aromawax.eu/pt/products/kyoto-matcha-and-coconut-cloud-fragrance-oil:0
[     534ms] [WARNING] Failed to decode downloaded font: https://aromawax.eu/cdn/shop/t/29/assets/AvenirLTStd-Roman.ttf?v=168653738910245139531771850553 @ https://aromawax.eu/pt/products/kyoto-matcha-and-coconut-cloud-fragrance-oil:0
[     534ms] [WARNING] OTS parsing error: FFTM: invalid table offset @ https://aromawax.eu/pt/products/kyoto-matcha-and-coconut-cloud-fragrance-oil:0
[     557ms] [WARNING] Failed to decode downloaded font: https://aromawax.eu/cdn/shop/t/29/assets/AvenirLTStd-Roman.woff2?v=151369584661543143081771850553 @ :2
[     557ms] [WARNING] OTS parsing error: Size of decompressed WOFF 2.0 is less than compressed size @ :2
[     557ms] [WARNING] Failed to decode downloaded font: https://aromawax.eu/cdn/shop/t/29/assets/AvenirLTStd-Roman.woff?v=77020652039345579431771850553 @ :2
[     557ms] [WARNING] OTS parsing error: incorrect file size in WOFF header @ :2
[     557ms] [WARNING] Failed to decode downloaded font: https://aromawax.eu/cdn/shop/t/29/assets/AvenirLTStd-Roman.ttf?v=168653738910245139531771850553 @ :2
[     557ms] [WARNING] OTS parsing error: FFTM: invalid table offset @ :2
[     557ms] [WARNING] Failed to decode downloaded font: https://aromawax.eu/cdn/shop/t/29/assets/AvenirLTStd-Heavy.woff2?v=100181975222566383851771850553 @ :2
[     557ms] [WARNING] OTS parsing error: Failed to convert WOFF 2.0 font to SFNT @ :2
[     557ms] [WARNING] Failed to decode downloaded font: https://aromawax.eu/cdn/shop/t/29/assets/AvenirLTStd-Heavy.woff?v=49196535620247681531771850553 @ :2
[     557ms] [WARNING] OTS parsing error: incorrect file size in WOFF header @ :2
[     557ms] [WARNING] Failed to decode downloaded font: https://aromawax.eu/cdn/shop/t/29/assets/AvenirLTStd-Heavy.ttf?v=161065316383412791401771850553 @ :2
[     557ms] [WARNING] OTS parsing error: BASE: misaligned table @ :2
[     557ms] [WARNING] Failed to decode downloaded font: https://aromawax.eu/cdn/shop/t/29/assets/AvenirLTStd-Black.eot?v=61293692641208295061771850553 @ :2
[     557ms] [WARNING] OTS parsing error: invalid sfntVersion: -272646794 @ :2
[     581ms] [WARNING] Failed to decode downloaded font: https://aromawax.eu/cdn/shop/t/29/assets/AvenirLTStd-Roman.woff2?v=151369584661543143081771850553 @ :2
[     582ms] [WARNING] OTS parsing error: Size of decompressed WOFF 2.0 is less than compressed size @ :2
[     582ms] [WARNING] Failed to decode downloaded font: https://aromawax.eu/cdn/shop/t/29/assets/AvenirLTStd-Roman.woff?v=77020652039345579431771850553 @ :2
[     582ms] [WARNING] OTS parsing error: incorrect file size in WOFF header @ :2
[     582ms] [WARNING] Failed to decode downloaded font: https://aromawax.eu/cdn/shop/t/29/assets/AvenirLTStd-Roman.ttf?v=168653738910245139531771850553 @ :2
[     582ms] [WARNING] OTS parsing error: FFTM: invalid table offset @ :2
[     582ms] [WARNING] Failed to decode downloaded font: https://aromawax.eu/cdn/shop/t/29/assets/AvenirLTStd-Heavy.woff2?v=100181975222566383851771850553 @ :2
[     582ms] [WARNING] OTS parsing error: Failed to convert WOFF 2.0 font to SFNT @ :2
[     582ms] [WARNING] Failed to decode downloaded font: https://aromawax.eu/cdn/shop/t/29/assets/AvenirLTStd-Heavy.woff?v=49196535620247681531771850553 @ :2
[     582ms] [WARNING] OTS parsing error: incorrect file size in WOFF header @ :2
[     582ms] [WARNING] Failed to decode downloaded font: https://aromawax.eu/cdn/shop/t/29/assets/AvenirLTStd-Heavy.ttf?v=161065316383412791401771850553 @ :2
[     582ms] [WARNING] OTS parsing error: BASE: misaligned table @ :2
[     582ms] [WARNING] Failed to decode downloaded font: https://aromawax.eu/cdn/shop/t/29/assets/AvenirLTStd-Black.eot?v=61293692641208295061771850553 @ :2
[     582ms] [WARNING] OTS parsing error: invalid sfntVersion: -272646794 @ :2
[     710ms] [LOG] existingToggle null @ https://cdn.shopify.com/extensions/019d67a4-5b06-743b-9c60-09feb0784e3c/final-price-72/assets/price-display.js:1202
[     710ms] [LOG] existingToggle null @ https://cdn.shopify.com/extensions/019d67a4-5b06-743b-9c60-09feb0784e3c/final-price-72/assets/price-display.js:1202
[    1167ms] [ERROR] Framing 'https://shop.app/' violates the following Content Security Policy directive: "frame-ancestors 'self' https://shop.app https://admin.shopify.com". The request has been blocked.
 @ :0
[    1165ms] [ERROR] Failed to load resource: the server responded with a status of 403 () @ chrome-error://chromewebdata/:0
[    2239ms] [WARNING] Failed to decode downloaded font: https://aromawax.eu/cdn/shop/t/29/assets/AvenirLTStd-Roman.woff2?v=151369584661543143081771850553 @ https://cdn.shopify.com/extensions/019d8a13-ee60-75d7-ae0f-514ac36f9789/localizing-254/assets/floating-selector.js:0
[    2240ms] [WARNING] OTS parsing error: Size of decompressed WOFF 2.0 is less than compressed size @ https://cdn.shopify.com/extensions/019d8a13-ee60-75d7-ae0f-514ac36f9789/localizing-254/assets/floating-selector.js:0
[    2240ms] [WARNING] Failed to decode downloaded font: https://aromawax.eu/cdn/shop/t/29/assets/AvenirLTStd-Roman.woff?v=77020652039345579431771850553 @ https://cdn.shopify.com/extensions/019d8a13-ee60-75d7-ae0f-514ac36f9789/localizing-254/assets/floating-selector.js:0
[    2240ms] [WARNING] OTS parsing error: incorrect file size in WOFF header @ https://cdn.shopify.com/extensions/019d8a13-ee60-75d7-ae0f-514ac36f9789/localizing-254/assets/floating-selector.js:0
[    2240ms] [WARNING] Failed to decode downloaded font: https://aromawax.eu/cdn/shop/t/29/assets/AvenirLTStd-Roman.ttf?v=168653738910245139531771850553 @ https://cdn.shopify.com/extensions/019d8a13-ee60-75d7-ae0f-514ac36f9789/localizing-254/assets/floating-selector.js:0
[    2240ms] [WARNING] OTS parsing error: FFTM: invalid table offset @ https://cdn.shopify.com/extensions/019d8a13-ee60-75d7-ae0f-514ac36f9789/localizing-254/assets/floating-selector.js:0
[    2240ms] [WARNING] Failed to decode downloaded font: https://aromawax.eu/cdn/shop/t/29/assets/AvenirLTStd-Heavy.woff2?v=100181975222566383851771850553 @ https://cdn.shopify.com/extensions/019d8a13-ee60-75d7-ae0f-514ac36f9789/localizing-254/assets/floating-selector.js:0
[    2240ms] [WARNING] OTS parsing error: Failed to convert WOFF 2.0 font to SFNT @ https://cdn.shopify.com/extensions/019d8a13-ee60-75d7-ae0f-514ac36f9789/localizing-254/assets/floating-selector.js:0
[    2240ms] [WARNING] Failed to decode downloaded font: https://aromawax.eu/cdn/shop/t/29/assets/AvenirLTStd-Heavy.woff?v=49196535620247681531771850553 @ https://cdn.shopify.com/extensions/019d8a13-ee60-75d7-ae0f-514ac36f9789/localizing-254/assets/floating-selector.js:0
[    2240ms] [WARNING] OTS parsing error: incorrect file size in WOFF header @ https://cdn.shopify.com/extensions/019d8a13-ee60-75d7-ae0f-514ac36f9789/localizing-254/assets/floating-selector.js:0
[    2240ms] [WARNING] Failed to decode downloaded font: https://aromawax.eu/cdn/shop/t/29/assets/AvenirLTStd-Heavy.ttf?v=161065316383412791401771850553 @ https://cdn.shopify.com/extensions/019d8a13-ee60-75d7-ae0f-514ac36f9789/localizing-254/assets/floating-selector.js:0
[    2240ms] [WARNING] OTS parsing error: BASE: misaligned table @ https://cdn.shopify.com/extensions/019d8a13-ee60-75d7-ae0f-514ac36f9789/localizing-254/assets/floating-selector.js:0
[    2240ms] [WARNING] Failed to decode downloaded font: https://aromawax.eu/cdn/shop/t/29/assets/AvenirLTStd-Black.eot?v=61293692641208295061771850553 @ https://cdn.shopify.com/extensions/019d8a13-ee60-75d7-ae0f-514ac36f9789/localizing-254/assets/floating-selector.js:0
[    2240ms] [WARNING] OTS parsing error: invalid sfntVersion: -272646794 @ https://cdn.shopify.com/extensions/019d8a13-ee60-75d7-ae0f-514ac36f9789/localizing-254/assets/floating-selector.js:0
[    4053ms] [LOG] Intercom whoami never became available @ :32
[    4172ms] [LOG] Intercom whoami never became available @ :32
