[    1325ms] [WARNING] Failed to decode downloaded font: https://aromawax.eu/cdn/shop/t/31/assets/AvenirLTStd-Black.eot?v=61293692641208295061776204033 @ https://aromawax.eu/pt/products/augeo-diffuser-base?alarm-flow=1:4904
[    1325ms] [WARNING] OTS parsing error: invalid sfntVersion: -272646794 @ https://aromawax.eu/pt/products/augeo-diffuser-base?alarm-flow=1:4904
[    1343ms] [WARNING] An import map rule for specifier '@app/main' was removed, as it conflicted with already resolved module specifiers. @ https://aromawax.eu/pt/products/augeo-diffuser-base?alarm-flow=1:0
[    1370ms] [WARNING] Failed to decode downloaded font: https://aromawax.eu/cdn/shop/t/31/assets/AvenirLTStd-Black.eot?v=61293692641208295061776204033 @ https://aromawax.eu/pt/products/augeo-diffuser-base?alarm-flow=1:6877
[    1370ms] [WARNING] OTS parsing error: invalid sfntVersion: -272646794 @ https://aromawax.eu/pt/products/augeo-diffuser-base?alarm-flow=1:6877
[    1396ms] [WARNING] Failed to decode downloaded font: https://aromawax.eu/cdn/shop/t/31/assets/AvenirLTStd-Heavy.woff2?v=100181975222566383851776204033 @ https://aromawax.eu/pt/products/augeo-diffuser-base?alarm-flow=1:0
[    1396ms] [WARNING] OTS parsing error: Failed to convert WOFF 2.0 font to SFNT @ https://aromawax.eu/pt/products/augeo-diffuser-base?alarm-flow=1:0
[    1396ms] [WARNING] Failed to decode downloaded font: https://aromawax.eu/cdn/shop/t/31/assets/AvenirLTStd-Heavy.woff2?v=100181975222566383851776204033 @ https://aromawax.eu/pt/products/augeo-diffuser-base?alarm-flow=1:0
[    1396ms] [WARNING] OTS parsing error: Failed to convert WOFF 2.0 font to SFNT @ https://aromawax.eu/pt/products/augeo-diffuser-base?alarm-flow=1:0
[    1405ms] [LOG] %cCustomer Accounts Deluxe font-size: 18px; font-weight: bold; color: #fff; background: linear-gradient(90deg, #007bff, #00c6ff); padding: 6px 12px; border-radius: 5px; text-align: center; @ webpack://customer-account-deluxe/./extensions/customer-page/assets/cad_base.js?:39
[    1406ms] [LOG] 
 🔵 Seamless Shopify Integration

 🔵 Enhance Customer Experience with Custom Features

 🔵 Loyalty, Rewards, Social Login, Wishlist, Returns & Exchanges, Store Credits and Much More


 Learn more at: https://apps.shopify.com/customer-account-deluxe

 @ webpack://customer-account-deluxe/./extensions/customer-page/assets/cad_base.js?:40
[    1408ms] [WARNING] Failed to decode downloaded font: https://aromawax.eu/cdn/shop/t/31/assets/AvenirLTStd-Roman.woff2?v=151369584661543143081776204033 @ https://aromawax.eu/pt/products/augeo-diffuser-base?alarm-flow=1:0
[    1408ms] [WARNING] OTS parsing error: Size of decompressed WOFF 2.0 is less than compressed size @ https://aromawax.eu/pt/products/augeo-diffuser-base?alarm-flow=1:0
[    1408ms] [WARNING] Failed to decode downloaded font: https://aromawax.eu/cdn/shop/t/31/assets/AvenirLTStd-Roman.woff2?v=151369584661543143081776204033 @ https://aromawax.eu/pt/products/augeo-diffuser-base?alarm-flow=1:0
[    1408ms] [WARNING] OTS parsing error: Size of decompressed WOFF 2.0 is less than compressed size @ https://aromawax.eu/pt/products/augeo-diffuser-base?alarm-flow=1:0
[    1411ms] [WARNING] [JM Loader] Data mismatch - Liquid hasRevamp: false JS sees: true {number_of_reviews: 9, average_rating: 5.00, review_translations: Object} @ https://cdn.shopify.com/extensions/019d8c1b-980b-774c-b13e-de3a1bd96ef8/judgeme-460/assets/loader.js:0
[    1809ms] [WARNING] Failed to decode downloaded font: https://aromawax.eu/cdn/shop/t/31/assets/AvenirLTStd-Heavy.woff?v=49196535620247681531776204033 @ https://aromawax.eu/pt/products/augeo-diffuser-base?alarm-flow=1:0
[    1809ms] [WARNING] OTS parsing error: incorrect file size in WOFF header @ https://aromawax.eu/pt/products/augeo-diffuser-base?alarm-flow=1:0
[    1809ms] [WARNING] Failed to decode downloaded font: https://aromawax.eu/cdn/shop/t/31/assets/AvenirLTStd-Heavy.woff?v=49196535620247681531776204033 @ https://aromawax.eu/pt/products/augeo-diffuser-base?alarm-flow=1:0
[    1809ms] [WARNING] OTS parsing error: incorrect file size in WOFF header @ https://aromawax.eu/pt/products/augeo-diffuser-base?alarm-flow=1:0
[    1809ms] [WARNING] Failed to decode downloaded font: https://aromawax.eu/cdn/shop/t/31/assets/AvenirLTStd-Roman.woff?v=77020652039345579431776204033 @ https://aromawax.eu/pt/products/augeo-diffuser-base?alarm-flow=1:0
[    1809ms] [WARNING] OTS parsing error: incorrect file size in WOFF header @ https://aromawax.eu/pt/products/augeo-diffuser-base?alarm-flow=1:0
[    1809ms] [WARNING] Failed to decode downloaded font: https://aromawax.eu/cdn/shop/t/31/assets/AvenirLTStd-Roman.woff?v=77020652039345579431776204033 @ https://aromawax.eu/pt/products/augeo-diffuser-base?alarm-flow=1:0
[    1809ms] [WARNING] OTS parsing error: incorrect file size in WOFF header @ https://aromawax.eu/pt/products/augeo-diffuser-base?alarm-flow=1:0
[    1837ms] [WARNING] Failed to decode downloaded font: https://aromawax.eu/cdn/shop/t/31/assets/AvenirLTStd-Roman.woff2?v=151369584661543143081776204033 @ https://aromawax.eu/pt/products/augeo-diffuser-base?alarm-flow=1:0
[    1837ms] [WARNING] OTS parsing error: Size of decompressed WOFF 2.0 is less than compressed size @ https://aromawax.eu/pt/products/augeo-diffuser-base?alarm-flow=1:0
[    1837ms] [WARNING] Failed to decode downloaded font: https://aromawax.eu/cdn/shop/t/31/assets/AvenirLTStd-Roman.woff?v=77020652039345579431776204033 @ https://aromawax.eu/pt/products/augeo-diffuser-base?alarm-flow=1:0
[    1837ms] [WARNING] OTS parsing error: incorrect file size in WOFF header @ https://aromawax.eu/pt/products/augeo-diffuser-base?alarm-flow=1:0
[    1837ms] [WARNING] Failed to decode downloaded font: https://aromawax.eu/cdn/shop/t/31/assets/AvenirLTStd-Heavy.woff2?v=100181975222566383851776204033 @ https://aromawax.eu/pt/products/augeo-diffuser-base?alarm-flow=1:0
[    1837ms] [WARNING] OTS parsing error: Failed to convert WOFF 2.0 font to SFNT @ https://aromawax.eu/pt/products/augeo-diffuser-base?alarm-flow=1:0
[    1837ms] [WARNING] Failed to decode downloaded font: https://aromawax.eu/cdn/shop/t/31/assets/AvenirLTStd-Heavy.woff?v=49196535620247681531776204033 @ https://aromawax.eu/pt/products/augeo-diffuser-base?alarm-flow=1:0
[    1837ms] [WARNING] OTS parsing error: incorrect file size in WOFF header @ https://aromawax.eu/pt/products/augeo-diffuser-base?alarm-flow=1:0
[    1837ms] [WARNING] Failed to decode downloaded font: https://aromawax.eu/cdn/shop/t/31/assets/AvenirLTStd-Black.eot?v=61293692641208295061776204033 @ https://aromawax.eu/pt/products/augeo-diffuser-base?alarm-flow=1:0
[    1837ms] [WARNING] OTS parsing error: invalid sfntVersion: -272646794 @ https://aromawax.eu/pt/products/augeo-diffuser-base?alarm-flow=1:0
[    1846ms] [WARNING] Failed to decode downloaded font: https://aromawax.eu/cdn/shop/t/31/assets/AvenirLTStd-Heavy.ttf?v=161065316383412791401776204033 @ https://aromawax.eu/pt/products/augeo-diffuser-base?alarm-flow=1:0
[    1846ms] [WARNING] OTS parsing error: BASE: misaligned table @ https://aromawax.eu/pt/products/augeo-diffuser-base?alarm-flow=1:0
[    1846ms] [WARNING] Failed to decode downloaded font: https://aromawax.eu/cdn/shop/t/31/assets/AvenirLTStd-Heavy.ttf?v=161065316383412791401776204033 @ https://aromawax.eu/pt/products/augeo-diffuser-base?alarm-flow=1:0
[    1846ms] [WARNING] OTS parsing error: BASE: misaligned table @ https://aromawax.eu/pt/products/augeo-diffuser-base?alarm-flow=1:0
[    1846ms] [WARNING] Failed to decode downloaded font: https://aromawax.eu/cdn/shop/t/31/assets/AvenirLTStd-Heavy.ttf?v=161065316383412791401776204033 @ https://aromawax.eu/pt/products/augeo-diffuser-base?alarm-flow=1:0
[    1846ms] [WARNING] OTS parsing error: BASE: misaligned table @ https://aromawax.eu/pt/products/augeo-diffuser-base?alarm-flow=1:0
[    1846ms] [WARNING] Failed to decode downloaded font: https://aromawax.eu/cdn/shop/t/31/assets/AvenirLTStd-Roman.ttf?v=168653738910245139531776204033 @ https://aromawax.eu/pt/products/augeo-diffuser-base?alarm-flow=1:0
[    1846ms] [WARNING] OTS parsing error: FFTM: invalid table offset @ https://aromawax.eu/pt/products/augeo-diffuser-base?alarm-flow=1:0
[    1846ms] [WARNING] Failed to decode downloaded font: https://aromawax.eu/cdn/shop/t/31/assets/AvenirLTStd-Roman.ttf?v=168653738910245139531776204033 @ https://aromawax.eu/pt/products/augeo-diffuser-base?alarm-flow=1:0
[    1846ms] [WARNING] OTS parsing error: FFTM: invalid table offset @ https://aromawax.eu/pt/products/augeo-diffuser-base?alarm-flow=1:0
[    1846ms] [WARNING] Failed to decode downloaded font: https://aromawax.eu/cdn/shop/t/31/assets/AvenirLTStd-Roman.ttf?v=168653738910245139531776204033 @ https://aromawax.eu/pt/products/augeo-diffuser-base?alarm-flow=1:0
[    1846ms] [WARNING] OTS parsing error: FFTM: invalid table offset @ https://aromawax.eu/pt/products/augeo-diffuser-base?alarm-flow=1:0
[    1911ms] [WARNING] Failed to decode downloaded font: https://aromawax.eu/cdn/shop/t/31/assets/AvenirLTStd-Roman.woff2?v=151369584661543143081776204033 @ https://aromawax.eu/pt/products/augeo-diffuser-base?alarm-flow=1:0
[    1911ms] [WARNING] OTS parsing error: Size of decompressed WOFF 2.0 is less than compressed size @ https://aromawax.eu/pt/products/augeo-diffuser-base?alarm-flow=1:0
[    1911ms] [WARNING] Failed to decode downloaded font: https://aromawax.eu/cdn/shop/t/31/assets/AvenirLTStd-Roman.woff?v=77020652039345579431776204033 @ https://aromawax.eu/pt/products/augeo-diffuser-base?alarm-flow=1:0
[    1911ms] [WARNING] OTS parsing error: incorrect file size in WOFF header @ https://aromawax.eu/pt/products/augeo-diffuser-base?alarm-flow=1:0
[    1911ms] [WARNING] Failed to decode downloaded font: https://aromawax.eu/cdn/shop/t/31/assets/AvenirLTStd-Roman.ttf?v=168653738910245139531776204033 @ https://aromawax.eu/pt/products/augeo-diffuser-base?alarm-flow=1:0
[    1911ms] [WARNING] OTS parsing error: FFTM: invalid table offset @ https://aromawax.eu/pt/products/augeo-diffuser-base?alarm-flow=1:0
[    1911ms] [WARNING] Failed to decode downloaded font: https://aromawax.eu/cdn/shop/t/31/assets/AvenirLTStd-Heavy.woff2?v=100181975222566383851776204033 @ https://aromawax.eu/pt/products/augeo-diffuser-base?alarm-flow=1:0
[    1911ms] [WARNING] OTS parsing error: Failed to convert WOFF 2.0 font to SFNT @ https://aromawax.eu/pt/products/augeo-diffuser-base?alarm-flow=1:0
[    1911ms] [WARNING] Failed to decode downloaded font: https://aromawax.eu/cdn/shop/t/31/assets/AvenirLTStd-Heavy.woff?v=49196535620247681531776204033 @ https://aromawax.eu/pt/products/augeo-diffuser-base?alarm-flow=1:0
[    1911ms] [WARNING] OTS parsing error: incorrect file size in WOFF header @ https://aromawax.eu/pt/products/augeo-diffuser-base?alarm-flow=1:0
[    1911ms] [WARNING] Failed to decode downloaded font: https://aromawax.eu/cdn/shop/t/31/assets/AvenirLTStd-Heavy.ttf?v=161065316383412791401776204033 @ https://aromawax.eu/pt/products/augeo-diffuser-base?alarm-flow=1:0
[    1911ms] [WARNING] OTS parsing error: BASE: misaligned table @ https://aromawax.eu/pt/products/augeo-diffuser-base?alarm-flow=1:0
[    1911ms] [WARNING] Failed to decode downloaded font: https://aromawax.eu/cdn/shop/t/31/assets/AvenirLTStd-Black.eot?v=61293692641208295061776204033 @ https://aromawax.eu/pt/products/augeo-diffuser-base?alarm-flow=1:0
[    1911ms] [WARNING] OTS parsing error: invalid sfntVersion: -272646794 @ https://aromawax.eu/pt/products/augeo-diffuser-base?alarm-flow=1:0
[    1923ms] [LOG] existingToggle null @ https://cdn.shopify.com/extensions/019d67a4-5b06-743b-9c60-09feb0784e3c/final-price-72/assets/price-display.js:1202
[    1923ms] [LOG] existingToggle null @ https://cdn.shopify.com/extensions/019d67a4-5b06-743b-9c60-09feb0784e3c/final-price-72/assets/price-display.js:1202
[    1936ms] [WARNING] Failed to decode downloaded font: https://aromawax.eu/cdn/shop/t/31/assets/AvenirLTStd-Roman.woff2?v=151369584661543143081776204033 @ https://aromawax.eu/pt/products/augeo-diffuser-base?alarm-flow=1:0
[    1936ms] [WARNING] OTS parsing error: Size of decompressed WOFF 2.0 is less than compressed size @ https://aromawax.eu/pt/products/augeo-diffuser-base?alarm-flow=1:0
[    1936ms] [WARNING] Failed to decode downloaded font: https://aromawax.eu/cdn/shop/t/31/assets/AvenirLTStd-Roman.woff?v=77020652039345579431776204033 @ https://aromawax.eu/pt/products/augeo-diffuser-base?alarm-flow=1:0
[    1936ms] [WARNING] OTS parsing error: incorrect file size in WOFF header @ https://aromawax.eu/pt/products/augeo-diffuser-base?alarm-flow=1:0
[    1936ms] [WARNING] Failed to decode downloaded font: https://aromawax.eu/cdn/shop/t/31/assets/AvenirLTStd-Roman.ttf?v=168653738910245139531776204033 @ https://aromawax.eu/pt/products/augeo-diffuser-base?alarm-flow=1:0
[    1936ms] [WARNING] OTS parsing error: FFTM: invalid table offset @ https://aromawax.eu/pt/products/augeo-diffuser-base?alarm-flow=1:0
[    1936ms] [WARNING] Failed to decode downloaded font: https://aromawax.eu/cdn/shop/t/31/assets/AvenirLTStd-Heavy.woff2?v=100181975222566383851776204033 @ https://aromawax.eu/pt/products/augeo-diffuser-base?alarm-flow=1:0
[    1936ms] [WARNING] OTS parsing error: Failed to convert WOFF 2.0 font to SFNT @ https://aromawax.eu/pt/products/augeo-diffuser-base?alarm-flow=1:0
[    1936ms] [WARNING] Failed to decode downloaded font: https://aromawax.eu/cdn/shop/t/31/assets/AvenirLTStd-Heavy.woff?v=49196535620247681531776204033 @ https://aromawax.eu/pt/products/augeo-diffuser-base?alarm-flow=1:0
[    1936ms] [WARNING] OTS parsing error: incorrect file size in WOFF header @ https://aromawax.eu/pt/products/augeo-diffuser-base?alarm-flow=1:0
[    1936ms] [WARNING] Failed to decode downloaded font: https://aromawax.eu/cdn/shop/t/31/assets/AvenirLTStd-Heavy.ttf?v=161065316383412791401776204033 @ https://aromawax.eu/pt/products/augeo-diffuser-base?alarm-flow=1:0
[    1936ms] [WARNING] OTS parsing error: BASE: misaligned table @ https://aromawax.eu/pt/products/augeo-diffuser-base?alarm-flow=1:0
[    1936ms] [WARNING] Failed to decode downloaded font: https://aromawax.eu/cdn/shop/t/31/assets/AvenirLTStd-Black.eot?v=61293692641208295061776204033 @ https://aromawax.eu/pt/products/augeo-diffuser-base?alarm-flow=1:0
[    1936ms] [WARNING] OTS parsing error: invalid sfntVersion: -272646794 @ https://aromawax.eu/pt/products/augeo-diffuser-base?alarm-flow=1:0
[    1972ms] [WARNING] Failed to decode downloaded font: https://aromawax.eu/cdn/shop/t/31/assets/AvenirLTStd-Roman.woff2?v=151369584661543143081776204033 @ :2
[    1972ms] [WARNING] OTS parsing error: Size of decompressed WOFF 2.0 is less than compressed size @ :2
[    1972ms] [WARNING] Failed to decode downloaded font: https://aromawax.eu/cdn/shop/t/31/assets/AvenirLTStd-Roman.woff?v=77020652039345579431776204033 @ :2
[    1972ms] [WARNING] OTS parsing error: incorrect file size in WOFF header @ :2
[    1972ms] [WARNING] Failed to decode downloaded font: https://aromawax.eu/cdn/shop/t/31/assets/AvenirLTStd-Roman.ttf?v=168653738910245139531776204033 @ :2
[    1972ms] [WARNING] OTS parsing error: FFTM: invalid table offset @ :2
[    1972ms] [WARNING] Failed to decode downloaded font: https://aromawax.eu/cdn/shop/t/31/assets/AvenirLTStd-Heavy.woff2?v=100181975222566383851776204033 @ :2
[    1972ms] [WARNING] OTS parsing error: Failed to convert WOFF 2.0 font to SFNT @ :2
[    1972ms] [WARNING] Failed to decode downloaded font: https://aromawax.eu/cdn/shop/t/31/assets/AvenirLTStd-Heavy.woff?v=49196535620247681531776204033 @ :2
[    1972ms] [WARNING] OTS parsing error: incorrect file size in WOFF header @ :2
[    1972ms] [WARNING] Failed to decode downloaded font: https://aromawax.eu/cdn/shop/t/31/assets/AvenirLTStd-Heavy.ttf?v=161065316383412791401776204033 @ :2
[    1972ms] [WARNING] OTS parsing error: BASE: misaligned table @ :2
[    1972ms] [WARNING] Failed to decode downloaded font: https://aromawax.eu/cdn/shop/t/31/assets/AvenirLTStd-Black.eot?v=61293692641208295061776204033 @ :2
[    1972ms] [WARNING] OTS parsing error: invalid sfntVersion: -272646794 @ :2
[    2153ms] [WARNING] Failed to decode downloaded font: https://aromawax.eu/cdn/shop/t/31/assets/AvenirLTStd-Roman.woff2?v=151369584661543143081776204033 @ https://aromawax.eu/cdn/shop/t/31/assets/theme.js?v=100010031149322404351776204560:13
[    2153ms] [WARNING] OTS parsing error: Size of decompressed WOFF 2.0 is less than compressed size @ https://aromawax.eu/cdn/shop/t/31/assets/theme.js?v=100010031149322404351776204560:13
[    2153ms] [WARNING] Failed to decode downloaded font: https://aromawax.eu/cdn/shop/t/31/assets/AvenirLTStd-Roman.woff?v=77020652039345579431776204033 @ https://aromawax.eu/cdn/shop/t/31/assets/theme.js?v=100010031149322404351776204560:13
[    2153ms] [WARNING] OTS parsing error: incorrect file size in WOFF header @ https://aromawax.eu/cdn/shop/t/31/assets/theme.js?v=100010031149322404351776204560:13
[    2153ms] [WARNING] Failed to decode downloaded font: https://aromawax.eu/cdn/shop/t/31/assets/AvenirLTStd-Roman.ttf?v=168653738910245139531776204033 @ https://aromawax.eu/cdn/shop/t/31/assets/theme.js?v=100010031149322404351776204560:13
[    2153ms] [WARNING] OTS parsing error: FFTM: invalid table offset @ https://aromawax.eu/cdn/shop/t/31/assets/theme.js?v=100010031149322404351776204560:13
[    2153ms] [WARNING] Failed to decode downloaded font: https://aromawax.eu/cdn/shop/t/31/assets/AvenirLTStd-Heavy.woff2?v=100181975222566383851776204033 @ https://aromawax.eu/cdn/shop/t/31/assets/theme.js?v=100010031149322404351776204560:13
[    2153ms] [WARNING] OTS parsing error: Failed to convert WOFF 2.0 font to SFNT @ https://aromawax.eu/cdn/shop/t/31/assets/theme.js?v=100010031149322404351776204560:13
[    2153ms] [WARNING] Failed to decode downloaded font: https://aromawax.eu/cdn/shop/t/31/assets/AvenirLTStd-Heavy.woff?v=49196535620247681531776204033 @ https://aromawax.eu/cdn/shop/t/31/assets/theme.js?v=100010031149322404351776204560:13
[    2153ms] [WARNING] OTS parsing error: incorrect file size in WOFF header @ https://aromawax.eu/cdn/shop/t/31/assets/theme.js?v=100010031149322404351776204560:13
[    2153ms] [WARNING] Failed to decode downloaded font: https://aromawax.eu/cdn/shop/t/31/assets/AvenirLTStd-Heavy.ttf?v=161065316383412791401776204033 @ https://aromawax.eu/cdn/shop/t/31/assets/theme.js?v=100010031149322404351776204560:13
[    2153ms] [WARNING] OTS parsing error: BASE: misaligned table @ https://aromawax.eu/cdn/shop/t/31/assets/theme.js?v=100010031149322404351776204560:13
[    2153ms] [WARNING] Failed to decode downloaded font: https://aromawax.eu/cdn/shop/t/31/assets/AvenirLTStd-Black.eot?v=61293692641208295061776204033 @ https://aromawax.eu/cdn/shop/t/31/assets/theme.js?v=100010031149322404351776204560:13
[    2153ms] [WARNING] OTS parsing error: invalid sfntVersion: -272646794 @ https://aromawax.eu/cdn/shop/t/31/assets/theme.js?v=100010031149322404351776204560:13
[    2424ms] [ERROR] Framing 'https://shop.app/' violates the following Content Security Policy directive: "frame-ancestors 'self' https://shop.app https://admin.shopify.com". The request has been blocked.
 @ :0
[    2419ms] [ERROR] Failed to load resource: the server responded with a status of 403 () @ chrome-error://chromewebdata/:0
[    4554ms] [WARNING] Failed to decode downloaded font: https://aromawax.eu/cdn/shop/t/31/assets/AvenirLTStd-Roman.woff2?v=151369584661543143081776204033 @ https://cdn.shopify.com/extensions/019d8a13-ee60-75d7-ae0f-514ac36f9789/localizing-254/assets/floating-selector.js:0
[    4554ms] [WARNING] OTS parsing error: Size of decompressed WOFF 2.0 is less than compressed size @ https://cdn.shopify.com/extensions/019d8a13-ee60-75d7-ae0f-514ac36f9789/localizing-254/assets/floating-selector.js:0
[    4554ms] [WARNING] Failed to decode downloaded font: https://aromawax.eu/cdn/shop/t/31/assets/AvenirLTStd-Roman.woff?v=77020652039345579431776204033 @ https://cdn.shopify.com/extensions/019d8a13-ee60-75d7-ae0f-514ac36f9789/localizing-254/assets/floating-selector.js:0
[    4554ms] [WARNING] OTS parsing error: incorrect file size in WOFF header @ https://cdn.shopify.com/extensions/019d8a13-ee60-75d7-ae0f-514ac36f9789/localizing-254/assets/floating-selector.js:0
[    4554ms] [WARNING] Failed to decode downloaded font: https://aromawax.eu/cdn/shop/t/31/assets/AvenirLTStd-Roman.ttf?v=168653738910245139531776204033 @ https://cdn.shopify.com/extensions/019d8a13-ee60-75d7-ae0f-514ac36f9789/localizing-254/assets/floating-selector.js:0
[    4554ms] [WARNING] OTS parsing error: FFTM: invalid table offset @ https://cdn.shopify.com/extensions/019d8a13-ee60-75d7-ae0f-514ac36f9789/localizing-254/assets/floating-selector.js:0
[    4554ms] [WARNING] Failed to decode downloaded font: https://aromawax.eu/cdn/shop/t/31/assets/AvenirLTStd-Heavy.woff2?v=100181975222566383851776204033 @ https://cdn.shopify.com/extensions/019d8a13-ee60-75d7-ae0f-514ac36f9789/localizing-254/assets/floating-selector.js:0
[    4554ms] [WARNING] OTS parsing error: Failed to convert WOFF 2.0 font to SFNT @ https://cdn.shopify.com/extensions/019d8a13-ee60-75d7-ae0f-514ac36f9789/localizing-254/assets/floating-selector.js:0
[    4554ms] [WARNING] Failed to decode downloaded font: https://aromawax.eu/cdn/shop/t/31/assets/AvenirLTStd-Heavy.woff?v=49196535620247681531776204033 @ https://cdn.shopify.com/extensions/019d8a13-ee60-75d7-ae0f-514ac36f9789/localizing-254/assets/floating-selector.js:0
[    4554ms] [WARNING] OTS parsing error: incorrect file size in WOFF header @ https://cdn.shopify.com/extensions/019d8a13-ee60-75d7-ae0f-514ac36f9789/localizing-254/assets/floating-selector.js:0
[    4554ms] [WARNING] Failed to decode downloaded font: https://aromawax.eu/cdn/shop/t/31/assets/AvenirLTStd-Heavy.ttf?v=161065316383412791401776204033 @ https://cdn.shopify.com/extensions/019d8a13-ee60-75d7-ae0f-514ac36f9789/localizing-254/assets/floating-selector.js:0
[    4554ms] [WARNING] OTS parsing error: BASE: misaligned table @ https://cdn.shopify.com/extensions/019d8a13-ee60-75d7-ae0f-514ac36f9789/localizing-254/assets/floating-selector.js:0
[    4554ms] [WARNING] Failed to decode downloaded font: https://aromawax.eu/cdn/shop/t/31/assets/AvenirLTStd-Black.eot?v=61293692641208295061776204033 @ https://cdn.shopify.com/extensions/019d8a13-ee60-75d7-ae0f-514ac36f9789/localizing-254/assets/floating-selector.js:0
[    4554ms] [WARNING] OTS parsing error: invalid sfntVersion: -272646794 @ https://cdn.shopify.com/extensions/019d8a13-ee60-75d7-ae0f-514ac36f9789/localizing-254/assets/floating-selector.js:0
[    5888ms] [LOG] Intercom whoami never became available @ :32
[    7061ms] [LOG] Intercom whoami never became available @ :32
[   10175ms] [WARNING] The resource https://aromawax.eu/cdn/fonts/figtree/figtree_n4.3c0838aba1701047e60be6a99a1b0a40ce9b8419.woff2 was preloaded using link preload but not used within a few seconds from the window's load event. Please make sure it has an appropriate `as` value and it is preloaded intentionally. @ https://aromawax.eu/pt/products/augeo-diffuser-base?alarm-flow=1:0
[   15176ms] [WARNING] The resource https://aromawax.eu/cdn/fonts/figtree/figtree_n4.3c0838aba1701047e60be6a99a1b0a40ce9b8419.woff2 was preloaded using link preload but not used within a few seconds from the window's load event. Please make sure it has an appropriate `as` value and it is preloaded intentionally. @ https://aromawax.eu/pt/products/augeo-diffuser-base?alarm-flow=1:0
[   20150ms] [WARNING] The resource https://aromawax.eu/cdn/fonts/figtree/figtree_n4.3c0838aba1701047e60be6a99a1b0a40ce9b8419.woff2 was preloaded using link preload but not used within a few seconds from the window's load event. Please make sure it has an appropriate `as` value and it is preloaded intentionally. @ https://aromawax.eu/pt/products/augeo-diffuser-base?alarm-flow=1:0
[   25228ms] [WARNING] The resource https://aromawax.eu/cdn/fonts/figtree/figtree_n4.3c0838aba1701047e60be6a99a1b0a40ce9b8419.woff2 was preloaded using link preload but not used within a few seconds from the window's load event. Please make sure it has an appropriate `as` value and it is preloaded intentionally. @ https://aromawax.eu/pt/products/augeo-diffuser-base?alarm-flow=1:0
[   30137ms] [WARNING] The resource https://aromawax.eu/cdn/fonts/figtree/figtree_n4.3c0838aba1701047e60be6a99a1b0a40ce9b8419.woff2 was preloaded using link preload but not used within a few seconds from the window's load event. Please make sure it has an appropriate `as` value and it is preloaded intentionally. @ https://aromawax.eu/pt/products/augeo-diffuser-base?alarm-flow=1:0
[   35184ms] [WARNING] The resource https://aromawax.eu/cdn/fonts/figtree/figtree_n4.3c0838aba1701047e60be6a99a1b0a40ce9b8419.woff2 was preloaded using link preload but not used within a few seconds from the window's load event. Please make sure it has an appropriate `as` value and it is preloaded intentionally. @ https://aromawax.eu/pt/products/augeo-diffuser-base?alarm-flow=1:0
[   40240ms] [WARNING] The resource https://aromawax.eu/cdn/fonts/figtree/figtree_n4.3c0838aba1701047e60be6a99a1b0a40ce9b8419.woff2 was preloaded using link preload but not used within a few seconds from the window's load event. Please make sure it has an appropriate `as` value and it is preloaded intentionally. @ https://aromawax.eu/pt/products/augeo-diffuser-base?alarm-flow=1:0
[   45136ms] [WARNING] The resource https://aromawax.eu/cdn/fonts/figtree/figtree_n4.3c0838aba1701047e60be6a99a1b0a40ce9b8419.woff2 was preloaded using link preload but not used within a few seconds from the window's load event. Please make sure it has an appropriate `as` value and it is preloaded intentionally. @ https://aromawax.eu/pt/products/augeo-diffuser-base?alarm-flow=1:0
[   50202ms] [WARNING] The resource https://aromawax.eu/cdn/fonts/figtree/figtree_n4.3c0838aba1701047e60be6a99a1b0a40ce9b8419.woff2 was preloaded using link preload but not used within a few seconds from the window's load event. Please make sure it has an appropriate `as` value and it is preloaded intentionally. @ https://aromawax.eu/pt/products/augeo-diffuser-base?alarm-flow=1:0
[   55174ms] [WARNING] The resource https://aromawax.eu/cdn/fonts/figtree/figtree_n4.3c0838aba1701047e60be6a99a1b0a40ce9b8419.woff2 was preloaded using link preload but not used within a few seconds from the window's load event. Please make sure it has an appropriate `as` value and it is preloaded intentionally. @ https://aromawax.eu/pt/products/augeo-diffuser-base?alarm-flow=1:0
