[    1847ms] [WARNING] An import map rule for specifier '@app/main' was removed, as it conflicted with an existing rule. @ https://aromawax.eu/pt/products/augeo-diffuser-base?linkcheck=2:0
[    1925ms] [WARNING] Failed to decode downloaded font: https://aromawax.eu/cdn/shop/t/32/assets/AvenirLTStd-Black.eot?v=61293692641208295061776246661 @ https://aromawax.eu/pt/products/augeo-diffuser-base?linkcheck=2:0
[    1925ms] [WARNING] OTS parsing error: invalid sfntVersion: -272646794 @ https://aromawax.eu/pt/products/augeo-diffuser-base?linkcheck=2:0
[    1925ms] [WARNING] Failed to decode downloaded font: https://aromawax.eu/cdn/shop/t/32/assets/AvenirLTStd-Black.eot?v=61293692641208295061776246661 @ https://aromawax.eu/pt/products/augeo-diffuser-base?linkcheck=2:0
[    1925ms] [WARNING] OTS parsing error: invalid sfntVersion: -272646794 @ https://aromawax.eu/pt/products/augeo-diffuser-base?linkcheck=2:0
[    1941ms] [LOG] %cCustomer Accounts Deluxe font-size: 18px; font-weight: bold; color: #fff; background: linear-gradient(90deg, #007bff, #00c6ff); padding: 6px 12px; border-radius: 5px; text-align: center; @ webpack://customer-account-deluxe/./extensions/customer-page/assets/cad_base.js?:39
[    1941ms] [LOG] 
 🔵 Seamless Shopify Integration

 🔵 Enhance Customer Experience with Custom Features

 🔵 Loyalty, Rewards, Social Login, Wishlist, Returns & Exchanges, Store Credits and Much More


 Learn more at: https://apps.shopify.com/customer-account-deluxe

 @ webpack://customer-account-deluxe/./extensions/customer-page/assets/cad_base.js?:40
[    1945ms] [WARNING] [JM Loader] Data mismatch - Liquid hasRevamp: false JS sees: true {number_of_reviews: 9, average_rating: 5.00, review_translations: Object} @ https://cdn.shopify.com/extensions/019d8c1b-980b-774c-b13e-de3a1bd96ef8/judgeme-460/assets/loader.js:0
[    1984ms] [WARNING] Failed to decode downloaded font: https://aromawax.eu/cdn/shop/t/32/assets/AvenirLTStd-Black.eot?v=61293692641208295061776246661 @ https://aromawax.eu/pt/products/augeo-diffuser-base?linkcheck=2:0
[    1984ms] [WARNING] OTS parsing error: invalid sfntVersion: -272646794 @ https://aromawax.eu/pt/products/augeo-diffuser-base?linkcheck=2:0
[    2026ms] [WARNING] Failed to decode downloaded font: https://aromawax.eu/cdn/shop/t/32/assets/AvenirLTStd-Black.eot?v=61293692641208295061776246661 @ https://aromawax.eu/pt/products/augeo-diffuser-base?linkcheck=2:0
[    2026ms] [WARNING] OTS parsing error: invalid sfntVersion: -272646794 @ https://aromawax.eu/pt/products/augeo-diffuser-base?linkcheck=2:0
[    2049ms] [WARNING] Failed to decode downloaded font: https://aromawax.eu/cdn/shop/t/32/assets/AvenirLTStd-Roman.woff2?v=151369584661543143081776246661 @ https://aromawax.eu/pt/products/augeo-diffuser-base?linkcheck=2:0
[    2049ms] [WARNING] OTS parsing error: Size of decompressed WOFF 2.0 is less than compressed size @ https://aromawax.eu/pt/products/augeo-diffuser-base?linkcheck=2:0
[    2049ms] [WARNING] Failed to decode downloaded font: https://aromawax.eu/cdn/shop/t/32/assets/AvenirLTStd-Roman.woff2?v=151369584661543143081776246661 @ https://aromawax.eu/pt/products/augeo-diffuser-base?linkcheck=2:0
[    2049ms] [WARNING] OTS parsing error: Size of decompressed WOFF 2.0 is less than compressed size @ https://aromawax.eu/pt/products/augeo-diffuser-base?linkcheck=2:0
[    2049ms] [WARNING] Failed to decode downloaded font: https://aromawax.eu/cdn/shop/t/32/assets/AvenirLTStd-Roman.woff2?v=151369584661543143081776246661 @ https://aromawax.eu/pt/products/augeo-diffuser-base?linkcheck=2:0
[    2049ms] [WARNING] OTS parsing error: Size of decompressed WOFF 2.0 is less than compressed size @ https://aromawax.eu/pt/products/augeo-diffuser-base?linkcheck=2:0
[    2049ms] [WARNING] Failed to decode downloaded font: https://aromawax.eu/cdn/shop/t/32/assets/AvenirLTStd-Roman.woff2?v=151369584661543143081776246661 @ https://aromawax.eu/pt/products/augeo-diffuser-base?linkcheck=2:0
[    2049ms] [WARNING] OTS parsing error: Size of decompressed WOFF 2.0 is less than compressed size @ https://aromawax.eu/pt/products/augeo-diffuser-base?linkcheck=2:0
[    2112ms] [WARNING] Failed to decode downloaded font: https://aromawax.eu/cdn/shop/t/32/assets/AvenirLTStd-Roman.woff2?v=151369584661543143081776246661 @ https://aromawax.eu/pt/products/augeo-diffuser-base?linkcheck=2:0
[    2113ms] [WARNING] OTS parsing error: Size of decompressed WOFF 2.0 is less than compressed size @ https://aromawax.eu/pt/products/augeo-diffuser-base?linkcheck=2:0
[    2113ms] [WARNING] Failed to decode downloaded font: https://aromawax.eu/cdn/shop/t/32/assets/AvenirLTStd-Black.eot?v=61293692641208295061776246661 @ https://aromawax.eu/pt/products/augeo-diffuser-base?linkcheck=2:0
[    2113ms] [WARNING] OTS parsing error: invalid sfntVersion: -272646794 @ https://aromawax.eu/pt/products/augeo-diffuser-base?linkcheck=2:0
[    2123ms] [WARNING] Failed to decode downloaded font: https://aromawax.eu/cdn/shop/t/32/assets/AvenirLTStd-Heavy.woff2?v=100181975222566383851776246661 @ https://aromawax.eu/pt/products/augeo-diffuser-base?linkcheck=2:0
[    2123ms] [WARNING] OTS parsing error: Failed to convert WOFF 2.0 font to SFNT @ https://aromawax.eu/pt/products/augeo-diffuser-base?linkcheck=2:0
[    2123ms] [WARNING] Failed to decode downloaded font: https://aromawax.eu/cdn/shop/t/32/assets/AvenirLTStd-Heavy.woff2?v=100181975222566383851776246661 @ https://aromawax.eu/pt/products/augeo-diffuser-base?linkcheck=2:0
[    2123ms] [WARNING] OTS parsing error: Failed to convert WOFF 2.0 font to SFNT @ https://aromawax.eu/pt/products/augeo-diffuser-base?linkcheck=2:0
[    2123ms] [WARNING] Failed to decode downloaded font: https://aromawax.eu/cdn/shop/t/32/assets/AvenirLTStd-Heavy.woff2?v=100181975222566383851776246661 @ https://aromawax.eu/pt/products/augeo-diffuser-base?linkcheck=2:0
[    2123ms] [WARNING] OTS parsing error: Failed to convert WOFF 2.0 font to SFNT @ https://aromawax.eu/pt/products/augeo-diffuser-base?linkcheck=2:0
[    2123ms] [WARNING] Failed to decode downloaded font: https://aromawax.eu/cdn/shop/t/32/assets/AvenirLTStd-Heavy.woff2?v=100181975222566383851776246661 @ https://aromawax.eu/pt/products/augeo-diffuser-base?linkcheck=2:0
[    2123ms] [WARNING] OTS parsing error: Failed to convert WOFF 2.0 font to SFNT @ https://aromawax.eu/pt/products/augeo-diffuser-base?linkcheck=2:0
[    2123ms] [WARNING] Failed to decode downloaded font: https://aromawax.eu/cdn/shop/t/32/assets/AvenirLTStd-Heavy.woff2?v=100181975222566383851776246661 @ https://aromawax.eu/pt/products/augeo-diffuser-base?linkcheck=2:0
[    2123ms] [WARNING] OTS parsing error: Failed to convert WOFF 2.0 font to SFNT @ https://aromawax.eu/pt/products/augeo-diffuser-base?linkcheck=2:0
[    2156ms] [WARNING] Failed to decode downloaded font: https://aromawax.eu/cdn/shop/t/32/assets/AvenirLTStd-Roman.woff2?v=151369584661543143081776246661 @ :2
[    2156ms] [WARNING] OTS parsing error: Size of decompressed WOFF 2.0 is less than compressed size @ :2
[    2156ms] [WARNING] Failed to decode downloaded font: https://aromawax.eu/cdn/shop/t/32/assets/AvenirLTStd-Heavy.woff2?v=100181975222566383851776246661 @ :2
[    2156ms] [WARNING] OTS parsing error: Failed to convert WOFF 2.0 font to SFNT @ :2
[    2156ms] [WARNING] Failed to decode downloaded font: https://aromawax.eu/cdn/shop/t/32/assets/AvenirLTStd-Black.eot?v=61293692641208295061776246661 @ :2
[    2156ms] [WARNING] OTS parsing error: invalid sfntVersion: -272646794 @ :2
[    2164ms] [WARNING] Failed to decode downloaded font: https://aromawax.eu/cdn/shop/t/32/assets/AvenirLTStd-Roman.woff?v=77020652039345579431776246661 @ https://aromawax.eu/pt/products/augeo-diffuser-base?linkcheck=2:0
[    2164ms] [WARNING] OTS parsing error: incorrect file size in WOFF header @ https://aromawax.eu/pt/products/augeo-diffuser-base?linkcheck=2:0
[    2164ms] [WARNING] Failed to decode downloaded font: https://aromawax.eu/cdn/shop/t/32/assets/AvenirLTStd-Roman.woff?v=77020652039345579431776246661 @ https://aromawax.eu/pt/products/augeo-diffuser-base?linkcheck=2:0
[    2164ms] [WARNING] OTS parsing error: incorrect file size in WOFF header @ https://aromawax.eu/pt/products/augeo-diffuser-base?linkcheck=2:0
[    2164ms] [WARNING] Failed to decode downloaded font: https://aromawax.eu/cdn/shop/t/32/assets/AvenirLTStd-Roman.woff?v=77020652039345579431776246661 @ https://aromawax.eu/pt/products/augeo-diffuser-base?linkcheck=2:0
[    2164ms] [WARNING] OTS parsing error: incorrect file size in WOFF header @ https://aromawax.eu/pt/products/augeo-diffuser-base?linkcheck=2:0
[    2164ms] [WARNING] Failed to decode downloaded font: https://aromawax.eu/cdn/shop/t/32/assets/AvenirLTStd-Roman.woff?v=77020652039345579431776246661 @ https://aromawax.eu/pt/products/augeo-diffuser-base?linkcheck=2:0
[    2164ms] [WARNING] OTS parsing error: incorrect file size in WOFF header @ https://aromawax.eu/pt/products/augeo-diffuser-base?linkcheck=2:0
[    2164ms] [WARNING] Failed to decode downloaded font: https://aromawax.eu/cdn/shop/t/32/assets/AvenirLTStd-Roman.woff?v=77020652039345579431776246661 @ https://aromawax.eu/pt/products/augeo-diffuser-base?linkcheck=2:0
[    2164ms] [WARNING] OTS parsing error: incorrect file size in WOFF header @ https://aromawax.eu/pt/products/augeo-diffuser-base?linkcheck=2:0
[    2164ms] [WARNING] Failed to decode downloaded font: https://aromawax.eu/cdn/shop/t/32/assets/AvenirLTStd-Roman.woff?v=77020652039345579431776246661 @ https://aromawax.eu/pt/products/augeo-diffuser-base?linkcheck=2:0
[    2164ms] [WARNING] OTS parsing error: incorrect file size in WOFF header @ https://aromawax.eu/pt/products/augeo-diffuser-base?linkcheck=2:0
[    2180ms] [WARNING] Failed to decode downloaded font: https://aromawax.eu/cdn/shop/t/32/assets/AvenirLTStd-Heavy.woff?v=49196535620247681531776246661 @ https://aromawax.eu/pt/products/augeo-diffuser-base?linkcheck=2:0
[    2180ms] [WARNING] OTS parsing error: incorrect file size in WOFF header @ https://aromawax.eu/pt/products/augeo-diffuser-base?linkcheck=2:0
[    2180ms] [WARNING] Failed to decode downloaded font: https://aromawax.eu/cdn/shop/t/32/assets/AvenirLTStd-Heavy.woff?v=49196535620247681531776246661 @ https://aromawax.eu/pt/products/augeo-diffuser-base?linkcheck=2:0
[    2180ms] [WARNING] OTS parsing error: incorrect file size in WOFF header @ https://aromawax.eu/pt/products/augeo-diffuser-base?linkcheck=2:0
[    2180ms] [WARNING] Failed to decode downloaded font: https://aromawax.eu/cdn/shop/t/32/assets/AvenirLTStd-Heavy.woff?v=49196535620247681531776246661 @ https://aromawax.eu/pt/products/augeo-diffuser-base?linkcheck=2:0
[    2180ms] [WARNING] OTS parsing error: incorrect file size in WOFF header @ https://aromawax.eu/pt/products/augeo-diffuser-base?linkcheck=2:0
[    2180ms] [WARNING] Failed to decode downloaded font: https://aromawax.eu/cdn/shop/t/32/assets/AvenirLTStd-Heavy.woff?v=49196535620247681531776246661 @ https://aromawax.eu/pt/products/augeo-diffuser-base?linkcheck=2:0
[    2180ms] [WARNING] OTS parsing error: incorrect file size in WOFF header @ https://aromawax.eu/pt/products/augeo-diffuser-base?linkcheck=2:0
[    2180ms] [WARNING] Failed to decode downloaded font: https://aromawax.eu/cdn/shop/t/32/assets/AvenirLTStd-Heavy.woff?v=49196535620247681531776246661 @ https://aromawax.eu/pt/products/augeo-diffuser-base?linkcheck=2:0
[    2180ms] [WARNING] OTS parsing error: incorrect file size in WOFF header @ https://aromawax.eu/pt/products/augeo-diffuser-base?linkcheck=2:0
[    2180ms] [WARNING] Failed to decode downloaded font: https://aromawax.eu/cdn/shop/t/32/assets/AvenirLTStd-Heavy.woff?v=49196535620247681531776246661 @ https://aromawax.eu/pt/products/augeo-diffuser-base?linkcheck=2:0
[    2180ms] [WARNING] OTS parsing error: incorrect file size in WOFF header @ https://aromawax.eu/pt/products/augeo-diffuser-base?linkcheck=2:0
[    2211ms] [WARNING] Failed to decode downloaded font: https://aromawax.eu/cdn/shop/t/32/assets/AvenirLTStd-Roman.ttf?v=168653738910245139531776246661 @ https://aromawax.eu/pt/products/augeo-diffuser-base?linkcheck=2:0
[    2211ms] [WARNING] OTS parsing error: FFTM: invalid table offset @ https://aromawax.eu/pt/products/augeo-diffuser-base?linkcheck=2:0
[    2211ms] [WARNING] Failed to decode downloaded font: https://aromawax.eu/cdn/shop/t/32/assets/AvenirLTStd-Roman.ttf?v=168653738910245139531776246661 @ https://aromawax.eu/pt/products/augeo-diffuser-base?linkcheck=2:0
[    2211ms] [WARNING] OTS parsing error: FFTM: invalid table offset @ https://aromawax.eu/pt/products/augeo-diffuser-base?linkcheck=2:0
[    2211ms] [WARNING] Failed to decode downloaded font: https://aromawax.eu/cdn/shop/t/32/assets/AvenirLTStd-Roman.ttf?v=168653738910245139531776246661 @ https://aromawax.eu/pt/products/augeo-diffuser-base?linkcheck=2:0
[    2211ms] [WARNING] OTS parsing error: FFTM: invalid table offset @ https://aromawax.eu/pt/products/augeo-diffuser-base?linkcheck=2:0
[    2211ms] [WARNING] Failed to decode downloaded font: https://aromawax.eu/cdn/shop/t/32/assets/AvenirLTStd-Roman.ttf?v=168653738910245139531776246661 @ https://aromawax.eu/pt/products/augeo-diffuser-base?linkcheck=2:0
[    2211ms] [WARNING] OTS parsing error: FFTM: invalid table offset @ https://aromawax.eu/pt/products/augeo-diffuser-base?linkcheck=2:0
[    2211ms] [WARNING] Failed to decode downloaded font: https://aromawax.eu/cdn/shop/t/32/assets/AvenirLTStd-Roman.ttf?v=168653738910245139531776246661 @ https://aromawax.eu/pt/products/augeo-diffuser-base?linkcheck=2:0
[    2211ms] [WARNING] OTS parsing error: FFTM: invalid table offset @ https://aromawax.eu/pt/products/augeo-diffuser-base?linkcheck=2:0
[    2211ms] [WARNING] Failed to decode downloaded font: https://aromawax.eu/cdn/shop/t/32/assets/AvenirLTStd-Roman.ttf?v=168653738910245139531776246661 @ https://aromawax.eu/pt/products/augeo-diffuser-base?linkcheck=2:0
[    2211ms] [WARNING] OTS parsing error: FFTM: invalid table offset @ https://aromawax.eu/pt/products/augeo-diffuser-base?linkcheck=2:0
[    2237ms] [WARNING] Failed to decode downloaded font: https://aromawax.eu/cdn/shop/t/32/assets/AvenirLTStd-Heavy.ttf?v=161065316383412791401776246661 @ https://aromawax.eu/pt/products/augeo-diffuser-base?linkcheck=2:0
[    2237ms] [WARNING] OTS parsing error: BASE: misaligned table @ https://aromawax.eu/pt/products/augeo-diffuser-base?linkcheck=2:0
[    2237ms] [WARNING] Failed to decode downloaded font: https://aromawax.eu/cdn/shop/t/32/assets/AvenirLTStd-Heavy.ttf?v=161065316383412791401776246661 @ https://aromawax.eu/pt/products/augeo-diffuser-base?linkcheck=2:0
[    2237ms] [WARNING] OTS parsing error: BASE: misaligned table @ https://aromawax.eu/pt/products/augeo-diffuser-base?linkcheck=2:0
[    2237ms] [WARNING] Failed to decode downloaded font: https://aromawax.eu/cdn/shop/t/32/assets/AvenirLTStd-Heavy.ttf?v=161065316383412791401776246661 @ https://aromawax.eu/pt/products/augeo-diffuser-base?linkcheck=2:0
[    2237ms] [WARNING] OTS parsing error: BASE: misaligned table @ https://aromawax.eu/pt/products/augeo-diffuser-base?linkcheck=2:0
[    2237ms] [WARNING] Failed to decode downloaded font: https://aromawax.eu/cdn/shop/t/32/assets/AvenirLTStd-Heavy.ttf?v=161065316383412791401776246661 @ https://aromawax.eu/pt/products/augeo-diffuser-base?linkcheck=2:0
[    2237ms] [WARNING] OTS parsing error: BASE: misaligned table @ https://aromawax.eu/pt/products/augeo-diffuser-base?linkcheck=2:0
[    2237ms] [WARNING] Failed to decode downloaded font: https://aromawax.eu/cdn/shop/t/32/assets/AvenirLTStd-Heavy.ttf?v=161065316383412791401776246661 @ https://aromawax.eu/pt/products/augeo-diffuser-base?linkcheck=2:0
[    2237ms] [WARNING] OTS parsing error: BASE: misaligned table @ https://aromawax.eu/pt/products/augeo-diffuser-base?linkcheck=2:0
[    2237ms] [WARNING] Failed to decode downloaded font: https://aromawax.eu/cdn/shop/t/32/assets/AvenirLTStd-Heavy.ttf?v=161065316383412791401776246661 @ https://aromawax.eu/pt/products/augeo-diffuser-base?linkcheck=2:0
[    2237ms] [WARNING] OTS parsing error: BASE: misaligned table @ https://aromawax.eu/pt/products/augeo-diffuser-base?linkcheck=2:0
[    2257ms] [WARNING] Failed to decode downloaded font: https://aromawax.eu/cdn/shop/t/32/assets/AvenirLTStd-Roman.woff2?v=151369584661543143081776246661 @ https://aromawax.eu/pt/products/augeo-diffuser-base?linkcheck=2:0
[    2257ms] [WARNING] OTS parsing error: Size of decompressed WOFF 2.0 is less than compressed size @ https://aromawax.eu/pt/products/augeo-diffuser-base?linkcheck=2:0
[    2257ms] [WARNING] Failed to decode downloaded font: https://aromawax.eu/cdn/shop/t/32/assets/AvenirLTStd-Roman.woff?v=77020652039345579431776246661 @ https://aromawax.eu/pt/products/augeo-diffuser-base?linkcheck=2:0
[    2257ms] [WARNING] OTS parsing error: incorrect file size in WOFF header @ https://aromawax.eu/pt/products/augeo-diffuser-base?linkcheck=2:0
[    2257ms] [WARNING] Failed to decode downloaded font: https://aromawax.eu/cdn/shop/t/32/assets/AvenirLTStd-Roman.ttf?v=168653738910245139531776246661 @ https://aromawax.eu/pt/products/augeo-diffuser-base?linkcheck=2:0
[    2257ms] [WARNING] OTS parsing error: FFTM: invalid table offset @ https://aromawax.eu/pt/products/augeo-diffuser-base?linkcheck=2:0
[    2257ms] [WARNING] Failed to decode downloaded font: https://aromawax.eu/cdn/shop/t/32/assets/AvenirLTStd-Heavy.woff2?v=100181975222566383851776246661 @ https://aromawax.eu/pt/products/augeo-diffuser-base?linkcheck=2:0
[    2257ms] [WARNING] OTS parsing error: Failed to convert WOFF 2.0 font to SFNT @ https://aromawax.eu/pt/products/augeo-diffuser-base?linkcheck=2:0
[    2257ms] [WARNING] Failed to decode downloaded font: https://aromawax.eu/cdn/shop/t/32/assets/AvenirLTStd-Heavy.woff?v=49196535620247681531776246661 @ https://aromawax.eu/pt/products/augeo-diffuser-base?linkcheck=2:0
[    2257ms] [WARNING] OTS parsing error: incorrect file size in WOFF header @ https://aromawax.eu/pt/products/augeo-diffuser-base?linkcheck=2:0
[    2257ms] [WARNING] Failed to decode downloaded font: https://aromawax.eu/cdn/shop/t/32/assets/AvenirLTStd-Heavy.ttf?v=161065316383412791401776246661 @ https://aromawax.eu/pt/products/augeo-diffuser-base?linkcheck=2:0
[    2257ms] [WARNING] OTS parsing error: BASE: misaligned table @ https://aromawax.eu/pt/products/augeo-diffuser-base?linkcheck=2:0
[    2257ms] [WARNING] Failed to decode downloaded font: https://aromawax.eu/cdn/shop/t/32/assets/AvenirLTStd-Black.eot?v=61293692641208295061776246661 @ https://aromawax.eu/pt/products/augeo-diffuser-base?linkcheck=2:0
[    2257ms] [WARNING] OTS parsing error: invalid sfntVersion: -272646794 @ https://aromawax.eu/pt/products/augeo-diffuser-base?linkcheck=2:0
[    2278ms] [WARNING] Failed to decode downloaded font: https://aromawax.eu/cdn/shop/t/32/assets/AvenirLTStd-Roman.woff2?v=151369584661543143081776246661 @ https://aromawax.eu/pt/products/augeo-diffuser-base?linkcheck=2:0
[    2278ms] [WARNING] OTS parsing error: Size of decompressed WOFF 2.0 is less than compressed size @ https://aromawax.eu/pt/products/augeo-diffuser-base?linkcheck=2:0
[    2278ms] [WARNING] Failed to decode downloaded font: https://aromawax.eu/cdn/shop/t/32/assets/AvenirLTStd-Roman.woff?v=77020652039345579431776246661 @ https://aromawax.eu/pt/products/augeo-diffuser-base?linkcheck=2:0
[    2278ms] [WARNING] OTS parsing error: incorrect file size in WOFF header @ https://aromawax.eu/pt/products/augeo-diffuser-base?linkcheck=2:0
[    2278ms] [WARNING] Failed to decode downloaded font: https://aromawax.eu/cdn/shop/t/32/assets/AvenirLTStd-Roman.ttf?v=168653738910245139531776246661 @ https://aromawax.eu/pt/products/augeo-diffuser-base?linkcheck=2:0
[    2278ms] [WARNING] OTS parsing error: FFTM: invalid table offset @ https://aromawax.eu/pt/products/augeo-diffuser-base?linkcheck=2:0
[    2278ms] [WARNING] Failed to decode downloaded font: https://aromawax.eu/cdn/shop/t/32/assets/AvenirLTStd-Heavy.woff2?v=100181975222566383851776246661 @ https://aromawax.eu/pt/products/augeo-diffuser-base?linkcheck=2:0
[    2278ms] [WARNING] OTS parsing error: Failed to convert WOFF 2.0 font to SFNT @ https://aromawax.eu/pt/products/augeo-diffuser-base?linkcheck=2:0
[    2278ms] [WARNING] Failed to decode downloaded font: https://aromawax.eu/cdn/shop/t/32/assets/AvenirLTStd-Heavy.woff?v=49196535620247681531776246661 @ https://aromawax.eu/pt/products/augeo-diffuser-base?linkcheck=2:0
[    2278ms] [WARNING] OTS parsing error: incorrect file size in WOFF header @ https://aromawax.eu/pt/products/augeo-diffuser-base?linkcheck=2:0
[    2278ms] [WARNING] Failed to decode downloaded font: https://aromawax.eu/cdn/shop/t/32/assets/AvenirLTStd-Heavy.ttf?v=161065316383412791401776246661 @ https://aromawax.eu/pt/products/augeo-diffuser-base?linkcheck=2:0
[    2278ms] [WARNING] OTS parsing error: BASE: misaligned table @ https://aromawax.eu/pt/products/augeo-diffuser-base?linkcheck=2:0
[    2278ms] [WARNING] Failed to decode downloaded font: https://aromawax.eu/cdn/shop/t/32/assets/AvenirLTStd-Black.eot?v=61293692641208295061776246661 @ https://aromawax.eu/pt/products/augeo-diffuser-base?linkcheck=2:0
[    2278ms] [WARNING] OTS parsing error: invalid sfntVersion: -272646794 @ https://aromawax.eu/pt/products/augeo-diffuser-base?linkcheck=2:0
[    2426ms] [LOG] existingToggle null @ https://cdn.shopify.com/extensions/019d67a4-5b06-743b-9c60-09feb0784e3c/final-price-72/assets/price-display.js:1202
[    2426ms] [LOG] existingToggle null @ https://cdn.shopify.com/extensions/019d67a4-5b06-743b-9c60-09feb0784e3c/final-price-72/assets/price-display.js:1202
[    2575ms] [ERROR] Framing 'https://shop.app/' violates the following Content Security Policy directive: "frame-ancestors 'self' https://shop.app https://admin.shopify.com". The request has been blocked.
 @ :0
[    2575ms] [ERROR] Failed to load resource: the server responded with a status of 403 () @ chrome-error://chromewebdata/:0
[    4914ms] [WARNING] Failed to decode downloaded font: https://aromawax.eu/cdn/shop/t/32/assets/AvenirLTStd-Roman.woff2?v=151369584661543143081776246661 @ https://cdn.shopify.com/extensions/019d8a13-ee60-75d7-ae0f-514ac36f9789/localizing-254/assets/floating-selector.js:0
[    4914ms] [WARNING] OTS parsing error: Size of decompressed WOFF 2.0 is less than compressed size @ https://cdn.shopify.com/extensions/019d8a13-ee60-75d7-ae0f-514ac36f9789/localizing-254/assets/floating-selector.js:0
[    4914ms] [WARNING] Failed to decode downloaded font: https://aromawax.eu/cdn/shop/t/32/assets/AvenirLTStd-Roman.woff?v=77020652039345579431776246661 @ https://cdn.shopify.com/extensions/019d8a13-ee60-75d7-ae0f-514ac36f9789/localizing-254/assets/floating-selector.js:0
[    4914ms] [WARNING] OTS parsing error: incorrect file size in WOFF header @ https://cdn.shopify.com/extensions/019d8a13-ee60-75d7-ae0f-514ac36f9789/localizing-254/assets/floating-selector.js:0
[    4914ms] [WARNING] Failed to decode downloaded font: https://aromawax.eu/cdn/shop/t/32/assets/AvenirLTStd-Roman.ttf?v=168653738910245139531776246661 @ https://cdn.shopify.com/extensions/019d8a13-ee60-75d7-ae0f-514ac36f9789/localizing-254/assets/floating-selector.js:0
[    4914ms] [WARNING] OTS parsing error: FFTM: invalid table offset @ https://cdn.shopify.com/extensions/019d8a13-ee60-75d7-ae0f-514ac36f9789/localizing-254/assets/floating-selector.js:0
[    4914ms] [WARNING] Failed to decode downloaded font: https://aromawax.eu/cdn/shop/t/32/assets/AvenirLTStd-Heavy.woff2?v=100181975222566383851776246661 @ https://cdn.shopify.com/extensions/019d8a13-ee60-75d7-ae0f-514ac36f9789/localizing-254/assets/floating-selector.js:0
[    4914ms] [WARNING] OTS parsing error: Failed to convert WOFF 2.0 font to SFNT @ https://cdn.shopify.com/extensions/019d8a13-ee60-75d7-ae0f-514ac36f9789/localizing-254/assets/floating-selector.js:0
[    4914ms] [WARNING] Failed to decode downloaded font: https://aromawax.eu/cdn/shop/t/32/assets/AvenirLTStd-Heavy.woff?v=49196535620247681531776246661 @ https://cdn.shopify.com/extensions/019d8a13-ee60-75d7-ae0f-514ac36f9789/localizing-254/assets/floating-selector.js:0
[    4914ms] [WARNING] OTS parsing error: incorrect file size in WOFF header @ https://cdn.shopify.com/extensions/019d8a13-ee60-75d7-ae0f-514ac36f9789/localizing-254/assets/floating-selector.js:0
[    4914ms] [WARNING] Failed to decode downloaded font: https://aromawax.eu/cdn/shop/t/32/assets/AvenirLTStd-Heavy.ttf?v=161065316383412791401776246661 @ https://cdn.shopify.com/extensions/019d8a13-ee60-75d7-ae0f-514ac36f9789/localizing-254/assets/floating-selector.js:0
[    4914ms] [WARNING] OTS parsing error: BASE: misaligned table @ https://cdn.shopify.com/extensions/019d8a13-ee60-75d7-ae0f-514ac36f9789/localizing-254/assets/floating-selector.js:0
[    4914ms] [WARNING] Failed to decode downloaded font: https://aromawax.eu/cdn/shop/t/32/assets/AvenirLTStd-Black.eot?v=61293692641208295061776246661 @ https://cdn.shopify.com/extensions/019d8a13-ee60-75d7-ae0f-514ac36f9789/localizing-254/assets/floating-selector.js:0
[    4914ms] [WARNING] OTS parsing error: invalid sfntVersion: -272646794 @ https://cdn.shopify.com/extensions/019d8a13-ee60-75d7-ae0f-514ac36f9789/localizing-254/assets/floating-selector.js:0
[    5855ms] [LOG] Intercom whoami never became available @ :32
[    7114ms] [LOG] Intercom whoami never became available @ :32
[   11011ms] [WARNING] The resource https://aromawax.eu/cdn/fonts/figtree/figtree_n4.3c0838aba1701047e60be6a99a1b0a40ce9b8419.woff2 was preloaded using link preload but not used within a few seconds from the window's load event. Please make sure it has an appropriate `as` value and it is preloaded intentionally. @ https://aromawax.eu/pt/products/augeo-diffuser-base?linkcheck=2:0
[   11012ms] [WARNING] The resource https://aromawax.eu/cdn/shop/t/31/assets/theme.css?v=123112964044019024531776204033 was preloaded using link preload in Early Hints but not used within a few seconds from the window's load event. @ https://aromawax.eu/pt/products/augeo-diffuser-base?linkcheck=2:0
[   15766ms] [WARNING] The resource https://aromawax.eu/cdn/fonts/figtree/figtree_n4.3c0838aba1701047e60be6a99a1b0a40ce9b8419.woff2 was preloaded using link preload but not used within a few seconds from the window's load event. Please make sure it has an appropriate `as` value and it is preloaded intentionally. @ https://aromawax.eu/pt/products/augeo-diffuser-base?linkcheck=2:0
