[    1044ms] [WARNING] An import map rule for specifier '@app/main' was removed, as it conflicted with already resolved module specifiers. @ https://aromawax.eu/pt/pages/grossista?svc=2:0
[    1045ms] [WARNING] Failed to decode downloaded font: https://aromawax.eu/cdn/shop/t/31/assets/AvenirLTStd-Black.eot?v=61293692641208295061776204033 @ https://aromawax.eu/pt/pages/grossista?svc=2:0
[    1045ms] [WARNING] OTS parsing error: invalid sfntVersion: -272646794 @ https://aromawax.eu/pt/pages/grossista?svc=2:0
[    1046ms] [WARNING] Failed to decode downloaded font: https://aromawax.eu/cdn/shop/t/31/assets/AvenirLTStd-Black.eot?v=61293692641208295061776204033 @ https://aromawax.eu/cdn/shop/t/31/assets/theme.js?v=100010031149322404351776204560:108
[    1046ms] [WARNING] OTS parsing error: invalid sfntVersion: -272646794 @ https://aromawax.eu/cdn/shop/t/31/assets/theme.js?v=100010031149322404351776204560:108
[    1050ms] [WARNING] Failed to decode downloaded font: https://aromawax.eu/cdn/shop/t/31/assets/AvenirLTStd-Heavy.woff2?v=100181975222566383851776204033 @ https://aromawax.eu/pt/pages/grossista?svc=2:0
[    1050ms] [WARNING] OTS parsing error: Failed to convert WOFF 2.0 font to SFNT @ https://aromawax.eu/pt/pages/grossista?svc=2:0
[    1050ms] [WARNING] Failed to decode downloaded font: https://aromawax.eu/cdn/shop/t/31/assets/AvenirLTStd-Heavy.woff2?v=100181975222566383851776204033 @ https://aromawax.eu/pt/pages/grossista?svc=2:0
[    1050ms] [WARNING] OTS parsing error: Failed to convert WOFF 2.0 font to SFNT @ https://aromawax.eu/pt/pages/grossista?svc=2:0
[    1051ms] [WARNING] Failed to decode downloaded font: https://aromawax.eu/cdn/shop/t/31/assets/AvenirLTStd-Heavy.woff?v=49196535620247681531776204033 @ https://aromawax.eu/pt/pages/grossista?svc=2:0
[    1051ms] [WARNING] OTS parsing error: incorrect file size in WOFF header @ https://aromawax.eu/pt/pages/grossista?svc=2:0
[    1051ms] [WARNING] Failed to decode downloaded font: https://aromawax.eu/cdn/shop/t/31/assets/AvenirLTStd-Heavy.woff?v=49196535620247681531776204033 @ https://aromawax.eu/pt/pages/grossista?svc=2:0
[    1051ms] [WARNING] OTS parsing error: incorrect file size in WOFF header @ https://aromawax.eu/pt/pages/grossista?svc=2:0
[    1054ms] [WARNING] Failed to decode downloaded font: https://aromawax.eu/cdn/shop/t/31/assets/AvenirLTStd-Heavy.ttf?v=161065316383412791401776204033 @ https://aromawax.eu/pt/pages/grossista?svc=2:0
[    1054ms] [WARNING] OTS parsing error: BASE: misaligned table @ https://aromawax.eu/pt/pages/grossista?svc=2:0
[    1054ms] [WARNING] Failed to decode downloaded font: https://aromawax.eu/cdn/shop/t/31/assets/AvenirLTStd-Heavy.ttf?v=161065316383412791401776204033 @ https://aromawax.eu/pt/pages/grossista?svc=2:0
[    1054ms] [WARNING] OTS parsing error: BASE: misaligned table @ https://aromawax.eu/pt/pages/grossista?svc=2:0
[    1056ms] [LOG] %cCustomer Accounts Deluxe font-size: 18px; font-weight: bold; color: #fff; background: linear-gradient(90deg, #007bff, #00c6ff); padding: 6px 12px; border-radius: 5px; text-align: center; @ webpack://customer-account-deluxe/./extensions/customer-page/assets/cad_base.js?:39
[    1056ms] [LOG] 
 🔵 Seamless Shopify Integration

 🔵 Enhance Customer Experience with Custom Features

 🔵 Loyalty, Rewards, Social Login, Wishlist, Returns & Exchanges, Store Credits and Much More


 Learn more at: https://apps.shopify.com/customer-account-deluxe

 @ webpack://customer-account-deluxe/./extensions/customer-page/assets/cad_base.js?:40
[    1058ms] [LOG] existingToggle null @ https://cdn.shopify.com/extensions/019d67a4-5b06-743b-9c60-09feb0784e3c/final-price-72/assets/price-display.js:1202
[    1058ms] [LOG] existingToggle null @ https://cdn.shopify.com/extensions/019d67a4-5b06-743b-9c60-09feb0784e3c/final-price-72/assets/price-display.js:1202
[    1096ms] [LOG] https://aromawax.eu/pt/pages/grossista?svc=2 @ https://aromawax.eu/pt/pages/grossista?svc=2:5357
[    1096ms] [WARNING] Failed to decode downloaded font: https://aromawax.eu/cdn/shop/t/31/assets/AvenirLTStd-Heavy.woff2?v=100181975222566383851776204033 @ https://aromawax.eu/pt/pages/grossista?svc=2:0
[    1096ms] [WARNING] OTS parsing error: Failed to convert WOFF 2.0 font to SFNT @ https://aromawax.eu/pt/pages/grossista?svc=2:0
[    1096ms] [WARNING] Failed to decode downloaded font: https://aromawax.eu/cdn/shop/t/31/assets/AvenirLTStd-Heavy.woff?v=49196535620247681531776204033 @ https://aromawax.eu/pt/pages/grossista?svc=2:0
[    1096ms] [WARNING] OTS parsing error: incorrect file size in WOFF header @ https://aromawax.eu/pt/pages/grossista?svc=2:0
[    1096ms] [WARNING] Failed to decode downloaded font: https://aromawax.eu/cdn/shop/t/31/assets/AvenirLTStd-Heavy.ttf?v=161065316383412791401776204033 @ https://aromawax.eu/pt/pages/grossista?svc=2:0
[    1096ms] [WARNING] OTS parsing error: BASE: misaligned table @ https://aromawax.eu/pt/pages/grossista?svc=2:0
[    1096ms] [WARNING] Failed to decode downloaded font: https://aromawax.eu/cdn/shop/t/31/assets/AvenirLTStd-Black.eot?v=61293692641208295061776204033 @ https://aromawax.eu/pt/pages/grossista?svc=2:0
[    1096ms] [WARNING] OTS parsing error: invalid sfntVersion: -272646794 @ https://aromawax.eu/pt/pages/grossista?svc=2:0
[    1098ms] [LOG] https://aromawax.eu/pt/pages/grossista?svc=2 @ https://aromawax.eu/pt/pages/grossista?svc=2:5357
[    1113ms] [WARNING] Failed to decode downloaded font: https://aromawax.eu/cdn/shop/t/31/assets/AvenirLTStd-Heavy.woff2?v=100181975222566383851776204033 @ https://aromawax.eu/pt/pages/grossista?svc=2:0
[    1113ms] [WARNING] OTS parsing error: Failed to convert WOFF 2.0 font to SFNT @ https://aromawax.eu/pt/pages/grossista?svc=2:0
[    1114ms] [WARNING] Failed to decode downloaded font: https://aromawax.eu/cdn/shop/t/31/assets/AvenirLTStd-Heavy.woff?v=49196535620247681531776204033 @ https://aromawax.eu/pt/pages/grossista?svc=2:0
[    1114ms] [WARNING] OTS parsing error: incorrect file size in WOFF header @ https://aromawax.eu/pt/pages/grossista?svc=2:0
[    1114ms] [WARNING] Failed to decode downloaded font: https://aromawax.eu/cdn/shop/t/31/assets/AvenirLTStd-Heavy.ttf?v=161065316383412791401776204033 @ https://aromawax.eu/pt/pages/grossista?svc=2:0
[    1114ms] [WARNING] OTS parsing error: BASE: misaligned table @ https://aromawax.eu/pt/pages/grossista?svc=2:0
[    1114ms] [WARNING] Failed to decode downloaded font: https://aromawax.eu/cdn/shop/t/31/assets/AvenirLTStd-Black.eot?v=61293692641208295061776204033 @ https://aromawax.eu/pt/pages/grossista?svc=2:0
[    1114ms] [WARNING] OTS parsing error: invalid sfntVersion: -272646794 @ https://aromawax.eu/pt/pages/grossista?svc=2:0
[    1118ms] [LOG] https://aromawax.eu/pt/pages/grossista?svc=2 @ https://aromawax.eu/pt/pages/grossista?svc=2:5357
[    1122ms] [WARNING] Failed to decode downloaded font: https://aromawax.eu/cdn/shop/t/31/assets/AvenirLTStd-Heavy.woff2?v=100181975222566383851776204033 @ https://ajax.googleapis.com/ajax/libs/jquery/1.9.1/jquery.min.js:2
[    1122ms] [WARNING] OTS parsing error: Failed to convert WOFF 2.0 font to SFNT @ https://ajax.googleapis.com/ajax/libs/jquery/1.9.1/jquery.min.js:2
[    1122ms] [WARNING] Failed to decode downloaded font: https://aromawax.eu/cdn/shop/t/31/assets/AvenirLTStd-Heavy.woff?v=49196535620247681531776204033 @ https://ajax.googleapis.com/ajax/libs/jquery/1.9.1/jquery.min.js:2
[    1122ms] [WARNING] OTS parsing error: incorrect file size in WOFF header @ https://ajax.googleapis.com/ajax/libs/jquery/1.9.1/jquery.min.js:2
[    1122ms] [WARNING] Failed to decode downloaded font: https://aromawax.eu/cdn/shop/t/31/assets/AvenirLTStd-Heavy.ttf?v=161065316383412791401776204033 @ https://ajax.googleapis.com/ajax/libs/jquery/1.9.1/jquery.min.js:2
[    1122ms] [WARNING] OTS parsing error: BASE: misaligned table @ https://ajax.googleapis.com/ajax/libs/jquery/1.9.1/jquery.min.js:2
[    1122ms] [WARNING] Failed to decode downloaded font: https://aromawax.eu/cdn/shop/t/31/assets/AvenirLTStd-Black.eot?v=61293692641208295061776204033 @ https://ajax.googleapis.com/ajax/libs/jquery/1.9.1/jquery.min.js:2
[    1122ms] [WARNING] OTS parsing error: invalid sfntVersion: -272646794 @ https://ajax.googleapis.com/ajax/libs/jquery/1.9.1/jquery.min.js:2
[    1126ms] [LOG] https://aromawax.eu/pt/pages/grossista?svc=2 @ https://aromawax.eu/pt/pages/grossista?svc=2:5357
[    1498ms] [LOG] https://aromawax.eu/pt/pages/grossista?svc=2 @ https://aromawax.eu/pt/pages/grossista?svc=2:5357
[    1538ms] [ERROR] Framing 'https://shop.app/' violates the following Content Security Policy directive: "frame-ancestors 'self' https://shop.app https://admin.shopify.com". The request has been blocked.
 @ :0
[    1539ms] [ERROR] Failed to load resource: the server responded with a status of 403 () @ chrome-error://chromewebdata/:0
[    1595ms] [LOG] https://aromawax.eu/pt/pages/grossista?svc=2 @ https://aromawax.eu/pt/pages/grossista?svc=2:5357
[    1684ms] [LOG] https://aromawax.eu/pt/pages/grossista?svc=2 @ https://aromawax.eu/pt/pages/grossista?svc=2:5357
[    1698ms] [INFO] Clear-Site-Data header on 'https://aromawax.eu/pt/cart/update.js': Cleared data types: "prefetchCache", "prerenderCache". @ https://aromawax.eu/pt/pages/grossista?svc=2:0
[    1700ms] [LOG] https://aromawax.eu/pt/pages/grossista?svc=2 @ https://aromawax.eu/pt/pages/grossista?svc=2:5357
[    1702ms] [LOG] https://aromawax.eu/pt/pages/grossista?svc=2 @ https://aromawax.eu/pt/pages/grossista?svc=2:5357
[    1704ms] [LOG] https://aromawax.eu/pt/pages/grossista?svc=2 @ https://aromawax.eu/pt/pages/grossista?svc=2:5357
[    1797ms] [LOG] https://aromawax.eu/pt/pages/grossista?svc=2 @ https://aromawax.eu/pt/pages/grossista?svc=2:5357
[    1885ms] [LOG] https://aromawax.eu/pt/pages/grossista?svc=2 @ https://aromawax.eu/pt/pages/grossista?svc=2:5357
[    1922ms] [WARNING] Failed to decode downloaded font: https://aromawax.eu/cdn/shop/t/31/assets/AvenirLTStd-Heavy.woff2?v=100181975222566383851776204033 @ https://cdn.shopify.com/extensions/019d8a13-ee60-75d7-ae0f-514ac36f9789/localizing-254/assets/floating-selector.js:0
[    1922ms] [WARNING] OTS parsing error: Failed to convert WOFF 2.0 font to SFNT @ https://cdn.shopify.com/extensions/019d8a13-ee60-75d7-ae0f-514ac36f9789/localizing-254/assets/floating-selector.js:0
[    1922ms] [WARNING] Failed to decode downloaded font: https://aromawax.eu/cdn/shop/t/31/assets/AvenirLTStd-Heavy.woff?v=49196535620247681531776204033 @ https://cdn.shopify.com/extensions/019d8a13-ee60-75d7-ae0f-514ac36f9789/localizing-254/assets/floating-selector.js:0
[    1922ms] [WARNING] OTS parsing error: incorrect file size in WOFF header @ https://cdn.shopify.com/extensions/019d8a13-ee60-75d7-ae0f-514ac36f9789/localizing-254/assets/floating-selector.js:0
[    1922ms] [WARNING] Failed to decode downloaded font: https://aromawax.eu/cdn/shop/t/31/assets/AvenirLTStd-Heavy.ttf?v=161065316383412791401776204033 @ https://cdn.shopify.com/extensions/019d8a13-ee60-75d7-ae0f-514ac36f9789/localizing-254/assets/floating-selector.js:0
[    1922ms] [WARNING] OTS parsing error: BASE: misaligned table @ https://cdn.shopify.com/extensions/019d8a13-ee60-75d7-ae0f-514ac36f9789/localizing-254/assets/floating-selector.js:0
[    1922ms] [WARNING] Failed to decode downloaded font: https://aromawax.eu/cdn/shop/t/31/assets/AvenirLTStd-Black.eot?v=61293692641208295061776204033 @ https://cdn.shopify.com/extensions/019d8a13-ee60-75d7-ae0f-514ac36f9789/localizing-254/assets/floating-selector.js:0
[    1922ms] [WARNING] OTS parsing error: invalid sfntVersion: -272646794 @ https://cdn.shopify.com/extensions/019d8a13-ee60-75d7-ae0f-514ac36f9789/localizing-254/assets/floating-selector.js:0
[    1925ms] [LOG] https://aromawax.eu/pt/pages/grossista?svc=2 @ https://aromawax.eu/pt/pages/grossista?svc=2:5357
[    3797ms] [LOG] Intercom whoami never became available @ :32
[    3886ms] [LOG] Intercom whoami never became available @ :32
[    5051ms] [WARNING] The resource https://aromawax.eu/cdn/fonts/figtree/figtree_n4.3c0838aba1701047e60be6a99a1b0a40ce9b8419.woff2 was preloaded using link preload but not used within a few seconds from the window's load event. Please make sure it has an appropriate `as` value and it is preloaded intentionally. @ https://aromawax.eu/pt/pages/grossista?svc=2:0
