[     964ms] [WARNING] An import map rule for specifier '@app/main' was removed, as it conflicted with already resolved module specifiers. @ https://aromawax.eu/pt/products/summer-2026-fragrance-oils-kit:0
[    1004ms] [WARNING] Failed to decode downloaded font: https://aromawax.eu/cdn/shop/t/30/assets/AvenirLTStd-Black.eot?v=61293692641208295061772533890 @ https://aromawax.eu/pt/products/summer-2026-fragrance-oils-kit:5024
[    1004ms] [WARNING] OTS parsing error: invalid sfntVersion: -272646794 @ https://aromawax.eu/pt/products/summer-2026-fragrance-oils-kit:5024
[    1004ms] [WARNING] Failed to decode downloaded font: https://aromawax.eu/cdn/shop/t/30/assets/AvenirLTStd-Black.eot?v=61293692641208295061772533890 @ https://aromawax.eu/pt/products/summer-2026-fragrance-oils-kit:5024
[    1004ms] [WARNING] OTS parsing error: invalid sfntVersion: -272646794 @ https://aromawax.eu/pt/products/summer-2026-fragrance-oils-kit:5024
[    1039ms] [WARNING] Failed to decode downloaded font: https://aromawax.eu/cdn/shop/t/30/assets/AvenirLTStd-Heavy.woff2?v=100181975222566383851772533890 @ https://aromawax.eu/pt/products/summer-2026-fragrance-oils-kit:5460
[    1039ms] [WARNING] OTS parsing error: Failed to convert WOFF 2.0 font to SFNT @ https://aromawax.eu/pt/products/summer-2026-fragrance-oils-kit:5460
[    1039ms] [WARNING] Failed to decode downloaded font: https://aromawax.eu/cdn/shop/t/30/assets/AvenirLTStd-Heavy.woff2?v=100181975222566383851772533890 @ https://aromawax.eu/pt/products/summer-2026-fragrance-oils-kit:5460
[    1039ms] [WARNING] OTS parsing error: Failed to convert WOFF 2.0 font to SFNT @ https://aromawax.eu/pt/products/summer-2026-fragrance-oils-kit:5460
[    1051ms] [INFO] [HotReload] CLI hot reload disabled - No hot reload port specified. @ https://aromawax.eu/cdn/shopifycloud/theme-hot-reload/theme-hot-reload.js:316
[    1059ms] [WARNING] Failed to decode downloaded font: https://aromawax.eu/cdn/shop/t/30/assets/AvenirLTStd-Heavy.woff2?v=100181975222566383851772533890 @ https://cdn.shopify.com/shopifycloud/preview-bar/preview-bar-modules.js:0
[    1059ms] [WARNING] OTS parsing error: Failed to convert WOFF 2.0 font to SFNT @ https://cdn.shopify.com/shopifycloud/preview-bar/preview-bar-modules.js:0
[    1059ms] [WARNING] Failed to decode downloaded font: https://aromawax.eu/cdn/shop/t/30/assets/AvenirLTStd-Black.eot?v=61293692641208295061772533890 @ https://cdn.shopify.com/shopifycloud/preview-bar/preview-bar-modules.js:0
[    1059ms] [WARNING] OTS parsing error: invalid sfntVersion: -272646794 @ https://cdn.shopify.com/shopifycloud/preview-bar/preview-bar-modules.js:0
[    1066ms] [LOG] %cCustomer Accounts Deluxe font-size: 18px; font-weight: bold; color: #fff; background: linear-gradient(90deg, #007bff, #00c6ff); padding: 6px 12px; border-radius: 5px; text-align: center; @ webpack://customer-account-deluxe/./extensions/customer-page/assets/cad_base.js?:39
[    1066ms] [LOG] 
 🔵 Seamless Shopify Integration

 🔵 Enhance Customer Experience with Custom Features

 🔵 Loyalty, Rewards, Social Login, Wishlist, Returns & Exchanges, Store Credits and Much More


 Learn more at: https://apps.shopify.com/customer-account-deluxe

 @ webpack://customer-account-deluxe/./extensions/customer-page/assets/cad_base.js?:40
[    1102ms] [WARNING] Failed to decode downloaded font: https://aromawax.eu/cdn/shop/t/30/assets/AvenirLTStd-Heavy.woff?v=49196535620247681531772533890 @ https://aromawax.eu/pt/products/summer-2026-fragrance-oils-kit:0
[    1102ms] [WARNING] OTS parsing error: incorrect file size in WOFF header @ https://aromawax.eu/pt/products/summer-2026-fragrance-oils-kit:0
[    1102ms] [WARNING] Failed to decode downloaded font: https://aromawax.eu/cdn/shop/t/30/assets/AvenirLTStd-Heavy.woff?v=49196535620247681531772533890 @ https://aromawax.eu/pt/products/summer-2026-fragrance-oils-kit:0
[    1102ms] [WARNING] OTS parsing error: incorrect file size in WOFF header @ https://aromawax.eu/pt/products/summer-2026-fragrance-oils-kit:0
[    1102ms] [WARNING] Failed to decode downloaded font: https://aromawax.eu/cdn/shop/t/30/assets/AvenirLTStd-Heavy.woff?v=49196535620247681531772533890 @ https://aromawax.eu/pt/products/summer-2026-fragrance-oils-kit:0
[    1102ms] [WARNING] OTS parsing error: incorrect file size in WOFF header @ https://aromawax.eu/pt/products/summer-2026-fragrance-oils-kit:0
[    1107ms] [WARNING] Failed to decode downloaded font: https://aromawax.eu/cdn/shop/t/30/assets/AvenirLTStd-Heavy.woff2?v=100181975222566383851772533890 @ https://aromawax.eu/pt/products/summer-2026-fragrance-oils-kit:0
[    1107ms] [WARNING] OTS parsing error: Failed to convert WOFF 2.0 font to SFNT @ https://aromawax.eu/pt/products/summer-2026-fragrance-oils-kit:0
[    1107ms] [WARNING] Failed to decode downloaded font: https://aromawax.eu/cdn/shop/t/30/assets/AvenirLTStd-Heavy.woff?v=49196535620247681531772533890 @ https://aromawax.eu/pt/products/summer-2026-fragrance-oils-kit:0
[    1107ms] [WARNING] OTS parsing error: incorrect file size in WOFF header @ https://aromawax.eu/pt/products/summer-2026-fragrance-oils-kit:0
[    1107ms] [WARNING] Failed to decode downloaded font: https://aromawax.eu/cdn/shop/t/30/assets/AvenirLTStd-Black.eot?v=61293692641208295061772533890 @ https://aromawax.eu/pt/products/summer-2026-fragrance-oils-kit:0
[    1107ms] [WARNING] OTS parsing error: invalid sfntVersion: -272646794 @ https://aromawax.eu/pt/products/summer-2026-fragrance-oils-kit:0
[    1132ms] [WARNING] Failed to decode downloaded font: https://aromawax.eu/cdn/shop/t/30/assets/AvenirLTStd-Heavy.woff2?v=100181975222566383851772533890 @ https://aromawax.eu/pt/products/summer-2026-fragrance-oils-kit:0
[    1132ms] [WARNING] OTS parsing error: Failed to convert WOFF 2.0 font to SFNT @ https://aromawax.eu/pt/products/summer-2026-fragrance-oils-kit:0
[    1132ms] [WARNING] Failed to decode downloaded font: https://aromawax.eu/cdn/shop/t/30/assets/AvenirLTStd-Heavy.woff?v=49196535620247681531772533890 @ https://aromawax.eu/pt/products/summer-2026-fragrance-oils-kit:0
[    1132ms] [WARNING] OTS parsing error: incorrect file size in WOFF header @ https://aromawax.eu/pt/products/summer-2026-fragrance-oils-kit:0
[    1132ms] [WARNING] Failed to decode downloaded font: https://aromawax.eu/cdn/shop/t/30/assets/AvenirLTStd-Black.eot?v=61293692641208295061772533890 @ https://aromawax.eu/pt/products/summer-2026-fragrance-oils-kit:0
[    1132ms] [WARNING] OTS parsing error: invalid sfntVersion: -272646794 @ https://aromawax.eu/pt/products/summer-2026-fragrance-oils-kit:0
[    1139ms] [WARNING] Failed to decode downloaded font: https://aromawax.eu/cdn/shop/t/30/assets/AvenirLTStd-Heavy.ttf?v=161065316383412791401772533890 @ https://aromawax.eu/pt/products/summer-2026-fragrance-oils-kit:0
[    1139ms] [WARNING] OTS parsing error: BASE: misaligned table @ https://aromawax.eu/pt/products/summer-2026-fragrance-oils-kit:0
[    1139ms] [WARNING] Failed to decode downloaded font: https://aromawax.eu/cdn/shop/t/30/assets/AvenirLTStd-Heavy.ttf?v=161065316383412791401772533890 @ https://aromawax.eu/pt/products/summer-2026-fragrance-oils-kit:0
[    1139ms] [WARNING] OTS parsing error: BASE: misaligned table @ https://aromawax.eu/pt/products/summer-2026-fragrance-oils-kit:0
[    1139ms] [WARNING] Failed to decode downloaded font: https://aromawax.eu/cdn/shop/t/30/assets/AvenirLTStd-Heavy.ttf?v=161065316383412791401772533890 @ https://aromawax.eu/pt/products/summer-2026-fragrance-oils-kit:0
[    1139ms] [WARNING] OTS parsing error: BASE: misaligned table @ https://aromawax.eu/pt/products/summer-2026-fragrance-oils-kit:0
[    1139ms] [WARNING] Failed to decode downloaded font: https://aromawax.eu/cdn/shop/t/30/assets/AvenirLTStd-Heavy.ttf?v=161065316383412791401772533890 @ https://aromawax.eu/pt/products/summer-2026-fragrance-oils-kit:0
[    1139ms] [WARNING] OTS parsing error: BASE: misaligned table @ https://aromawax.eu/pt/products/summer-2026-fragrance-oils-kit:0
[    1139ms] [WARNING] Failed to decode downloaded font: https://aromawax.eu/cdn/shop/t/30/assets/AvenirLTStd-Heavy.ttf?v=161065316383412791401772533890 @ https://aromawax.eu/pt/products/summer-2026-fragrance-oils-kit:0
[    1139ms] [WARNING] OTS parsing error: BASE: misaligned table @ https://aromawax.eu/pt/products/summer-2026-fragrance-oils-kit:0
[    1148ms] [WARNING] Failed to decode downloaded font: https://aromawax.eu/cdn/shop/t/30/assets/AvenirLTStd-Heavy.woff2?v=100181975222566383851772533890 @ https://aromawax.eu/pt/products/summer-2026-fragrance-oils-kit:0
[    1148ms] [WARNING] OTS parsing error: Failed to convert WOFF 2.0 font to SFNT @ https://aromawax.eu/pt/products/summer-2026-fragrance-oils-kit:0
[    1148ms] [WARNING] Failed to decode downloaded font: https://aromawax.eu/cdn/shop/t/30/assets/AvenirLTStd-Heavy.woff?v=49196535620247681531772533890 @ https://aromawax.eu/pt/products/summer-2026-fragrance-oils-kit:0
[    1148ms] [WARNING] OTS parsing error: incorrect file size in WOFF header @ https://aromawax.eu/pt/products/summer-2026-fragrance-oils-kit:0
[    1148ms] [WARNING] Failed to decode downloaded font: https://aromawax.eu/cdn/shop/t/30/assets/AvenirLTStd-Heavy.ttf?v=161065316383412791401772533890 @ https://aromawax.eu/pt/products/summer-2026-fragrance-oils-kit:0
[    1148ms] [WARNING] OTS parsing error: BASE: misaligned table @ https://aromawax.eu/pt/products/summer-2026-fragrance-oils-kit:0
[    1148ms] [WARNING] Failed to decode downloaded font: https://aromawax.eu/cdn/shop/t/30/assets/AvenirLTStd-Black.eot?v=61293692641208295061772533890 @ https://aromawax.eu/pt/products/summer-2026-fragrance-oils-kit:0
[    1148ms] [WARNING] OTS parsing error: invalid sfntVersion: -272646794 @ https://aromawax.eu/pt/products/summer-2026-fragrance-oils-kit:0
[    1190ms] [WARNING] Failed to decode downloaded font: https://aromawax.eu/cdn/shop/t/30/assets/AvenirLTStd-Heavy.woff2?v=100181975222566383851772533890 @ https://aromawax.eu/pt/products/summer-2026-fragrance-oils-kit:0
[    1190ms] [WARNING] OTS parsing error: Failed to convert WOFF 2.0 font to SFNT @ https://aromawax.eu/pt/products/summer-2026-fragrance-oils-kit:0
[    1190ms] [WARNING] Failed to decode downloaded font: https://aromawax.eu/cdn/shop/t/30/assets/AvenirLTStd-Heavy.woff?v=49196535620247681531772533890 @ https://aromawax.eu/pt/products/summer-2026-fragrance-oils-kit:0
[    1190ms] [WARNING] OTS parsing error: incorrect file size in WOFF header @ https://aromawax.eu/pt/products/summer-2026-fragrance-oils-kit:0
[    1190ms] [WARNING] Failed to decode downloaded font: https://aromawax.eu/cdn/shop/t/30/assets/AvenirLTStd-Heavy.ttf?v=161065316383412791401772533890 @ https://aromawax.eu/pt/products/summer-2026-fragrance-oils-kit:0
[    1190ms] [WARNING] OTS parsing error: BASE: misaligned table @ https://aromawax.eu/pt/products/summer-2026-fragrance-oils-kit:0
[    1190ms] [WARNING] Failed to decode downloaded font: https://aromawax.eu/cdn/shop/t/30/assets/AvenirLTStd-Black.eot?v=61293692641208295061772533890 @ https://aromawax.eu/pt/products/summer-2026-fragrance-oils-kit:0
[    1190ms] [WARNING] OTS parsing error: invalid sfntVersion: -272646794 @ https://aromawax.eu/pt/products/summer-2026-fragrance-oils-kit:0
[    1298ms] [LOG] existingToggle null @ https://cdn.shopify.com/extensions/019d67a4-5b06-743b-9c60-09feb0784e3c/final-price-72/assets/price-display.js:1202
[    1298ms] [LOG] existingToggle null @ https://cdn.shopify.com/extensions/019d67a4-5b06-743b-9c60-09feb0784e3c/final-price-72/assets/price-display.js:1202
[    2429ms] [WARNING] Failed to decode downloaded font: https://aromawax.eu/cdn/shop/t/30/assets/AvenirLTStd-Heavy.woff2?v=100181975222566383851772533890 @ :2
[    2429ms] [WARNING] OTS parsing error: Failed to convert WOFF 2.0 font to SFNT @ :2
[    2429ms] [WARNING] Failed to decode downloaded font: https://aromawax.eu/cdn/shop/t/30/assets/AvenirLTStd-Heavy.woff?v=49196535620247681531772533890 @ :2
[    2429ms] [WARNING] OTS parsing error: incorrect file size in WOFF header @ :2
[    2429ms] [WARNING] Failed to decode downloaded font: https://aromawax.eu/cdn/shop/t/30/assets/AvenirLTStd-Heavy.ttf?v=161065316383412791401772533890 @ :2
[    2429ms] [WARNING] OTS parsing error: BASE: misaligned table @ :2
[    2429ms] [WARNING] Failed to decode downloaded font: https://aromawax.eu/cdn/shop/t/30/assets/AvenirLTStd-Black.eot?v=61293692641208295061772533890 @ :2
[    2429ms] [WARNING] OTS parsing error: invalid sfntVersion: -272646794 @ :2
[    2464ms] [WARNING] Failed to decode downloaded font: https://aromawax.eu/cdn/shop/t/30/assets/AvenirLTStd-Heavy.woff2?v=100181975222566383851772533890 @ https://cdn.shopify.com/extensions/019d8a13-ee60-75d7-ae0f-514ac36f9789/localizing-254/assets/floating-selector.js:0
[    2464ms] [WARNING] OTS parsing error: Failed to convert WOFF 2.0 font to SFNT @ https://cdn.shopify.com/extensions/019d8a13-ee60-75d7-ae0f-514ac36f9789/localizing-254/assets/floating-selector.js:0
[    2464ms] [WARNING] Failed to decode downloaded font: https://aromawax.eu/cdn/shop/t/30/assets/AvenirLTStd-Heavy.woff?v=49196535620247681531772533890 @ https://cdn.shopify.com/extensions/019d8a13-ee60-75d7-ae0f-514ac36f9789/localizing-254/assets/floating-selector.js:0
[    2464ms] [WARNING] OTS parsing error: incorrect file size in WOFF header @ https://cdn.shopify.com/extensions/019d8a13-ee60-75d7-ae0f-514ac36f9789/localizing-254/assets/floating-selector.js:0
[    2464ms] [WARNING] Failed to decode downloaded font: https://aromawax.eu/cdn/shop/t/30/assets/AvenirLTStd-Heavy.ttf?v=161065316383412791401772533890 @ https://cdn.shopify.com/extensions/019d8a13-ee60-75d7-ae0f-514ac36f9789/localizing-254/assets/floating-selector.js:0
[    2464ms] [WARNING] OTS parsing error: BASE: misaligned table @ https://cdn.shopify.com/extensions/019d8a13-ee60-75d7-ae0f-514ac36f9789/localizing-254/assets/floating-selector.js:0
[    2464ms] [WARNING] Failed to decode downloaded font: https://aromawax.eu/cdn/shop/t/30/assets/AvenirLTStd-Black.eot?v=61293692641208295061772533890 @ https://cdn.shopify.com/extensions/019d8a13-ee60-75d7-ae0f-514ac36f9789/localizing-254/assets/floating-selector.js:0
[    2464ms] [WARNING] OTS parsing error: invalid sfntVersion: -272646794 @ https://cdn.shopify.com/extensions/019d8a13-ee60-75d7-ae0f-514ac36f9789/localizing-254/assets/floating-selector.js:0
[    2749ms] [WARNING] Failed to decode downloaded font: https://aromawax.eu/cdn/shop/t/30/assets/AvenirLTStd-Heavy.woff2?v=100181975222566383851772533890 @ https://js.intercomcdn.com/frame-modern.711a00cc.js:0
[    2749ms] [WARNING] OTS parsing error: Failed to convert WOFF 2.0 font to SFNT @ https://js.intercomcdn.com/frame-modern.711a00cc.js:0
[    2749ms] [WARNING] Failed to decode downloaded font: https://aromawax.eu/cdn/shop/t/30/assets/AvenirLTStd-Heavy.woff?v=49196535620247681531772533890 @ https://js.intercomcdn.com/frame-modern.711a00cc.js:0
[    2749ms] [WARNING] OTS parsing error: incorrect file size in WOFF header @ https://js.intercomcdn.com/frame-modern.711a00cc.js:0
[    2749ms] [WARNING] Failed to decode downloaded font: https://aromawax.eu/cdn/shop/t/30/assets/AvenirLTStd-Heavy.ttf?v=161065316383412791401772533890 @ https://js.intercomcdn.com/frame-modern.711a00cc.js:0
[    2749ms] [WARNING] OTS parsing error: BASE: misaligned table @ https://js.intercomcdn.com/frame-modern.711a00cc.js:0
[    2749ms] [WARNING] Failed to decode downloaded font: https://aromawax.eu/cdn/shop/t/30/assets/AvenirLTStd-Black.eot?v=61293692641208295061772533890 @ https://js.intercomcdn.com/frame-modern.711a00cc.js:0
[    2749ms] [WARNING] OTS parsing error: invalid sfntVersion: -272646794 @ https://js.intercomcdn.com/frame-modern.711a00cc.js:0
[    2756ms] [WARNING] Failed to decode downloaded font: https://aromawax.eu/cdn/shop/t/30/assets/AvenirLTStd-Heavy.woff2?v=100181975222566383851772533890 @ https://aromawax.eu/pt/products/summer-2026-fragrance-oils-kit:0
[    2756ms] [WARNING] OTS parsing error: Failed to convert WOFF 2.0 font to SFNT @ https://aromawax.eu/pt/products/summer-2026-fragrance-oils-kit:0
[    2756ms] [WARNING] Failed to decode downloaded font: https://aromawax.eu/cdn/shop/t/30/assets/AvenirLTStd-Heavy.woff?v=49196535620247681531772533890 @ https://aromawax.eu/pt/products/summer-2026-fragrance-oils-kit:0
[    2756ms] [WARNING] OTS parsing error: incorrect file size in WOFF header @ https://aromawax.eu/pt/products/summer-2026-fragrance-oils-kit:0
[    2756ms] [WARNING] Failed to decode downloaded font: https://aromawax.eu/cdn/shop/t/30/assets/AvenirLTStd-Heavy.ttf?v=161065316383412791401772533890 @ https://aromawax.eu/pt/products/summer-2026-fragrance-oils-kit:0
[    2756ms] [WARNING] OTS parsing error: BASE: misaligned table @ https://aromawax.eu/pt/products/summer-2026-fragrance-oils-kit:0
[    2756ms] [WARNING] Failed to decode downloaded font: https://aromawax.eu/cdn/shop/t/30/assets/AvenirLTStd-Black.eot?v=61293692641208295061772533890 @ https://aromawax.eu/pt/products/summer-2026-fragrance-oils-kit:0
[    2756ms] [WARNING] OTS parsing error: invalid sfntVersion: -272646794 @ https://aromawax.eu/pt/products/summer-2026-fragrance-oils-kit:0
[    2923ms] [WARNING] Failed to decode downloaded font: https://aromawax.eu/cdn/shop/t/30/assets/AvenirLTStd-Heavy.woff2?v=100181975222566383851772533890 @ https://aromawax.eu/pt/products/summer-2026-fragrance-oils-kit:0
[    2923ms] [WARNING] OTS parsing error: Failed to convert WOFF 2.0 font to SFNT @ https://aromawax.eu/pt/products/summer-2026-fragrance-oils-kit:0
[    2923ms] [WARNING] Failed to decode downloaded font: https://aromawax.eu/cdn/shop/t/30/assets/AvenirLTStd-Heavy.woff?v=49196535620247681531772533890 @ https://aromawax.eu/pt/products/summer-2026-fragrance-oils-kit:0
[    2923ms] [WARNING] OTS parsing error: incorrect file size in WOFF header @ https://aromawax.eu/pt/products/summer-2026-fragrance-oils-kit:0
[    2923ms] [WARNING] Failed to decode downloaded font: https://aromawax.eu/cdn/shop/t/30/assets/AvenirLTStd-Heavy.ttf?v=161065316383412791401772533890 @ https://aromawax.eu/pt/products/summer-2026-fragrance-oils-kit:0
[    2923ms] [WARNING] OTS parsing error: BASE: misaligned table @ https://aromawax.eu/pt/products/summer-2026-fragrance-oils-kit:0
[    2923ms] [WARNING] Failed to decode downloaded font: https://aromawax.eu/cdn/shop/t/30/assets/AvenirLTStd-Black.eot?v=61293692641208295061772533890 @ https://aromawax.eu/pt/products/summer-2026-fragrance-oils-kit:0
[    2923ms] [WARNING] OTS parsing error: invalid sfntVersion: -272646794 @ https://aromawax.eu/pt/products/summer-2026-fragrance-oils-kit:0
[    3114ms] [WARNING] Failed to decode downloaded font: https://aromawax.eu/cdn/shop/t/30/assets/AvenirLTStd-Heavy.woff2?v=100181975222566383851772533890 @ https://aromawax.eu/pt/products/summer-2026-fragrance-oils-kit:0
[    3114ms] [WARNING] OTS parsing error: Failed to convert WOFF 2.0 font to SFNT @ https://aromawax.eu/pt/products/summer-2026-fragrance-oils-kit:0
[    3114ms] [WARNING] Failed to decode downloaded font: https://aromawax.eu/cdn/shop/t/30/assets/AvenirLTStd-Heavy.woff?v=49196535620247681531772533890 @ https://aromawax.eu/pt/products/summer-2026-fragrance-oils-kit:0
[    3114ms] [WARNING] OTS parsing error: incorrect file size in WOFF header @ https://aromawax.eu/pt/products/summer-2026-fragrance-oils-kit:0
[    3114ms] [WARNING] Failed to decode downloaded font: https://aromawax.eu/cdn/shop/t/30/assets/AvenirLTStd-Heavy.ttf?v=161065316383412791401772533890 @ https://aromawax.eu/pt/products/summer-2026-fragrance-oils-kit:0
[    3114ms] [WARNING] OTS parsing error: BASE: misaligned table @ https://aromawax.eu/pt/products/summer-2026-fragrance-oils-kit:0
[    3114ms] [WARNING] Failed to decode downloaded font: https://aromawax.eu/cdn/shop/t/30/assets/AvenirLTStd-Black.eot?v=61293692641208295061772533890 @ https://aromawax.eu/pt/products/summer-2026-fragrance-oils-kit:0
[    3114ms] [WARNING] OTS parsing error: invalid sfntVersion: -272646794 @ https://aromawax.eu/pt/products/summer-2026-fragrance-oils-kit:0
[    3115ms] [INFO] Clear-Site-Data header on 'https://aromawax.eu/pt/cart/add.js': Cleared data types: "prefetchCache", "prerenderCache". @ https://aromawax.eu/pt/products/summer-2026-fragrance-oils-kit:0
