[    1168ms] [WARNING] An import map rule for specifier '@app/main' was removed, as it conflicted with an existing rule. @ https://aromawax.eu/pt/products/summer-2026-fragrance-oils-kit:0
[    1207ms] [WARNING] Failed to decode downloaded font: https://aromawax.eu/cdn/shop/t/30/assets/AvenirLTStd-Black.eot?v=61293692641208295061772533890 @ https://aromawax.eu/pt/products/summer-2026-fragrance-oils-kit:3670
[    1207ms] [WARNING] OTS parsing error: invalid sfntVersion: -272646794 @ https://aromawax.eu/pt/products/summer-2026-fragrance-oils-kit:3670
[    1226ms] [WARNING] Failed to decode downloaded font: https://aromawax.eu/cdn/shop/t/30/assets/AvenirLTStd-Black.eot?v=61293692641208295061772533890 @ https://aromawax.eu/pt/products/summer-2026-fragrance-oils-kit:5548
[    1226ms] [WARNING] OTS parsing error: invalid sfntVersion: -272646794 @ https://aromawax.eu/pt/products/summer-2026-fragrance-oils-kit:5548
[    1239ms] [INFO] [HotReload] CLI hot reload disabled - No hot reload port specified. @ https://aromawax.eu/cdn/shopifycloud/theme-hot-reload/theme-hot-reload.js:316
[    1249ms] [WARNING] Failed to decode downloaded font: https://aromawax.eu/cdn/shop/t/30/assets/AvenirLTStd-Black.eot?v=61293692641208295061772533890 @ https://cdn.shopify.com/shopifycloud/preview-bar/preview-bar-modules.js:0
[    1249ms] [WARNING] OTS parsing error: invalid sfntVersion: -272646794 @ https://cdn.shopify.com/shopifycloud/preview-bar/preview-bar-modules.js:0
[    1253ms] [WARNING] Failed to decode downloaded font: https://aromawax.eu/cdn/shop/t/30/assets/AvenirLTStd-Heavy.woff2?v=100181975222566383851772533890 @ https://aromawax.eu/pt/products/summer-2026-fragrance-oils-kit:0
[    1253ms] [WARNING] OTS parsing error: Failed to convert WOFF 2.0 font to SFNT @ https://aromawax.eu/pt/products/summer-2026-fragrance-oils-kit:0
[    1253ms] [WARNING] Failed to decode downloaded font: https://aromawax.eu/cdn/shop/t/30/assets/AvenirLTStd-Heavy.woff2?v=100181975222566383851772533890 @ https://aromawax.eu/pt/products/summer-2026-fragrance-oils-kit:0
[    1253ms] [WARNING] OTS parsing error: Failed to convert WOFF 2.0 font to SFNT @ https://aromawax.eu/pt/products/summer-2026-fragrance-oils-kit:0
[    1253ms] [WARNING] Failed to decode downloaded font: https://aromawax.eu/cdn/shop/t/30/assets/AvenirLTStd-Heavy.woff2?v=100181975222566383851772533890 @ https://aromawax.eu/pt/products/summer-2026-fragrance-oils-kit:0
[    1253ms] [WARNING] OTS parsing error: Failed to convert WOFF 2.0 font to SFNT @ https://aromawax.eu/pt/products/summer-2026-fragrance-oils-kit:0
[    1259ms] [LOG] %cCustomer Accounts Deluxe font-size: 18px; font-weight: bold; color: #fff; background: linear-gradient(90deg, #007bff, #00c6ff); padding: 6px 12px; border-radius: 5px; text-align: center; @ webpack://customer-account-deluxe/./extensions/customer-page/assets/cad_base.js?:39
[    1259ms] [LOG] 
 🔵 Seamless Shopify Integration

 🔵 Enhance Customer Experience with Custom Features

 🔵 Loyalty, Rewards, Social Login, Wishlist, Returns & Exchanges, Store Credits and Much More


 Learn more at: https://apps.shopify.com/customer-account-deluxe

 @ webpack://customer-account-deluxe/./extensions/customer-page/assets/cad_base.js?:40
[    1302ms] [WARNING] Failed to decode downloaded font: https://aromawax.eu/cdn/shop/t/30/assets/AvenirLTStd-Heavy.woff?v=49196535620247681531772533890 @ https://aromawax.eu/pt/products/summer-2026-fragrance-oils-kit:0
[    1302ms] [WARNING] OTS parsing error: incorrect file size in WOFF header @ https://aromawax.eu/pt/products/summer-2026-fragrance-oils-kit:0
[    1302ms] [WARNING] Failed to decode downloaded font: https://aromawax.eu/cdn/shop/t/30/assets/AvenirLTStd-Heavy.woff?v=49196535620247681531772533890 @ https://aromawax.eu/pt/products/summer-2026-fragrance-oils-kit:0
[    1302ms] [WARNING] OTS parsing error: incorrect file size in WOFF header @ https://aromawax.eu/pt/products/summer-2026-fragrance-oils-kit:0
[    1302ms] [WARNING] Failed to decode downloaded font: https://aromawax.eu/cdn/shop/t/30/assets/AvenirLTStd-Heavy.woff?v=49196535620247681531772533890 @ https://aromawax.eu/pt/products/summer-2026-fragrance-oils-kit:0
[    1302ms] [WARNING] OTS parsing error: incorrect file size in WOFF header @ https://aromawax.eu/pt/products/summer-2026-fragrance-oils-kit:0
[    1307ms] [WARNING] Failed to decode downloaded font: https://aromawax.eu/cdn/shop/t/30/assets/AvenirLTStd-Heavy.woff2?v=100181975222566383851772533890 @ https://aromawax.eu/pt/products/summer-2026-fragrance-oils-kit:0
[    1307ms] [WARNING] OTS parsing error: Failed to convert WOFF 2.0 font to SFNT @ https://aromawax.eu/pt/products/summer-2026-fragrance-oils-kit:0
[    1307ms] [WARNING] Failed to decode downloaded font: https://aromawax.eu/cdn/shop/t/30/assets/AvenirLTStd-Heavy.woff?v=49196535620247681531772533890 @ https://aromawax.eu/pt/products/summer-2026-fragrance-oils-kit:0
[    1307ms] [WARNING] OTS parsing error: incorrect file size in WOFF header @ https://aromawax.eu/pt/products/summer-2026-fragrance-oils-kit:0
[    1307ms] [WARNING] Failed to decode downloaded font: https://aromawax.eu/cdn/shop/t/30/assets/AvenirLTStd-Black.eot?v=61293692641208295061772533890 @ https://aromawax.eu/pt/products/summer-2026-fragrance-oils-kit:0
[    1307ms] [WARNING] OTS parsing error: invalid sfntVersion: -272646794 @ https://aromawax.eu/pt/products/summer-2026-fragrance-oils-kit:0
[    1328ms] [WARNING] Failed to decode downloaded font: https://aromawax.eu/cdn/shop/t/30/assets/AvenirLTStd-Heavy.woff2?v=100181975222566383851772533890 @ https://aromawax.eu/pt/products/summer-2026-fragrance-oils-kit:0
[    1328ms] [WARNING] OTS parsing error: Failed to convert WOFF 2.0 font to SFNT @ https://aromawax.eu/pt/products/summer-2026-fragrance-oils-kit:0
[    1328ms] [WARNING] Failed to decode downloaded font: https://aromawax.eu/cdn/shop/t/30/assets/AvenirLTStd-Heavy.woff?v=49196535620247681531772533890 @ https://aromawax.eu/pt/products/summer-2026-fragrance-oils-kit:0
[    1328ms] [WARNING] OTS parsing error: incorrect file size in WOFF header @ https://aromawax.eu/pt/products/summer-2026-fragrance-oils-kit:0
[    1328ms] [WARNING] Failed to decode downloaded font: https://aromawax.eu/cdn/shop/t/30/assets/AvenirLTStd-Black.eot?v=61293692641208295061772533890 @ https://aromawax.eu/pt/products/summer-2026-fragrance-oils-kit:0
[    1328ms] [WARNING] OTS parsing error: invalid sfntVersion: -272646794 @ https://aromawax.eu/pt/products/summer-2026-fragrance-oils-kit:0
[    1343ms] [WARNING] Failed to decode downloaded font: https://aromawax.eu/cdn/shop/t/30/assets/AvenirLTStd-Heavy.ttf?v=161065316383412791401772533890 @ https://aromawax.eu/pt/products/summer-2026-fragrance-oils-kit:0
[    1343ms] [WARNING] OTS parsing error: BASE: misaligned table @ https://aromawax.eu/pt/products/summer-2026-fragrance-oils-kit:0
[    1343ms] [WARNING] Failed to decode downloaded font: https://aromawax.eu/cdn/shop/t/30/assets/AvenirLTStd-Heavy.ttf?v=161065316383412791401772533890 @ https://aromawax.eu/pt/products/summer-2026-fragrance-oils-kit:0
[    1343ms] [WARNING] OTS parsing error: BASE: misaligned table @ https://aromawax.eu/pt/products/summer-2026-fragrance-oils-kit:0
[    1343ms] [WARNING] Failed to decode downloaded font: https://aromawax.eu/cdn/shop/t/30/assets/AvenirLTStd-Heavy.ttf?v=161065316383412791401772533890 @ https://aromawax.eu/pt/products/summer-2026-fragrance-oils-kit:0
[    1343ms] [WARNING] OTS parsing error: BASE: misaligned table @ https://aromawax.eu/pt/products/summer-2026-fragrance-oils-kit:0
[    1343ms] [WARNING] Failed to decode downloaded font: https://aromawax.eu/cdn/shop/t/30/assets/AvenirLTStd-Heavy.ttf?v=161065316383412791401772533890 @ https://aromawax.eu/pt/products/summer-2026-fragrance-oils-kit:0
[    1343ms] [WARNING] OTS parsing error: BASE: misaligned table @ https://aromawax.eu/pt/products/summer-2026-fragrance-oils-kit:0
[    1343ms] [WARNING] Failed to decode downloaded font: https://aromawax.eu/cdn/shop/t/30/assets/AvenirLTStd-Heavy.ttf?v=161065316383412791401772533890 @ https://aromawax.eu/pt/products/summer-2026-fragrance-oils-kit:0
[    1343ms] [WARNING] OTS parsing error: BASE: misaligned table @ https://aromawax.eu/pt/products/summer-2026-fragrance-oils-kit:0
[    1353ms] [WARNING] Failed to decode downloaded font: https://aromawax.eu/cdn/shop/t/30/assets/AvenirLTStd-Heavy.woff2?v=100181975222566383851772533890 @ https://aromawax.eu/pt/products/summer-2026-fragrance-oils-kit:0
[    1353ms] [WARNING] OTS parsing error: Failed to convert WOFF 2.0 font to SFNT @ https://aromawax.eu/pt/products/summer-2026-fragrance-oils-kit:0
[    1353ms] [WARNING] Failed to decode downloaded font: https://aromawax.eu/cdn/shop/t/30/assets/AvenirLTStd-Heavy.woff?v=49196535620247681531772533890 @ https://aromawax.eu/pt/products/summer-2026-fragrance-oils-kit:0
[    1353ms] [WARNING] OTS parsing error: incorrect file size in WOFF header @ https://aromawax.eu/pt/products/summer-2026-fragrance-oils-kit:0
[    1353ms] [WARNING] Failed to decode downloaded font: https://aromawax.eu/cdn/shop/t/30/assets/AvenirLTStd-Heavy.ttf?v=161065316383412791401772533890 @ https://aromawax.eu/pt/products/summer-2026-fragrance-oils-kit:0
[    1353ms] [WARNING] OTS parsing error: BASE: misaligned table @ https://aromawax.eu/pt/products/summer-2026-fragrance-oils-kit:0
[    1353ms] [WARNING] Failed to decode downloaded font: https://aromawax.eu/cdn/shop/t/30/assets/AvenirLTStd-Black.eot?v=61293692641208295061772533890 @ https://aromawax.eu/pt/products/summer-2026-fragrance-oils-kit:0
[    1353ms] [WARNING] OTS parsing error: invalid sfntVersion: -272646794 @ https://aromawax.eu/pt/products/summer-2026-fragrance-oils-kit:0
[    1359ms] [WARNING] Failed to decode downloaded font: https://aromawax.eu/cdn/shop/t/30/assets/AvenirLTStd-Heavy.woff2?v=100181975222566383851772533890 @ https://aromawax.eu/pt/products/summer-2026-fragrance-oils-kit:0
[    1359ms] [WARNING] OTS parsing error: Failed to convert WOFF 2.0 font to SFNT @ https://aromawax.eu/pt/products/summer-2026-fragrance-oils-kit:0
[    1359ms] [WARNING] Failed to decode downloaded font: https://aromawax.eu/cdn/shop/t/30/assets/AvenirLTStd-Heavy.woff?v=49196535620247681531772533890 @ https://aromawax.eu/pt/products/summer-2026-fragrance-oils-kit:0
[    1359ms] [WARNING] OTS parsing error: incorrect file size in WOFF header @ https://aromawax.eu/pt/products/summer-2026-fragrance-oils-kit:0
[    1359ms] [WARNING] Failed to decode downloaded font: https://aromawax.eu/cdn/shop/t/30/assets/AvenirLTStd-Heavy.ttf?v=161065316383412791401772533890 @ https://aromawax.eu/pt/products/summer-2026-fragrance-oils-kit:0
[    1359ms] [WARNING] OTS parsing error: BASE: misaligned table @ https://aromawax.eu/pt/products/summer-2026-fragrance-oils-kit:0
[    1359ms] [WARNING] Failed to decode downloaded font: https://aromawax.eu/cdn/shop/t/30/assets/AvenirLTStd-Black.eot?v=61293692641208295061772533890 @ https://aromawax.eu/pt/products/summer-2026-fragrance-oils-kit:0
[    1359ms] [WARNING] OTS parsing error: invalid sfntVersion: -272646794 @ https://aromawax.eu/pt/products/summer-2026-fragrance-oils-kit:0
[    1400ms] [WARNING] Failed to decode downloaded font: https://aromawax.eu/cdn/shop/t/30/assets/AvenirLTStd-Heavy.woff2?v=100181975222566383851772533890 @ :2
[    1400ms] [WARNING] OTS parsing error: Failed to convert WOFF 2.0 font to SFNT @ :2
[    1400ms] [WARNING] Failed to decode downloaded font: https://aromawax.eu/cdn/shop/t/30/assets/AvenirLTStd-Heavy.woff?v=49196535620247681531772533890 @ :2
[    1400ms] [WARNING] OTS parsing error: incorrect file size in WOFF header @ :2
[    1400ms] [WARNING] Failed to decode downloaded font: https://aromawax.eu/cdn/shop/t/30/assets/AvenirLTStd-Heavy.ttf?v=161065316383412791401772533890 @ :2
[    1400ms] [WARNING] OTS parsing error: BASE: misaligned table @ :2
[    1400ms] [WARNING] Failed to decode downloaded font: https://aromawax.eu/cdn/shop/t/30/assets/AvenirLTStd-Black.eot?v=61293692641208295061772533890 @ :2
[    1400ms] [WARNING] OTS parsing error: invalid sfntVersion: -272646794 @ :2
[    1571ms] [LOG] existingToggle null @ https://cdn.shopify.com/extensions/019d67a4-5b06-743b-9c60-09feb0784e3c/final-price-72/assets/price-display.js:1202
[    1571ms] [LOG] existingToggle null @ https://cdn.shopify.com/extensions/019d67a4-5b06-743b-9c60-09feb0784e3c/final-price-72/assets/price-display.js:1202
[    2706ms] [WARNING] Failed to decode downloaded font: https://aromawax.eu/cdn/shop/t/30/assets/AvenirLTStd-Heavy.woff2?v=100181975222566383851772533890 @ https://cdn.shopify.com/extensions/019d8a13-ee60-75d7-ae0f-514ac36f9789/localizing-254/assets/floating-selector.js:0
[    2706ms] [WARNING] OTS parsing error: Failed to convert WOFF 2.0 font to SFNT @ https://cdn.shopify.com/extensions/019d8a13-ee60-75d7-ae0f-514ac36f9789/localizing-254/assets/floating-selector.js:0
[    2706ms] [WARNING] Failed to decode downloaded font: https://aromawax.eu/cdn/shop/t/30/assets/AvenirLTStd-Heavy.woff?v=49196535620247681531772533890 @ https://cdn.shopify.com/extensions/019d8a13-ee60-75d7-ae0f-514ac36f9789/localizing-254/assets/floating-selector.js:0
[    2706ms] [WARNING] OTS parsing error: incorrect file size in WOFF header @ https://cdn.shopify.com/extensions/019d8a13-ee60-75d7-ae0f-514ac36f9789/localizing-254/assets/floating-selector.js:0
[    2706ms] [WARNING] Failed to decode downloaded font: https://aromawax.eu/cdn/shop/t/30/assets/AvenirLTStd-Heavy.ttf?v=161065316383412791401772533890 @ https://cdn.shopify.com/extensions/019d8a13-ee60-75d7-ae0f-514ac36f9789/localizing-254/assets/floating-selector.js:0
[    2706ms] [WARNING] OTS parsing error: BASE: misaligned table @ https://cdn.shopify.com/extensions/019d8a13-ee60-75d7-ae0f-514ac36f9789/localizing-254/assets/floating-selector.js:0
[    2706ms] [WARNING] Failed to decode downloaded font: https://aromawax.eu/cdn/shop/t/30/assets/AvenirLTStd-Black.eot?v=61293692641208295061772533890 @ https://cdn.shopify.com/extensions/019d8a13-ee60-75d7-ae0f-514ac36f9789/localizing-254/assets/floating-selector.js:0
[    2706ms] [WARNING] OTS parsing error: invalid sfntVersion: -272646794 @ https://cdn.shopify.com/extensions/019d8a13-ee60-75d7-ae0f-514ac36f9789/localizing-254/assets/floating-selector.js:0
