[     215ms] [LOG] Sample products app is runnning... @ https://aromawax.eu/pt/cart:3278
[     215ms] [LOG] new called @ https://aromawax.eu/pt/cart:3329
[     215ms] [LOG] Selected currency is.... € @ https://aromawax.eu/pt/cart:3331
[     215ms] [LOG] %cSample Products - Try & Buy (v1.0.6) %c font-size: 2em; font-size: 2em;; color: #8d4ad2 @ https://aromawax.eu/pt/cart:3662
[     215ms] [LOG] %cVisit us -https://apps.shopify.com/sample-products font-size: 1.5em; @ https://aromawax.eu/pt/cart:3662
[     216ms] [LOG] ES shop_country @ https://aromawax.eu/pt/cart:4047
[     216ms] [LOG] ES countryCode @ https://aromawax.eu/pt/cart:4048
[     219ms] [WARNING] An import map rule for specifier '@app/main' was removed, as it conflicted with an existing rule. @ https://aromawax.eu/pt/cart:0
[     219ms] [WARNING] Failed to decode downloaded font: https://aromawax.eu/cdn/shop/t/29/assets/AvenirLTStd-Black.eot?v=61293692641208295061771850553 @ https://aromawax.eu/pt/cart:6964
[     219ms] [WARNING] OTS parsing error: invalid sfntVersion: -272646794 @ https://aromawax.eu/pt/cart:6964
[     220ms] [WARNING] Failed to decode downloaded font: https://aromawax.eu/cdn/shop/t/29/assets/AvenirLTStd-Black.eot?v=61293692641208295061771850553 @ https://aromawax.eu/pt/cart:6964
[     220ms] [WARNING] OTS parsing error: invalid sfntVersion: -272646794 @ https://aromawax.eu/pt/cart:6964
[     242ms] [WARNING] Failed to decode downloaded font: https://aromawax.eu/cdn/shop/t/29/assets/AvenirLTStd-Heavy.woff2?v=100181975222566383851771850553 @ https://aromawax.eu/pt/cart:6964
[     242ms] [WARNING] OTS parsing error: Failed to convert WOFF 2.0 font to SFNT @ https://aromawax.eu/pt/cart:6964
[     242ms] [WARNING] Failed to decode downloaded font: https://aromawax.eu/cdn/shop/t/29/assets/AvenirLTStd-Heavy.woff2?v=100181975222566383851771850553 @ https://aromawax.eu/pt/cart:6964
[     242ms] [WARNING] OTS parsing error: Failed to convert WOFF 2.0 font to SFNT @ https://aromawax.eu/pt/cart:6964
[     243ms] [WARNING] Failed to decode downloaded font: https://aromawax.eu/cdn/shop/t/29/assets/AvenirLTStd-Heavy.woff?v=49196535620247681531771850553 @ https://aromawax.eu/pt/cart:6964
[     243ms] [WARNING] OTS parsing error: incorrect file size in WOFF header @ https://aromawax.eu/pt/cart:6964
[     243ms] [WARNING] Failed to decode downloaded font: https://aromawax.eu/cdn/shop/t/29/assets/AvenirLTStd-Heavy.woff?v=49196535620247681531771850553 @ https://aromawax.eu/pt/cart:6964
[     243ms] [WARNING] OTS parsing error: incorrect file size in WOFF header @ https://aromawax.eu/pt/cart:6964
[     246ms] [WARNING] Failed to decode downloaded font: https://aromawax.eu/cdn/shop/t/29/assets/AvenirLTStd-Heavy.ttf?v=161065316383412791401771850553 @ https://aromawax.eu/pt/cart:6964
[     246ms] [WARNING] OTS parsing error: BASE: misaligned table @ https://aromawax.eu/pt/cart:6964
[     246ms] [WARNING] Failed to decode downloaded font: https://aromawax.eu/cdn/shop/t/29/assets/AvenirLTStd-Heavy.ttf?v=161065316383412791401771850553 @ https://aromawax.eu/pt/cart:6964
[     246ms] [WARNING] OTS parsing error: BASE: misaligned table @ https://aromawax.eu/pt/cart:6964
[     258ms] [LOG] %cCustomer Accounts Deluxe font-size: 18px; font-weight: bold; color: #fff; background: linear-gradient(90deg, #007bff, #00c6ff); padding: 6px 12px; border-radius: 5px; text-align: center; @ webpack://customer-account-deluxe/./extensions/customer-page/assets/cad_base.js?:39
[     258ms] [LOG] 
 🔵 Seamless Shopify Integration

 🔵 Enhance Customer Experience with Custom Features

 🔵 Loyalty, Rewards, Social Login, Wishlist, Returns & Exchanges, Store Credits and Much More


 Learn more at: https://apps.shopify.com/customer-account-deluxe

 @ webpack://customer-account-deluxe/./extensions/customer-page/assets/cad_base.js?:40
[     286ms] [LOG] Detected country: ES @ https://aromawax.eu/pt/cart:4064
[     286ms] [LOG] Should show VAT: true @ https://aromawax.eu/pt/cart:4065
[     287ms] [WARNING] Failed to decode downloaded font: https://aromawax.eu/cdn/shop/t/29/assets/AvenirLTStd-Heavy.woff2?v=100181975222566383851771850553 @ https://aromawax.eu/pt/cart:0
[     287ms] [WARNING] OTS parsing error: Failed to convert WOFF 2.0 font to SFNT @ https://aromawax.eu/pt/cart:0
[     287ms] [WARNING] Failed to decode downloaded font: https://aromawax.eu/cdn/shop/t/29/assets/AvenirLTStd-Heavy.woff?v=49196535620247681531771850553 @ https://aromawax.eu/pt/cart:0
[     287ms] [WARNING] OTS parsing error: incorrect file size in WOFF header @ https://aromawax.eu/pt/cart:0
[     287ms] [WARNING] Failed to decode downloaded font: https://aromawax.eu/cdn/shop/t/29/assets/AvenirLTStd-Heavy.ttf?v=161065316383412791401771850553 @ https://aromawax.eu/pt/cart:0
[     287ms] [WARNING] OTS parsing error: BASE: misaligned table @ https://aromawax.eu/pt/cart:0
[     287ms] [WARNING] Failed to decode downloaded font: https://aromawax.eu/cdn/shop/t/29/assets/AvenirLTStd-Black.eot?v=61293692641208295061771850553 @ https://aromawax.eu/pt/cart:0
[     287ms] [WARNING] OTS parsing error: invalid sfntVersion: -272646794 @ https://aromawax.eu/pt/cart:0
[     311ms] [WARNING] Failed to decode downloaded font: https://aromawax.eu/cdn/shop/t/29/assets/AvenirLTStd-Heavy.woff2?v=100181975222566383851771850553 @ https://aromawax.eu/pt/cart:0
[     311ms] [WARNING] OTS parsing error: Failed to convert WOFF 2.0 font to SFNT @ https://aromawax.eu/pt/cart:0
[     311ms] [WARNING] Failed to decode downloaded font: https://aromawax.eu/cdn/shop/t/29/assets/AvenirLTStd-Heavy.woff?v=49196535620247681531771850553 @ https://aromawax.eu/pt/cart:0
[     311ms] [WARNING] OTS parsing error: incorrect file size in WOFF header @ https://aromawax.eu/pt/cart:0
[     311ms] [WARNING] Failed to decode downloaded font: https://aromawax.eu/cdn/shop/t/29/assets/AvenirLTStd-Heavy.ttf?v=161065316383412791401771850553 @ https://aromawax.eu/pt/cart:0
[     311ms] [WARNING] OTS parsing error: BASE: misaligned table @ https://aromawax.eu/pt/cart:0
[     311ms] [WARNING] Failed to decode downloaded font: https://aromawax.eu/cdn/shop/t/29/assets/AvenirLTStd-Black.eot?v=61293692641208295061771850553 @ https://aromawax.eu/pt/cart:0
[     311ms] [WARNING] OTS parsing error: invalid sfntVersion: -272646794 @ https://aromawax.eu/pt/cart:0
[     331ms] [LOG] %cPrice range before conversion %c font-size: 2em; font-size: 2em;; color: #8d4ad2 [Object, Object, Object, Object, Object, Object, Object, Object, Object, Object] @ https://aromawax.eu/pt/cart:3360
[     365ms] [WARNING] Failed to decode downloaded font: https://aromawax.eu/cdn/shop/t/29/assets/AvenirLTStd-Heavy.woff2?v=100181975222566383851771850553 @ https://aromawax.eu/pt/cart:0
[     365ms] [WARNING] OTS parsing error: Failed to convert WOFF 2.0 font to SFNT @ https://aromawax.eu/pt/cart:0
[     365ms] [WARNING] Failed to decode downloaded font: https://aromawax.eu/cdn/shop/t/29/assets/AvenirLTStd-Heavy.woff?v=49196535620247681531771850553 @ https://aromawax.eu/pt/cart:0
[     366ms] [WARNING] OTS parsing error: incorrect file size in WOFF header @ https://aromawax.eu/pt/cart:0
[     366ms] [WARNING] Failed to decode downloaded font: https://aromawax.eu/cdn/shop/t/29/assets/AvenirLTStd-Heavy.ttf?v=161065316383412791401771850553 @ https://aromawax.eu/pt/cart:0
[     366ms] [WARNING] OTS parsing error: BASE: misaligned table @ https://aromawax.eu/pt/cart:0
[     366ms] [WARNING] Failed to decode downloaded font: https://aromawax.eu/cdn/shop/t/29/assets/AvenirLTStd-Black.eot?v=61293692641208295061771850553 @ https://aromawax.eu/pt/cart:0
[     366ms] [WARNING] OTS parsing error: invalid sfntVersion: -272646794 @ https://aromawax.eu/pt/cart:0
[     470ms] [LOG] existingToggle null @ https://cdn.shopify.com/extensions/019d67a4-5b06-743b-9c60-09feb0784e3c/final-price-72/assets/price-display.js:1202
[     470ms] [LOG] existingToggle null @ https://cdn.shopify.com/extensions/019d67a4-5b06-743b-9c60-09feb0784e3c/final-price-72/assets/price-display.js:1202
[     493ms] [LOG] %cPrice range after conversion %c font-size: 2em; font-size: 2em;; color: #8d4ad2 [Object, Object, Object, Object, Object, Object, Object, Object, Object, Object] @ https://aromawax.eu/pt/cart:3494
[     836ms] [LOG] %cPrice range after conversion %c font-size: 2em; font-size: 2em;; color: #8d4ad2 [Object, Object, Object, Object, Object, Object, Object, Object, Object, Object] @ https://aromawax.eu/pt/cart:3494
[    1003ms] [LOG] %cPrice range after conversion %c font-size: 2em; font-size: 2em;; color: #8d4ad2 [Object, Object, Object, Object, Object, Object, Object, Object, Object, Object] @ https://aromawax.eu/pt/cart:3494
[    1221ms] [LOG] %cPrice range after conversion %c font-size: 2em; font-size: 2em;; color: #8d4ad2 [Object, Object, Object, Object, Object, Object, Object, Object, Object, Object] @ https://aromawax.eu/pt/cart:3494
[    1246ms] [WARNING] Failed to decode downloaded font: https://aromawax.eu/cdn/shop/t/29/assets/AvenirLTStd-Heavy.woff2?v=100181975222566383851771850553 @ https://cdn.shopify.com/extensions/019d8a13-ee60-75d7-ae0f-514ac36f9789/localizing-254/assets/floating-selector.js:0
[    1246ms] [WARNING] OTS parsing error: Failed to convert WOFF 2.0 font to SFNT @ https://cdn.shopify.com/extensions/019d8a13-ee60-75d7-ae0f-514ac36f9789/localizing-254/assets/floating-selector.js:0
[    1246ms] [WARNING] Failed to decode downloaded font: https://aromawax.eu/cdn/shop/t/29/assets/AvenirLTStd-Heavy.woff?v=49196535620247681531771850553 @ https://cdn.shopify.com/extensions/019d8a13-ee60-75d7-ae0f-514ac36f9789/localizing-254/assets/floating-selector.js:0
[    1246ms] [WARNING] OTS parsing error: incorrect file size in WOFF header @ https://cdn.shopify.com/extensions/019d8a13-ee60-75d7-ae0f-514ac36f9789/localizing-254/assets/floating-selector.js:0
[    1246ms] [WARNING] Failed to decode downloaded font: https://aromawax.eu/cdn/shop/t/29/assets/AvenirLTStd-Heavy.ttf?v=161065316383412791401771850553 @ https://cdn.shopify.com/extensions/019d8a13-ee60-75d7-ae0f-514ac36f9789/localizing-254/assets/floating-selector.js:0
[    1246ms] [WARNING] OTS parsing error: BASE: misaligned table @ https://cdn.shopify.com/extensions/019d8a13-ee60-75d7-ae0f-514ac36f9789/localizing-254/assets/floating-selector.js:0
[    1246ms] [WARNING] Failed to decode downloaded font: https://aromawax.eu/cdn/shop/t/29/assets/AvenirLTStd-Black.eot?v=61293692641208295061771850553 @ https://cdn.shopify.com/extensions/019d8a13-ee60-75d7-ae0f-514ac36f9789/localizing-254/assets/floating-selector.js:0
[    1246ms] [WARNING] OTS parsing error: invalid sfntVersion: -272646794 @ https://cdn.shopify.com/extensions/019d8a13-ee60-75d7-ae0f-514ac36f9789/localizing-254/assets/floating-selector.js:0
[    1431ms] [LOG] %cPrice range after conversion %c font-size: 2em; font-size: 2em;; color: #8d4ad2 [Object, Object, Object, Object, Object, Object, Object, Object, Object, Object] @ https://aromawax.eu/pt/cart:3494
[    1482ms] [WARNING] Failed to decode downloaded font: https://aromawax.eu/cdn/shop/t/29/assets/AvenirLTStd-Heavy.woff2?v=100181975222566383851771850553 @ https://aromawax.eu/pt/cart:0
[    1482ms] [WARNING] OTS parsing error: Failed to convert WOFF 2.0 font to SFNT @ https://aromawax.eu/pt/cart:0
[    1482ms] [WARNING] Failed to decode downloaded font: https://aromawax.eu/cdn/shop/t/29/assets/AvenirLTStd-Heavy.woff?v=49196535620247681531771850553 @ https://aromawax.eu/pt/cart:0
[    1482ms] [WARNING] OTS parsing error: incorrect file size in WOFF header @ https://aromawax.eu/pt/cart:0
[    1482ms] [WARNING] Failed to decode downloaded font: https://aromawax.eu/cdn/shop/t/29/assets/AvenirLTStd-Heavy.ttf?v=161065316383412791401771850553 @ https://aromawax.eu/pt/cart:0
[    1482ms] [WARNING] OTS parsing error: BASE: misaligned table @ https://aromawax.eu/pt/cart:0
[    1482ms] [WARNING] Failed to decode downloaded font: https://aromawax.eu/cdn/shop/t/29/assets/AvenirLTStd-Black.eot?v=61293692641208295061771850553 @ https://aromawax.eu/pt/cart:0
[    1482ms] [WARNING] OTS parsing error: invalid sfntVersion: -272646794 @ https://aromawax.eu/pt/cart:0
[    1556ms] [LOG] %cPrice range after conversion %c font-size: 2em; font-size: 2em;; color: #8d4ad2 [Object, Object, Object, Object, Object, Object, Object, Object, Object, Object] @ https://aromawax.eu/pt/cart:3494
[    1801ms] [LOG] %cPrice range after conversion %c font-size: 2em; font-size: 2em;; color: #8d4ad2 [Object, Object, Object, Object, Object, Object, Object, Object, Object, Object] @ https://aromawax.eu/pt/cart:3494
[    3369ms] [WARNING] Failed to decode downloaded font: https://aromawax.eu/cdn/shop/t/29/assets/AvenirLTStd-Heavy.woff2?v=100181975222566383851771850553 @ https://js.intercomcdn.com/frame-modern.6f8248ff.js:0
[    3369ms] [WARNING] OTS parsing error: Failed to convert WOFF 2.0 font to SFNT @ https://js.intercomcdn.com/frame-modern.6f8248ff.js:0
[    3369ms] [WARNING] Failed to decode downloaded font: https://aromawax.eu/cdn/shop/t/29/assets/AvenirLTStd-Heavy.woff?v=49196535620247681531771850553 @ https://js.intercomcdn.com/frame-modern.6f8248ff.js:0
[    3369ms] [WARNING] OTS parsing error: incorrect file size in WOFF header @ https://js.intercomcdn.com/frame-modern.6f8248ff.js:0
[    3369ms] [WARNING] Failed to decode downloaded font: https://aromawax.eu/cdn/shop/t/29/assets/AvenirLTStd-Heavy.ttf?v=161065316383412791401771850553 @ https://js.intercomcdn.com/frame-modern.6f8248ff.js:0
[    3369ms] [WARNING] OTS parsing error: BASE: misaligned table @ https://js.intercomcdn.com/frame-modern.6f8248ff.js:0
[    3369ms] [WARNING] Failed to decode downloaded font: https://aromawax.eu/cdn/shop/t/29/assets/AvenirLTStd-Black.eot?v=61293692641208295061771850553 @ https://js.intercomcdn.com/frame-modern.6f8248ff.js:0
[    3369ms] [WARNING] OTS parsing error: invalid sfntVersion: -272646794 @ https://js.intercomcdn.com/frame-modern.6f8248ff.js:0
[    3382ms] [WARNING] Failed to decode downloaded font: https://aromawax.eu/cdn/shop/t/29/assets/AvenirLTStd-Heavy.woff2?v=100181975222566383851771850553 @ https://aromawax.eu/pt/cart:0
[    3382ms] [WARNING] OTS parsing error: Failed to convert WOFF 2.0 font to SFNT @ https://aromawax.eu/pt/cart:0
[    3382ms] [WARNING] Failed to decode downloaded font: https://aromawax.eu/cdn/shop/t/29/assets/AvenirLTStd-Heavy.woff?v=49196535620247681531771850553 @ https://aromawax.eu/pt/cart:0
[    3382ms] [WARNING] OTS parsing error: incorrect file size in WOFF header @ https://aromawax.eu/pt/cart:0
[    3382ms] [WARNING] Failed to decode downloaded font: https://aromawax.eu/cdn/shop/t/29/assets/AvenirLTStd-Heavy.ttf?v=161065316383412791401771850553 @ https://aromawax.eu/pt/cart:0
[    3382ms] [WARNING] OTS parsing error: BASE: misaligned table @ https://aromawax.eu/pt/cart:0
[    3382ms] [WARNING] Failed to decode downloaded font: https://aromawax.eu/cdn/shop/t/29/assets/AvenirLTStd-Black.eot?v=61293692641208295061771850553 @ https://aromawax.eu/pt/cart:0
[    3382ms] [WARNING] OTS parsing error: invalid sfntVersion: -272646794 @ https://aromawax.eu/pt/cart:0
[    4776ms] [WARNING] Failed to decode downloaded font: https://aromawax.eu/cdn/shop/t/29/assets/AvenirLTStd-Heavy.woff2?v=100181975222566383851771850553 @ https://aromawax.eu/pt/cart:0
[    4776ms] [WARNING] OTS parsing error: Failed to convert WOFF 2.0 font to SFNT @ https://aromawax.eu/pt/cart:0
[    4776ms] [WARNING] Failed to decode downloaded font: https://aromawax.eu/cdn/shop/t/29/assets/AvenirLTStd-Heavy.woff?v=49196535620247681531771850553 @ https://aromawax.eu/pt/cart:0
[    4776ms] [WARNING] OTS parsing error: incorrect file size in WOFF header @ https://aromawax.eu/pt/cart:0
[    4776ms] [WARNING] Failed to decode downloaded font: https://aromawax.eu/cdn/shop/t/29/assets/AvenirLTStd-Heavy.ttf?v=161065316383412791401771850553 @ https://aromawax.eu/pt/cart:0
[    4776ms] [WARNING] OTS parsing error: BASE: misaligned table @ https://aromawax.eu/pt/cart:0
[    4776ms] [WARNING] Failed to decode downloaded font: https://aromawax.eu/cdn/shop/t/29/assets/AvenirLTStd-Black.eot?v=61293692641208295061771850553 @ https://aromawax.eu/pt/cart:0
[    4776ms] [WARNING] OTS parsing error: invalid sfntVersion: -272646794 @ https://aromawax.eu/pt/cart:0
[    4801ms] [WARNING] Failed to decode downloaded font: https://aromawax.eu/cdn/shop/t/29/assets/AvenirLTStd-Heavy.woff2?v=100181975222566383851771850553 @ https://aromawax.eu/pt/cart:0
[    4801ms] [WARNING] OTS parsing error: Failed to convert WOFF 2.0 font to SFNT @ https://aromawax.eu/pt/cart:0
[    4801ms] [WARNING] Failed to decode downloaded font: https://aromawax.eu/cdn/shop/t/29/assets/AvenirLTStd-Heavy.woff?v=49196535620247681531771850553 @ https://aromawax.eu/pt/cart:0
[    4801ms] [WARNING] OTS parsing error: incorrect file size in WOFF header @ https://aromawax.eu/pt/cart:0
[    4801ms] [WARNING] Failed to decode downloaded font: https://aromawax.eu/cdn/shop/t/29/assets/AvenirLTStd-Heavy.ttf?v=161065316383412791401771850553 @ https://aromawax.eu/pt/cart:0
[    4801ms] [WARNING] OTS parsing error: BASE: misaligned table @ https://aromawax.eu/pt/cart:0
[    4801ms] [WARNING] Failed to decode downloaded font: https://aromawax.eu/cdn/shop/t/29/assets/AvenirLTStd-Black.eot?v=61293692641208295061771850553 @ https://aromawax.eu/pt/cart:0
[    4801ms] [WARNING] OTS parsing error: invalid sfntVersion: -272646794 @ https://aromawax.eu/pt/cart:0
[    8692ms] [WARNING] The resource https://aromawax.eu/cdn/fonts/figtree/figtree_n4.3c0838aba1701047e60be6a99a1b0a40ce9b8419.woff2 was preloaded using link preload but not used within a few seconds from the window's load event. Please make sure it has an appropriate `as` value and it is preloaded intentionally. @ https://aromawax.eu/pt/cart:0
[   13682ms] [WARNING] The resource https://aromawax.eu/cdn/fonts/figtree/figtree_n4.3c0838aba1701047e60be6a99a1b0a40ce9b8419.woff2 was preloaded using link preload but not used within a few seconds from the window's load event. Please make sure it has an appropriate `as` value and it is preloaded intentionally. @ https://aromawax.eu/pt/cart:0
[   18693ms] [WARNING] The resource https://aromawax.eu/cdn/fonts/figtree/figtree_n4.3c0838aba1701047e60be6a99a1b0a40ce9b8419.woff2 was preloaded using link preload but not used within a few seconds from the window's load event. Please make sure it has an appropriate `as` value and it is preloaded intentionally. @ https://aromawax.eu/pt/cart:0
[   23682ms] [WARNING] The resource https://aromawax.eu/cdn/fonts/figtree/figtree_n4.3c0838aba1701047e60be6a99a1b0a40ce9b8419.woff2 was preloaded using link preload but not used within a few seconds from the window's load event. Please make sure it has an appropriate `as` value and it is preloaded intentionally. @ https://aromawax.eu/pt/cart:0
[   28693ms] [WARNING] The resource https://aromawax.eu/cdn/fonts/figtree/figtree_n4.3c0838aba1701047e60be6a99a1b0a40ce9b8419.woff2 was preloaded using link preload but not used within a few seconds from the window's load event. Please make sure it has an appropriate `as` value and it is preloaded intentionally. @ https://aromawax.eu/pt/cart:0
[   34532ms] [WARNING] The resource https://aromawax.eu/cdn/fonts/figtree/figtree_n4.3c0838aba1701047e60be6a99a1b0a40ce9b8419.woff2 was preloaded using link preload but not used within a few seconds from the window's load event. Please make sure it has an appropriate `as` value and it is preloaded intentionally. @ https://aromawax.eu/pt/cart:0
[   38683ms] [WARNING] The resource https://aromawax.eu/cdn/fonts/figtree/figtree_n4.3c0838aba1701047e60be6a99a1b0a40ce9b8419.woff2 was preloaded using link preload but not used within a few seconds from the window's load event. Please make sure it has an appropriate `as` value and it is preloaded intentionally. @ https://aromawax.eu/pt/cart:0
