[      43ms] [WARNING] The resource https://aromawax.eu/cdn/fonts/figtree/figtree_n4.3c0838aba1701047e60be6a99a1b0a40ce9b8419.woff2 was preloaded using link preload but not used within a few seconds from the window's load event. Please make sure it has an appropriate `as` value and it is preloaded intentionally. @ https://aromawax.eu/pt/products/black-coconut-fragrance-oil-1?audit=2:0
[     843ms] [WARNING] An import map rule for specifier '@app/main' was removed, as it conflicted with an existing rule. @ https://aromawax.eu/pt/products/winter-pines-velvet-petals-fragrance-oil-1?audit=2:0
[     845ms] [WARNING] Failed to decode downloaded font: https://aromawax.eu/cdn/shop/t/31/assets/AvenirLTStd-Black.eot?v=61293692641208295061776204033 @ https://aromawax.eu/pt/products/winter-pines-velvet-petals-fragrance-oil-1?audit=2:0
[     845ms] [WARNING] OTS parsing error: invalid sfntVersion: -272646794 @ https://aromawax.eu/pt/products/winter-pines-velvet-petals-fragrance-oil-1?audit=2:0
[     846ms] [WARNING] Failed to decode downloaded font: https://aromawax.eu/cdn/shop/t/31/assets/AvenirLTStd-Black.eot?v=61293692641208295061776204033 @ https://aromawax.eu/cdn/shop/t/31/assets/theme.js?v=149092200713674262091776204033:44
[     846ms] [WARNING] OTS parsing error: invalid sfntVersion: -272646794 @ https://aromawax.eu/cdn/shop/t/31/assets/theme.js?v=149092200713674262091776204033:44
[     852ms] [WARNING] Failed to decode downloaded font: https://aromawax.eu/cdn/shop/t/31/assets/AvenirLTStd-Heavy.woff2?v=100181975222566383851776204033 @ https://aromawax.eu/pt/products/winter-pines-velvet-petals-fragrance-oil-1?audit=2:0
[     852ms] [WARNING] OTS parsing error: Failed to convert WOFF 2.0 font to SFNT @ https://aromawax.eu/pt/products/winter-pines-velvet-petals-fragrance-oil-1?audit=2:0
[     852ms] [WARNING] Failed to decode downloaded font: https://aromawax.eu/cdn/shop/t/31/assets/AvenirLTStd-Heavy.woff2?v=100181975222566383851776204033 @ https://aromawax.eu/pt/products/winter-pines-velvet-petals-fragrance-oil-1?audit=2:0
[     852ms] [WARNING] OTS parsing error: Failed to convert WOFF 2.0 font to SFNT @ https://aromawax.eu/pt/products/winter-pines-velvet-petals-fragrance-oil-1?audit=2:0
[     853ms] [WARNING] Failed to decode downloaded font: https://aromawax.eu/cdn/shop/t/31/assets/AvenirLTStd-Heavy.woff?v=49196535620247681531776204033 @ https://aromawax.eu/pt/products/winter-pines-velvet-petals-fragrance-oil-1?audit=2:0
[     853ms] [WARNING] OTS parsing error: incorrect file size in WOFF header @ https://aromawax.eu/pt/products/winter-pines-velvet-petals-fragrance-oil-1?audit=2:0
[     853ms] [WARNING] Failed to decode downloaded font: https://aromawax.eu/cdn/shop/t/31/assets/AvenirLTStd-Heavy.woff?v=49196535620247681531776204033 @ https://aromawax.eu/pt/products/winter-pines-velvet-petals-fragrance-oil-1?audit=2:0
[     853ms] [WARNING] OTS parsing error: incorrect file size in WOFF header @ https://aromawax.eu/pt/products/winter-pines-velvet-petals-fragrance-oil-1?audit=2:0
[     853ms] [WARNING] Failed to decode downloaded font: https://aromawax.eu/cdn/shop/t/31/assets/AvenirLTStd-Heavy.ttf?v=161065316383412791401776204033 @ https://aromawax.eu/pt/products/winter-pines-velvet-petals-fragrance-oil-1?audit=2:0
[     853ms] [WARNING] OTS parsing error: BASE: misaligned table @ https://aromawax.eu/pt/products/winter-pines-velvet-petals-fragrance-oil-1?audit=2:0
[     853ms] [WARNING] Failed to decode downloaded font: https://aromawax.eu/cdn/shop/t/31/assets/AvenirLTStd-Heavy.ttf?v=161065316383412791401776204033 @ https://aromawax.eu/pt/products/winter-pines-velvet-petals-fragrance-oil-1?audit=2:0
[     853ms] [WARNING] OTS parsing error: BASE: misaligned table @ https://aromawax.eu/pt/products/winter-pines-velvet-petals-fragrance-oil-1?audit=2:0
[     855ms] [LOG] %cCustomer Accounts Deluxe font-size: 18px; font-weight: bold; color: #fff; background: linear-gradient(90deg, #007bff, #00c6ff); padding: 6px 12px; border-radius: 5px; text-align: center; @ webpack://customer-account-deluxe/./extensions/customer-page/assets/cad_base.js?:39
[     855ms] [LOG] 
 🔵 Seamless Shopify Integration

 🔵 Enhance Customer Experience with Custom Features

 🔵 Loyalty, Rewards, Social Login, Wishlist, Returns & Exchanges, Store Credits and Much More


 Learn more at: https://apps.shopify.com/customer-account-deluxe

 @ webpack://customer-account-deluxe/./extensions/customer-page/assets/cad_base.js?:40
[     857ms] [LOG] existingToggle null @ https://cdn.shopify.com/extensions/019d67a4-5b06-743b-9c60-09feb0784e3c/final-price-72/assets/price-display.js:1202
[     857ms] [LOG] existingToggle null @ https://cdn.shopify.com/extensions/019d67a4-5b06-743b-9c60-09feb0784e3c/final-price-72/assets/price-display.js:1202
[     901ms] [WARNING] Failed to decode downloaded font: https://aromawax.eu/cdn/shop/t/31/assets/AvenirLTStd-Heavy.woff2?v=100181975222566383851776204033 @ https://aromawax.eu/pt/products/winter-pines-velvet-petals-fragrance-oil-1?audit=2:0
[     901ms] [WARNING] OTS parsing error: Failed to convert WOFF 2.0 font to SFNT @ https://aromawax.eu/pt/products/winter-pines-velvet-petals-fragrance-oil-1?audit=2:0
[     901ms] [WARNING] Failed to decode downloaded font: https://aromawax.eu/cdn/shop/t/31/assets/AvenirLTStd-Heavy.woff?v=49196535620247681531776204033 @ https://aromawax.eu/pt/products/winter-pines-velvet-petals-fragrance-oil-1?audit=2:0
[     901ms] [WARNING] OTS parsing error: incorrect file size in WOFF header @ https://aromawax.eu/pt/products/winter-pines-velvet-petals-fragrance-oil-1?audit=2:0
[     901ms] [WARNING] Failed to decode downloaded font: https://aromawax.eu/cdn/shop/t/31/assets/AvenirLTStd-Heavy.ttf?v=161065316383412791401776204033 @ https://aromawax.eu/pt/products/winter-pines-velvet-petals-fragrance-oil-1?audit=2:0
[     901ms] [WARNING] OTS parsing error: BASE: misaligned table @ https://aromawax.eu/pt/products/winter-pines-velvet-petals-fragrance-oil-1?audit=2:0
[     901ms] [WARNING] Failed to decode downloaded font: https://aromawax.eu/cdn/shop/t/31/assets/AvenirLTStd-Black.eot?v=61293692641208295061776204033 @ https://aromawax.eu/pt/products/winter-pines-velvet-petals-fragrance-oil-1?audit=2:0
[     901ms] [WARNING] OTS parsing error: invalid sfntVersion: -272646794 @ https://aromawax.eu/pt/products/winter-pines-velvet-petals-fragrance-oil-1?audit=2:0
[     914ms] [WARNING] Failed to decode downloaded font: https://aromawax.eu/cdn/shop/t/31/assets/AvenirLTStd-Heavy.woff2?v=100181975222566383851776204033 @ https://aromawax.eu/pt/products/winter-pines-velvet-petals-fragrance-oil-1?audit=2:0
[     914ms] [WARNING] OTS parsing error: Failed to convert WOFF 2.0 font to SFNT @ https://aromawax.eu/pt/products/winter-pines-velvet-petals-fragrance-oil-1?audit=2:0
[     914ms] [WARNING] Failed to decode downloaded font: https://aromawax.eu/cdn/shop/t/31/assets/AvenirLTStd-Heavy.woff?v=49196535620247681531776204033 @ https://aromawax.eu/pt/products/winter-pines-velvet-petals-fragrance-oil-1?audit=2:0
[     914ms] [WARNING] OTS parsing error: incorrect file size in WOFF header @ https://aromawax.eu/pt/products/winter-pines-velvet-petals-fragrance-oil-1?audit=2:0
[     914ms] [WARNING] Failed to decode downloaded font: https://aromawax.eu/cdn/shop/t/31/assets/AvenirLTStd-Heavy.ttf?v=161065316383412791401776204033 @ https://aromawax.eu/pt/products/winter-pines-velvet-petals-fragrance-oil-1?audit=2:0
[     914ms] [WARNING] OTS parsing error: BASE: misaligned table @ https://aromawax.eu/pt/products/winter-pines-velvet-petals-fragrance-oil-1?audit=2:0
[     914ms] [WARNING] Failed to decode downloaded font: https://aromawax.eu/cdn/shop/t/31/assets/AvenirLTStd-Black.eot?v=61293692641208295061776204033 @ https://aromawax.eu/pt/products/winter-pines-velvet-petals-fragrance-oil-1?audit=2:0
[     914ms] [WARNING] OTS parsing error: invalid sfntVersion: -272646794 @ https://aromawax.eu/pt/products/winter-pines-velvet-petals-fragrance-oil-1?audit=2:0
[     921ms] [ERROR] Failed to load resource: the server responded with a status of 503 () @ https://aromawax.eu/pt/cart.js:0
[     921ms] [WARNING] Failed to decode downloaded font: https://aromawax.eu/cdn/shop/t/31/assets/AvenirLTStd-Heavy.woff2?v=100181975222566383851776204033 @ :5
[     921ms] [WARNING] OTS parsing error: Failed to convert WOFF 2.0 font to SFNT @ :5
[     921ms] [WARNING] Failed to decode downloaded font: https://aromawax.eu/cdn/shop/t/31/assets/AvenirLTStd-Heavy.woff?v=49196535620247681531776204033 @ :5
[     922ms] [WARNING] OTS parsing error: incorrect file size in WOFF header @ :5
[     922ms] [WARNING] Failed to decode downloaded font: https://aromawax.eu/cdn/shop/t/31/assets/AvenirLTStd-Heavy.ttf?v=161065316383412791401776204033 @ :5
[     922ms] [WARNING] OTS parsing error: BASE: misaligned table @ :5
[     922ms] [WARNING] Failed to decode downloaded font: https://aromawax.eu/cdn/shop/t/31/assets/AvenirLTStd-Black.eot?v=61293692641208295061776204033 @ :5
[     922ms] [WARNING] OTS parsing error: invalid sfntVersion: -272646794 @ :5
[     939ms] [WARNING] Failed to decode downloaded font: https://aromawax.eu/cdn/shop/t/31/assets/AvenirLTStd-Heavy.woff2?v=100181975222566383851776204033 @ https://aromawax.eu/pt/products/winter-pines-velvet-petals-fragrance-oil-1?audit=2:0
[     939ms] [WARNING] OTS parsing error: Failed to convert WOFF 2.0 font to SFNT @ https://aromawax.eu/pt/products/winter-pines-velvet-petals-fragrance-oil-1?audit=2:0
[     939ms] [WARNING] Failed to decode downloaded font: https://aromawax.eu/cdn/shop/t/31/assets/AvenirLTStd-Heavy.woff?v=49196535620247681531776204033 @ https://aromawax.eu/pt/products/winter-pines-velvet-petals-fragrance-oil-1?audit=2:0
[     939ms] [WARNING] OTS parsing error: incorrect file size in WOFF header @ https://aromawax.eu/pt/products/winter-pines-velvet-petals-fragrance-oil-1?audit=2:0
[     939ms] [WARNING] Failed to decode downloaded font: https://aromawax.eu/cdn/shop/t/31/assets/AvenirLTStd-Heavy.ttf?v=161065316383412791401776204033 @ https://aromawax.eu/pt/products/winter-pines-velvet-petals-fragrance-oil-1?audit=2:0
[     939ms] [WARNING] OTS parsing error: BASE: misaligned table @ https://aromawax.eu/pt/products/winter-pines-velvet-petals-fragrance-oil-1?audit=2:0
[     939ms] [WARNING] Failed to decode downloaded font: https://aromawax.eu/cdn/shop/t/31/assets/AvenirLTStd-Black.eot?v=61293692641208295061776204033 @ https://aromawax.eu/pt/products/winter-pines-velvet-petals-fragrance-oil-1?audit=2:0
[     939ms] [WARNING] OTS parsing error: invalid sfntVersion: -272646794 @ https://aromawax.eu/pt/products/winter-pines-velvet-petals-fragrance-oil-1?audit=2:0
[     953ms] [WARNING] Failed to decode downloaded font: https://aromawax.eu/cdn/shop/t/31/assets/AvenirLTStd-Heavy.woff2?v=100181975222566383851776204033 @ https://aromawax.eu/pt/products/winter-pines-velvet-petals-fragrance-oil-1?audit=2:0
[     953ms] [WARNING] OTS parsing error: Failed to convert WOFF 2.0 font to SFNT @ https://aromawax.eu/pt/products/winter-pines-velvet-petals-fragrance-oil-1?audit=2:0
[     953ms] [WARNING] Failed to decode downloaded font: https://aromawax.eu/cdn/shop/t/31/assets/AvenirLTStd-Heavy.woff?v=49196535620247681531776204033 @ https://aromawax.eu/pt/products/winter-pines-velvet-petals-fragrance-oil-1?audit=2:0
[     953ms] [WARNING] OTS parsing error: incorrect file size in WOFF header @ https://aromawax.eu/pt/products/winter-pines-velvet-petals-fragrance-oil-1?audit=2:0
[     953ms] [WARNING] Failed to decode downloaded font: https://aromawax.eu/cdn/shop/t/31/assets/AvenirLTStd-Heavy.ttf?v=161065316383412791401776204033 @ https://aromawax.eu/pt/products/winter-pines-velvet-petals-fragrance-oil-1?audit=2:0
[     953ms] [WARNING] OTS parsing error: BASE: misaligned table @ https://aromawax.eu/pt/products/winter-pines-velvet-petals-fragrance-oil-1?audit=2:0
[     953ms] [WARNING] Failed to decode downloaded font: https://aromawax.eu/cdn/shop/t/31/assets/AvenirLTStd-Black.eot?v=61293692641208295061776204033 @ https://aromawax.eu/pt/products/winter-pines-velvet-petals-fragrance-oil-1?audit=2:0
[     953ms] [WARNING] OTS parsing error: invalid sfntVersion: -272646794 @ https://aromawax.eu/pt/products/winter-pines-velvet-petals-fragrance-oil-1?audit=2:0
[     963ms] Unexpected token '<', "<!--
  The"... is not valid JSON
[    1379ms] [ERROR] Failed to load resource: the server responded with a status of 403 () @ chrome-error://chromewebdata/:0
[    1386ms] [ERROR] Framing 'https://shop.app/' violates the following Content Security Policy directive: "frame-ancestors 'self' https://shop.app https://admin.shopify.com". The request has been blocked.
 @ :0
[    1424ms] [ERROR] Failed to load resource: the server responded with a status of 503 () @ https://aromawax.eu/pt/products/classic-reed-diffuser-bottles-100-ml.js:0
[    1440ms] Unexpected token '<', "<!--
  The"... is not valid JSON
[    1747ms] [ERROR] Failed to load resource: the server responded with a status of 503 () @ https://aromawax.eu/apps/intercom-proxy?load_by=themeExtension&inThemeEditor=false:0
[    1772ms] [WARNING] Failed to decode downloaded font: https://aromawax.eu/cdn/shop/t/31/assets/AvenirLTStd-Heavy.woff2?v=100181975222566383851776204033 @ https://cdn.shopify.com/extensions/019d8a13-ee60-75d7-ae0f-514ac36f9789/localizing-254/assets/floating-selector.js:0
[    1772ms] [WARNING] OTS parsing error: Failed to convert WOFF 2.0 font to SFNT @ https://cdn.shopify.com/extensions/019d8a13-ee60-75d7-ae0f-514ac36f9789/localizing-254/assets/floating-selector.js:0
[    1772ms] [WARNING] Failed to decode downloaded font: https://aromawax.eu/cdn/shop/t/31/assets/AvenirLTStd-Heavy.woff?v=49196535620247681531776204033 @ https://cdn.shopify.com/extensions/019d8a13-ee60-75d7-ae0f-514ac36f9789/localizing-254/assets/floating-selector.js:0
[    1772ms] [WARNING] OTS parsing error: incorrect file size in WOFF header @ https://cdn.shopify.com/extensions/019d8a13-ee60-75d7-ae0f-514ac36f9789/localizing-254/assets/floating-selector.js:0
[    1772ms] [WARNING] Failed to decode downloaded font: https://aromawax.eu/cdn/shop/t/31/assets/AvenirLTStd-Heavy.ttf?v=161065316383412791401776204033 @ https://cdn.shopify.com/extensions/019d8a13-ee60-75d7-ae0f-514ac36f9789/localizing-254/assets/floating-selector.js:0
[    1772ms] [WARNING] OTS parsing error: BASE: misaligned table @ https://cdn.shopify.com/extensions/019d8a13-ee60-75d7-ae0f-514ac36f9789/localizing-254/assets/floating-selector.js:0
[    1772ms] [WARNING] Failed to decode downloaded font: https://aromawax.eu/cdn/shop/t/31/assets/AvenirLTStd-Black.eot?v=61293692641208295061776204033 @ https://cdn.shopify.com/extensions/019d8a13-ee60-75d7-ae0f-514ac36f9789/localizing-254/assets/floating-selector.js:0
[    1772ms] [WARNING] OTS parsing error: invalid sfntVersion: -272646794 @ https://cdn.shopify.com/extensions/019d8a13-ee60-75d7-ae0f-514ac36f9789/localizing-254/assets/floating-selector.js:0
[    4225ms] [LOG] Intercom whoami never became available @ :32
