[     651ms] [WARNING] An import map rule for specifier '@app/main' was removed, as it conflicted with already resolved module specifiers. @ https://aromawax.eu/cart?locale_override=pt&cart_build=20260415a:0
[     652ms] [WARNING] Failed to decode downloaded font: https://aromawax.eu/cdn/shop/t/32/assets/AvenirLTStd-Black.eot?v=61293692641208295061776246661 @ https://aromawax.eu/cart?locale_override=pt&cart_build=20260415a:0
[     652ms] [WARNING] OTS parsing error: invalid sfntVersion: -272646794 @ https://aromawax.eu/cart?locale_override=pt&cart_build=20260415a:0
[     654ms] [WARNING] Failed to decode downloaded font: https://aromawax.eu/cdn/shop/t/32/assets/AvenirLTStd-Black.eot?v=61293692641208295061776246661 @ https://aromawax.eu/cdn/shop/t/32/assets/theme.js?v=108903107113060272201776248470:108
[     654ms] [WARNING] OTS parsing error: invalid sfntVersion: -272646794 @ https://aromawax.eu/cdn/shop/t/32/assets/theme.js?v=108903107113060272201776248470:108
[     659ms] [WARNING] Failed to decode downloaded font: https://aromawax.eu/cdn/shop/t/32/assets/AvenirLTStd-Heavy.woff2?v=100181975222566383851776246661 @ https://aromawax.eu/cart?locale_override=pt&cart_build=20260415a:0
[     659ms] [WARNING] OTS parsing error: Failed to convert WOFF 2.0 font to SFNT @ https://aromawax.eu/cart?locale_override=pt&cart_build=20260415a:0
[     659ms] [WARNING] Failed to decode downloaded font: https://aromawax.eu/cdn/shop/t/32/assets/AvenirLTStd-Heavy.woff2?v=100181975222566383851776246661 @ https://aromawax.eu/cart?locale_override=pt&cart_build=20260415a:0
[     659ms] [WARNING] OTS parsing error: Failed to convert WOFF 2.0 font to SFNT @ https://aromawax.eu/cart?locale_override=pt&cart_build=20260415a:0
[     660ms] [WARNING] Failed to decode downloaded font: https://aromawax.eu/cdn/shop/t/32/assets/AvenirLTStd-Heavy.woff?v=49196535620247681531776246661 @ https://aromawax.eu/cart?locale_override=pt&cart_build=20260415a:0
[     660ms] [WARNING] OTS parsing error: incorrect file size in WOFF header @ https://aromawax.eu/cart?locale_override=pt&cart_build=20260415a:0
[     660ms] [WARNING] Failed to decode downloaded font: https://aromawax.eu/cdn/shop/t/32/assets/AvenirLTStd-Heavy.woff?v=49196535620247681531776246661 @ https://aromawax.eu/cart?locale_override=pt&cart_build=20260415a:0
[     660ms] [WARNING] OTS parsing error: incorrect file size in WOFF header @ https://aromawax.eu/cart?locale_override=pt&cart_build=20260415a:0
[     666ms] [WARNING] Failed to decode downloaded font: https://aromawax.eu/cdn/shop/t/32/assets/AvenirLTStd-Heavy.ttf?v=161065316383412791401776246661 @ https://aromawax.eu/cart?locale_override=pt&cart_build=20260415a:0
[     666ms] [WARNING] OTS parsing error: BASE: misaligned table @ https://aromawax.eu/cart?locale_override=pt&cart_build=20260415a:0
[     666ms] [WARNING] Failed to decode downloaded font: https://aromawax.eu/cdn/shop/t/32/assets/AvenirLTStd-Heavy.ttf?v=161065316383412791401776246661 @ https://aromawax.eu/cart?locale_override=pt&cart_build=20260415a:0
[     666ms] [WARNING] OTS parsing error: BASE: misaligned table @ https://aromawax.eu/cart?locale_override=pt&cart_build=20260415a:0
[     672ms] [LOG] %cCustomer Accounts Deluxe font-size: 18px; font-weight: bold; color: #fff; background: linear-gradient(90deg, #007bff, #00c6ff); padding: 6px 12px; border-radius: 5px; text-align: center; @ webpack://customer-account-deluxe/./extensions/customer-page/assets/cad_base.js?:39
[     672ms] [LOG] 
 🔵 Seamless Shopify Integration

 🔵 Enhance Customer Experience with Custom Features

 🔵 Loyalty, Rewards, Social Login, Wishlist, Returns & Exchanges, Store Credits and Much More


 Learn more at: https://apps.shopify.com/customer-account-deluxe

 @ webpack://customer-account-deluxe/./extensions/customer-page/assets/cad_base.js?:40
[     719ms] [WARNING] Failed to decode downloaded font: https://aromawax.eu/cdn/shop/t/32/assets/AvenirLTStd-Heavy.woff2?v=100181975222566383851776246661 @ https://aromawax.eu/cart?locale_override=pt&cart_build=20260415a:0
[     719ms] [WARNING] OTS parsing error: Failed to convert WOFF 2.0 font to SFNT @ https://aromawax.eu/cart?locale_override=pt&cart_build=20260415a:0
[     719ms] [WARNING] Failed to decode downloaded font: https://aromawax.eu/cdn/shop/t/32/assets/AvenirLTStd-Heavy.woff?v=49196535620247681531776246661 @ https://aromawax.eu/cart?locale_override=pt&cart_build=20260415a:0
[     719ms] [WARNING] OTS parsing error: incorrect file size in WOFF header @ https://aromawax.eu/cart?locale_override=pt&cart_build=20260415a:0
[     719ms] [WARNING] Failed to decode downloaded font: https://aromawax.eu/cdn/shop/t/32/assets/AvenirLTStd-Heavy.ttf?v=161065316383412791401776246661 @ https://aromawax.eu/cart?locale_override=pt&cart_build=20260415a:0
[     719ms] [WARNING] OTS parsing error: BASE: misaligned table @ https://aromawax.eu/cart?locale_override=pt&cart_build=20260415a:0
[     719ms] [WARNING] Failed to decode downloaded font: https://aromawax.eu/cdn/shop/t/32/assets/AvenirLTStd-Black.eot?v=61293692641208295061776246661 @ https://aromawax.eu/cart?locale_override=pt&cart_build=20260415a:0
[     719ms] [WARNING] OTS parsing error: invalid sfntVersion: -272646794 @ https://aromawax.eu/cart?locale_override=pt&cart_build=20260415a:0
[     743ms] [WARNING] Failed to decode downloaded font: https://aromawax.eu/cdn/shop/t/32/assets/AvenirLTStd-Heavy.woff2?v=100181975222566383851776246661 @ webpack://customer-account-deluxe/./extensions/customer-page/assets/cad_base.js?:100
[     743ms] [WARNING] OTS parsing error: Failed to convert WOFF 2.0 font to SFNT @ webpack://customer-account-deluxe/./extensions/customer-page/assets/cad_base.js?:100
[     743ms] [WARNING] Failed to decode downloaded font: https://aromawax.eu/cdn/shop/t/32/assets/AvenirLTStd-Heavy.woff?v=49196535620247681531776246661 @ webpack://customer-account-deluxe/./extensions/customer-page/assets/cad_base.js?:100
[     743ms] [WARNING] OTS parsing error: incorrect file size in WOFF header @ webpack://customer-account-deluxe/./extensions/customer-page/assets/cad_base.js?:100
[     743ms] [WARNING] Failed to decode downloaded font: https://aromawax.eu/cdn/shop/t/32/assets/AvenirLTStd-Heavy.ttf?v=161065316383412791401776246661 @ webpack://customer-account-deluxe/./extensions/customer-page/assets/cad_base.js?:100
[     743ms] [WARNING] OTS parsing error: BASE: misaligned table @ webpack://customer-account-deluxe/./extensions/customer-page/assets/cad_base.js?:100
[     743ms] [WARNING] Failed to decode downloaded font: https://aromawax.eu/cdn/shop/t/32/assets/AvenirLTStd-Black.eot?v=61293692641208295061776246661 @ webpack://customer-account-deluxe/./extensions/customer-page/assets/cad_base.js?:100
[     743ms] [WARNING] OTS parsing error: invalid sfntVersion: -272646794 @ webpack://customer-account-deluxe/./extensions/customer-page/assets/cad_base.js?:100
[     835ms] [WARNING] Failed to decode downloaded font: https://aromawax.eu/cdn/shop/t/32/assets/AvenirLTStd-Heavy.woff2?v=100181975222566383851776246661 @ https://aromawax.eu/cdn/shop/t/32/assets/theme.js?v=108903107113060272201776248470:48
[     835ms] [WARNING] OTS parsing error: Failed to convert WOFF 2.0 font to SFNT @ https://aromawax.eu/cdn/shop/t/32/assets/theme.js?v=108903107113060272201776248470:48
[     835ms] [WARNING] Failed to decode downloaded font: https://aromawax.eu/cdn/shop/t/32/assets/AvenirLTStd-Heavy.woff?v=49196535620247681531776246661 @ https://aromawax.eu/cdn/shop/t/32/assets/theme.js?v=108903107113060272201776248470:48
[     835ms] [WARNING] OTS parsing error: incorrect file size in WOFF header @ https://aromawax.eu/cdn/shop/t/32/assets/theme.js?v=108903107113060272201776248470:48
[     835ms] [WARNING] Failed to decode downloaded font: https://aromawax.eu/cdn/shop/t/32/assets/AvenirLTStd-Heavy.ttf?v=161065316383412791401776246661 @ https://aromawax.eu/cdn/shop/t/32/assets/theme.js?v=108903107113060272201776248470:48
[     835ms] [WARNING] OTS parsing error: BASE: misaligned table @ https://aromawax.eu/cdn/shop/t/32/assets/theme.js?v=108903107113060272201776248470:48
[     835ms] [WARNING] Failed to decode downloaded font: https://aromawax.eu/cdn/shop/t/32/assets/AvenirLTStd-Black.eot?v=61293692641208295061776246661 @ https://aromawax.eu/cdn/shop/t/32/assets/theme.js?v=108903107113060272201776248470:48
[     835ms] [WARNING] OTS parsing error: invalid sfntVersion: -272646794 @ https://aromawax.eu/cdn/shop/t/32/assets/theme.js?v=108903107113060272201776248470:48
[     922ms] [LOG] existingToggle null @ https://cdn.shopify.com/extensions/019d67a4-5b06-743b-9c60-09feb0784e3c/final-price-72/assets/price-display.js:1202
[     923ms] [LOG] existingToggle null @ https://cdn.shopify.com/extensions/019d67a4-5b06-743b-9c60-09feb0784e3c/final-price-72/assets/price-display.js:1202
[    1205ms] [INFO] Clear-Site-Data header on 'https://aromawax.eu/cart/update.js': Cleared data types: "prefetchCache", "prerenderCache". @ https://aromawax.eu/cart?locale_override=pt&cart_build=20260415a:0
[    1349ms] [ERROR] Framing 'https://shop.app/' violates the following Content Security Policy directive: "frame-ancestors 'self' https://shop.app https://admin.shopify.com". The request has been blocked.
 @ :0
[    1350ms] [ERROR] Failed to load resource: the server responded with a status of 403 () @ chrome-error://chromewebdata/:0
[    1708ms] [WARNING] Failed to decode downloaded font: https://aromawax.eu/cdn/shop/t/32/assets/AvenirLTStd-Heavy.woff2?v=100181975222566383851776246661 @ https://cdn.shopify.com/extensions/019d8a13-ee60-75d7-ae0f-514ac36f9789/localizing-254/assets/floating-selector.js:0
[    1708ms] [WARNING] OTS parsing error: Failed to convert WOFF 2.0 font to SFNT @ https://cdn.shopify.com/extensions/019d8a13-ee60-75d7-ae0f-514ac36f9789/localizing-254/assets/floating-selector.js:0
[    1708ms] [WARNING] Failed to decode downloaded font: https://aromawax.eu/cdn/shop/t/32/assets/AvenirLTStd-Heavy.woff?v=49196535620247681531776246661 @ https://cdn.shopify.com/extensions/019d8a13-ee60-75d7-ae0f-514ac36f9789/localizing-254/assets/floating-selector.js:0
[    1708ms] [WARNING] OTS parsing error: incorrect file size in WOFF header @ https://cdn.shopify.com/extensions/019d8a13-ee60-75d7-ae0f-514ac36f9789/localizing-254/assets/floating-selector.js:0
[    1708ms] [WARNING] Failed to decode downloaded font: https://aromawax.eu/cdn/shop/t/32/assets/AvenirLTStd-Heavy.ttf?v=161065316383412791401776246661 @ https://cdn.shopify.com/extensions/019d8a13-ee60-75d7-ae0f-514ac36f9789/localizing-254/assets/floating-selector.js:0
[    1708ms] [WARNING] OTS parsing error: BASE: misaligned table @ https://cdn.shopify.com/extensions/019d8a13-ee60-75d7-ae0f-514ac36f9789/localizing-254/assets/floating-selector.js:0
[    1708ms] [WARNING] Failed to decode downloaded font: https://aromawax.eu/cdn/shop/t/32/assets/AvenirLTStd-Black.eot?v=61293692641208295061776246661 @ https://cdn.shopify.com/extensions/019d8a13-ee60-75d7-ae0f-514ac36f9789/localizing-254/assets/floating-selector.js:0
[    1708ms] [WARNING] OTS parsing error: invalid sfntVersion: -272646794 @ https://cdn.shopify.com/extensions/019d8a13-ee60-75d7-ae0f-514ac36f9789/localizing-254/assets/floating-selector.js:0
[    3790ms] [LOG] Intercom whoami never became available @ :32
[    4064ms] [LOG] Intercom whoami never became available @ :32
[    9114ms] [WARNING] The resource https://aromawax.eu/cdn/fonts/figtree/figtree_n4.3c0838aba1701047e60be6a99a1b0a40ce9b8419.woff2 was preloaded using link preload but not used within a few seconds from the window's load event. Please make sure it has an appropriate `as` value and it is preloaded intentionally. @ https://aromawax.eu/cart?locale_override=pt&cart_build=20260415a:0
[   14106ms] [WARNING] The resource https://aromawax.eu/cdn/fonts/figtree/figtree_n4.3c0838aba1701047e60be6a99a1b0a40ce9b8419.woff2 was preloaded using link preload but not used within a few seconds from the window's load event. Please make sure it has an appropriate `as` value and it is preloaded intentionally. @ https://aromawax.eu/cart?locale_override=pt&cart_build=20260415a:0
[   19132ms] [WARNING] The resource https://aromawax.eu/cdn/fonts/figtree/figtree_n4.3c0838aba1701047e60be6a99a1b0a40ce9b8419.woff2 was preloaded using link preload but not used within a few seconds from the window's load event. Please make sure it has an appropriate `as` value and it is preloaded intentionally. @ https://aromawax.eu/cart?locale_override=pt&cart_build=20260415a:0
[   24123ms] [WARNING] The resource https://aromawax.eu/cdn/fonts/figtree/figtree_n4.3c0838aba1701047e60be6a99a1b0a40ce9b8419.woff2 was preloaded using link preload but not used within a few seconds from the window's load event. Please make sure it has an appropriate `as` value and it is preloaded intentionally. @ https://aromawax.eu/cart?locale_override=pt&cart_build=20260415a:0
[   29173ms] [WARNING] The resource https://aromawax.eu/cdn/fonts/figtree/figtree_n4.3c0838aba1701047e60be6a99a1b0a40ce9b8419.woff2 was preloaded using link preload but not used within a few seconds from the window's load event. Please make sure it has an appropriate `as` value and it is preloaded intentionally. @ https://aromawax.eu/cart?locale_override=pt&cart_build=20260415a:0
[   34127ms] [WARNING] The resource https://aromawax.eu/cdn/fonts/figtree/figtree_n4.3c0838aba1701047e60be6a99a1b0a40ce9b8419.woff2 was preloaded using link preload but not used within a few seconds from the window's load event. Please make sure it has an appropriate `as` value and it is preloaded intentionally. @ https://aromawax.eu/cart?locale_override=pt&cart_build=20260415a:0
[   39148ms] [WARNING] The resource https://aromawax.eu/cdn/fonts/figtree/figtree_n4.3c0838aba1701047e60be6a99a1b0a40ce9b8419.woff2 was preloaded using link preload but not used within a few seconds from the window's load event. Please make sure it has an appropriate `as` value and it is preloaded intentionally. @ https://aromawax.eu/cart?locale_override=pt&cart_build=20260415a:0
[   44192ms] [WARNING] The resource https://aromawax.eu/cdn/fonts/figtree/figtree_n4.3c0838aba1701047e60be6a99a1b0a40ce9b8419.woff2 was preloaded using link preload but not used within a few seconds from the window's load event. Please make sure it has an appropriate `as` value and it is preloaded intentionally. @ https://aromawax.eu/cart?locale_override=pt&cart_build=20260415a:0
[   49133ms] [WARNING] The resource https://aromawax.eu/cdn/fonts/figtree/figtree_n4.3c0838aba1701047e60be6a99a1b0a40ce9b8419.woff2 was preloaded using link preload but not used within a few seconds from the window's load event. Please make sure it has an appropriate `as` value and it is preloaded intentionally. @ https://aromawax.eu/cart?locale_override=pt&cart_build=20260415a:0
[   54158ms] [WARNING] The resource https://aromawax.eu/cdn/fonts/figtree/figtree_n4.3c0838aba1701047e60be6a99a1b0a40ce9b8419.woff2 was preloaded using link preload but not used within a few seconds from the window's load event. Please make sure it has an appropriate `as` value and it is preloaded intentionally. @ https://aromawax.eu/cart?locale_override=pt&cart_build=20260415a:0
[   59140ms] [WARNING] The resource https://aromawax.eu/cdn/fonts/figtree/figtree_n4.3c0838aba1701047e60be6a99a1b0a40ce9b8419.woff2 was preloaded using link preload but not used within a few seconds from the window's load event. Please make sure it has an appropriate `as` value and it is preloaded intentionally. @ https://aromawax.eu/cart?locale_override=pt&cart_build=20260415a:0
[   64119ms] [WARNING] The resource https://aromawax.eu/cdn/fonts/figtree/figtree_n4.3c0838aba1701047e60be6a99a1b0a40ce9b8419.woff2 was preloaded using link preload but not used within a few seconds from the window's load event. Please make sure it has an appropriate `as` value and it is preloaded intentionally. @ https://aromawax.eu/cart?locale_override=pt&cart_build=20260415a:0
[   69224ms] [WARNING] The resource https://aromawax.eu/cdn/fonts/figtree/figtree_n4.3c0838aba1701047e60be6a99a1b0a40ce9b8419.woff2 was preloaded using link preload but not used within a few seconds from the window's load event. Please make sure it has an appropriate `as` value and it is preloaded intentionally. @ https://aromawax.eu/cart?locale_override=pt&cart_build=20260415a:0
[   74135ms] [WARNING] The resource https://aromawax.eu/cdn/fonts/figtree/figtree_n4.3c0838aba1701047e60be6a99a1b0a40ce9b8419.woff2 was preloaded using link preload but not used within a few seconds from the window's load event. Please make sure it has an appropriate `as` value and it is preloaded intentionally. @ https://aromawax.eu/cart?locale_override=pt&cart_build=20260415a:0
[   79143ms] [WARNING] The resource https://aromawax.eu/cdn/fonts/figtree/figtree_n4.3c0838aba1701047e60be6a99a1b0a40ce9b8419.woff2 was preloaded using link preload but not used within a few seconds from the window's load event. Please make sure it has an appropriate `as` value and it is preloaded intentionally. @ https://aromawax.eu/cart?locale_override=pt&cart_build=20260415a:0
[   84132ms] [WARNING] The resource https://aromawax.eu/cdn/fonts/figtree/figtree_n4.3c0838aba1701047e60be6a99a1b0a40ce9b8419.woff2 was preloaded using link preload but not used within a few seconds from the window's load event. Please make sure it has an appropriate `as` value and it is preloaded intentionally. @ https://aromawax.eu/cart?locale_override=pt&cart_build=20260415a:0
[   89137ms] [WARNING] The resource https://aromawax.eu/cdn/fonts/figtree/figtree_n4.3c0838aba1701047e60be6a99a1b0a40ce9b8419.woff2 was preloaded using link preload but not used within a few seconds from the window's load event. Please make sure it has an appropriate `as` value and it is preloaded intentionally. @ https://aromawax.eu/cart?locale_override=pt&cart_build=20260415a:0
[   94193ms] [WARNING] The resource https://aromawax.eu/cdn/fonts/figtree/figtree_n4.3c0838aba1701047e60be6a99a1b0a40ce9b8419.woff2 was preloaded using link preload but not used within a few seconds from the window's load event. Please make sure it has an appropriate `as` value and it is preloaded intentionally. @ https://aromawax.eu/cart?locale_override=pt&cart_build=20260415a:0
[   99115ms] [WARNING] The resource https://aromawax.eu/cdn/fonts/figtree/figtree_n4.3c0838aba1701047e60be6a99a1b0a40ce9b8419.woff2 was preloaded using link preload but not used within a few seconds from the window's load event. Please make sure it has an appropriate `as` value and it is preloaded intentionally. @ https://aromawax.eu/cart?locale_override=pt&cart_build=20260415a:0
[  104153ms] [WARNING] The resource https://aromawax.eu/cdn/fonts/figtree/figtree_n4.3c0838aba1701047e60be6a99a1b0a40ce9b8419.woff2 was preloaded using link preload but not used within a few seconds from the window's load event. Please make sure it has an appropriate `as` value and it is preloaded intentionally. @ https://aromawax.eu/cart?locale_override=pt&cart_build=20260415a:0
[  109110ms] [WARNING] The resource https://aromawax.eu/cdn/fonts/figtree/figtree_n4.3c0838aba1701047e60be6a99a1b0a40ce9b8419.woff2 was preloaded using link preload but not used within a few seconds from the window's load event. Please make sure it has an appropriate `as` value and it is preloaded intentionally. @ https://aromawax.eu/cart?locale_override=pt&cart_build=20260415a:0
